[2024-03-25T21:03:55.204+0000] {processor.py:161} INFO - Started process (PID=72) to work on /home/airflow/.local/lib/python3.8/site-packages/airflow/example_dags/example_complex.py
[2024-03-25T21:03:55.206+0000] {processor.py:830} INFO - Processing file /home/airflow/.local/lib/python3.8/site-packages/airflow/example_dags/example_complex.py for tasks to queue
[2024-03-25T21:03:55.211+0000] {logging_mixin.py:188} INFO - [2024-03-25T21:03:55.210+0000] {dagbag.py:540} INFO - Filling up the DagBag from /home/airflow/.local/lib/python3.8/site-packages/airflow/example_dags/example_complex.py
[2024-03-25T21:03:55.251+0000] {processor.py:840} INFO - DAG(s) 'example_complex' retrieved from /home/airflow/.local/lib/python3.8/site-packages/airflow/example_dags/example_complex.py
[2024-03-25T21:03:55.419+0000] {logging_mixin.py:188} INFO - [2024-03-25T21:03:55.419+0000] {dag.py:3047} INFO - Sync 1 DAGs
[2024-03-25T21:03:56.315+0000] {logging_mixin.py:188} INFO - [2024-03-25T21:03:56.315+0000] {dag.py:3834} INFO - Setting next_dagrun for example_complex to None, run_after=None
[2024-03-25T21:03:56.405+0000] {processor.py:183} INFO - Processing /home/airflow/.local/lib/python3.8/site-packages/airflow/example_dags/example_complex.py took 1.213 seconds
[2024-03-25T21:04:26.639+0000] {processor.py:161} INFO - Started process (PID=127) to work on /home/airflow/.local/lib/python3.8/site-packages/airflow/example_dags/example_complex.py
[2024-03-25T21:04:26.658+0000] {processor.py:830} INFO - Processing file /home/airflow/.local/lib/python3.8/site-packages/airflow/example_dags/example_complex.py for tasks to queue
[2024-03-25T21:04:26.666+0000] {logging_mixin.py:188} INFO - [2024-03-25T21:04:26.665+0000] {dagbag.py:540} INFO - Filling up the DagBag from /home/airflow/.local/lib/python3.8/site-packages/airflow/example_dags/example_complex.py
[2024-03-25T21:04:26.738+0000] {processor.py:840} INFO - DAG(s) 'example_complex' retrieved from /home/airflow/.local/lib/python3.8/site-packages/airflow/example_dags/example_complex.py
[2024-03-25T21:04:27.107+0000] {logging_mixin.py:188} INFO - [2024-03-25T21:04:27.107+0000] {dag.py:3047} INFO - Sync 1 DAGs
[2024-03-25T21:04:27.126+0000] {logging_mixin.py:188} INFO - [2024-03-25T21:04:27.125+0000] {dag.py:3834} INFO - Setting next_dagrun for example_complex to None, run_after=None
[2024-03-25T21:04:27.167+0000] {processor.py:183} INFO - Processing /home/airflow/.local/lib/python3.8/site-packages/airflow/example_dags/example_complex.py took 0.547 seconds
[2024-03-25T21:04:57.284+0000] {processor.py:161} INFO - Started process (PID=182) to work on /home/airflow/.local/lib/python3.8/site-packages/airflow/example_dags/example_complex.py
[2024-03-25T21:04:57.286+0000] {processor.py:830} INFO - Processing file /home/airflow/.local/lib/python3.8/site-packages/airflow/example_dags/example_complex.py for tasks to queue
[2024-03-25T21:04:57.289+0000] {logging_mixin.py:188} INFO - [2024-03-25T21:04:57.289+0000] {dagbag.py:540} INFO - Filling up the DagBag from /home/airflow/.local/lib/python3.8/site-packages/airflow/example_dags/example_complex.py
[2024-03-25T21:04:57.311+0000] {processor.py:840} INFO - DAG(s) 'example_complex' retrieved from /home/airflow/.local/lib/python3.8/site-packages/airflow/example_dags/example_complex.py
[2024-03-25T21:04:57.368+0000] {logging_mixin.py:188} INFO - [2024-03-25T21:04:57.367+0000] {dag.py:3047} INFO - Sync 1 DAGs
[2024-03-25T21:04:57.387+0000] {logging_mixin.py:188} INFO - [2024-03-25T21:04:57.387+0000] {dag.py:3834} INFO - Setting next_dagrun for example_complex to None, run_after=None
[2024-03-25T21:04:57.416+0000] {processor.py:183} INFO - Processing /home/airflow/.local/lib/python3.8/site-packages/airflow/example_dags/example_complex.py took 0.137 seconds
[2024-03-25T21:05:27.895+0000] {processor.py:161} INFO - Started process (PID=237) to work on /home/airflow/.local/lib/python3.8/site-packages/airflow/example_dags/example_complex.py
[2024-03-25T21:05:27.896+0000] {processor.py:830} INFO - Processing file /home/airflow/.local/lib/python3.8/site-packages/airflow/example_dags/example_complex.py for tasks to queue
[2024-03-25T21:05:27.900+0000] {logging_mixin.py:188} INFO - [2024-03-25T21:05:27.899+0000] {dagbag.py:540} INFO - Filling up the DagBag from /home/airflow/.local/lib/python3.8/site-packages/airflow/example_dags/example_complex.py
[2024-03-25T21:05:27.924+0000] {processor.py:840} INFO - DAG(s) 'example_complex' retrieved from /home/airflow/.local/lib/python3.8/site-packages/airflow/example_dags/example_complex.py
[2024-03-25T21:05:28.012+0000] {logging_mixin.py:188} INFO - [2024-03-25T21:05:28.011+0000] {dag.py:3047} INFO - Sync 1 DAGs
[2024-03-25T21:05:28.035+0000] {logging_mixin.py:188} INFO - [2024-03-25T21:05:28.035+0000] {dag.py:3834} INFO - Setting next_dagrun for example_complex to None, run_after=None
[2024-03-25T21:05:28.089+0000] {processor.py:183} INFO - Processing /home/airflow/.local/lib/python3.8/site-packages/airflow/example_dags/example_complex.py took 0.200 seconds
[2024-03-25T21:05:58.356+0000] {processor.py:161} INFO - Started process (PID=292) to work on /home/airflow/.local/lib/python3.8/site-packages/airflow/example_dags/example_complex.py
[2024-03-25T21:05:58.357+0000] {processor.py:830} INFO - Processing file /home/airflow/.local/lib/python3.8/site-packages/airflow/example_dags/example_complex.py for tasks to queue
[2024-03-25T21:05:58.360+0000] {logging_mixin.py:188} INFO - [2024-03-25T21:05:58.360+0000] {dagbag.py:540} INFO - Filling up the DagBag from /home/airflow/.local/lib/python3.8/site-packages/airflow/example_dags/example_complex.py
[2024-03-25T21:05:58.396+0000] {processor.py:840} INFO - DAG(s) 'example_complex' retrieved from /home/airflow/.local/lib/python3.8/site-packages/airflow/example_dags/example_complex.py
[2024-03-25T21:05:58.456+0000] {logging_mixin.py:188} INFO - [2024-03-25T21:05:58.456+0000] {dag.py:3047} INFO - Sync 1 DAGs
[2024-03-25T21:05:58.476+0000] {logging_mixin.py:188} INFO - [2024-03-25T21:05:58.475+0000] {dag.py:3834} INFO - Setting next_dagrun for example_complex to None, run_after=None
[2024-03-25T21:05:58.507+0000] {processor.py:183} INFO - Processing /home/airflow/.local/lib/python3.8/site-packages/airflow/example_dags/example_complex.py took 0.156 seconds
[2024-03-25T21:06:29.418+0000] {processor.py:161} INFO - Started process (PID=347) to work on /home/airflow/.local/lib/python3.8/site-packages/airflow/example_dags/example_complex.py
[2024-03-25T21:06:29.475+0000] {processor.py:830} INFO - Processing file /home/airflow/.local/lib/python3.8/site-packages/airflow/example_dags/example_complex.py for tasks to queue
[2024-03-25T21:06:29.489+0000] {logging_mixin.py:188} INFO - [2024-03-25T21:06:29.488+0000] {dagbag.py:540} INFO - Filling up the DagBag from /home/airflow/.local/lib/python3.8/site-packages/airflow/example_dags/example_complex.py
[2024-03-25T21:06:29.523+0000] {processor.py:840} INFO - DAG(s) 'example_complex' retrieved from /home/airflow/.local/lib/python3.8/site-packages/airflow/example_dags/example_complex.py
[2024-03-25T21:06:29.624+0000] {logging_mixin.py:188} INFO - [2024-03-25T21:06:29.623+0000] {dag.py:3047} INFO - Sync 1 DAGs
[2024-03-25T21:06:29.650+0000] {logging_mixin.py:188} INFO - [2024-03-25T21:06:29.649+0000] {dag.py:3834} INFO - Setting next_dagrun for example_complex to None, run_after=None
[2024-03-25T21:06:29.695+0000] {processor.py:183} INFO - Processing /home/airflow/.local/lib/python3.8/site-packages/airflow/example_dags/example_complex.py took 0.284 seconds
[2024-03-25T21:06:59.815+0000] {processor.py:161} INFO - Started process (PID=402) to work on /home/airflow/.local/lib/python3.8/site-packages/airflow/example_dags/example_complex.py
[2024-03-25T21:06:59.817+0000] {processor.py:830} INFO - Processing file /home/airflow/.local/lib/python3.8/site-packages/airflow/example_dags/example_complex.py for tasks to queue
[2024-03-25T21:06:59.821+0000] {logging_mixin.py:188} INFO - [2024-03-25T21:06:59.820+0000] {dagbag.py:540} INFO - Filling up the DagBag from /home/airflow/.local/lib/python3.8/site-packages/airflow/example_dags/example_complex.py
[2024-03-25T21:06:59.842+0000] {processor.py:840} INFO - DAG(s) 'example_complex' retrieved from /home/airflow/.local/lib/python3.8/site-packages/airflow/example_dags/example_complex.py
[2024-03-25T21:06:59.899+0000] {logging_mixin.py:188} INFO - [2024-03-25T21:06:59.899+0000] {dag.py:3047} INFO - Sync 1 DAGs
[2024-03-25T21:06:59.921+0000] {logging_mixin.py:188} INFO - [2024-03-25T21:06:59.920+0000] {dag.py:3834} INFO - Setting next_dagrun for example_complex to None, run_after=None
[2024-03-25T21:06:59.951+0000] {processor.py:183} INFO - Processing /home/airflow/.local/lib/python3.8/site-packages/airflow/example_dags/example_complex.py took 0.142 seconds
[2024-03-25T21:07:30.065+0000] {processor.py:161} INFO - Started process (PID=457) to work on /home/airflow/.local/lib/python3.8/site-packages/airflow/example_dags/example_complex.py
[2024-03-25T21:07:30.067+0000] {processor.py:830} INFO - Processing file /home/airflow/.local/lib/python3.8/site-packages/airflow/example_dags/example_complex.py for tasks to queue
[2024-03-25T21:07:30.070+0000] {logging_mixin.py:188} INFO - [2024-03-25T21:07:30.070+0000] {dagbag.py:540} INFO - Filling up the DagBag from /home/airflow/.local/lib/python3.8/site-packages/airflow/example_dags/example_complex.py
[2024-03-25T21:07:30.091+0000] {processor.py:840} INFO - DAG(s) 'example_complex' retrieved from /home/airflow/.local/lib/python3.8/site-packages/airflow/example_dags/example_complex.py
[2024-03-25T21:07:30.170+0000] {logging_mixin.py:188} INFO - [2024-03-25T21:07:30.170+0000] {dag.py:3047} INFO - Sync 1 DAGs
[2024-03-25T21:07:30.206+0000] {logging_mixin.py:188} INFO - [2024-03-25T21:07:30.206+0000] {dag.py:3834} INFO - Setting next_dagrun for example_complex to None, run_after=None
[2024-03-25T21:07:30.238+0000] {processor.py:183} INFO - Processing /home/airflow/.local/lib/python3.8/site-packages/airflow/example_dags/example_complex.py took 0.179 seconds
[2024-03-25T21:08:01.162+0000] {processor.py:161} INFO - Started process (PID=512) to work on /home/airflow/.local/lib/python3.8/site-packages/airflow/example_dags/example_complex.py
[2024-03-25T21:08:01.164+0000] {processor.py:830} INFO - Processing file /home/airflow/.local/lib/python3.8/site-packages/airflow/example_dags/example_complex.py for tasks to queue
[2024-03-25T21:08:01.167+0000] {logging_mixin.py:188} INFO - [2024-03-25T21:08:01.167+0000] {dagbag.py:540} INFO - Filling up the DagBag from /home/airflow/.local/lib/python3.8/site-packages/airflow/example_dags/example_complex.py
[2024-03-25T21:08:01.188+0000] {processor.py:840} INFO - DAG(s) 'example_complex' retrieved from /home/airflow/.local/lib/python3.8/site-packages/airflow/example_dags/example_complex.py
[2024-03-25T21:08:01.246+0000] {logging_mixin.py:188} INFO - [2024-03-25T21:08:01.246+0000] {dag.py:3047} INFO - Sync 1 DAGs
[2024-03-25T21:08:01.270+0000] {logging_mixin.py:188} INFO - [2024-03-25T21:08:01.269+0000] {dag.py:3834} INFO - Setting next_dagrun for example_complex to None, run_after=None
[2024-03-25T21:08:01.300+0000] {processor.py:183} INFO - Processing /home/airflow/.local/lib/python3.8/site-packages/airflow/example_dags/example_complex.py took 0.144 seconds
[2024-03-25T21:09:43.796+0000] {processor.py:161} INFO - Started process (PID=67) to work on /home/airflow/.local/lib/python3.8/site-packages/airflow/example_dags/example_complex.py
[2024-03-25T21:09:43.798+0000] {processor.py:830} INFO - Processing file /home/airflow/.local/lib/python3.8/site-packages/airflow/example_dags/example_complex.py for tasks to queue
[2024-03-25T21:09:43.801+0000] {logging_mixin.py:188} INFO - [2024-03-25T21:09:43.800+0000] {dagbag.py:540} INFO - Filling up the DagBag from /home/airflow/.local/lib/python3.8/site-packages/airflow/example_dags/example_complex.py
[2024-03-25T21:09:43.821+0000] {processor.py:840} INFO - DAG(s) 'example_complex' retrieved from /home/airflow/.local/lib/python3.8/site-packages/airflow/example_dags/example_complex.py
[2024-03-25T21:09:43.997+0000] {logging_mixin.py:188} INFO - [2024-03-25T21:09:43.997+0000] {dag.py:3047} INFO - Sync 1 DAGs
[2024-03-25T21:09:44.014+0000] {logging_mixin.py:188} INFO - [2024-03-25T21:09:44.014+0000] {dag.py:3834} INFO - Setting next_dagrun for example_complex to None, run_after=None
[2024-03-25T21:09:44.052+0000] {processor.py:183} INFO - Processing /home/airflow/.local/lib/python3.8/site-packages/airflow/example_dags/example_complex.py took 0.261 seconds
[2024-03-25T21:10:14.810+0000] {processor.py:161} INFO - Started process (PID=123) to work on /home/airflow/.local/lib/python3.8/site-packages/airflow/example_dags/example_complex.py
[2024-03-25T21:10:14.812+0000] {processor.py:830} INFO - Processing file /home/airflow/.local/lib/python3.8/site-packages/airflow/example_dags/example_complex.py for tasks to queue
[2024-03-25T21:10:14.815+0000] {logging_mixin.py:188} INFO - [2024-03-25T21:10:14.814+0000] {dagbag.py:540} INFO - Filling up the DagBag from /home/airflow/.local/lib/python3.8/site-packages/airflow/example_dags/example_complex.py
[2024-03-25T21:10:14.835+0000] {processor.py:840} INFO - DAG(s) 'example_complex' retrieved from /home/airflow/.local/lib/python3.8/site-packages/airflow/example_dags/example_complex.py
[2024-03-25T21:10:14.896+0000] {logging_mixin.py:188} INFO - [2024-03-25T21:10:14.895+0000] {dag.py:3047} INFO - Sync 1 DAGs
[2024-03-25T21:10:14.916+0000] {logging_mixin.py:188} INFO - [2024-03-25T21:10:14.916+0000] {dag.py:3834} INFO - Setting next_dagrun for example_complex to None, run_after=None
[2024-03-25T21:10:14.949+0000] {processor.py:183} INFO - Processing /home/airflow/.local/lib/python3.8/site-packages/airflow/example_dags/example_complex.py took 0.145 seconds
[2024-03-25T21:10:45.079+0000] {processor.py:161} INFO - Started process (PID=179) to work on /home/airflow/.local/lib/python3.8/site-packages/airflow/example_dags/example_complex.py
[2024-03-25T21:10:45.081+0000] {processor.py:830} INFO - Processing file /home/airflow/.local/lib/python3.8/site-packages/airflow/example_dags/example_complex.py for tasks to queue
[2024-03-25T21:10:45.084+0000] {logging_mixin.py:188} INFO - [2024-03-25T21:10:45.083+0000] {dagbag.py:540} INFO - Filling up the DagBag from /home/airflow/.local/lib/python3.8/site-packages/airflow/example_dags/example_complex.py
[2024-03-25T21:10:45.104+0000] {processor.py:840} INFO - DAG(s) 'example_complex' retrieved from /home/airflow/.local/lib/python3.8/site-packages/airflow/example_dags/example_complex.py
[2024-03-25T21:10:45.158+0000] {logging_mixin.py:188} INFO - [2024-03-25T21:10:45.157+0000] {dag.py:3047} INFO - Sync 1 DAGs
[2024-03-25T21:10:45.177+0000] {logging_mixin.py:188} INFO - [2024-03-25T21:10:45.177+0000] {dag.py:3834} INFO - Setting next_dagrun for example_complex to None, run_after=None
[2024-03-25T21:10:45.205+0000] {processor.py:183} INFO - Processing /home/airflow/.local/lib/python3.8/site-packages/airflow/example_dags/example_complex.py took 0.131 seconds
[2024-03-25T21:11:15.366+0000] {processor.py:161} INFO - Started process (PID=235) to work on /home/airflow/.local/lib/python3.8/site-packages/airflow/example_dags/example_complex.py
[2024-03-25T21:11:15.369+0000] {processor.py:830} INFO - Processing file /home/airflow/.local/lib/python3.8/site-packages/airflow/example_dags/example_complex.py for tasks to queue
[2024-03-25T21:11:15.372+0000] {logging_mixin.py:188} INFO - [2024-03-25T21:11:15.372+0000] {dagbag.py:540} INFO - Filling up the DagBag from /home/airflow/.local/lib/python3.8/site-packages/airflow/example_dags/example_complex.py
[2024-03-25T21:11:15.395+0000] {processor.py:840} INFO - DAG(s) 'example_complex' retrieved from /home/airflow/.local/lib/python3.8/site-packages/airflow/example_dags/example_complex.py
[2024-03-25T21:11:15.452+0000] {logging_mixin.py:188} INFO - [2024-03-25T21:11:15.452+0000] {dag.py:3047} INFO - Sync 1 DAGs
[2024-03-25T21:11:15.472+0000] {logging_mixin.py:188} INFO - [2024-03-25T21:11:15.471+0000] {dag.py:3834} INFO - Setting next_dagrun for example_complex to None, run_after=None
[2024-03-25T21:11:15.500+0000] {processor.py:183} INFO - Processing /home/airflow/.local/lib/python3.8/site-packages/airflow/example_dags/example_complex.py took 0.140 seconds
[2024-03-25T21:11:45.605+0000] {processor.py:161} INFO - Started process (PID=291) to work on /home/airflow/.local/lib/python3.8/site-packages/airflow/example_dags/example_complex.py
[2024-03-25T21:11:45.607+0000] {processor.py:830} INFO - Processing file /home/airflow/.local/lib/python3.8/site-packages/airflow/example_dags/example_complex.py for tasks to queue
[2024-03-25T21:11:45.612+0000] {logging_mixin.py:188} INFO - [2024-03-25T21:11:45.611+0000] {dagbag.py:540} INFO - Filling up the DagBag from /home/airflow/.local/lib/python3.8/site-packages/airflow/example_dags/example_complex.py
[2024-03-25T21:11:45.635+0000] {processor.py:840} INFO - DAG(s) 'example_complex' retrieved from /home/airflow/.local/lib/python3.8/site-packages/airflow/example_dags/example_complex.py
[2024-03-25T21:11:45.718+0000] {logging_mixin.py:188} INFO - [2024-03-25T21:11:45.718+0000] {dag.py:3047} INFO - Sync 1 DAGs
[2024-03-25T21:11:45.738+0000] {logging_mixin.py:188} INFO - [2024-03-25T21:11:45.738+0000] {dag.py:3834} INFO - Setting next_dagrun for example_complex to None, run_after=None
[2024-03-25T21:11:45.767+0000] {processor.py:183} INFO - Processing /home/airflow/.local/lib/python3.8/site-packages/airflow/example_dags/example_complex.py took 0.168 seconds
[2024-03-25T21:12:16.526+0000] {processor.py:161} INFO - Started process (PID=347) to work on /home/airflow/.local/lib/python3.8/site-packages/airflow/example_dags/example_complex.py
[2024-03-25T21:12:16.528+0000] {processor.py:830} INFO - Processing file /home/airflow/.local/lib/python3.8/site-packages/airflow/example_dags/example_complex.py for tasks to queue
[2024-03-25T21:12:16.531+0000] {logging_mixin.py:188} INFO - [2024-03-25T21:12:16.531+0000] {dagbag.py:540} INFO - Filling up the DagBag from /home/airflow/.local/lib/python3.8/site-packages/airflow/example_dags/example_complex.py
[2024-03-25T21:12:16.554+0000] {processor.py:840} INFO - DAG(s) 'example_complex' retrieved from /home/airflow/.local/lib/python3.8/site-packages/airflow/example_dags/example_complex.py
[2024-03-25T21:12:16.609+0000] {logging_mixin.py:188} INFO - [2024-03-25T21:12:16.608+0000] {dag.py:3047} INFO - Sync 1 DAGs
[2024-03-25T21:12:16.628+0000] {logging_mixin.py:188} INFO - [2024-03-25T21:12:16.627+0000] {dag.py:3834} INFO - Setting next_dagrun for example_complex to None, run_after=None
[2024-03-25T21:12:16.655+0000] {processor.py:183} INFO - Processing /home/airflow/.local/lib/python3.8/site-packages/airflow/example_dags/example_complex.py took 0.134 seconds
[2024-03-25T21:12:46.970+0000] {processor.py:161} INFO - Started process (PID=403) to work on /home/airflow/.local/lib/python3.8/site-packages/airflow/example_dags/example_complex.py
[2024-03-25T21:12:46.972+0000] {processor.py:830} INFO - Processing file /home/airflow/.local/lib/python3.8/site-packages/airflow/example_dags/example_complex.py for tasks to queue
[2024-03-25T21:12:46.974+0000] {logging_mixin.py:188} INFO - [2024-03-25T21:12:46.974+0000] {dagbag.py:540} INFO - Filling up the DagBag from /home/airflow/.local/lib/python3.8/site-packages/airflow/example_dags/example_complex.py
[2024-03-25T21:12:46.997+0000] {processor.py:840} INFO - DAG(s) 'example_complex' retrieved from /home/airflow/.local/lib/python3.8/site-packages/airflow/example_dags/example_complex.py
[2024-03-25T21:12:47.052+0000] {logging_mixin.py:188} INFO - [2024-03-25T21:12:47.052+0000] {dag.py:3047} INFO - Sync 1 DAGs
[2024-03-25T21:12:47.072+0000] {logging_mixin.py:188} INFO - [2024-03-25T21:12:47.071+0000] {dag.py:3834} INFO - Setting next_dagrun for example_complex to None, run_after=None
[2024-03-25T21:12:47.101+0000] {processor.py:183} INFO - Processing /home/airflow/.local/lib/python3.8/site-packages/airflow/example_dags/example_complex.py took 0.137 seconds
[2024-03-25T21:13:17.780+0000] {processor.py:161} INFO - Started process (PID=459) to work on /home/airflow/.local/lib/python3.8/site-packages/airflow/example_dags/example_complex.py
[2024-03-25T21:13:17.781+0000] {processor.py:830} INFO - Processing file /home/airflow/.local/lib/python3.8/site-packages/airflow/example_dags/example_complex.py for tasks to queue
[2024-03-25T21:13:17.784+0000] {logging_mixin.py:188} INFO - [2024-03-25T21:13:17.784+0000] {dagbag.py:540} INFO - Filling up the DagBag from /home/airflow/.local/lib/python3.8/site-packages/airflow/example_dags/example_complex.py
[2024-03-25T21:13:17.805+0000] {processor.py:840} INFO - DAG(s) 'example_complex' retrieved from /home/airflow/.local/lib/python3.8/site-packages/airflow/example_dags/example_complex.py
[2024-03-25T21:13:17.861+0000] {logging_mixin.py:188} INFO - [2024-03-25T21:13:17.861+0000] {dag.py:3047} INFO - Sync 1 DAGs
[2024-03-25T21:13:17.881+0000] {logging_mixin.py:188} INFO - [2024-03-25T21:13:17.880+0000] {dag.py:3834} INFO - Setting next_dagrun for example_complex to None, run_after=None
[2024-03-25T21:13:17.908+0000] {processor.py:183} INFO - Processing /home/airflow/.local/lib/python3.8/site-packages/airflow/example_dags/example_complex.py took 0.134 seconds
[2024-03-25T21:13:48.363+0000] {processor.py:161} INFO - Started process (PID=515) to work on /home/airflow/.local/lib/python3.8/site-packages/airflow/example_dags/example_complex.py
[2024-03-25T21:13:48.385+0000] {processor.py:830} INFO - Processing file /home/airflow/.local/lib/python3.8/site-packages/airflow/example_dags/example_complex.py for tasks to queue
[2024-03-25T21:13:48.394+0000] {logging_mixin.py:188} INFO - [2024-03-25T21:13:48.393+0000] {dagbag.py:540} INFO - Filling up the DagBag from /home/airflow/.local/lib/python3.8/site-packages/airflow/example_dags/example_complex.py
[2024-03-25T21:13:48.431+0000] {processor.py:840} INFO - DAG(s) 'example_complex' retrieved from /home/airflow/.local/lib/python3.8/site-packages/airflow/example_dags/example_complex.py
[2024-03-25T21:13:48.501+0000] {logging_mixin.py:188} INFO - [2024-03-25T21:13:48.500+0000] {dag.py:3047} INFO - Sync 1 DAGs
[2024-03-25T21:13:48.522+0000] {logging_mixin.py:188} INFO - [2024-03-25T21:13:48.521+0000] {dag.py:3834} INFO - Setting next_dagrun for example_complex to None, run_after=None
[2024-03-25T21:13:48.551+0000] {processor.py:183} INFO - Processing /home/airflow/.local/lib/python3.8/site-packages/airflow/example_dags/example_complex.py took 0.196 seconds
[2024-03-25T21:14:19.261+0000] {processor.py:161} INFO - Started process (PID=577) to work on /home/airflow/.local/lib/python3.8/site-packages/airflow/example_dags/example_complex.py
[2024-03-25T21:14:19.263+0000] {processor.py:830} INFO - Processing file /home/airflow/.local/lib/python3.8/site-packages/airflow/example_dags/example_complex.py for tasks to queue
[2024-03-25T21:14:19.266+0000] {logging_mixin.py:188} INFO - [2024-03-25T21:14:19.265+0000] {dagbag.py:540} INFO - Filling up the DagBag from /home/airflow/.local/lib/python3.8/site-packages/airflow/example_dags/example_complex.py
[2024-03-25T21:14:19.288+0000] {processor.py:840} INFO - DAG(s) 'example_complex' retrieved from /home/airflow/.local/lib/python3.8/site-packages/airflow/example_dags/example_complex.py
[2024-03-25T21:14:19.349+0000] {logging_mixin.py:188} INFO - [2024-03-25T21:14:19.349+0000] {dag.py:3047} INFO - Sync 1 DAGs
[2024-03-25T21:14:19.374+0000] {logging_mixin.py:188} INFO - [2024-03-25T21:14:19.373+0000] {dag.py:3834} INFO - Setting next_dagrun for example_complex to None, run_after=None
[2024-03-25T21:14:19.414+0000] {processor.py:183} INFO - Processing /home/airflow/.local/lib/python3.8/site-packages/airflow/example_dags/example_complex.py took 0.159 seconds
[2024-03-25T21:14:50.094+0000] {processor.py:161} INFO - Started process (PID=633) to work on /home/airflow/.local/lib/python3.8/site-packages/airflow/example_dags/example_complex.py
[2024-03-25T21:14:50.096+0000] {processor.py:830} INFO - Processing file /home/airflow/.local/lib/python3.8/site-packages/airflow/example_dags/example_complex.py for tasks to queue
[2024-03-25T21:14:50.099+0000] {logging_mixin.py:188} INFO - [2024-03-25T21:14:50.099+0000] {dagbag.py:540} INFO - Filling up the DagBag from /home/airflow/.local/lib/python3.8/site-packages/airflow/example_dags/example_complex.py
[2024-03-25T21:14:50.125+0000] {processor.py:840} INFO - DAG(s) 'example_complex' retrieved from /home/airflow/.local/lib/python3.8/site-packages/airflow/example_dags/example_complex.py
[2024-03-25T21:14:50.200+0000] {logging_mixin.py:188} INFO - [2024-03-25T21:14:50.200+0000] {dag.py:3047} INFO - Sync 1 DAGs
[2024-03-25T21:14:50.227+0000] {logging_mixin.py:188} INFO - [2024-03-25T21:14:50.226+0000] {dag.py:3834} INFO - Setting next_dagrun for example_complex to None, run_after=None
[2024-03-25T21:14:50.266+0000] {processor.py:183} INFO - Processing /home/airflow/.local/lib/python3.8/site-packages/airflow/example_dags/example_complex.py took 0.178 seconds
[2024-03-25T21:15:20.692+0000] {processor.py:161} INFO - Started process (PID=689) to work on /home/airflow/.local/lib/python3.8/site-packages/airflow/example_dags/example_complex.py
[2024-03-25T21:15:20.694+0000] {processor.py:830} INFO - Processing file /home/airflow/.local/lib/python3.8/site-packages/airflow/example_dags/example_complex.py for tasks to queue
[2024-03-25T21:15:20.697+0000] {logging_mixin.py:188} INFO - [2024-03-25T21:15:20.697+0000] {dagbag.py:540} INFO - Filling up the DagBag from /home/airflow/.local/lib/python3.8/site-packages/airflow/example_dags/example_complex.py
[2024-03-25T21:15:20.721+0000] {processor.py:840} INFO - DAG(s) 'example_complex' retrieved from /home/airflow/.local/lib/python3.8/site-packages/airflow/example_dags/example_complex.py
[2024-03-25T21:15:20.778+0000] {logging_mixin.py:188} INFO - [2024-03-25T21:15:20.778+0000] {dag.py:3047} INFO - Sync 1 DAGs
[2024-03-25T21:15:20.801+0000] {logging_mixin.py:188} INFO - [2024-03-25T21:15:20.801+0000] {dag.py:3834} INFO - Setting next_dagrun for example_complex to None, run_after=None
[2024-03-25T21:15:20.833+0000] {processor.py:183} INFO - Processing /home/airflow/.local/lib/python3.8/site-packages/airflow/example_dags/example_complex.py took 0.148 seconds
[2024-03-25T21:15:51.018+0000] {processor.py:161} INFO - Started process (PID=745) to work on /home/airflow/.local/lib/python3.8/site-packages/airflow/example_dags/example_complex.py
[2024-03-25T21:15:51.020+0000] {processor.py:830} INFO - Processing file /home/airflow/.local/lib/python3.8/site-packages/airflow/example_dags/example_complex.py for tasks to queue
[2024-03-25T21:15:51.023+0000] {logging_mixin.py:188} INFO - [2024-03-25T21:15:51.023+0000] {dagbag.py:540} INFO - Filling up the DagBag from /home/airflow/.local/lib/python3.8/site-packages/airflow/example_dags/example_complex.py
[2024-03-25T21:15:51.044+0000] {processor.py:840} INFO - DAG(s) 'example_complex' retrieved from /home/airflow/.local/lib/python3.8/site-packages/airflow/example_dags/example_complex.py
[2024-03-25T21:15:51.100+0000] {logging_mixin.py:188} INFO - [2024-03-25T21:15:51.100+0000] {dag.py:3047} INFO - Sync 1 DAGs
[2024-03-25T21:15:51.121+0000] {logging_mixin.py:188} INFO - [2024-03-25T21:15:51.120+0000] {dag.py:3834} INFO - Setting next_dagrun for example_complex to None, run_after=None
[2024-03-25T21:15:51.151+0000] {processor.py:183} INFO - Processing /home/airflow/.local/lib/python3.8/site-packages/airflow/example_dags/example_complex.py took 0.138 seconds
[2024-03-25T21:16:21.422+0000] {processor.py:161} INFO - Started process (PID=801) to work on /home/airflow/.local/lib/python3.8/site-packages/airflow/example_dags/example_complex.py
[2024-03-25T21:16:21.423+0000] {processor.py:830} INFO - Processing file /home/airflow/.local/lib/python3.8/site-packages/airflow/example_dags/example_complex.py for tasks to queue
[2024-03-25T21:16:21.426+0000] {logging_mixin.py:188} INFO - [2024-03-25T21:16:21.426+0000] {dagbag.py:540} INFO - Filling up the DagBag from /home/airflow/.local/lib/python3.8/site-packages/airflow/example_dags/example_complex.py
[2024-03-25T21:16:21.447+0000] {processor.py:840} INFO - DAG(s) 'example_complex' retrieved from /home/airflow/.local/lib/python3.8/site-packages/airflow/example_dags/example_complex.py
[2024-03-25T21:16:21.502+0000] {logging_mixin.py:188} INFO - [2024-03-25T21:16:21.501+0000] {dag.py:3047} INFO - Sync 1 DAGs
[2024-03-25T21:16:21.520+0000] {logging_mixin.py:188} INFO - [2024-03-25T21:16:21.520+0000] {dag.py:3834} INFO - Setting next_dagrun for example_complex to None, run_after=None
[2024-03-25T21:16:21.549+0000] {processor.py:183} INFO - Processing /home/airflow/.local/lib/python3.8/site-packages/airflow/example_dags/example_complex.py took 0.132 seconds
[2024-03-25T21:16:51.896+0000] {processor.py:161} INFO - Started process (PID=857) to work on /home/airflow/.local/lib/python3.8/site-packages/airflow/example_dags/example_complex.py
[2024-03-25T21:16:51.898+0000] {processor.py:830} INFO - Processing file /home/airflow/.local/lib/python3.8/site-packages/airflow/example_dags/example_complex.py for tasks to queue
[2024-03-25T21:16:51.901+0000] {logging_mixin.py:188} INFO - [2024-03-25T21:16:51.901+0000] {dagbag.py:540} INFO - Filling up the DagBag from /home/airflow/.local/lib/python3.8/site-packages/airflow/example_dags/example_complex.py
[2024-03-25T21:16:51.922+0000] {processor.py:840} INFO - DAG(s) 'example_complex' retrieved from /home/airflow/.local/lib/python3.8/site-packages/airflow/example_dags/example_complex.py
[2024-03-25T21:16:51.977+0000] {logging_mixin.py:188} INFO - [2024-03-25T21:16:51.977+0000] {dag.py:3047} INFO - Sync 1 DAGs
[2024-03-25T21:16:51.997+0000] {logging_mixin.py:188} INFO - [2024-03-25T21:16:51.996+0000] {dag.py:3834} INFO - Setting next_dagrun for example_complex to None, run_after=None
[2024-03-25T21:16:52.024+0000] {processor.py:183} INFO - Processing /home/airflow/.local/lib/python3.8/site-packages/airflow/example_dags/example_complex.py took 0.133 seconds
[2024-03-25T21:17:22.334+0000] {processor.py:161} INFO - Started process (PID=913) to work on /home/airflow/.local/lib/python3.8/site-packages/airflow/example_dags/example_complex.py
[2024-03-25T21:17:22.336+0000] {processor.py:830} INFO - Processing file /home/airflow/.local/lib/python3.8/site-packages/airflow/example_dags/example_complex.py for tasks to queue
[2024-03-25T21:17:22.340+0000] {logging_mixin.py:188} INFO - [2024-03-25T21:17:22.340+0000] {dagbag.py:540} INFO - Filling up the DagBag from /home/airflow/.local/lib/python3.8/site-packages/airflow/example_dags/example_complex.py
[2024-03-25T21:17:22.367+0000] {processor.py:840} INFO - DAG(s) 'example_complex' retrieved from /home/airflow/.local/lib/python3.8/site-packages/airflow/example_dags/example_complex.py
[2024-03-25T21:17:22.435+0000] {logging_mixin.py:188} INFO - [2024-03-25T21:17:22.434+0000] {dag.py:3047} INFO - Sync 1 DAGs
[2024-03-25T21:17:22.457+0000] {logging_mixin.py:188} INFO - [2024-03-25T21:17:22.457+0000] {dag.py:3834} INFO - Setting next_dagrun for example_complex to None, run_after=None
[2024-03-25T21:17:22.487+0000] {processor.py:183} INFO - Processing /home/airflow/.local/lib/python3.8/site-packages/airflow/example_dags/example_complex.py took 0.160 seconds
[2024-03-25T21:17:53.253+0000] {processor.py:161} INFO - Started process (PID=969) to work on /home/airflow/.local/lib/python3.8/site-packages/airflow/example_dags/example_complex.py
[2024-03-25T21:17:53.255+0000] {processor.py:830} INFO - Processing file /home/airflow/.local/lib/python3.8/site-packages/airflow/example_dags/example_complex.py for tasks to queue
[2024-03-25T21:17:53.258+0000] {logging_mixin.py:188} INFO - [2024-03-25T21:17:53.258+0000] {dagbag.py:540} INFO - Filling up the DagBag from /home/airflow/.local/lib/python3.8/site-packages/airflow/example_dags/example_complex.py
[2024-03-25T21:17:53.279+0000] {processor.py:840} INFO - DAG(s) 'example_complex' retrieved from /home/airflow/.local/lib/python3.8/site-packages/airflow/example_dags/example_complex.py
[2024-03-25T21:17:53.335+0000] {logging_mixin.py:188} INFO - [2024-03-25T21:17:53.335+0000] {dag.py:3047} INFO - Sync 1 DAGs
[2024-03-25T21:17:53.355+0000] {logging_mixin.py:188} INFO - [2024-03-25T21:17:53.355+0000] {dag.py:3834} INFO - Setting next_dagrun for example_complex to None, run_after=None
[2024-03-25T21:17:53.383+0000] {processor.py:183} INFO - Processing /home/airflow/.local/lib/python3.8/site-packages/airflow/example_dags/example_complex.py took 0.135 seconds
[2024-03-25T21:18:23.876+0000] {processor.py:161} INFO - Started process (PID=1025) to work on /home/airflow/.local/lib/python3.8/site-packages/airflow/example_dags/example_complex.py
[2024-03-25T21:18:23.878+0000] {processor.py:830} INFO - Processing file /home/airflow/.local/lib/python3.8/site-packages/airflow/example_dags/example_complex.py for tasks to queue
[2024-03-25T21:18:23.881+0000] {logging_mixin.py:188} INFO - [2024-03-25T21:18:23.881+0000] {dagbag.py:540} INFO - Filling up the DagBag from /home/airflow/.local/lib/python3.8/site-packages/airflow/example_dags/example_complex.py
[2024-03-25T21:18:23.908+0000] {processor.py:840} INFO - DAG(s) 'example_complex' retrieved from /home/airflow/.local/lib/python3.8/site-packages/airflow/example_dags/example_complex.py
[2024-03-25T21:18:23.980+0000] {logging_mixin.py:188} INFO - [2024-03-25T21:18:23.980+0000] {dag.py:3047} INFO - Sync 1 DAGs
[2024-03-25T21:18:24.000+0000] {logging_mixin.py:188} INFO - [2024-03-25T21:18:24.000+0000] {dag.py:3834} INFO - Setting next_dagrun for example_complex to None, run_after=None
[2024-03-25T21:18:24.032+0000] {processor.py:183} INFO - Processing /home/airflow/.local/lib/python3.8/site-packages/airflow/example_dags/example_complex.py took 0.162 seconds
[2024-03-25T21:18:54.797+0000] {processor.py:161} INFO - Started process (PID=1080) to work on /home/airflow/.local/lib/python3.8/site-packages/airflow/example_dags/example_complex.py
[2024-03-25T21:18:54.799+0000] {processor.py:830} INFO - Processing file /home/airflow/.local/lib/python3.8/site-packages/airflow/example_dags/example_complex.py for tasks to queue
[2024-03-25T21:18:54.802+0000] {logging_mixin.py:188} INFO - [2024-03-25T21:18:54.802+0000] {dagbag.py:540} INFO - Filling up the DagBag from /home/airflow/.local/lib/python3.8/site-packages/airflow/example_dags/example_complex.py
[2024-03-25T21:18:54.822+0000] {processor.py:840} INFO - DAG(s) 'example_complex' retrieved from /home/airflow/.local/lib/python3.8/site-packages/airflow/example_dags/example_complex.py
[2024-03-25T21:18:54.880+0000] {logging_mixin.py:188} INFO - [2024-03-25T21:18:54.880+0000] {dag.py:3047} INFO - Sync 1 DAGs
[2024-03-25T21:18:54.899+0000] {logging_mixin.py:188} INFO - [2024-03-25T21:18:54.899+0000] {dag.py:3834} INFO - Setting next_dagrun for example_complex to None, run_after=None
[2024-03-25T21:18:54.928+0000] {processor.py:183} INFO - Processing /home/airflow/.local/lib/python3.8/site-packages/airflow/example_dags/example_complex.py took 0.137 seconds
[2024-03-25T21:19:25.051+0000] {processor.py:161} INFO - Started process (PID=1136) to work on /home/airflow/.local/lib/python3.8/site-packages/airflow/example_dags/example_complex.py
[2024-03-25T21:19:25.052+0000] {processor.py:830} INFO - Processing file /home/airflow/.local/lib/python3.8/site-packages/airflow/example_dags/example_complex.py for tasks to queue
[2024-03-25T21:19:25.055+0000] {logging_mixin.py:188} INFO - [2024-03-25T21:19:25.055+0000] {dagbag.py:540} INFO - Filling up the DagBag from /home/airflow/.local/lib/python3.8/site-packages/airflow/example_dags/example_complex.py
[2024-03-25T21:19:25.079+0000] {processor.py:840} INFO - DAG(s) 'example_complex' retrieved from /home/airflow/.local/lib/python3.8/site-packages/airflow/example_dags/example_complex.py
[2024-03-25T21:19:25.143+0000] {logging_mixin.py:188} INFO - [2024-03-25T21:19:25.143+0000] {dag.py:3047} INFO - Sync 1 DAGs
[2024-03-25T21:19:25.164+0000] {logging_mixin.py:188} INFO - [2024-03-25T21:19:25.164+0000] {dag.py:3834} INFO - Setting next_dagrun for example_complex to None, run_after=None
[2024-03-25T21:19:25.196+0000] {processor.py:183} INFO - Processing /home/airflow/.local/lib/python3.8/site-packages/airflow/example_dags/example_complex.py took 0.151 seconds
[2024-03-25T21:19:55.385+0000] {processor.py:161} INFO - Started process (PID=1192) to work on /home/airflow/.local/lib/python3.8/site-packages/airflow/example_dags/example_complex.py
[2024-03-25T21:19:55.386+0000] {processor.py:830} INFO - Processing file /home/airflow/.local/lib/python3.8/site-packages/airflow/example_dags/example_complex.py for tasks to queue
[2024-03-25T21:19:55.389+0000] {logging_mixin.py:188} INFO - [2024-03-25T21:19:55.389+0000] {dagbag.py:540} INFO - Filling up the DagBag from /home/airflow/.local/lib/python3.8/site-packages/airflow/example_dags/example_complex.py
[2024-03-25T21:19:55.409+0000] {processor.py:840} INFO - DAG(s) 'example_complex' retrieved from /home/airflow/.local/lib/python3.8/site-packages/airflow/example_dags/example_complex.py
[2024-03-25T21:19:55.464+0000] {logging_mixin.py:188} INFO - [2024-03-25T21:19:55.464+0000] {dag.py:3047} INFO - Sync 1 DAGs
[2024-03-25T21:19:55.484+0000] {logging_mixin.py:188} INFO - [2024-03-25T21:19:55.484+0000] {dag.py:3834} INFO - Setting next_dagrun for example_complex to None, run_after=None
[2024-03-25T21:19:55.512+0000] {processor.py:183} INFO - Processing /home/airflow/.local/lib/python3.8/site-packages/airflow/example_dags/example_complex.py took 0.133 seconds
[2024-03-25T21:20:25.638+0000] {processor.py:161} INFO - Started process (PID=1248) to work on /home/airflow/.local/lib/python3.8/site-packages/airflow/example_dags/example_complex.py
[2024-03-25T21:20:25.640+0000] {processor.py:830} INFO - Processing file /home/airflow/.local/lib/python3.8/site-packages/airflow/example_dags/example_complex.py for tasks to queue
[2024-03-25T21:20:25.643+0000] {logging_mixin.py:188} INFO - [2024-03-25T21:20:25.643+0000] {dagbag.py:540} INFO - Filling up the DagBag from /home/airflow/.local/lib/python3.8/site-packages/airflow/example_dags/example_complex.py
[2024-03-25T21:20:25.665+0000] {processor.py:840} INFO - DAG(s) 'example_complex' retrieved from /home/airflow/.local/lib/python3.8/site-packages/airflow/example_dags/example_complex.py
[2024-03-25T21:20:25.728+0000] {logging_mixin.py:188} INFO - [2024-03-25T21:20:25.727+0000] {dag.py:3047} INFO - Sync 1 DAGs
[2024-03-25T21:20:25.749+0000] {logging_mixin.py:188} INFO - [2024-03-25T21:20:25.749+0000] {dag.py:3834} INFO - Setting next_dagrun for example_complex to None, run_after=None
[2024-03-25T21:20:25.777+0000] {processor.py:183} INFO - Processing /home/airflow/.local/lib/python3.8/site-packages/airflow/example_dags/example_complex.py took 0.144 seconds
[2024-03-25T21:26:50.200+0000] {processor.py:161} INFO - Started process (PID=1304) to work on /home/airflow/.local/lib/python3.8/site-packages/airflow/example_dags/example_complex.py
[2024-03-25T21:26:50.202+0000] {processor.py:830} INFO - Processing file /home/airflow/.local/lib/python3.8/site-packages/airflow/example_dags/example_complex.py for tasks to queue
[2024-03-25T21:26:50.206+0000] {logging_mixin.py:188} INFO - [2024-03-25T21:26:50.206+0000] {dagbag.py:540} INFO - Filling up the DagBag from /home/airflow/.local/lib/python3.8/site-packages/airflow/example_dags/example_complex.py
[2024-03-25T21:26:50.233+0000] {processor.py:840} INFO - DAG(s) 'example_complex' retrieved from /home/airflow/.local/lib/python3.8/site-packages/airflow/example_dags/example_complex.py
[2024-03-25T21:26:50.298+0000] {logging_mixin.py:188} INFO - [2024-03-25T21:26:50.298+0000] {dag.py:3047} INFO - Sync 1 DAGs
[2024-03-25T21:26:50.320+0000] {logging_mixin.py:188} INFO - [2024-03-25T21:26:50.320+0000] {dag.py:3834} INFO - Setting next_dagrun for example_complex to None, run_after=None
[2024-03-25T21:26:50.354+0000] {processor.py:183} INFO - Processing /home/airflow/.local/lib/python3.8/site-packages/airflow/example_dags/example_complex.py took 0.159 seconds
[2024-03-25T21:27:22.369+0000] {processor.py:161} INFO - Started process (PID=1360) to work on /home/airflow/.local/lib/python3.8/site-packages/airflow/example_dags/example_complex.py
[2024-03-25T21:27:22.371+0000] {processor.py:830} INFO - Processing file /home/airflow/.local/lib/python3.8/site-packages/airflow/example_dags/example_complex.py for tasks to queue
[2024-03-25T21:27:22.384+0000] {logging_mixin.py:188} INFO - [2024-03-25T21:27:22.384+0000] {dagbag.py:540} INFO - Filling up the DagBag from /home/airflow/.local/lib/python3.8/site-packages/airflow/example_dags/example_complex.py
[2024-03-25T21:27:22.415+0000] {processor.py:840} INFO - DAG(s) 'example_complex' retrieved from /home/airflow/.local/lib/python3.8/site-packages/airflow/example_dags/example_complex.py
[2024-03-25T21:27:22.494+0000] {logging_mixin.py:188} INFO - [2024-03-25T21:27:22.493+0000] {dag.py:3047} INFO - Sync 1 DAGs
[2024-03-25T21:27:22.522+0000] {logging_mixin.py:188} INFO - [2024-03-25T21:27:22.521+0000] {dag.py:3834} INFO - Setting next_dagrun for example_complex to None, run_after=None
[2024-03-25T21:27:22.564+0000] {processor.py:183} INFO - Processing /home/airflow/.local/lib/python3.8/site-packages/airflow/example_dags/example_complex.py took 0.203 seconds
[2024-03-25T21:27:52.729+0000] {processor.py:161} INFO - Started process (PID=1416) to work on /home/airflow/.local/lib/python3.8/site-packages/airflow/example_dags/example_complex.py
[2024-03-25T21:27:52.731+0000] {processor.py:830} INFO - Processing file /home/airflow/.local/lib/python3.8/site-packages/airflow/example_dags/example_complex.py for tasks to queue
[2024-03-25T21:27:52.734+0000] {logging_mixin.py:188} INFO - [2024-03-25T21:27:52.734+0000] {dagbag.py:540} INFO - Filling up the DagBag from /home/airflow/.local/lib/python3.8/site-packages/airflow/example_dags/example_complex.py
[2024-03-25T21:27:52.755+0000] {processor.py:840} INFO - DAG(s) 'example_complex' retrieved from /home/airflow/.local/lib/python3.8/site-packages/airflow/example_dags/example_complex.py
[2024-03-25T21:27:52.812+0000] {logging_mixin.py:188} INFO - [2024-03-25T21:27:52.812+0000] {dag.py:3047} INFO - Sync 1 DAGs
[2024-03-25T21:27:52.835+0000] {logging_mixin.py:188} INFO - [2024-03-25T21:27:52.834+0000] {dag.py:3834} INFO - Setting next_dagrun for example_complex to None, run_after=None
[2024-03-25T21:27:52.868+0000] {processor.py:183} INFO - Processing /home/airflow/.local/lib/python3.8/site-packages/airflow/example_dags/example_complex.py took 0.145 seconds
[2024-03-25T21:28:23.529+0000] {processor.py:161} INFO - Started process (PID=1472) to work on /home/airflow/.local/lib/python3.8/site-packages/airflow/example_dags/example_complex.py
[2024-03-25T21:28:23.530+0000] {processor.py:830} INFO - Processing file /home/airflow/.local/lib/python3.8/site-packages/airflow/example_dags/example_complex.py for tasks to queue
[2024-03-25T21:28:23.533+0000] {logging_mixin.py:188} INFO - [2024-03-25T21:28:23.533+0000] {dagbag.py:540} INFO - Filling up the DagBag from /home/airflow/.local/lib/python3.8/site-packages/airflow/example_dags/example_complex.py
[2024-03-25T21:28:23.553+0000] {processor.py:840} INFO - DAG(s) 'example_complex' retrieved from /home/airflow/.local/lib/python3.8/site-packages/airflow/example_dags/example_complex.py
[2024-03-25T21:28:23.607+0000] {logging_mixin.py:188} INFO - [2024-03-25T21:28:23.607+0000] {dag.py:3047} INFO - Sync 1 DAGs
[2024-03-25T21:28:23.628+0000] {logging_mixin.py:188} INFO - [2024-03-25T21:28:23.627+0000] {dag.py:3834} INFO - Setting next_dagrun for example_complex to None, run_after=None
[2024-03-25T21:28:23.664+0000] {processor.py:183} INFO - Processing /home/airflow/.local/lib/python3.8/site-packages/airflow/example_dags/example_complex.py took 0.141 seconds
