[2024-03-25T21:03:59.642+0000] {processor.py:161} INFO - Started process (PID=79) to work on /home/airflow/.local/lib/python3.8/site-packages/airflow/example_dags/example_python_operator.py
[2024-03-25T21:03:59.649+0000] {processor.py:830} INFO - Processing file /home/airflow/.local/lib/python3.8/site-packages/airflow/example_dags/example_python_operator.py for tasks to queue
[2024-03-25T21:03:59.653+0000] {logging_mixin.py:188} INFO - [2024-03-25T21:03:59.653+0000] {dagbag.py:540} INFO - Filling up the DagBag from /home/airflow/.local/lib/python3.8/site-packages/airflow/example_dags/example_python_operator.py
[2024-03-25T21:03:59.688+0000] {processor.py:840} INFO - DAG(s) 'example_python_operator' retrieved from /home/airflow/.local/lib/python3.8/site-packages/airflow/example_dags/example_python_operator.py
[2024-03-25T21:03:59.738+0000] {logging_mixin.py:188} INFO - [2024-03-25T21:03:59.738+0000] {dag.py:3047} INFO - Sync 1 DAGs
[2024-03-25T21:03:59.816+0000] {logging_mixin.py:188} INFO - [2024-03-25T21:03:59.815+0000] {dag.py:3834} INFO - Setting next_dagrun for example_python_operator to None, run_after=None
[2024-03-25T21:03:59.864+0000] {processor.py:183} INFO - Processing /home/airflow/.local/lib/python3.8/site-packages/airflow/example_dags/example_python_operator.py took 0.291 seconds
[2024-03-25T21:04:30.940+0000] {processor.py:161} INFO - Started process (PID=134) to work on /home/airflow/.local/lib/python3.8/site-packages/airflow/example_dags/example_python_operator.py
[2024-03-25T21:04:30.943+0000] {processor.py:830} INFO - Processing file /home/airflow/.local/lib/python3.8/site-packages/airflow/example_dags/example_python_operator.py for tasks to queue
[2024-03-25T21:04:30.956+0000] {logging_mixin.py:188} INFO - [2024-03-25T21:04:30.956+0000] {dagbag.py:540} INFO - Filling up the DagBag from /home/airflow/.local/lib/python3.8/site-packages/airflow/example_dags/example_python_operator.py
[2024-03-25T21:04:30.982+0000] {processor.py:840} INFO - DAG(s) 'example_python_operator' retrieved from /home/airflow/.local/lib/python3.8/site-packages/airflow/example_dags/example_python_operator.py
[2024-03-25T21:04:31.248+0000] {logging_mixin.py:188} INFO - [2024-03-25T21:04:31.248+0000] {dag.py:3047} INFO - Sync 1 DAGs
[2024-03-25T21:04:31.268+0000] {logging_mixin.py:188} INFO - [2024-03-25T21:04:31.268+0000] {dag.py:3834} INFO - Setting next_dagrun for example_python_operator to None, run_after=None
[2024-03-25T21:04:31.321+0000] {processor.py:183} INFO - Processing /home/airflow/.local/lib/python3.8/site-packages/airflow/example_dags/example_python_operator.py took 0.388 seconds
[2024-03-25T21:05:01.848+0000] {processor.py:161} INFO - Started process (PID=189) to work on /home/airflow/.local/lib/python3.8/site-packages/airflow/example_dags/example_python_operator.py
[2024-03-25T21:05:01.850+0000] {processor.py:830} INFO - Processing file /home/airflow/.local/lib/python3.8/site-packages/airflow/example_dags/example_python_operator.py for tasks to queue
[2024-03-25T21:05:01.853+0000] {logging_mixin.py:188} INFO - [2024-03-25T21:05:01.852+0000] {dagbag.py:540} INFO - Filling up the DagBag from /home/airflow/.local/lib/python3.8/site-packages/airflow/example_dags/example_python_operator.py
[2024-03-25T21:05:01.874+0000] {processor.py:840} INFO - DAG(s) 'example_python_operator' retrieved from /home/airflow/.local/lib/python3.8/site-packages/airflow/example_dags/example_python_operator.py
[2024-03-25T21:05:01.913+0000] {logging_mixin.py:188} INFO - [2024-03-25T21:05:01.913+0000] {dag.py:3047} INFO - Sync 1 DAGs
[2024-03-25T21:05:01.937+0000] {logging_mixin.py:188} INFO - [2024-03-25T21:05:01.937+0000] {dag.py:3834} INFO - Setting next_dagrun for example_python_operator to None, run_after=None
[2024-03-25T21:05:01.970+0000] {processor.py:183} INFO - Processing /home/airflow/.local/lib/python3.8/site-packages/airflow/example_dags/example_python_operator.py took 0.128 seconds
[2024-03-25T21:05:32.590+0000] {processor.py:161} INFO - Started process (PID=244) to work on /home/airflow/.local/lib/python3.8/site-packages/airflow/example_dags/example_python_operator.py
[2024-03-25T21:05:32.592+0000] {processor.py:830} INFO - Processing file /home/airflow/.local/lib/python3.8/site-packages/airflow/example_dags/example_python_operator.py for tasks to queue
[2024-03-25T21:05:32.595+0000] {logging_mixin.py:188} INFO - [2024-03-25T21:05:32.595+0000] {dagbag.py:540} INFO - Filling up the DagBag from /home/airflow/.local/lib/python3.8/site-packages/airflow/example_dags/example_python_operator.py
[2024-03-25T21:05:32.613+0000] {processor.py:840} INFO - DAG(s) 'example_python_operator' retrieved from /home/airflow/.local/lib/python3.8/site-packages/airflow/example_dags/example_python_operator.py
[2024-03-25T21:05:32.651+0000] {logging_mixin.py:188} INFO - [2024-03-25T21:05:32.651+0000] {dag.py:3047} INFO - Sync 1 DAGs
[2024-03-25T21:05:32.671+0000] {logging_mixin.py:188} INFO - [2024-03-25T21:05:32.670+0000] {dag.py:3834} INFO - Setting next_dagrun for example_python_operator to None, run_after=None
[2024-03-25T21:05:32.700+0000] {processor.py:183} INFO - Processing /home/airflow/.local/lib/python3.8/site-packages/airflow/example_dags/example_python_operator.py took 0.115 seconds
[2024-03-25T21:06:02.974+0000] {processor.py:161} INFO - Started process (PID=299) to work on /home/airflow/.local/lib/python3.8/site-packages/airflow/example_dags/example_python_operator.py
[2024-03-25T21:06:02.976+0000] {processor.py:830} INFO - Processing file /home/airflow/.local/lib/python3.8/site-packages/airflow/example_dags/example_python_operator.py for tasks to queue
[2024-03-25T21:06:02.979+0000] {logging_mixin.py:188} INFO - [2024-03-25T21:06:02.979+0000] {dagbag.py:540} INFO - Filling up the DagBag from /home/airflow/.local/lib/python3.8/site-packages/airflow/example_dags/example_python_operator.py
[2024-03-25T21:06:02.996+0000] {processor.py:840} INFO - DAG(s) 'example_python_operator' retrieved from /home/airflow/.local/lib/python3.8/site-packages/airflow/example_dags/example_python_operator.py
[2024-03-25T21:06:03.032+0000] {logging_mixin.py:188} INFO - [2024-03-25T21:06:03.032+0000] {dag.py:3047} INFO - Sync 1 DAGs
[2024-03-25T21:06:03.052+0000] {logging_mixin.py:188} INFO - [2024-03-25T21:06:03.052+0000] {dag.py:3834} INFO - Setting next_dagrun for example_python_operator to None, run_after=None
[2024-03-25T21:06:03.086+0000] {processor.py:183} INFO - Processing /home/airflow/.local/lib/python3.8/site-packages/airflow/example_dags/example_python_operator.py took 0.116 seconds
[2024-03-25T21:06:33.248+0000] {processor.py:161} INFO - Started process (PID=354) to work on /home/airflow/.local/lib/python3.8/site-packages/airflow/example_dags/example_python_operator.py
[2024-03-25T21:06:33.250+0000] {processor.py:830} INFO - Processing file /home/airflow/.local/lib/python3.8/site-packages/airflow/example_dags/example_python_operator.py for tasks to queue
[2024-03-25T21:06:33.253+0000] {logging_mixin.py:188} INFO - [2024-03-25T21:06:33.252+0000] {dagbag.py:540} INFO - Filling up the DagBag from /home/airflow/.local/lib/python3.8/site-packages/airflow/example_dags/example_python_operator.py
[2024-03-25T21:06:33.269+0000] {processor.py:840} INFO - DAG(s) 'example_python_operator' retrieved from /home/airflow/.local/lib/python3.8/site-packages/airflow/example_dags/example_python_operator.py
[2024-03-25T21:06:33.304+0000] {logging_mixin.py:188} INFO - [2024-03-25T21:06:33.304+0000] {dag.py:3047} INFO - Sync 1 DAGs
[2024-03-25T21:06:33.323+0000] {logging_mixin.py:188} INFO - [2024-03-25T21:06:33.323+0000] {dag.py:3834} INFO - Setting next_dagrun for example_python_operator to None, run_after=None
[2024-03-25T21:06:33.352+0000] {processor.py:183} INFO - Processing /home/airflow/.local/lib/python3.8/site-packages/airflow/example_dags/example_python_operator.py took 0.109 seconds
[2024-03-25T21:07:03.583+0000] {processor.py:161} INFO - Started process (PID=409) to work on /home/airflow/.local/lib/python3.8/site-packages/airflow/example_dags/example_python_operator.py
[2024-03-25T21:07:03.587+0000] {processor.py:830} INFO - Processing file /home/airflow/.local/lib/python3.8/site-packages/airflow/example_dags/example_python_operator.py for tasks to queue
[2024-03-25T21:07:03.592+0000] {logging_mixin.py:188} INFO - [2024-03-25T21:07:03.591+0000] {dagbag.py:540} INFO - Filling up the DagBag from /home/airflow/.local/lib/python3.8/site-packages/airflow/example_dags/example_python_operator.py
[2024-03-25T21:07:03.610+0000] {processor.py:840} INFO - DAG(s) 'example_python_operator' retrieved from /home/airflow/.local/lib/python3.8/site-packages/airflow/example_dags/example_python_operator.py
[2024-03-25T21:07:03.657+0000] {logging_mixin.py:188} INFO - [2024-03-25T21:07:03.657+0000] {dag.py:3047} INFO - Sync 1 DAGs
[2024-03-25T21:07:03.681+0000] {logging_mixin.py:188} INFO - [2024-03-25T21:07:03.681+0000] {dag.py:3834} INFO - Setting next_dagrun for example_python_operator to None, run_after=None
[2024-03-25T21:07:03.718+0000] {processor.py:183} INFO - Processing /home/airflow/.local/lib/python3.8/site-packages/airflow/example_dags/example_python_operator.py took 0.141 seconds
[2024-03-25T21:07:33.761+0000] {processor.py:161} INFO - Started process (PID=464) to work on /home/airflow/.local/lib/python3.8/site-packages/airflow/example_dags/example_python_operator.py
[2024-03-25T21:07:33.762+0000] {processor.py:830} INFO - Processing file /home/airflow/.local/lib/python3.8/site-packages/airflow/example_dags/example_python_operator.py for tasks to queue
[2024-03-25T21:07:33.766+0000] {logging_mixin.py:188} INFO - [2024-03-25T21:07:33.765+0000] {dagbag.py:540} INFO - Filling up the DagBag from /home/airflow/.local/lib/python3.8/site-packages/airflow/example_dags/example_python_operator.py
[2024-03-25T21:07:33.787+0000] {processor.py:840} INFO - DAG(s) 'example_python_operator' retrieved from /home/airflow/.local/lib/python3.8/site-packages/airflow/example_dags/example_python_operator.py
[2024-03-25T21:07:33.824+0000] {logging_mixin.py:188} INFO - [2024-03-25T21:07:33.823+0000] {dag.py:3047} INFO - Sync 1 DAGs
[2024-03-25T21:07:33.845+0000] {logging_mixin.py:188} INFO - [2024-03-25T21:07:33.845+0000] {dag.py:3834} INFO - Setting next_dagrun for example_python_operator to None, run_after=None
[2024-03-25T21:07:33.876+0000] {processor.py:183} INFO - Processing /home/airflow/.local/lib/python3.8/site-packages/airflow/example_dags/example_python_operator.py took 0.121 seconds
[2024-03-25T21:08:04.755+0000] {processor.py:161} INFO - Started process (PID=519) to work on /home/airflow/.local/lib/python3.8/site-packages/airflow/example_dags/example_python_operator.py
[2024-03-25T21:08:04.757+0000] {processor.py:830} INFO - Processing file /home/airflow/.local/lib/python3.8/site-packages/airflow/example_dags/example_python_operator.py for tasks to queue
[2024-03-25T21:08:04.760+0000] {logging_mixin.py:188} INFO - [2024-03-25T21:08:04.759+0000] {dagbag.py:540} INFO - Filling up the DagBag from /home/airflow/.local/lib/python3.8/site-packages/airflow/example_dags/example_python_operator.py
[2024-03-25T21:08:04.782+0000] {processor.py:840} INFO - DAG(s) 'example_python_operator' retrieved from /home/airflow/.local/lib/python3.8/site-packages/airflow/example_dags/example_python_operator.py
[2024-03-25T21:08:04.821+0000] {logging_mixin.py:188} INFO - [2024-03-25T21:08:04.821+0000] {dag.py:3047} INFO - Sync 1 DAGs
[2024-03-25T21:08:04.842+0000] {logging_mixin.py:188} INFO - [2024-03-25T21:08:04.842+0000] {dag.py:3834} INFO - Setting next_dagrun for example_python_operator to None, run_after=None
[2024-03-25T21:08:04.870+0000] {processor.py:183} INFO - Processing /home/airflow/.local/lib/python3.8/site-packages/airflow/example_dags/example_python_operator.py took 0.122 seconds
[2024-03-25T21:09:44.856+0000] {processor.py:161} INFO - Started process (PID=74) to work on /home/airflow/.local/lib/python3.8/site-packages/airflow/example_dags/example_python_operator.py
[2024-03-25T21:09:44.858+0000] {processor.py:830} INFO - Processing file /home/airflow/.local/lib/python3.8/site-packages/airflow/example_dags/example_python_operator.py for tasks to queue
[2024-03-25T21:09:44.861+0000] {logging_mixin.py:188} INFO - [2024-03-25T21:09:44.861+0000] {dagbag.py:540} INFO - Filling up the DagBag from /home/airflow/.local/lib/python3.8/site-packages/airflow/example_dags/example_python_operator.py
[2024-03-25T21:09:44.878+0000] {processor.py:840} INFO - DAG(s) 'example_python_operator' retrieved from /home/airflow/.local/lib/python3.8/site-packages/airflow/example_dags/example_python_operator.py
[2024-03-25T21:09:45.033+0000] {logging_mixin.py:188} INFO - [2024-03-25T21:09:45.033+0000] {dag.py:3047} INFO - Sync 1 DAGs
[2024-03-25T21:09:45.054+0000] {logging_mixin.py:188} INFO - [2024-03-25T21:09:45.053+0000] {dag.py:3834} INFO - Setting next_dagrun for example_python_operator to None, run_after=None
[2024-03-25T21:09:45.083+0000] {processor.py:183} INFO - Processing /home/airflow/.local/lib/python3.8/site-packages/airflow/example_dags/example_python_operator.py took 0.232 seconds
[2024-03-25T21:10:15.551+0000] {processor.py:161} INFO - Started process (PID=130) to work on /home/airflow/.local/lib/python3.8/site-packages/airflow/example_dags/example_python_operator.py
[2024-03-25T21:10:15.553+0000] {processor.py:830} INFO - Processing file /home/airflow/.local/lib/python3.8/site-packages/airflow/example_dags/example_python_operator.py for tasks to queue
[2024-03-25T21:10:15.556+0000] {logging_mixin.py:188} INFO - [2024-03-25T21:10:15.555+0000] {dagbag.py:540} INFO - Filling up the DagBag from /home/airflow/.local/lib/python3.8/site-packages/airflow/example_dags/example_python_operator.py
[2024-03-25T21:10:15.573+0000] {processor.py:840} INFO - DAG(s) 'example_python_operator' retrieved from /home/airflow/.local/lib/python3.8/site-packages/airflow/example_dags/example_python_operator.py
[2024-03-25T21:10:15.612+0000] {logging_mixin.py:188} INFO - [2024-03-25T21:10:15.612+0000] {dag.py:3047} INFO - Sync 1 DAGs
[2024-03-25T21:10:15.634+0000] {logging_mixin.py:188} INFO - [2024-03-25T21:10:15.634+0000] {dag.py:3834} INFO - Setting next_dagrun for example_python_operator to None, run_after=None
[2024-03-25T21:10:15.665+0000] {processor.py:183} INFO - Processing /home/airflow/.local/lib/python3.8/site-packages/airflow/example_dags/example_python_operator.py took 0.119 seconds
[2024-03-25T21:10:45.757+0000] {processor.py:161} INFO - Started process (PID=186) to work on /home/airflow/.local/lib/python3.8/site-packages/airflow/example_dags/example_python_operator.py
[2024-03-25T21:10:45.758+0000] {processor.py:830} INFO - Processing file /home/airflow/.local/lib/python3.8/site-packages/airflow/example_dags/example_python_operator.py for tasks to queue
[2024-03-25T21:10:45.762+0000] {logging_mixin.py:188} INFO - [2024-03-25T21:10:45.761+0000] {dagbag.py:540} INFO - Filling up the DagBag from /home/airflow/.local/lib/python3.8/site-packages/airflow/example_dags/example_python_operator.py
[2024-03-25T21:10:45.778+0000] {processor.py:840} INFO - DAG(s) 'example_python_operator' retrieved from /home/airflow/.local/lib/python3.8/site-packages/airflow/example_dags/example_python_operator.py
[2024-03-25T21:10:45.814+0000] {logging_mixin.py:188} INFO - [2024-03-25T21:10:45.814+0000] {dag.py:3047} INFO - Sync 1 DAGs
[2024-03-25T21:10:45.832+0000] {logging_mixin.py:188} INFO - [2024-03-25T21:10:45.832+0000] {dag.py:3834} INFO - Setting next_dagrun for example_python_operator to None, run_after=None
[2024-03-25T21:10:45.862+0000] {processor.py:183} INFO - Processing /home/airflow/.local/lib/python3.8/site-packages/airflow/example_dags/example_python_operator.py took 0.110 seconds
[2024-03-25T21:11:16.025+0000] {processor.py:161} INFO - Started process (PID=242) to work on /home/airflow/.local/lib/python3.8/site-packages/airflow/example_dags/example_python_operator.py
[2024-03-25T21:11:16.026+0000] {processor.py:830} INFO - Processing file /home/airflow/.local/lib/python3.8/site-packages/airflow/example_dags/example_python_operator.py for tasks to queue
[2024-03-25T21:11:16.029+0000] {logging_mixin.py:188} INFO - [2024-03-25T21:11:16.029+0000] {dagbag.py:540} INFO - Filling up the DagBag from /home/airflow/.local/lib/python3.8/site-packages/airflow/example_dags/example_python_operator.py
[2024-03-25T21:11:16.046+0000] {processor.py:840} INFO - DAG(s) 'example_python_operator' retrieved from /home/airflow/.local/lib/python3.8/site-packages/airflow/example_dags/example_python_operator.py
[2024-03-25T21:11:16.081+0000] {logging_mixin.py:188} INFO - [2024-03-25T21:11:16.081+0000] {dag.py:3047} INFO - Sync 1 DAGs
[2024-03-25T21:11:16.100+0000] {logging_mixin.py:188} INFO - [2024-03-25T21:11:16.100+0000] {dag.py:3834} INFO - Setting next_dagrun for example_python_operator to None, run_after=None
[2024-03-25T21:11:16.130+0000] {processor.py:183} INFO - Processing /home/airflow/.local/lib/python3.8/site-packages/airflow/example_dags/example_python_operator.py took 0.111 seconds
[2024-03-25T21:11:46.223+0000] {processor.py:161} INFO - Started process (PID=298) to work on /home/airflow/.local/lib/python3.8/site-packages/airflow/example_dags/example_python_operator.py
[2024-03-25T21:11:46.226+0000] {processor.py:830} INFO - Processing file /home/airflow/.local/lib/python3.8/site-packages/airflow/example_dags/example_python_operator.py for tasks to queue
[2024-03-25T21:11:46.232+0000] {logging_mixin.py:188} INFO - [2024-03-25T21:11:46.231+0000] {dagbag.py:540} INFO - Filling up the DagBag from /home/airflow/.local/lib/python3.8/site-packages/airflow/example_dags/example_python_operator.py
[2024-03-25T21:11:46.255+0000] {processor.py:840} INFO - DAG(s) 'example_python_operator' retrieved from /home/airflow/.local/lib/python3.8/site-packages/airflow/example_dags/example_python_operator.py
[2024-03-25T21:11:46.296+0000] {logging_mixin.py:188} INFO - [2024-03-25T21:11:46.296+0000] {dag.py:3047} INFO - Sync 1 DAGs
[2024-03-25T21:11:46.320+0000] {logging_mixin.py:188} INFO - [2024-03-25T21:11:46.319+0000] {dag.py:3834} INFO - Setting next_dagrun for example_python_operator to None, run_after=None
[2024-03-25T21:11:46.354+0000] {processor.py:183} INFO - Processing /home/airflow/.local/lib/python3.8/site-packages/airflow/example_dags/example_python_operator.py took 0.138 seconds
[2024-03-25T21:12:17.064+0000] {processor.py:161} INFO - Started process (PID=354) to work on /home/airflow/.local/lib/python3.8/site-packages/airflow/example_dags/example_python_operator.py
[2024-03-25T21:12:17.066+0000] {processor.py:830} INFO - Processing file /home/airflow/.local/lib/python3.8/site-packages/airflow/example_dags/example_python_operator.py for tasks to queue
[2024-03-25T21:12:17.069+0000] {logging_mixin.py:188} INFO - [2024-03-25T21:12:17.068+0000] {dagbag.py:540} INFO - Filling up the DagBag from /home/airflow/.local/lib/python3.8/site-packages/airflow/example_dags/example_python_operator.py
[2024-03-25T21:12:17.085+0000] {processor.py:840} INFO - DAG(s) 'example_python_operator' retrieved from /home/airflow/.local/lib/python3.8/site-packages/airflow/example_dags/example_python_operator.py
[2024-03-25T21:12:17.121+0000] {logging_mixin.py:188} INFO - [2024-03-25T21:12:17.120+0000] {dag.py:3047} INFO - Sync 1 DAGs
[2024-03-25T21:12:17.144+0000] {logging_mixin.py:188} INFO - [2024-03-25T21:12:17.144+0000] {dag.py:3834} INFO - Setting next_dagrun for example_python_operator to None, run_after=None
[2024-03-25T21:12:17.172+0000] {processor.py:183} INFO - Processing /home/airflow/.local/lib/python3.8/site-packages/airflow/example_dags/example_python_operator.py took 0.113 seconds
[2024-03-25T21:12:47.600+0000] {processor.py:161} INFO - Started process (PID=410) to work on /home/airflow/.local/lib/python3.8/site-packages/airflow/example_dags/example_python_operator.py
[2024-03-25T21:12:47.602+0000] {processor.py:830} INFO - Processing file /home/airflow/.local/lib/python3.8/site-packages/airflow/example_dags/example_python_operator.py for tasks to queue
[2024-03-25T21:12:47.605+0000] {logging_mixin.py:188} INFO - [2024-03-25T21:12:47.604+0000] {dagbag.py:540} INFO - Filling up the DagBag from /home/airflow/.local/lib/python3.8/site-packages/airflow/example_dags/example_python_operator.py
[2024-03-25T21:12:47.622+0000] {processor.py:840} INFO - DAG(s) 'example_python_operator' retrieved from /home/airflow/.local/lib/python3.8/site-packages/airflow/example_dags/example_python_operator.py
[2024-03-25T21:12:47.658+0000] {logging_mixin.py:188} INFO - [2024-03-25T21:12:47.657+0000] {dag.py:3047} INFO - Sync 1 DAGs
[2024-03-25T21:12:47.678+0000] {logging_mixin.py:188} INFO - [2024-03-25T21:12:47.677+0000] {dag.py:3834} INFO - Setting next_dagrun for example_python_operator to None, run_after=None
[2024-03-25T21:12:47.706+0000] {processor.py:183} INFO - Processing /home/airflow/.local/lib/python3.8/site-packages/airflow/example_dags/example_python_operator.py took 0.112 seconds
[2024-03-25T21:13:18.357+0000] {processor.py:161} INFO - Started process (PID=472) to work on /home/airflow/.local/lib/python3.8/site-packages/airflow/example_dags/example_python_operator.py
[2024-03-25T21:13:18.359+0000] {processor.py:830} INFO - Processing file /home/airflow/.local/lib/python3.8/site-packages/airflow/example_dags/example_python_operator.py for tasks to queue
[2024-03-25T21:13:18.363+0000] {logging_mixin.py:188} INFO - [2024-03-25T21:13:18.363+0000] {dagbag.py:540} INFO - Filling up the DagBag from /home/airflow/.local/lib/python3.8/site-packages/airflow/example_dags/example_python_operator.py
[2024-03-25T21:13:18.383+0000] {processor.py:840} INFO - DAG(s) 'example_python_operator' retrieved from /home/airflow/.local/lib/python3.8/site-packages/airflow/example_dags/example_python_operator.py
[2024-03-25T21:13:18.419+0000] {logging_mixin.py:188} INFO - [2024-03-25T21:13:18.418+0000] {dag.py:3047} INFO - Sync 1 DAGs
[2024-03-25T21:13:18.439+0000] {logging_mixin.py:188} INFO - [2024-03-25T21:13:18.438+0000] {dag.py:3834} INFO - Setting next_dagrun for example_python_operator to None, run_after=None
[2024-03-25T21:13:18.470+0000] {processor.py:183} INFO - Processing /home/airflow/.local/lib/python3.8/site-packages/airflow/example_dags/example_python_operator.py took 0.120 seconds
[2024-03-25T21:13:49.043+0000] {processor.py:161} INFO - Started process (PID=528) to work on /home/airflow/.local/lib/python3.8/site-packages/airflow/example_dags/example_python_operator.py
[2024-03-25T21:13:49.045+0000] {processor.py:830} INFO - Processing file /home/airflow/.local/lib/python3.8/site-packages/airflow/example_dags/example_python_operator.py for tasks to queue
[2024-03-25T21:13:49.048+0000] {logging_mixin.py:188} INFO - [2024-03-25T21:13:49.047+0000] {dagbag.py:540} INFO - Filling up the DagBag from /home/airflow/.local/lib/python3.8/site-packages/airflow/example_dags/example_python_operator.py
[2024-03-25T21:13:49.064+0000] {processor.py:840} INFO - DAG(s) 'example_python_operator' retrieved from /home/airflow/.local/lib/python3.8/site-packages/airflow/example_dags/example_python_operator.py
[2024-03-25T21:13:49.102+0000] {logging_mixin.py:188} INFO - [2024-03-25T21:13:49.102+0000] {dag.py:3047} INFO - Sync 1 DAGs
[2024-03-25T21:13:49.123+0000] {logging_mixin.py:188} INFO - [2024-03-25T21:13:49.123+0000] {dag.py:3834} INFO - Setting next_dagrun for example_python_operator to None, run_after=None
[2024-03-25T21:13:49.157+0000] {processor.py:183} INFO - Processing /home/airflow/.local/lib/python3.8/site-packages/airflow/example_dags/example_python_operator.py took 0.119 seconds
[2024-03-25T21:14:19.985+0000] {processor.py:161} INFO - Started process (PID=584) to work on /home/airflow/.local/lib/python3.8/site-packages/airflow/example_dags/example_python_operator.py
[2024-03-25T21:14:19.987+0000] {processor.py:830} INFO - Processing file /home/airflow/.local/lib/python3.8/site-packages/airflow/example_dags/example_python_operator.py for tasks to queue
[2024-03-25T21:14:19.990+0000] {logging_mixin.py:188} INFO - [2024-03-25T21:14:19.990+0000] {dagbag.py:540} INFO - Filling up the DagBag from /home/airflow/.local/lib/python3.8/site-packages/airflow/example_dags/example_python_operator.py
[2024-03-25T21:14:20.010+0000] {processor.py:840} INFO - DAG(s) 'example_python_operator' retrieved from /home/airflow/.local/lib/python3.8/site-packages/airflow/example_dags/example_python_operator.py
[2024-03-25T21:14:20.055+0000] {logging_mixin.py:188} INFO - [2024-03-25T21:14:20.055+0000] {dag.py:3047} INFO - Sync 1 DAGs
[2024-03-25T21:14:20.079+0000] {logging_mixin.py:188} INFO - [2024-03-25T21:14:20.078+0000] {dag.py:3834} INFO - Setting next_dagrun for example_python_operator to None, run_after=None
[2024-03-25T21:14:20.117+0000] {processor.py:183} INFO - Processing /home/airflow/.local/lib/python3.8/site-packages/airflow/example_dags/example_python_operator.py took 0.139 seconds
[2024-03-25T21:14:50.898+0000] {processor.py:161} INFO - Started process (PID=640) to work on /home/airflow/.local/lib/python3.8/site-packages/airflow/example_dags/example_python_operator.py
[2024-03-25T21:14:50.914+0000] {processor.py:830} INFO - Processing file /home/airflow/.local/lib/python3.8/site-packages/airflow/example_dags/example_python_operator.py for tasks to queue
[2024-03-25T21:14:50.920+0000] {logging_mixin.py:188} INFO - [2024-03-25T21:14:50.919+0000] {dagbag.py:540} INFO - Filling up the DagBag from /home/airflow/.local/lib/python3.8/site-packages/airflow/example_dags/example_python_operator.py
[2024-03-25T21:14:50.957+0000] {processor.py:840} INFO - DAG(s) 'example_python_operator' retrieved from /home/airflow/.local/lib/python3.8/site-packages/airflow/example_dags/example_python_operator.py
[2024-03-25T21:14:51.031+0000] {logging_mixin.py:188} INFO - [2024-03-25T21:14:51.030+0000] {dag.py:3047} INFO - Sync 1 DAGs
[2024-03-25T21:14:51.054+0000] {logging_mixin.py:188} INFO - [2024-03-25T21:14:51.053+0000] {dag.py:3834} INFO - Setting next_dagrun for example_python_operator to None, run_after=None
[2024-03-25T21:14:51.866+0000] {processor.py:183} INFO - Processing /home/airflow/.local/lib/python3.8/site-packages/airflow/example_dags/example_python_operator.py took 0.981 seconds
[2024-03-25T21:15:22.336+0000] {processor.py:161} INFO - Started process (PID=696) to work on /home/airflow/.local/lib/python3.8/site-packages/airflow/example_dags/example_python_operator.py
[2024-03-25T21:15:22.339+0000] {processor.py:830} INFO - Processing file /home/airflow/.local/lib/python3.8/site-packages/airflow/example_dags/example_python_operator.py for tasks to queue
[2024-03-25T21:15:22.343+0000] {logging_mixin.py:188} INFO - [2024-03-25T21:15:22.343+0000] {dagbag.py:540} INFO - Filling up the DagBag from /home/airflow/.local/lib/python3.8/site-packages/airflow/example_dags/example_python_operator.py
[2024-03-25T21:15:22.365+0000] {processor.py:840} INFO - DAG(s) 'example_python_operator' retrieved from /home/airflow/.local/lib/python3.8/site-packages/airflow/example_dags/example_python_operator.py
[2024-03-25T21:15:22.415+0000] {logging_mixin.py:188} INFO - [2024-03-25T21:15:22.414+0000] {dag.py:3047} INFO - Sync 1 DAGs
[2024-03-25T21:15:22.442+0000] {logging_mixin.py:188} INFO - [2024-03-25T21:15:22.441+0000] {dag.py:3834} INFO - Setting next_dagrun for example_python_operator to None, run_after=None
[2024-03-25T21:15:22.480+0000] {processor.py:183} INFO - Processing /home/airflow/.local/lib/python3.8/site-packages/airflow/example_dags/example_python_operator.py took 0.151 seconds
[2024-03-25T21:15:52.569+0000] {processor.py:161} INFO - Started process (PID=752) to work on /home/airflow/.local/lib/python3.8/site-packages/airflow/example_dags/example_python_operator.py
[2024-03-25T21:15:52.571+0000] {processor.py:830} INFO - Processing file /home/airflow/.local/lib/python3.8/site-packages/airflow/example_dags/example_python_operator.py for tasks to queue
[2024-03-25T21:15:52.574+0000] {logging_mixin.py:188} INFO - [2024-03-25T21:15:52.574+0000] {dagbag.py:540} INFO - Filling up the DagBag from /home/airflow/.local/lib/python3.8/site-packages/airflow/example_dags/example_python_operator.py
[2024-03-25T21:15:52.590+0000] {processor.py:840} INFO - DAG(s) 'example_python_operator' retrieved from /home/airflow/.local/lib/python3.8/site-packages/airflow/example_dags/example_python_operator.py
[2024-03-25T21:15:52.626+0000] {logging_mixin.py:188} INFO - [2024-03-25T21:15:52.625+0000] {dag.py:3047} INFO - Sync 1 DAGs
[2024-03-25T21:15:52.645+0000] {logging_mixin.py:188} INFO - [2024-03-25T21:15:52.644+0000] {dag.py:3834} INFO - Setting next_dagrun for example_python_operator to None, run_after=None
[2024-03-25T21:15:52.676+0000] {processor.py:183} INFO - Processing /home/airflow/.local/lib/python3.8/site-packages/airflow/example_dags/example_python_operator.py took 0.112 seconds
[2024-03-25T21:16:22.963+0000] {processor.py:161} INFO - Started process (PID=808) to work on /home/airflow/.local/lib/python3.8/site-packages/airflow/example_dags/example_python_operator.py
[2024-03-25T21:16:22.965+0000] {processor.py:830} INFO - Processing file /home/airflow/.local/lib/python3.8/site-packages/airflow/example_dags/example_python_operator.py for tasks to queue
[2024-03-25T21:16:22.968+0000] {logging_mixin.py:188} INFO - [2024-03-25T21:16:22.967+0000] {dagbag.py:540} INFO - Filling up the DagBag from /home/airflow/.local/lib/python3.8/site-packages/airflow/example_dags/example_python_operator.py
[2024-03-25T21:16:22.984+0000] {processor.py:840} INFO - DAG(s) 'example_python_operator' retrieved from /home/airflow/.local/lib/python3.8/site-packages/airflow/example_dags/example_python_operator.py
[2024-03-25T21:16:23.021+0000] {logging_mixin.py:188} INFO - [2024-03-25T21:16:23.021+0000] {dag.py:3047} INFO - Sync 1 DAGs
[2024-03-25T21:16:23.039+0000] {logging_mixin.py:188} INFO - [2024-03-25T21:16:23.039+0000] {dag.py:3834} INFO - Setting next_dagrun for example_python_operator to None, run_after=None
[2024-03-25T21:16:23.066+0000] {processor.py:183} INFO - Processing /home/airflow/.local/lib/python3.8/site-packages/airflow/example_dags/example_python_operator.py took 0.108 seconds
[2024-03-25T21:16:53.421+0000] {processor.py:161} INFO - Started process (PID=864) to work on /home/airflow/.local/lib/python3.8/site-packages/airflow/example_dags/example_python_operator.py
[2024-03-25T21:16:53.422+0000] {processor.py:830} INFO - Processing file /home/airflow/.local/lib/python3.8/site-packages/airflow/example_dags/example_python_operator.py for tasks to queue
[2024-03-25T21:16:53.425+0000] {logging_mixin.py:188} INFO - [2024-03-25T21:16:53.425+0000] {dagbag.py:540} INFO - Filling up the DagBag from /home/airflow/.local/lib/python3.8/site-packages/airflow/example_dags/example_python_operator.py
[2024-03-25T21:16:53.442+0000] {processor.py:840} INFO - DAG(s) 'example_python_operator' retrieved from /home/airflow/.local/lib/python3.8/site-packages/airflow/example_dags/example_python_operator.py
[2024-03-25T21:16:53.478+0000] {logging_mixin.py:188} INFO - [2024-03-25T21:16:53.478+0000] {dag.py:3047} INFO - Sync 1 DAGs
[2024-03-25T21:16:53.497+0000] {logging_mixin.py:188} INFO - [2024-03-25T21:16:53.496+0000] {dag.py:3834} INFO - Setting next_dagrun for example_python_operator to None, run_after=None
[2024-03-25T21:16:53.525+0000] {processor.py:183} INFO - Processing /home/airflow/.local/lib/python3.8/site-packages/airflow/example_dags/example_python_operator.py took 0.110 seconds
[2024-03-25T21:17:23.886+0000] {processor.py:161} INFO - Started process (PID=920) to work on /home/airflow/.local/lib/python3.8/site-packages/airflow/example_dags/example_python_operator.py
[2024-03-25T21:17:23.889+0000] {processor.py:830} INFO - Processing file /home/airflow/.local/lib/python3.8/site-packages/airflow/example_dags/example_python_operator.py for tasks to queue
[2024-03-25T21:17:23.893+0000] {logging_mixin.py:188} INFO - [2024-03-25T21:17:23.893+0000] {dagbag.py:540} INFO - Filling up the DagBag from /home/airflow/.local/lib/python3.8/site-packages/airflow/example_dags/example_python_operator.py
[2024-03-25T21:17:23.922+0000] {processor.py:840} INFO - DAG(s) 'example_python_operator' retrieved from /home/airflow/.local/lib/python3.8/site-packages/airflow/example_dags/example_python_operator.py
[2024-03-25T21:17:23.964+0000] {logging_mixin.py:188} INFO - [2024-03-25T21:17:23.963+0000] {dag.py:3047} INFO - Sync 1 DAGs
[2024-03-25T21:17:23.985+0000] {logging_mixin.py:188} INFO - [2024-03-25T21:17:23.984+0000] {dag.py:3834} INFO - Setting next_dagrun for example_python_operator to None, run_after=None
[2024-03-25T21:17:24.012+0000] {processor.py:183} INFO - Processing /home/airflow/.local/lib/python3.8/site-packages/airflow/example_dags/example_python_operator.py took 0.137 seconds
[2024-03-25T21:17:54.822+0000] {processor.py:161} INFO - Started process (PID=976) to work on /home/airflow/.local/lib/python3.8/site-packages/airflow/example_dags/example_python_operator.py
[2024-03-25T21:17:54.824+0000] {processor.py:830} INFO - Processing file /home/airflow/.local/lib/python3.8/site-packages/airflow/example_dags/example_python_operator.py for tasks to queue
[2024-03-25T21:17:54.827+0000] {logging_mixin.py:188} INFO - [2024-03-25T21:17:54.827+0000] {dagbag.py:540} INFO - Filling up the DagBag from /home/airflow/.local/lib/python3.8/site-packages/airflow/example_dags/example_python_operator.py
[2024-03-25T21:17:54.844+0000] {processor.py:840} INFO - DAG(s) 'example_python_operator' retrieved from /home/airflow/.local/lib/python3.8/site-packages/airflow/example_dags/example_python_operator.py
[2024-03-25T21:17:54.880+0000] {logging_mixin.py:188} INFO - [2024-03-25T21:17:54.880+0000] {dag.py:3047} INFO - Sync 1 DAGs
[2024-03-25T21:17:54.899+0000] {logging_mixin.py:188} INFO - [2024-03-25T21:17:54.899+0000] {dag.py:3834} INFO - Setting next_dagrun for example_python_operator to None, run_after=None
[2024-03-25T21:17:54.930+0000] {processor.py:183} INFO - Processing /home/airflow/.local/lib/python3.8/site-packages/airflow/example_dags/example_python_operator.py took 0.114 seconds
[2024-03-25T21:18:25.413+0000] {processor.py:161} INFO - Started process (PID=1032) to work on /home/airflow/.local/lib/python3.8/site-packages/airflow/example_dags/example_python_operator.py
[2024-03-25T21:18:25.415+0000] {processor.py:830} INFO - Processing file /home/airflow/.local/lib/python3.8/site-packages/airflow/example_dags/example_python_operator.py for tasks to queue
[2024-03-25T21:18:25.417+0000] {logging_mixin.py:188} INFO - [2024-03-25T21:18:25.417+0000] {dagbag.py:540} INFO - Filling up the DagBag from /home/airflow/.local/lib/python3.8/site-packages/airflow/example_dags/example_python_operator.py
[2024-03-25T21:18:25.434+0000] {processor.py:840} INFO - DAG(s) 'example_python_operator' retrieved from /home/airflow/.local/lib/python3.8/site-packages/airflow/example_dags/example_python_operator.py
[2024-03-25T21:18:25.470+0000] {logging_mixin.py:188} INFO - [2024-03-25T21:18:25.469+0000] {dag.py:3047} INFO - Sync 1 DAGs
[2024-03-25T21:18:25.488+0000] {logging_mixin.py:188} INFO - [2024-03-25T21:18:25.488+0000] {dag.py:3834} INFO - Setting next_dagrun for example_python_operator to None, run_after=None
[2024-03-25T21:18:25.518+0000] {processor.py:183} INFO - Processing /home/airflow/.local/lib/python3.8/site-packages/airflow/example_dags/example_python_operator.py took 0.109 seconds
[2024-03-25T21:18:56.365+0000] {processor.py:161} INFO - Started process (PID=1087) to work on /home/airflow/.local/lib/python3.8/site-packages/airflow/example_dags/example_python_operator.py
[2024-03-25T21:18:56.367+0000] {processor.py:830} INFO - Processing file /home/airflow/.local/lib/python3.8/site-packages/airflow/example_dags/example_python_operator.py for tasks to queue
[2024-03-25T21:18:56.372+0000] {logging_mixin.py:188} INFO - [2024-03-25T21:18:56.371+0000] {dagbag.py:540} INFO - Filling up the DagBag from /home/airflow/.local/lib/python3.8/site-packages/airflow/example_dags/example_python_operator.py
[2024-03-25T21:18:56.389+0000] {processor.py:840} INFO - DAG(s) 'example_python_operator' retrieved from /home/airflow/.local/lib/python3.8/site-packages/airflow/example_dags/example_python_operator.py
[2024-03-25T21:18:56.424+0000] {logging_mixin.py:188} INFO - [2024-03-25T21:18:56.424+0000] {dag.py:3047} INFO - Sync 1 DAGs
[2024-03-25T21:18:56.443+0000] {logging_mixin.py:188} INFO - [2024-03-25T21:18:56.443+0000] {dag.py:3834} INFO - Setting next_dagrun for example_python_operator to None, run_after=None
[2024-03-25T21:18:56.471+0000] {processor.py:183} INFO - Processing /home/airflow/.local/lib/python3.8/site-packages/airflow/example_dags/example_python_operator.py took 0.114 seconds
[2024-03-25T21:19:26.615+0000] {processor.py:161} INFO - Started process (PID=1143) to work on /home/airflow/.local/lib/python3.8/site-packages/airflow/example_dags/example_python_operator.py
[2024-03-25T21:19:26.617+0000] {processor.py:830} INFO - Processing file /home/airflow/.local/lib/python3.8/site-packages/airflow/example_dags/example_python_operator.py for tasks to queue
[2024-03-25T21:19:26.619+0000] {logging_mixin.py:188} INFO - [2024-03-25T21:19:26.619+0000] {dagbag.py:540} INFO - Filling up the DagBag from /home/airflow/.local/lib/python3.8/site-packages/airflow/example_dags/example_python_operator.py
[2024-03-25T21:19:26.638+0000] {processor.py:840} INFO - DAG(s) 'example_python_operator' retrieved from /home/airflow/.local/lib/python3.8/site-packages/airflow/example_dags/example_python_operator.py
[2024-03-25T21:19:26.680+0000] {logging_mixin.py:188} INFO - [2024-03-25T21:19:26.680+0000] {dag.py:3047} INFO - Sync 1 DAGs
[2024-03-25T21:19:26.704+0000] {logging_mixin.py:188} INFO - [2024-03-25T21:19:26.704+0000] {dag.py:3834} INFO - Setting next_dagrun for example_python_operator to None, run_after=None
[2024-03-25T21:19:26.746+0000] {processor.py:183} INFO - Processing /home/airflow/.local/lib/python3.8/site-packages/airflow/example_dags/example_python_operator.py took 0.137 seconds
[2024-03-25T21:19:56.901+0000] {processor.py:161} INFO - Started process (PID=1199) to work on /home/airflow/.local/lib/python3.8/site-packages/airflow/example_dags/example_python_operator.py
[2024-03-25T21:19:56.903+0000] {processor.py:830} INFO - Processing file /home/airflow/.local/lib/python3.8/site-packages/airflow/example_dags/example_python_operator.py for tasks to queue
[2024-03-25T21:19:56.906+0000] {logging_mixin.py:188} INFO - [2024-03-25T21:19:56.906+0000] {dagbag.py:540} INFO - Filling up the DagBag from /home/airflow/.local/lib/python3.8/site-packages/airflow/example_dags/example_python_operator.py
[2024-03-25T21:19:56.923+0000] {processor.py:840} INFO - DAG(s) 'example_python_operator' retrieved from /home/airflow/.local/lib/python3.8/site-packages/airflow/example_dags/example_python_operator.py
[2024-03-25T21:19:56.959+0000] {logging_mixin.py:188} INFO - [2024-03-25T21:19:56.959+0000] {dag.py:3047} INFO - Sync 1 DAGs
[2024-03-25T21:19:56.978+0000] {logging_mixin.py:188} INFO - [2024-03-25T21:19:56.977+0000] {dag.py:3834} INFO - Setting next_dagrun for example_python_operator to None, run_after=None
[2024-03-25T21:19:57.007+0000] {processor.py:183} INFO - Processing /home/airflow/.local/lib/python3.8/site-packages/airflow/example_dags/example_python_operator.py took 0.111 seconds
[2024-03-25T21:20:27.585+0000] {processor.py:161} INFO - Started process (PID=1255) to work on /home/airflow/.local/lib/python3.8/site-packages/airflow/example_dags/example_python_operator.py
[2024-03-25T21:20:27.586+0000] {processor.py:830} INFO - Processing file /home/airflow/.local/lib/python3.8/site-packages/airflow/example_dags/example_python_operator.py for tasks to queue
[2024-03-25T21:20:27.589+0000] {logging_mixin.py:188} INFO - [2024-03-25T21:20:27.589+0000] {dagbag.py:540} INFO - Filling up the DagBag from /home/airflow/.local/lib/python3.8/site-packages/airflow/example_dags/example_python_operator.py
[2024-03-25T21:20:27.605+0000] {processor.py:840} INFO - DAG(s) 'example_python_operator' retrieved from /home/airflow/.local/lib/python3.8/site-packages/airflow/example_dags/example_python_operator.py
[2024-03-25T21:20:27.639+0000] {logging_mixin.py:188} INFO - [2024-03-25T21:20:27.639+0000] {dag.py:3047} INFO - Sync 1 DAGs
[2024-03-25T21:20:27.659+0000] {logging_mixin.py:188} INFO - [2024-03-25T21:20:27.658+0000] {dag.py:3834} INFO - Setting next_dagrun for example_python_operator to None, run_after=None
[2024-03-25T21:20:27.689+0000] {processor.py:183} INFO - Processing /home/airflow/.local/lib/python3.8/site-packages/airflow/example_dags/example_python_operator.py took 0.109 seconds
[2024-03-25T21:26:50.974+0000] {processor.py:161} INFO - Started process (PID=1311) to work on /home/airflow/.local/lib/python3.8/site-packages/airflow/example_dags/example_python_operator.py
[2024-03-25T21:26:50.976+0000] {processor.py:830} INFO - Processing file /home/airflow/.local/lib/python3.8/site-packages/airflow/example_dags/example_python_operator.py for tasks to queue
[2024-03-25T21:26:50.979+0000] {logging_mixin.py:188} INFO - [2024-03-25T21:26:50.978+0000] {dagbag.py:540} INFO - Filling up the DagBag from /home/airflow/.local/lib/python3.8/site-packages/airflow/example_dags/example_python_operator.py
[2024-03-25T21:26:50.998+0000] {processor.py:840} INFO - DAG(s) 'example_python_operator' retrieved from /home/airflow/.local/lib/python3.8/site-packages/airflow/example_dags/example_python_operator.py
[2024-03-25T21:26:51.071+0000] {logging_mixin.py:188} INFO - [2024-03-25T21:26:51.071+0000] {dag.py:3047} INFO - Sync 1 DAGs
[2024-03-25T21:26:51.103+0000] {logging_mixin.py:188} INFO - [2024-03-25T21:26:51.102+0000] {dag.py:3834} INFO - Setting next_dagrun for example_python_operator to None, run_after=None
[2024-03-25T21:26:51.146+0000] {processor.py:183} INFO - Processing /home/airflow/.local/lib/python3.8/site-packages/airflow/example_dags/example_python_operator.py took 0.178 seconds
[2024-03-25T21:27:23.503+0000] {processor.py:161} INFO - Started process (PID=1367) to work on /home/airflow/.local/lib/python3.8/site-packages/airflow/example_dags/example_python_operator.py
[2024-03-25T21:27:23.508+0000] {processor.py:830} INFO - Processing file /home/airflow/.local/lib/python3.8/site-packages/airflow/example_dags/example_python_operator.py for tasks to queue
[2024-03-25T21:27:23.513+0000] {logging_mixin.py:188} INFO - [2024-03-25T21:27:23.512+0000] {dagbag.py:540} INFO - Filling up the DagBag from /home/airflow/.local/lib/python3.8/site-packages/airflow/example_dags/example_python_operator.py
[2024-03-25T21:27:23.543+0000] {processor.py:840} INFO - DAG(s) 'example_python_operator' retrieved from /home/airflow/.local/lib/python3.8/site-packages/airflow/example_dags/example_python_operator.py
[2024-03-25T21:27:23.597+0000] {logging_mixin.py:188} INFO - [2024-03-25T21:27:23.596+0000] {dag.py:3047} INFO - Sync 1 DAGs
[2024-03-25T21:27:23.620+0000] {logging_mixin.py:188} INFO - [2024-03-25T21:27:23.620+0000] {dag.py:3834} INFO - Setting next_dagrun for example_python_operator to None, run_after=None
[2024-03-25T21:27:23.660+0000] {processor.py:183} INFO - Processing /home/airflow/.local/lib/python3.8/site-packages/airflow/example_dags/example_python_operator.py took 0.166 seconds
[2024-03-25T21:27:54.454+0000] {processor.py:161} INFO - Started process (PID=1423) to work on /home/airflow/.local/lib/python3.8/site-packages/airflow/example_dags/example_python_operator.py
[2024-03-25T21:27:54.456+0000] {processor.py:830} INFO - Processing file /home/airflow/.local/lib/python3.8/site-packages/airflow/example_dags/example_python_operator.py for tasks to queue
[2024-03-25T21:27:54.459+0000] {logging_mixin.py:188} INFO - [2024-03-25T21:27:54.459+0000] {dagbag.py:540} INFO - Filling up the DagBag from /home/airflow/.local/lib/python3.8/site-packages/airflow/example_dags/example_python_operator.py
[2024-03-25T21:27:54.475+0000] {processor.py:840} INFO - DAG(s) 'example_python_operator' retrieved from /home/airflow/.local/lib/python3.8/site-packages/airflow/example_dags/example_python_operator.py
[2024-03-25T21:27:54.511+0000] {logging_mixin.py:188} INFO - [2024-03-25T21:27:54.511+0000] {dag.py:3047} INFO - Sync 1 DAGs
[2024-03-25T21:27:54.530+0000] {logging_mixin.py:188} INFO - [2024-03-25T21:27:54.530+0000] {dag.py:3834} INFO - Setting next_dagrun for example_python_operator to None, run_after=None
[2024-03-25T21:27:54.561+0000] {processor.py:183} INFO - Processing /home/airflow/.local/lib/python3.8/site-packages/airflow/example_dags/example_python_operator.py took 0.112 seconds
[2024-03-25T21:28:25.229+0000] {processor.py:161} INFO - Started process (PID=1479) to work on /home/airflow/.local/lib/python3.8/site-packages/airflow/example_dags/example_python_operator.py
[2024-03-25T21:28:25.230+0000] {processor.py:830} INFO - Processing file /home/airflow/.local/lib/python3.8/site-packages/airflow/example_dags/example_python_operator.py for tasks to queue
[2024-03-25T21:28:25.233+0000] {logging_mixin.py:188} INFO - [2024-03-25T21:28:25.233+0000] {dagbag.py:540} INFO - Filling up the DagBag from /home/airflow/.local/lib/python3.8/site-packages/airflow/example_dags/example_python_operator.py
[2024-03-25T21:28:25.250+0000] {processor.py:840} INFO - DAG(s) 'example_python_operator' retrieved from /home/airflow/.local/lib/python3.8/site-packages/airflow/example_dags/example_python_operator.py
[2024-03-25T21:28:25.288+0000] {logging_mixin.py:188} INFO - [2024-03-25T21:28:25.288+0000] {dag.py:3047} INFO - Sync 1 DAGs
[2024-03-25T21:28:25.308+0000] {logging_mixin.py:188} INFO - [2024-03-25T21:28:25.308+0000] {dag.py:3834} INFO - Setting next_dagrun for example_python_operator to None, run_after=None
[2024-03-25T21:28:25.339+0000] {processor.py:183} INFO - Processing /home/airflow/.local/lib/python3.8/site-packages/airflow/example_dags/example_python_operator.py took 0.116 seconds
