[2024-03-25T21:03:42.527+0000] {processor.py:161} INFO - Started process (PID=40) to work on /home/airflow/.local/lib/python3.8/site-packages/airflow/example_dags/example_sla_dag.py
[2024-03-25T21:03:42.535+0000] {processor.py:830} INFO - Processing file /home/airflow/.local/lib/python3.8/site-packages/airflow/example_dags/example_sla_dag.py for tasks to queue
[2024-03-25T21:03:42.542+0000] {logging_mixin.py:188} INFO - [2024-03-25T21:03:42.541+0000] {dagbag.py:540} INFO - Filling up the DagBag from /home/airflow/.local/lib/python3.8/site-packages/airflow/example_dags/example_sla_dag.py
[2024-03-25T21:03:42.585+0000] {processor.py:840} INFO - DAG(s) 'example_sla_dag' retrieved from /home/airflow/.local/lib/python3.8/site-packages/airflow/example_dags/example_sla_dag.py
[2024-03-25T21:03:42.647+0000] {logging_mixin.py:188} INFO - [2024-03-25T21:03:42.646+0000] {dag.py:3047} INFO - Sync 1 DAGs
[2024-03-25T21:03:42.789+0000] {logging_mixin.py:188} INFO - [2024-03-25T21:03:42.788+0000] {dag.py:3834} INFO - Setting next_dagrun for example_sla_dag to 2024-03-25 21:00:00+00:00, run_after=2024-03-25 21:02:00+00:00
[2024-03-25T21:03:42.962+0000] {processor.py:183} INFO - Processing /home/airflow/.local/lib/python3.8/site-packages/airflow/example_dags/example_sla_dag.py took 0.450 seconds
[2024-03-25T21:04:14.465+0000] {processor.py:161} INFO - Started process (PID=100) to work on /home/airflow/.local/lib/python3.8/site-packages/airflow/example_dags/example_sla_dag.py
[2024-03-25T21:04:14.467+0000] {processor.py:830} INFO - Processing file /home/airflow/.local/lib/python3.8/site-packages/airflow/example_dags/example_sla_dag.py for tasks to queue
[2024-03-25T21:04:14.470+0000] {logging_mixin.py:188} INFO - [2024-03-25T21:04:14.470+0000] {dagbag.py:540} INFO - Filling up the DagBag from /home/airflow/.local/lib/python3.8/site-packages/airflow/example_dags/example_sla_dag.py
[2024-03-25T21:04:14.484+0000] {processor.py:840} INFO - DAG(s) 'example_sla_dag' retrieved from /home/airflow/.local/lib/python3.8/site-packages/airflow/example_dags/example_sla_dag.py
[2024-03-25T21:04:14.668+0000] {logging_mixin.py:188} INFO - [2024-03-25T21:04:14.668+0000] {dag.py:3047} INFO - Sync 1 DAGs
[2024-03-25T21:04:14.733+0000] {logging_mixin.py:188} INFO - [2024-03-25T21:04:14.732+0000] {dag.py:3834} INFO - Setting next_dagrun for example_sla_dag to 2024-03-25 21:02:00+00:00, run_after=2024-03-25 21:04:00+00:00
[2024-03-25T21:04:14.814+0000] {processor.py:183} INFO - Processing /home/airflow/.local/lib/python3.8/site-packages/airflow/example_dags/example_sla_dag.py took 0.355 seconds
[2024-03-25T21:04:45.502+0000] {processor.py:161} INFO - Started process (PID=155) to work on /home/airflow/.local/lib/python3.8/site-packages/airflow/example_dags/example_sla_dag.py
[2024-03-25T21:04:45.504+0000] {processor.py:830} INFO - Processing file /home/airflow/.local/lib/python3.8/site-packages/airflow/example_dags/example_sla_dag.py for tasks to queue
[2024-03-25T21:04:45.508+0000] {logging_mixin.py:188} INFO - [2024-03-25T21:04:45.507+0000] {dagbag.py:540} INFO - Filling up the DagBag from /home/airflow/.local/lib/python3.8/site-packages/airflow/example_dags/example_sla_dag.py
[2024-03-25T21:04:45.527+0000] {processor.py:840} INFO - DAG(s) 'example_sla_dag' retrieved from /home/airflow/.local/lib/python3.8/site-packages/airflow/example_dags/example_sla_dag.py
[2024-03-25T21:04:45.571+0000] {logging_mixin.py:188} INFO - [2024-03-25T21:04:45.571+0000] {dag.py:3047} INFO - Sync 1 DAGs
[2024-03-25T21:04:45.634+0000] {logging_mixin.py:188} INFO - [2024-03-25T21:04:45.634+0000] {dag.py:3834} INFO - Setting next_dagrun for example_sla_dag to 2024-03-25 21:02:00+00:00, run_after=2024-03-25 21:04:00+00:00
[2024-03-25T21:04:45.680+0000] {processor.py:183} INFO - Processing /home/airflow/.local/lib/python3.8/site-packages/airflow/example_dags/example_sla_dag.py took 0.186 seconds
[2024-03-25T21:05:16.058+0000] {processor.py:161} INFO - Started process (PID=210) to work on /home/airflow/.local/lib/python3.8/site-packages/airflow/example_dags/example_sla_dag.py
[2024-03-25T21:05:16.060+0000] {processor.py:830} INFO - Processing file /home/airflow/.local/lib/python3.8/site-packages/airflow/example_dags/example_sla_dag.py for tasks to queue
[2024-03-25T21:05:16.064+0000] {logging_mixin.py:188} INFO - [2024-03-25T21:05:16.063+0000] {dagbag.py:540} INFO - Filling up the DagBag from /home/airflow/.local/lib/python3.8/site-packages/airflow/example_dags/example_sla_dag.py
[2024-03-25T21:05:16.081+0000] {processor.py:840} INFO - DAG(s) 'example_sla_dag' retrieved from /home/airflow/.local/lib/python3.8/site-packages/airflow/example_dags/example_sla_dag.py
[2024-03-25T21:05:16.118+0000] {logging_mixin.py:188} INFO - [2024-03-25T21:05:16.117+0000] {dag.py:3047} INFO - Sync 1 DAGs
[2024-03-25T21:05:16.168+0000] {logging_mixin.py:188} INFO - [2024-03-25T21:05:16.167+0000] {dag.py:3834} INFO - Setting next_dagrun for example_sla_dag to 2024-03-25 21:02:00+00:00, run_after=2024-03-25 21:04:00+00:00
[2024-03-25T21:05:16.209+0000] {processor.py:183} INFO - Processing /home/airflow/.local/lib/python3.8/site-packages/airflow/example_dags/example_sla_dag.py took 0.157 seconds
[2024-03-25T21:05:46.353+0000] {processor.py:161} INFO - Started process (PID=265) to work on /home/airflow/.local/lib/python3.8/site-packages/airflow/example_dags/example_sla_dag.py
[2024-03-25T21:05:46.355+0000] {processor.py:830} INFO - Processing file /home/airflow/.local/lib/python3.8/site-packages/airflow/example_dags/example_sla_dag.py for tasks to queue
[2024-03-25T21:05:46.358+0000] {logging_mixin.py:188} INFO - [2024-03-25T21:05:46.357+0000] {dagbag.py:540} INFO - Filling up the DagBag from /home/airflow/.local/lib/python3.8/site-packages/airflow/example_dags/example_sla_dag.py
[2024-03-25T21:05:46.372+0000] {processor.py:840} INFO - DAG(s) 'example_sla_dag' retrieved from /home/airflow/.local/lib/python3.8/site-packages/airflow/example_dags/example_sla_dag.py
[2024-03-25T21:05:46.406+0000] {logging_mixin.py:188} INFO - [2024-03-25T21:05:46.406+0000] {dag.py:3047} INFO - Sync 1 DAGs
[2024-03-25T21:05:46.452+0000] {logging_mixin.py:188} INFO - [2024-03-25T21:05:46.451+0000] {dag.py:3834} INFO - Setting next_dagrun for example_sla_dag to 2024-03-25 21:02:00+00:00, run_after=2024-03-25 21:04:00+00:00
[2024-03-25T21:05:46.504+0000] {processor.py:183} INFO - Processing /home/airflow/.local/lib/python3.8/site-packages/airflow/example_dags/example_sla_dag.py took 0.157 seconds
[2024-03-25T21:06:16.819+0000] {processor.py:161} INFO - Started process (PID=320) to work on /home/airflow/.local/lib/python3.8/site-packages/airflow/example_dags/example_sla_dag.py
[2024-03-25T21:06:16.821+0000] {processor.py:830} INFO - Processing file /home/airflow/.local/lib/python3.8/site-packages/airflow/example_dags/example_sla_dag.py for tasks to queue
[2024-03-25T21:06:16.824+0000] {logging_mixin.py:188} INFO - [2024-03-25T21:06:16.824+0000] {dagbag.py:540} INFO - Filling up the DagBag from /home/airflow/.local/lib/python3.8/site-packages/airflow/example_dags/example_sla_dag.py
[2024-03-25T21:06:16.839+0000] {processor.py:840} INFO - DAG(s) 'example_sla_dag' retrieved from /home/airflow/.local/lib/python3.8/site-packages/airflow/example_dags/example_sla_dag.py
[2024-03-25T21:06:16.871+0000] {logging_mixin.py:188} INFO - [2024-03-25T21:06:16.871+0000] {dag.py:3047} INFO - Sync 1 DAGs
[2024-03-25T21:06:16.911+0000] {logging_mixin.py:188} INFO - [2024-03-25T21:06:16.911+0000] {dag.py:3834} INFO - Setting next_dagrun for example_sla_dag to 2024-03-25 21:04:00+00:00, run_after=2024-03-25 21:06:00+00:00
[2024-03-25T21:06:16.940+0000] {processor.py:183} INFO - Processing /home/airflow/.local/lib/python3.8/site-packages/airflow/example_dags/example_sla_dag.py took 0.127 seconds
[2024-03-25T21:06:47.297+0000] {processor.py:161} INFO - Started process (PID=375) to work on /home/airflow/.local/lib/python3.8/site-packages/airflow/example_dags/example_sla_dag.py
[2024-03-25T21:06:47.299+0000] {processor.py:830} INFO - Processing file /home/airflow/.local/lib/python3.8/site-packages/airflow/example_dags/example_sla_dag.py for tasks to queue
[2024-03-25T21:06:47.303+0000] {logging_mixin.py:188} INFO - [2024-03-25T21:06:47.302+0000] {dagbag.py:540} INFO - Filling up the DagBag from /home/airflow/.local/lib/python3.8/site-packages/airflow/example_dags/example_sla_dag.py
[2024-03-25T21:06:47.322+0000] {processor.py:840} INFO - DAG(s) 'example_sla_dag' retrieved from /home/airflow/.local/lib/python3.8/site-packages/airflow/example_dags/example_sla_dag.py
[2024-03-25T21:06:47.408+0000] {logging_mixin.py:188} INFO - [2024-03-25T21:06:47.407+0000] {dag.py:3047} INFO - Sync 1 DAGs
[2024-03-25T21:06:47.455+0000] {logging_mixin.py:188} INFO - [2024-03-25T21:06:47.455+0000] {dag.py:3834} INFO - Setting next_dagrun for example_sla_dag to 2024-03-25 21:04:00+00:00, run_after=2024-03-25 21:06:00+00:00
[2024-03-25T21:06:47.487+0000] {processor.py:183} INFO - Processing /home/airflow/.local/lib/python3.8/site-packages/airflow/example_dags/example_sla_dag.py took 0.198 seconds
[2024-03-25T21:07:18.450+0000] {processor.py:161} INFO - Started process (PID=430) to work on /home/airflow/.local/lib/python3.8/site-packages/airflow/example_dags/example_sla_dag.py
[2024-03-25T21:07:18.457+0000] {processor.py:830} INFO - Processing file /home/airflow/.local/lib/python3.8/site-packages/airflow/example_dags/example_sla_dag.py for tasks to queue
[2024-03-25T21:07:18.460+0000] {logging_mixin.py:188} INFO - [2024-03-25T21:07:18.460+0000] {dagbag.py:540} INFO - Filling up the DagBag from /home/airflow/.local/lib/python3.8/site-packages/airflow/example_dags/example_sla_dag.py
[2024-03-25T21:07:18.482+0000] {processor.py:840} INFO - DAG(s) 'example_sla_dag' retrieved from /home/airflow/.local/lib/python3.8/site-packages/airflow/example_dags/example_sla_dag.py
[2024-03-25T21:07:18.526+0000] {logging_mixin.py:188} INFO - [2024-03-25T21:07:18.525+0000] {dag.py:3047} INFO - Sync 1 DAGs
[2024-03-25T21:07:18.596+0000] {logging_mixin.py:188} INFO - [2024-03-25T21:07:18.596+0000] {dag.py:3834} INFO - Setting next_dagrun for example_sla_dag to 2024-03-25 21:04:00+00:00, run_after=2024-03-25 21:06:00+00:00
[2024-03-25T21:07:18.639+0000] {processor.py:183} INFO - Processing /home/airflow/.local/lib/python3.8/site-packages/airflow/example_dags/example_sla_dag.py took 0.196 seconds
[2024-03-25T21:07:48.825+0000] {processor.py:161} INFO - Started process (PID=486) to work on /home/airflow/.local/lib/python3.8/site-packages/airflow/example_dags/example_sla_dag.py
[2024-03-25T21:07:48.827+0000] {processor.py:830} INFO - Processing file /home/airflow/.local/lib/python3.8/site-packages/airflow/example_dags/example_sla_dag.py for tasks to queue
[2024-03-25T21:07:48.830+0000] {logging_mixin.py:188} INFO - [2024-03-25T21:07:48.830+0000] {dagbag.py:540} INFO - Filling up the DagBag from /home/airflow/.local/lib/python3.8/site-packages/airflow/example_dags/example_sla_dag.py
[2024-03-25T21:07:48.845+0000] {processor.py:840} INFO - DAG(s) 'example_sla_dag' retrieved from /home/airflow/.local/lib/python3.8/site-packages/airflow/example_dags/example_sla_dag.py
[2024-03-25T21:07:48.875+0000] {logging_mixin.py:188} INFO - [2024-03-25T21:07:48.875+0000] {dag.py:3047} INFO - Sync 1 DAGs
[2024-03-25T21:07:48.912+0000] {logging_mixin.py:188} INFO - [2024-03-25T21:07:48.912+0000] {dag.py:3834} INFO - Setting next_dagrun for example_sla_dag to 2024-03-25 21:04:00+00:00, run_after=2024-03-25 21:06:00+00:00
[2024-03-25T21:07:48.939+0000] {processor.py:183} INFO - Processing /home/airflow/.local/lib/python3.8/site-packages/airflow/example_dags/example_sla_dag.py took 0.119 seconds
[2024-03-25T21:08:19.264+0000] {processor.py:161} INFO - Started process (PID=541) to work on /home/airflow/.local/lib/python3.8/site-packages/airflow/example_dags/example_sla_dag.py
[2024-03-25T21:08:19.267+0000] {processor.py:830} INFO - Processing file /home/airflow/.local/lib/python3.8/site-packages/airflow/example_dags/example_sla_dag.py for tasks to queue
[2024-03-25T21:08:19.271+0000] {logging_mixin.py:188} INFO - [2024-03-25T21:08:19.271+0000] {dagbag.py:540} INFO - Filling up the DagBag from /home/airflow/.local/lib/python3.8/site-packages/airflow/example_dags/example_sla_dag.py
[2024-03-25T21:08:19.292+0000] {processor.py:840} INFO - DAG(s) 'example_sla_dag' retrieved from /home/airflow/.local/lib/python3.8/site-packages/airflow/example_dags/example_sla_dag.py
[2024-03-25T21:08:19.342+0000] {logging_mixin.py:188} INFO - [2024-03-25T21:08:19.341+0000] {dag.py:3047} INFO - Sync 1 DAGs
[2024-03-25T21:08:19.429+0000] {logging_mixin.py:188} INFO - [2024-03-25T21:08:19.429+0000] {dag.py:3834} INFO - Setting next_dagrun for example_sla_dag to 2024-03-25 21:06:00+00:00, run_after=2024-03-25 21:08:00+00:00
[2024-03-25T21:08:19.507+0000] {processor.py:183} INFO - Processing /home/airflow/.local/lib/python3.8/site-packages/airflow/example_dags/example_sla_dag.py took 0.249 seconds
[2024-03-25T21:09:38.775+0000] {processor.py:161} INFO - Started process (PID=40) to work on /home/airflow/.local/lib/python3.8/site-packages/airflow/example_dags/example_sla_dag.py
[2024-03-25T21:09:38.777+0000] {processor.py:830} INFO - Processing file /home/airflow/.local/lib/python3.8/site-packages/airflow/example_dags/example_sla_dag.py for tasks to queue
[2024-03-25T21:09:38.781+0000] {logging_mixin.py:188} INFO - [2024-03-25T21:09:38.780+0000] {dagbag.py:540} INFO - Filling up the DagBag from /home/airflow/.local/lib/python3.8/site-packages/airflow/example_dags/example_sla_dag.py
[2024-03-25T21:09:38.799+0000] {processor.py:840} INFO - DAG(s) 'example_sla_dag' retrieved from /home/airflow/.local/lib/python3.8/site-packages/airflow/example_dags/example_sla_dag.py
[2024-03-25T21:09:39.014+0000] {logging_mixin.py:188} INFO - [2024-03-25T21:09:39.014+0000] {dag.py:3047} INFO - Sync 1 DAGs
[2024-03-25T21:09:39.057+0000] {logging_mixin.py:188} INFO - [2024-03-25T21:09:39.056+0000] {dag.py:3834} INFO - Setting next_dagrun for example_sla_dag to 2024-03-25 21:06:00+00:00, run_after=2024-03-25 21:08:00+00:00
[2024-03-25T21:09:39.089+0000] {processor.py:183} INFO - Processing /home/airflow/.local/lib/python3.8/site-packages/airflow/example_dags/example_sla_dag.py took 0.320 seconds
[2024-03-25T21:10:09.766+0000] {processor.py:161} INFO - Started process (PID=96) to work on /home/airflow/.local/lib/python3.8/site-packages/airflow/example_dags/example_sla_dag.py
[2024-03-25T21:10:09.769+0000] {processor.py:830} INFO - Processing file /home/airflow/.local/lib/python3.8/site-packages/airflow/example_dags/example_sla_dag.py for tasks to queue
[2024-03-25T21:10:09.796+0000] {logging_mixin.py:188} INFO - [2024-03-25T21:10:09.796+0000] {dagbag.py:540} INFO - Filling up the DagBag from /home/airflow/.local/lib/python3.8/site-packages/airflow/example_dags/example_sla_dag.py
[2024-03-25T21:10:09.853+0000] {processor.py:840} INFO - DAG(s) 'example_sla_dag' retrieved from /home/airflow/.local/lib/python3.8/site-packages/airflow/example_dags/example_sla_dag.py
[2024-03-25T21:10:09.909+0000] {logging_mixin.py:188} INFO - [2024-03-25T21:10:09.909+0000] {dag.py:3047} INFO - Sync 1 DAGs
[2024-03-25T21:10:09.973+0000] {logging_mixin.py:188} INFO - [2024-03-25T21:10:09.973+0000] {dag.py:3834} INFO - Setting next_dagrun for example_sla_dag to 2024-03-25 21:08:00+00:00, run_after=2024-03-25 21:10:00+00:00
[2024-03-25T21:10:10.022+0000] {processor.py:183} INFO - Processing /home/airflow/.local/lib/python3.8/site-packages/airflow/example_dags/example_sla_dag.py took 0.269 seconds
[2024-03-25T21:10:40.144+0000] {processor.py:161} INFO - Started process (PID=152) to work on /home/airflow/.local/lib/python3.8/site-packages/airflow/example_dags/example_sla_dag.py
[2024-03-25T21:10:40.146+0000] {processor.py:830} INFO - Processing file /home/airflow/.local/lib/python3.8/site-packages/airflow/example_dags/example_sla_dag.py for tasks to queue
[2024-03-25T21:10:40.148+0000] {logging_mixin.py:188} INFO - [2024-03-25T21:10:40.148+0000] {dagbag.py:540} INFO - Filling up the DagBag from /home/airflow/.local/lib/python3.8/site-packages/airflow/example_dags/example_sla_dag.py
[2024-03-25T21:10:40.162+0000] {processor.py:840} INFO - DAG(s) 'example_sla_dag' retrieved from /home/airflow/.local/lib/python3.8/site-packages/airflow/example_dags/example_sla_dag.py
[2024-03-25T21:10:40.193+0000] {logging_mixin.py:188} INFO - [2024-03-25T21:10:40.193+0000] {dag.py:3047} INFO - Sync 1 DAGs
[2024-03-25T21:10:40.232+0000] {logging_mixin.py:188} INFO - [2024-03-25T21:10:40.232+0000] {dag.py:3834} INFO - Setting next_dagrun for example_sla_dag to 2024-03-25 21:08:00+00:00, run_after=2024-03-25 21:10:00+00:00
[2024-03-25T21:10:40.259+0000] {processor.py:183} INFO - Processing /home/airflow/.local/lib/python3.8/site-packages/airflow/example_dags/example_sla_dag.py took 0.121 seconds
[2024-03-25T21:11:10.387+0000] {processor.py:161} INFO - Started process (PID=208) to work on /home/airflow/.local/lib/python3.8/site-packages/airflow/example_dags/example_sla_dag.py
[2024-03-25T21:11:10.389+0000] {processor.py:830} INFO - Processing file /home/airflow/.local/lib/python3.8/site-packages/airflow/example_dags/example_sla_dag.py for tasks to queue
[2024-03-25T21:11:10.392+0000] {logging_mixin.py:188} INFO - [2024-03-25T21:11:10.391+0000] {dagbag.py:540} INFO - Filling up the DagBag from /home/airflow/.local/lib/python3.8/site-packages/airflow/example_dags/example_sla_dag.py
[2024-03-25T21:11:10.405+0000] {processor.py:840} INFO - DAG(s) 'example_sla_dag' retrieved from /home/airflow/.local/lib/python3.8/site-packages/airflow/example_dags/example_sla_dag.py
[2024-03-25T21:11:10.436+0000] {logging_mixin.py:188} INFO - [2024-03-25T21:11:10.436+0000] {dag.py:3047} INFO - Sync 1 DAGs
[2024-03-25T21:11:10.477+0000] {logging_mixin.py:188} INFO - [2024-03-25T21:11:10.477+0000] {dag.py:3834} INFO - Setting next_dagrun for example_sla_dag to 2024-03-25 21:08:00+00:00, run_after=2024-03-25 21:10:00+00:00
[2024-03-25T21:11:10.506+0000] {processor.py:183} INFO - Processing /home/airflow/.local/lib/python3.8/site-packages/airflow/example_dags/example_sla_dag.py took 0.125 seconds
[2024-03-25T21:11:40.766+0000] {processor.py:161} INFO - Started process (PID=264) to work on /home/airflow/.local/lib/python3.8/site-packages/airflow/example_dags/example_sla_dag.py
[2024-03-25T21:11:40.767+0000] {processor.py:830} INFO - Processing file /home/airflow/.local/lib/python3.8/site-packages/airflow/example_dags/example_sla_dag.py for tasks to queue
[2024-03-25T21:11:40.771+0000] {logging_mixin.py:188} INFO - [2024-03-25T21:11:40.770+0000] {dagbag.py:540} INFO - Filling up the DagBag from /home/airflow/.local/lib/python3.8/site-packages/airflow/example_dags/example_sla_dag.py
[2024-03-25T21:11:40.784+0000] {processor.py:840} INFO - DAG(s) 'example_sla_dag' retrieved from /home/airflow/.local/lib/python3.8/site-packages/airflow/example_dags/example_sla_dag.py
[2024-03-25T21:11:40.817+0000] {logging_mixin.py:188} INFO - [2024-03-25T21:11:40.816+0000] {dag.py:3047} INFO - Sync 1 DAGs
[2024-03-25T21:11:40.857+0000] {logging_mixin.py:188} INFO - [2024-03-25T21:11:40.857+0000] {dag.py:3834} INFO - Setting next_dagrun for example_sla_dag to 2024-03-25 21:08:00+00:00, run_after=2024-03-25 21:10:00+00:00
[2024-03-25T21:11:40.884+0000] {processor.py:183} INFO - Processing /home/airflow/.local/lib/python3.8/site-packages/airflow/example_dags/example_sla_dag.py took 0.124 seconds
[2024-03-25T21:12:11.117+0000] {processor.py:161} INFO - Started process (PID=320) to work on /home/airflow/.local/lib/python3.8/site-packages/airflow/example_dags/example_sla_dag.py
[2024-03-25T21:12:11.119+0000] {processor.py:830} INFO - Processing file /home/airflow/.local/lib/python3.8/site-packages/airflow/example_dags/example_sla_dag.py for tasks to queue
[2024-03-25T21:12:11.122+0000] {logging_mixin.py:188} INFO - [2024-03-25T21:12:11.122+0000] {dagbag.py:540} INFO - Filling up the DagBag from /home/airflow/.local/lib/python3.8/site-packages/airflow/example_dags/example_sla_dag.py
[2024-03-25T21:12:11.135+0000] {processor.py:840} INFO - DAG(s) 'example_sla_dag' retrieved from /home/airflow/.local/lib/python3.8/site-packages/airflow/example_dags/example_sla_dag.py
[2024-03-25T21:12:11.165+0000] {logging_mixin.py:188} INFO - [2024-03-25T21:12:11.165+0000] {dag.py:3047} INFO - Sync 1 DAGs
[2024-03-25T21:12:11.206+0000] {logging_mixin.py:188} INFO - [2024-03-25T21:12:11.206+0000] {dag.py:3834} INFO - Setting next_dagrun for example_sla_dag to 2024-03-25 21:10:00+00:00, run_after=2024-03-25 21:12:00+00:00
[2024-03-25T21:12:11.235+0000] {processor.py:183} INFO - Processing /home/airflow/.local/lib/python3.8/site-packages/airflow/example_dags/example_sla_dag.py took 0.123 seconds
[2024-03-25T21:12:41.506+0000] {processor.py:161} INFO - Started process (PID=376) to work on /home/airflow/.local/lib/python3.8/site-packages/airflow/example_dags/example_sla_dag.py
[2024-03-25T21:12:41.508+0000] {processor.py:830} INFO - Processing file /home/airflow/.local/lib/python3.8/site-packages/airflow/example_dags/example_sla_dag.py for tasks to queue
[2024-03-25T21:12:41.511+0000] {logging_mixin.py:188} INFO - [2024-03-25T21:12:41.511+0000] {dagbag.py:540} INFO - Filling up the DagBag from /home/airflow/.local/lib/python3.8/site-packages/airflow/example_dags/example_sla_dag.py
[2024-03-25T21:12:41.527+0000] {processor.py:840} INFO - DAG(s) 'example_sla_dag' retrieved from /home/airflow/.local/lib/python3.8/site-packages/airflow/example_dags/example_sla_dag.py
[2024-03-25T21:12:41.562+0000] {logging_mixin.py:188} INFO - [2024-03-25T21:12:41.562+0000] {dag.py:3047} INFO - Sync 1 DAGs
[2024-03-25T21:12:41.610+0000] {logging_mixin.py:188} INFO - [2024-03-25T21:12:41.609+0000] {dag.py:3834} INFO - Setting next_dagrun for example_sla_dag to 2024-03-25 21:10:00+00:00, run_after=2024-03-25 21:12:00+00:00
[2024-03-25T21:12:41.641+0000] {processor.py:183} INFO - Processing /home/airflow/.local/lib/python3.8/site-packages/airflow/example_dags/example_sla_dag.py took 0.141 seconds
[2024-03-25T21:13:11.827+0000] {processor.py:161} INFO - Started process (PID=432) to work on /home/airflow/.local/lib/python3.8/site-packages/airflow/example_dags/example_sla_dag.py
[2024-03-25T21:13:11.841+0000] {processor.py:830} INFO - Processing file /home/airflow/.local/lib/python3.8/site-packages/airflow/example_dags/example_sla_dag.py for tasks to queue
[2024-03-25T21:13:11.847+0000] {logging_mixin.py:188} INFO - [2024-03-25T21:13:11.846+0000] {dagbag.py:540} INFO - Filling up the DagBag from /home/airflow/.local/lib/python3.8/site-packages/airflow/example_dags/example_sla_dag.py
[2024-03-25T21:13:11.876+0000] {processor.py:840} INFO - DAG(s) 'example_sla_dag' retrieved from /home/airflow/.local/lib/python3.8/site-packages/airflow/example_dags/example_sla_dag.py
[2024-03-25T21:13:11.922+0000] {logging_mixin.py:188} INFO - [2024-03-25T21:13:11.921+0000] {dag.py:3047} INFO - Sync 1 DAGs
[2024-03-25T21:13:11.975+0000] {logging_mixin.py:188} INFO - [2024-03-25T21:13:11.975+0000] {dag.py:3834} INFO - Setting next_dagrun for example_sla_dag to 2024-03-25 21:10:00+00:00, run_after=2024-03-25 21:12:00+00:00
[2024-03-25T21:13:12.005+0000] {processor.py:183} INFO - Processing /home/airflow/.local/lib/python3.8/site-packages/airflow/example_dags/example_sla_dag.py took 0.184 seconds
[2024-03-25T21:13:42.065+0000] {processor.py:161} INFO - Started process (PID=487) to work on /home/airflow/.local/lib/python3.8/site-packages/airflow/example_dags/example_sla_dag.py
[2024-03-25T21:13:42.067+0000] {processor.py:830} INFO - Processing file /home/airflow/.local/lib/python3.8/site-packages/airflow/example_dags/example_sla_dag.py for tasks to queue
[2024-03-25T21:13:42.070+0000] {logging_mixin.py:188} INFO - [2024-03-25T21:13:42.070+0000] {dagbag.py:540} INFO - Filling up the DagBag from /home/airflow/.local/lib/python3.8/site-packages/airflow/example_dags/example_sla_dag.py
[2024-03-25T21:13:42.084+0000] {processor.py:840} INFO - DAG(s) 'example_sla_dag' retrieved from /home/airflow/.local/lib/python3.8/site-packages/airflow/example_dags/example_sla_dag.py
[2024-03-25T21:13:42.114+0000] {logging_mixin.py:188} INFO - [2024-03-25T21:13:42.114+0000] {dag.py:3047} INFO - Sync 1 DAGs
[2024-03-25T21:13:42.155+0000] {logging_mixin.py:188} INFO - [2024-03-25T21:13:42.155+0000] {dag.py:3834} INFO - Setting next_dagrun for example_sla_dag to 2024-03-25 21:10:00+00:00, run_after=2024-03-25 21:12:00+00:00
[2024-03-25T21:13:42.183+0000] {processor.py:183} INFO - Processing /home/airflow/.local/lib/python3.8/site-packages/airflow/example_dags/example_sla_dag.py took 0.123 seconds
[2024-03-25T21:14:12.659+0000] {processor.py:161} INFO - Started process (PID=543) to work on /home/airflow/.local/lib/python3.8/site-packages/airflow/example_dags/example_sla_dag.py
[2024-03-25T21:14:12.661+0000] {processor.py:830} INFO - Processing file /home/airflow/.local/lib/python3.8/site-packages/airflow/example_dags/example_sla_dag.py for tasks to queue
[2024-03-25T21:14:12.664+0000] {logging_mixin.py:188} INFO - [2024-03-25T21:14:12.663+0000] {dagbag.py:540} INFO - Filling up the DagBag from /home/airflow/.local/lib/python3.8/site-packages/airflow/example_dags/example_sla_dag.py
[2024-03-25T21:14:12.677+0000] {processor.py:840} INFO - DAG(s) 'example_sla_dag' retrieved from /home/airflow/.local/lib/python3.8/site-packages/airflow/example_dags/example_sla_dag.py
[2024-03-25T21:14:12.708+0000] {logging_mixin.py:188} INFO - [2024-03-25T21:14:12.708+0000] {dag.py:3047} INFO - Sync 1 DAGs
[2024-03-25T21:14:12.749+0000] {logging_mixin.py:188} INFO - [2024-03-25T21:14:12.749+0000] {dag.py:3834} INFO - Setting next_dagrun for example_sla_dag to 2024-03-25 21:12:00+00:00, run_after=2024-03-25 21:14:00+00:00
[2024-03-25T21:14:12.777+0000] {processor.py:183} INFO - Processing /home/airflow/.local/lib/python3.8/site-packages/airflow/example_dags/example_sla_dag.py took 0.123 seconds
[2024-03-25T21:14:43.199+0000] {processor.py:161} INFO - Started process (PID=599) to work on /home/airflow/.local/lib/python3.8/site-packages/airflow/example_dags/example_sla_dag.py
[2024-03-25T21:14:43.202+0000] {processor.py:830} INFO - Processing file /home/airflow/.local/lib/python3.8/site-packages/airflow/example_dags/example_sla_dag.py for tasks to queue
[2024-03-25T21:14:43.205+0000] {logging_mixin.py:188} INFO - [2024-03-25T21:14:43.204+0000] {dagbag.py:540} INFO - Filling up the DagBag from /home/airflow/.local/lib/python3.8/site-packages/airflow/example_dags/example_sla_dag.py
[2024-03-25T21:14:43.219+0000] {processor.py:840} INFO - DAG(s) 'example_sla_dag' retrieved from /home/airflow/.local/lib/python3.8/site-packages/airflow/example_dags/example_sla_dag.py
[2024-03-25T21:14:43.253+0000] {logging_mixin.py:188} INFO - [2024-03-25T21:14:43.252+0000] {dag.py:3047} INFO - Sync 1 DAGs
[2024-03-25T21:14:43.292+0000] {logging_mixin.py:188} INFO - [2024-03-25T21:14:43.291+0000] {dag.py:3834} INFO - Setting next_dagrun for example_sla_dag to 2024-03-25 21:12:00+00:00, run_after=2024-03-25 21:14:00+00:00
[2024-03-25T21:14:43.325+0000] {processor.py:183} INFO - Processing /home/airflow/.local/lib/python3.8/site-packages/airflow/example_dags/example_sla_dag.py took 0.132 seconds
[2024-03-25T21:15:13.645+0000] {processor.py:161} INFO - Started process (PID=655) to work on /home/airflow/.local/lib/python3.8/site-packages/airflow/example_dags/example_sla_dag.py
[2024-03-25T21:15:13.647+0000] {processor.py:830} INFO - Processing file /home/airflow/.local/lib/python3.8/site-packages/airflow/example_dags/example_sla_dag.py for tasks to queue
[2024-03-25T21:15:13.652+0000] {logging_mixin.py:188} INFO - [2024-03-25T21:15:13.651+0000] {dagbag.py:540} INFO - Filling up the DagBag from /home/airflow/.local/lib/python3.8/site-packages/airflow/example_dags/example_sla_dag.py
[2024-03-25T21:15:13.679+0000] {processor.py:840} INFO - DAG(s) 'example_sla_dag' retrieved from /home/airflow/.local/lib/python3.8/site-packages/airflow/example_dags/example_sla_dag.py
[2024-03-25T21:15:13.717+0000] {logging_mixin.py:188} INFO - [2024-03-25T21:15:13.717+0000] {dag.py:3047} INFO - Sync 1 DAGs
[2024-03-25T21:15:13.761+0000] {logging_mixin.py:188} INFO - [2024-03-25T21:15:13.760+0000] {dag.py:3834} INFO - Setting next_dagrun for example_sla_dag to 2024-03-25 21:12:00+00:00, run_after=2024-03-25 21:14:00+00:00
[2024-03-25T21:15:13.814+0000] {processor.py:183} INFO - Processing /home/airflow/.local/lib/python3.8/site-packages/airflow/example_dags/example_sla_dag.py took 0.176 seconds
[2024-03-25T21:15:44.551+0000] {processor.py:161} INFO - Started process (PID=712) to work on /home/airflow/.local/lib/python3.8/site-packages/airflow/example_dags/example_sla_dag.py
[2024-03-25T21:15:44.553+0000] {processor.py:830} INFO - Processing file /home/airflow/.local/lib/python3.8/site-packages/airflow/example_dags/example_sla_dag.py for tasks to queue
[2024-03-25T21:15:44.557+0000] {logging_mixin.py:188} INFO - [2024-03-25T21:15:44.556+0000] {dagbag.py:540} INFO - Filling up the DagBag from /home/airflow/.local/lib/python3.8/site-packages/airflow/example_dags/example_sla_dag.py
[2024-03-25T21:15:44.570+0000] {processor.py:840} INFO - DAG(s) 'example_sla_dag' retrieved from /home/airflow/.local/lib/python3.8/site-packages/airflow/example_dags/example_sla_dag.py
[2024-03-25T21:15:44.605+0000] {logging_mixin.py:188} INFO - [2024-03-25T21:15:44.605+0000] {dag.py:3047} INFO - Sync 1 DAGs
[2024-03-25T21:15:44.649+0000] {logging_mixin.py:188} INFO - [2024-03-25T21:15:44.649+0000] {dag.py:3834} INFO - Setting next_dagrun for example_sla_dag to 2024-03-25 21:12:00+00:00, run_after=2024-03-25 21:14:00+00:00
[2024-03-25T21:15:44.684+0000] {processor.py:183} INFO - Processing /home/airflow/.local/lib/python3.8/site-packages/airflow/example_dags/example_sla_dag.py took 0.139 seconds
[2024-03-25T21:16:14.900+0000] {processor.py:161} INFO - Started process (PID=768) to work on /home/airflow/.local/lib/python3.8/site-packages/airflow/example_dags/example_sla_dag.py
[2024-03-25T21:16:14.902+0000] {processor.py:830} INFO - Processing file /home/airflow/.local/lib/python3.8/site-packages/airflow/example_dags/example_sla_dag.py for tasks to queue
[2024-03-25T21:16:14.905+0000] {logging_mixin.py:188} INFO - [2024-03-25T21:16:14.905+0000] {dagbag.py:540} INFO - Filling up the DagBag from /home/airflow/.local/lib/python3.8/site-packages/airflow/example_dags/example_sla_dag.py
[2024-03-25T21:16:14.918+0000] {processor.py:840} INFO - DAG(s) 'example_sla_dag' retrieved from /home/airflow/.local/lib/python3.8/site-packages/airflow/example_dags/example_sla_dag.py
[2024-03-25T21:16:14.949+0000] {logging_mixin.py:188} INFO - [2024-03-25T21:16:14.948+0000] {dag.py:3047} INFO - Sync 1 DAGs
[2024-03-25T21:16:14.988+0000] {logging_mixin.py:188} INFO - [2024-03-25T21:16:14.988+0000] {dag.py:3834} INFO - Setting next_dagrun for example_sla_dag to 2024-03-25 21:14:00+00:00, run_after=2024-03-25 21:16:00+00:00
[2024-03-25T21:16:15.017+0000] {processor.py:183} INFO - Processing /home/airflow/.local/lib/python3.8/site-packages/airflow/example_dags/example_sla_dag.py took 0.122 seconds
[2024-03-25T21:16:45.205+0000] {processor.py:161} INFO - Started process (PID=824) to work on /home/airflow/.local/lib/python3.8/site-packages/airflow/example_dags/example_sla_dag.py
[2024-03-25T21:16:45.207+0000] {processor.py:830} INFO - Processing file /home/airflow/.local/lib/python3.8/site-packages/airflow/example_dags/example_sla_dag.py for tasks to queue
[2024-03-25T21:16:45.210+0000] {logging_mixin.py:188} INFO - [2024-03-25T21:16:45.209+0000] {dagbag.py:540} INFO - Filling up the DagBag from /home/airflow/.local/lib/python3.8/site-packages/airflow/example_dags/example_sla_dag.py
[2024-03-25T21:16:45.223+0000] {processor.py:840} INFO - DAG(s) 'example_sla_dag' retrieved from /home/airflow/.local/lib/python3.8/site-packages/airflow/example_dags/example_sla_dag.py
[2024-03-25T21:16:45.253+0000] {logging_mixin.py:188} INFO - [2024-03-25T21:16:45.252+0000] {dag.py:3047} INFO - Sync 1 DAGs
[2024-03-25T21:16:45.293+0000] {logging_mixin.py:188} INFO - [2024-03-25T21:16:45.293+0000] {dag.py:3834} INFO - Setting next_dagrun for example_sla_dag to 2024-03-25 21:14:00+00:00, run_after=2024-03-25 21:16:00+00:00
[2024-03-25T21:16:45.321+0000] {processor.py:183} INFO - Processing /home/airflow/.local/lib/python3.8/site-packages/airflow/example_dags/example_sla_dag.py took 0.120 seconds
[2024-03-25T21:17:15.576+0000] {processor.py:161} INFO - Started process (PID=880) to work on /home/airflow/.local/lib/python3.8/site-packages/airflow/example_dags/example_sla_dag.py
[2024-03-25T21:17:15.579+0000] {processor.py:830} INFO - Processing file /home/airflow/.local/lib/python3.8/site-packages/airflow/example_dags/example_sla_dag.py for tasks to queue
[2024-03-25T21:17:15.582+0000] {logging_mixin.py:188} INFO - [2024-03-25T21:17:15.582+0000] {dagbag.py:540} INFO - Filling up the DagBag from /home/airflow/.local/lib/python3.8/site-packages/airflow/example_dags/example_sla_dag.py
[2024-03-25T21:17:15.597+0000] {processor.py:840} INFO - DAG(s) 'example_sla_dag' retrieved from /home/airflow/.local/lib/python3.8/site-packages/airflow/example_dags/example_sla_dag.py
[2024-03-25T21:17:15.628+0000] {logging_mixin.py:188} INFO - [2024-03-25T21:17:15.628+0000] {dag.py:3047} INFO - Sync 1 DAGs
[2024-03-25T21:17:15.668+0000] {logging_mixin.py:188} INFO - [2024-03-25T21:17:15.668+0000] {dag.py:3834} INFO - Setting next_dagrun for example_sla_dag to 2024-03-25 21:14:00+00:00, run_after=2024-03-25 21:16:00+00:00
[2024-03-25T21:17:15.694+0000] {processor.py:183} INFO - Processing /home/airflow/.local/lib/python3.8/site-packages/airflow/example_dags/example_sla_dag.py took 0.125 seconds
[2024-03-25T21:17:45.798+0000] {processor.py:161} INFO - Started process (PID=936) to work on /home/airflow/.local/lib/python3.8/site-packages/airflow/example_dags/example_sla_dag.py
[2024-03-25T21:17:45.800+0000] {processor.py:830} INFO - Processing file /home/airflow/.local/lib/python3.8/site-packages/airflow/example_dags/example_sla_dag.py for tasks to queue
[2024-03-25T21:17:45.804+0000] {logging_mixin.py:188} INFO - [2024-03-25T21:17:45.803+0000] {dagbag.py:540} INFO - Filling up the DagBag from /home/airflow/.local/lib/python3.8/site-packages/airflow/example_dags/example_sla_dag.py
[2024-03-25T21:17:45.821+0000] {processor.py:840} INFO - DAG(s) 'example_sla_dag' retrieved from /home/airflow/.local/lib/python3.8/site-packages/airflow/example_dags/example_sla_dag.py
[2024-03-25T21:17:45.855+0000] {logging_mixin.py:188} INFO - [2024-03-25T21:17:45.855+0000] {dag.py:3047} INFO - Sync 1 DAGs
[2024-03-25T21:17:45.899+0000] {logging_mixin.py:188} INFO - [2024-03-25T21:17:45.899+0000] {dag.py:3834} INFO - Setting next_dagrun for example_sla_dag to 2024-03-25 21:14:00+00:00, run_after=2024-03-25 21:16:00+00:00
[2024-03-25T21:17:45.932+0000] {processor.py:183} INFO - Processing /home/airflow/.local/lib/python3.8/site-packages/airflow/example_dags/example_sla_dag.py took 0.139 seconds
[2024-03-25T21:18:16.010+0000] {processor.py:161} INFO - Started process (PID=991) to work on /home/airflow/.local/lib/python3.8/site-packages/airflow/example_dags/example_sla_dag.py
[2024-03-25T21:18:16.013+0000] {processor.py:830} INFO - Processing file /home/airflow/.local/lib/python3.8/site-packages/airflow/example_dags/example_sla_dag.py for tasks to queue
[2024-03-25T21:18:16.016+0000] {logging_mixin.py:188} INFO - [2024-03-25T21:18:16.015+0000] {dagbag.py:540} INFO - Filling up the DagBag from /home/airflow/.local/lib/python3.8/site-packages/airflow/example_dags/example_sla_dag.py
[2024-03-25T21:18:16.029+0000] {processor.py:840} INFO - DAG(s) 'example_sla_dag' retrieved from /home/airflow/.local/lib/python3.8/site-packages/airflow/example_dags/example_sla_dag.py
[2024-03-25T21:18:16.060+0000] {logging_mixin.py:188} INFO - [2024-03-25T21:18:16.059+0000] {dag.py:3047} INFO - Sync 1 DAGs
[2024-03-25T21:18:16.098+0000] {logging_mixin.py:188} INFO - [2024-03-25T21:18:16.097+0000] {dag.py:3834} INFO - Setting next_dagrun for example_sla_dag to 2024-03-25 21:16:00+00:00, run_after=2024-03-25 21:18:00+00:00
[2024-03-25T21:18:16.126+0000] {processor.py:183} INFO - Processing /home/airflow/.local/lib/python3.8/site-packages/airflow/example_dags/example_sla_dag.py took 0.121 seconds
[2024-03-25T21:18:46.333+0000] {processor.py:161} INFO - Started process (PID=1047) to work on /home/airflow/.local/lib/python3.8/site-packages/airflow/example_dags/example_sla_dag.py
[2024-03-25T21:18:46.334+0000] {processor.py:830} INFO - Processing file /home/airflow/.local/lib/python3.8/site-packages/airflow/example_dags/example_sla_dag.py for tasks to queue
[2024-03-25T21:18:46.337+0000] {logging_mixin.py:188} INFO - [2024-03-25T21:18:46.337+0000] {dagbag.py:540} INFO - Filling up the DagBag from /home/airflow/.local/lib/python3.8/site-packages/airflow/example_dags/example_sla_dag.py
[2024-03-25T21:18:46.351+0000] {processor.py:840} INFO - DAG(s) 'example_sla_dag' retrieved from /home/airflow/.local/lib/python3.8/site-packages/airflow/example_dags/example_sla_dag.py
[2024-03-25T21:18:46.381+0000] {logging_mixin.py:188} INFO - [2024-03-25T21:18:46.380+0000] {dag.py:3047} INFO - Sync 1 DAGs
[2024-03-25T21:18:46.419+0000] {logging_mixin.py:188} INFO - [2024-03-25T21:18:46.419+0000] {dag.py:3834} INFO - Setting next_dagrun for example_sla_dag to 2024-03-25 21:16:00+00:00, run_after=2024-03-25 21:18:00+00:00
[2024-03-25T21:18:46.453+0000] {processor.py:183} INFO - Processing /home/airflow/.local/lib/python3.8/site-packages/airflow/example_dags/example_sla_dag.py took 0.126 seconds
[2024-03-25T21:19:16.668+0000] {processor.py:161} INFO - Started process (PID=1102) to work on /home/airflow/.local/lib/python3.8/site-packages/airflow/example_dags/example_sla_dag.py
[2024-03-25T21:19:16.670+0000] {processor.py:830} INFO - Processing file /home/airflow/.local/lib/python3.8/site-packages/airflow/example_dags/example_sla_dag.py for tasks to queue
[2024-03-25T21:19:16.674+0000] {logging_mixin.py:188} INFO - [2024-03-25T21:19:16.673+0000] {dagbag.py:540} INFO - Filling up the DagBag from /home/airflow/.local/lib/python3.8/site-packages/airflow/example_dags/example_sla_dag.py
[2024-03-25T21:19:16.688+0000] {processor.py:840} INFO - DAG(s) 'example_sla_dag' retrieved from /home/airflow/.local/lib/python3.8/site-packages/airflow/example_dags/example_sla_dag.py
[2024-03-25T21:19:16.758+0000] {logging_mixin.py:188} INFO - [2024-03-25T21:19:16.757+0000] {dag.py:3047} INFO - Sync 1 DAGs
[2024-03-25T21:19:16.817+0000] {logging_mixin.py:188} INFO - [2024-03-25T21:19:16.817+0000] {dag.py:3834} INFO - Setting next_dagrun for example_sla_dag to 2024-03-25 21:16:00+00:00, run_after=2024-03-25 21:18:00+00:00
[2024-03-25T21:19:16.859+0000] {processor.py:183} INFO - Processing /home/airflow/.local/lib/python3.8/site-packages/airflow/example_dags/example_sla_dag.py took 0.196 seconds
[2024-03-25T21:19:47.019+0000] {processor.py:161} INFO - Started process (PID=1158) to work on /home/airflow/.local/lib/python3.8/site-packages/airflow/example_dags/example_sla_dag.py
[2024-03-25T21:19:47.021+0000] {processor.py:830} INFO - Processing file /home/airflow/.local/lib/python3.8/site-packages/airflow/example_dags/example_sla_dag.py for tasks to queue
[2024-03-25T21:19:47.024+0000] {logging_mixin.py:188} INFO - [2024-03-25T21:19:47.024+0000] {dagbag.py:540} INFO - Filling up the DagBag from /home/airflow/.local/lib/python3.8/site-packages/airflow/example_dags/example_sla_dag.py
[2024-03-25T21:19:47.037+0000] {processor.py:840} INFO - DAG(s) 'example_sla_dag' retrieved from /home/airflow/.local/lib/python3.8/site-packages/airflow/example_dags/example_sla_dag.py
[2024-03-25T21:19:47.068+0000] {logging_mixin.py:188} INFO - [2024-03-25T21:19:47.068+0000] {dag.py:3047} INFO - Sync 1 DAGs
[2024-03-25T21:19:47.107+0000] {logging_mixin.py:188} INFO - [2024-03-25T21:19:47.107+0000] {dag.py:3834} INFO - Setting next_dagrun for example_sla_dag to 2024-03-25 21:16:00+00:00, run_after=2024-03-25 21:18:00+00:00
[2024-03-25T21:19:47.136+0000] {processor.py:183} INFO - Processing /home/airflow/.local/lib/python3.8/site-packages/airflow/example_dags/example_sla_dag.py took 0.122 seconds
[2024-03-25T21:20:17.337+0000] {processor.py:161} INFO - Started process (PID=1214) to work on /home/airflow/.local/lib/python3.8/site-packages/airflow/example_dags/example_sla_dag.py
[2024-03-25T21:20:17.339+0000] {processor.py:830} INFO - Processing file /home/airflow/.local/lib/python3.8/site-packages/airflow/example_dags/example_sla_dag.py for tasks to queue
[2024-03-25T21:20:17.342+0000] {logging_mixin.py:188} INFO - [2024-03-25T21:20:17.342+0000] {dagbag.py:540} INFO - Filling up the DagBag from /home/airflow/.local/lib/python3.8/site-packages/airflow/example_dags/example_sla_dag.py
[2024-03-25T21:20:17.356+0000] {processor.py:840} INFO - DAG(s) 'example_sla_dag' retrieved from /home/airflow/.local/lib/python3.8/site-packages/airflow/example_dags/example_sla_dag.py
[2024-03-25T21:20:17.388+0000] {logging_mixin.py:188} INFO - [2024-03-25T21:20:17.388+0000] {dag.py:3047} INFO - Sync 1 DAGs
[2024-03-25T21:20:17.426+0000] {logging_mixin.py:188} INFO - [2024-03-25T21:20:17.426+0000] {dag.py:3834} INFO - Setting next_dagrun for example_sla_dag to 2024-03-25 21:18:00+00:00, run_after=2024-03-25 21:20:00+00:00
[2024-03-25T21:20:17.454+0000] {processor.py:183} INFO - Processing /home/airflow/.local/lib/python3.8/site-packages/airflow/example_dags/example_sla_dag.py took 0.123 seconds
[2024-03-25T21:26:46.105+0000] {processor.py:161} INFO - Started process (PID=1277) to work on /home/airflow/.local/lib/python3.8/site-packages/airflow/example_dags/example_sla_dag.py
[2024-03-25T21:26:46.110+0000] {processor.py:830} INFO - Processing file /home/airflow/.local/lib/python3.8/site-packages/airflow/example_dags/example_sla_dag.py for tasks to queue
[2024-03-25T21:26:46.113+0000] {logging_mixin.py:188} INFO - [2024-03-25T21:26:46.113+0000] {dagbag.py:540} INFO - Filling up the DagBag from /home/airflow/.local/lib/python3.8/site-packages/airflow/example_dags/example_sla_dag.py
[2024-03-25T21:26:46.132+0000] {processor.py:840} INFO - DAG(s) 'example_sla_dag' retrieved from /home/airflow/.local/lib/python3.8/site-packages/airflow/example_dags/example_sla_dag.py
[2024-03-25T21:26:46.217+0000] {logging_mixin.py:188} INFO - [2024-03-25T21:26:46.217+0000] {dag.py:3047} INFO - Sync 1 DAGs
[2024-03-25T21:26:46.274+0000] {logging_mixin.py:188} INFO - [2024-03-25T21:26:46.274+0000] {dag.py:3834} INFO - Setting next_dagrun for example_sla_dag to 2024-03-25 21:24:00+00:00, run_after=2024-03-25 21:26:00+00:00
[2024-03-25T21:26:46.319+0000] {processor.py:183} INFO - Processing /home/airflow/.local/lib/python3.8/site-packages/airflow/example_dags/example_sla_dag.py took 0.221 seconds
[2024-03-25T21:27:16.976+0000] {processor.py:161} INFO - Started process (PID=1333) to work on /home/airflow/.local/lib/python3.8/site-packages/airflow/example_dags/example_sla_dag.py
[2024-03-25T21:27:16.986+0000] {processor.py:830} INFO - Processing file /home/airflow/.local/lib/python3.8/site-packages/airflow/example_dags/example_sla_dag.py for tasks to queue
[2024-03-25T21:27:16.995+0000] {logging_mixin.py:188} INFO - [2024-03-25T21:27:16.994+0000] {dagbag.py:540} INFO - Filling up the DagBag from /home/airflow/.local/lib/python3.8/site-packages/airflow/example_dags/example_sla_dag.py
[2024-03-25T21:27:17.070+0000] {processor.py:840} INFO - DAG(s) 'example_sla_dag' retrieved from /home/airflow/.local/lib/python3.8/site-packages/airflow/example_dags/example_sla_dag.py
[2024-03-25T21:27:17.141+0000] {logging_mixin.py:188} INFO - [2024-03-25T21:27:17.139+0000] {dag.py:3047} INFO - Sync 1 DAGs
[2024-03-25T21:27:17.341+0000] {logging_mixin.py:188} INFO - [2024-03-25T21:27:17.339+0000] {dag.py:3834} INFO - Setting next_dagrun for example_sla_dag to 2024-03-25 21:24:00+00:00, run_after=2024-03-25 21:26:00+00:00
[2024-03-25T21:27:17.521+0000] {processor.py:183} INFO - Processing /home/airflow/.local/lib/python3.8/site-packages/airflow/example_dags/example_sla_dag.py took 0.565 seconds
[2024-03-25T21:27:48.382+0000] {processor.py:161} INFO - Started process (PID=1389) to work on /home/airflow/.local/lib/python3.8/site-packages/airflow/example_dags/example_sla_dag.py
[2024-03-25T21:27:48.384+0000] {processor.py:830} INFO - Processing file /home/airflow/.local/lib/python3.8/site-packages/airflow/example_dags/example_sla_dag.py for tasks to queue
[2024-03-25T21:27:48.387+0000] {logging_mixin.py:188} INFO - [2024-03-25T21:27:48.386+0000] {dagbag.py:540} INFO - Filling up the DagBag from /home/airflow/.local/lib/python3.8/site-packages/airflow/example_dags/example_sla_dag.py
[2024-03-25T21:27:48.400+0000] {processor.py:840} INFO - DAG(s) 'example_sla_dag' retrieved from /home/airflow/.local/lib/python3.8/site-packages/airflow/example_dags/example_sla_dag.py
[2024-03-25T21:27:48.431+0000] {logging_mixin.py:188} INFO - [2024-03-25T21:27:48.431+0000] {dag.py:3047} INFO - Sync 1 DAGs
[2024-03-25T21:27:48.472+0000] {logging_mixin.py:188} INFO - [2024-03-25T21:27:48.471+0000] {dag.py:3834} INFO - Setting next_dagrun for example_sla_dag to 2024-03-25 21:24:00+00:00, run_after=2024-03-25 21:26:00+00:00
[2024-03-25T21:27:48.498+0000] {processor.py:183} INFO - Processing /home/airflow/.local/lib/python3.8/site-packages/airflow/example_dags/example_sla_dag.py took 0.121 seconds
[2024-03-25T21:28:18.814+0000] {processor.py:161} INFO - Started process (PID=1445) to work on /home/airflow/.local/lib/python3.8/site-packages/airflow/example_dags/example_sla_dag.py
[2024-03-25T21:28:18.816+0000] {processor.py:830} INFO - Processing file /home/airflow/.local/lib/python3.8/site-packages/airflow/example_dags/example_sla_dag.py for tasks to queue
[2024-03-25T21:28:18.819+0000] {logging_mixin.py:188} INFO - [2024-03-25T21:28:18.819+0000] {dagbag.py:540} INFO - Filling up the DagBag from /home/airflow/.local/lib/python3.8/site-packages/airflow/example_dags/example_sla_dag.py
[2024-03-25T21:28:18.833+0000] {processor.py:840} INFO - DAG(s) 'example_sla_dag' retrieved from /home/airflow/.local/lib/python3.8/site-packages/airflow/example_dags/example_sla_dag.py
[2024-03-25T21:28:18.872+0000] {logging_mixin.py:188} INFO - [2024-03-25T21:28:18.872+0000] {dag.py:3047} INFO - Sync 1 DAGs
[2024-03-25T21:28:18.926+0000] {logging_mixin.py:188} INFO - [2024-03-25T21:28:18.926+0000] {dag.py:3834} INFO - Setting next_dagrun for example_sla_dag to 2024-03-25 21:26:00+00:00, run_after=2024-03-25 21:28:00+00:00
[2024-03-25T21:28:18.959+0000] {processor.py:183} INFO - Processing /home/airflow/.local/lib/python3.8/site-packages/airflow/example_dags/example_sla_dag.py took 0.151 seconds
