[2024-03-25T21:03:54.922+0000] {processor.py:161} INFO - Started process (PID=69) to work on /home/airflow/.local/lib/python3.8/site-packages/airflow/example_dags/example_branch_python_dop_operator_3.py
[2024-03-25T21:03:54.929+0000] {processor.py:830} INFO - Processing file /home/airflow/.local/lib/python3.8/site-packages/airflow/example_dags/example_branch_python_dop_operator_3.py for tasks to queue
[2024-03-25T21:03:54.933+0000] {logging_mixin.py:188} INFO - [2024-03-25T21:03:54.932+0000] {dagbag.py:540} INFO - Filling up the DagBag from /home/airflow/.local/lib/python3.8/site-packages/airflow/example_dags/example_branch_python_dop_operator_3.py
[2024-03-25T21:03:54.968+0000] {processor.py:840} INFO - DAG(s) 'example_branch_dop_operator_v3' retrieved from /home/airflow/.local/lib/python3.8/site-packages/airflow/example_dags/example_branch_python_dop_operator_3.py
[2024-03-25T21:03:54.997+0000] {logging_mixin.py:188} INFO - [2024-03-25T21:03:54.997+0000] {dag.py:3047} INFO - Sync 1 DAGs
[2024-03-25T21:03:55.070+0000] {logging_mixin.py:188} INFO - [2024-03-25T21:03:55.069+0000] {dag.py:3834} INFO - Setting next_dagrun for example_branch_dop_operator_v3 to 2024-03-25 21:02:00+00:00, run_after=2024-03-25 21:03:00+00:00
[2024-03-25T21:03:55.107+0000] {processor.py:183} INFO - Processing /home/airflow/.local/lib/python3.8/site-packages/airflow/example_dags/example_branch_python_dop_operator_3.py took 0.202 seconds
[2024-03-25T21:04:25.970+0000] {processor.py:161} INFO - Started process (PID=124) to work on /home/airflow/.local/lib/python3.8/site-packages/airflow/example_dags/example_branch_python_dop_operator_3.py
[2024-03-25T21:04:25.972+0000] {processor.py:830} INFO - Processing file /home/airflow/.local/lib/python3.8/site-packages/airflow/example_dags/example_branch_python_dop_operator_3.py for tasks to queue
[2024-03-25T21:04:25.984+0000] {logging_mixin.py:188} INFO - [2024-03-25T21:04:25.978+0000] {dagbag.py:540} INFO - Filling up the DagBag from /home/airflow/.local/lib/python3.8/site-packages/airflow/example_dags/example_branch_python_dop_operator_3.py
[2024-03-25T21:04:26.012+0000] {processor.py:840} INFO - DAG(s) 'example_branch_dop_operator_v3' retrieved from /home/airflow/.local/lib/python3.8/site-packages/airflow/example_dags/example_branch_python_dop_operator_3.py
[2024-03-25T21:04:26.250+0000] {logging_mixin.py:188} INFO - [2024-03-25T21:04:26.249+0000] {dag.py:3047} INFO - Sync 1 DAGs
[2024-03-25T21:04:26.430+0000] {logging_mixin.py:188} INFO - [2024-03-25T21:04:26.429+0000] {dag.py:3834} INFO - Setting next_dagrun for example_branch_dop_operator_v3 to 2024-03-25 21:03:00+00:00, run_after=2024-03-25 21:04:00+00:00
[2024-03-25T21:04:26.473+0000] {processor.py:183} INFO - Processing /home/airflow/.local/lib/python3.8/site-packages/airflow/example_dags/example_branch_python_dop_operator_3.py took 0.514 seconds
[2024-03-25T21:04:56.876+0000] {processor.py:161} INFO - Started process (PID=179) to work on /home/airflow/.local/lib/python3.8/site-packages/airflow/example_dags/example_branch_python_dop_operator_3.py
[2024-03-25T21:04:56.878+0000] {processor.py:830} INFO - Processing file /home/airflow/.local/lib/python3.8/site-packages/airflow/example_dags/example_branch_python_dop_operator_3.py for tasks to queue
[2024-03-25T21:04:56.881+0000] {logging_mixin.py:188} INFO - [2024-03-25T21:04:56.880+0000] {dagbag.py:540} INFO - Filling up the DagBag from /home/airflow/.local/lib/python3.8/site-packages/airflow/example_dags/example_branch_python_dop_operator_3.py
[2024-03-25T21:04:56.896+0000] {processor.py:840} INFO - DAG(s) 'example_branch_dop_operator_v3' retrieved from /home/airflow/.local/lib/python3.8/site-packages/airflow/example_dags/example_branch_python_dop_operator_3.py
[2024-03-25T21:04:56.928+0000] {logging_mixin.py:188} INFO - [2024-03-25T21:04:56.927+0000] {dag.py:3047} INFO - Sync 1 DAGs
[2024-03-25T21:04:56.974+0000] {logging_mixin.py:188} INFO - [2024-03-25T21:04:56.974+0000] {dag.py:3834} INFO - Setting next_dagrun for example_branch_dop_operator_v3 to 2024-03-25 21:03:00+00:00, run_after=2024-03-25 21:04:00+00:00
[2024-03-25T21:04:57.006+0000] {processor.py:183} INFO - Processing /home/airflow/.local/lib/python3.8/site-packages/airflow/example_dags/example_branch_python_dop_operator_3.py took 0.135 seconds
[2024-03-25T21:05:27.642+0000] {processor.py:161} INFO - Started process (PID=234) to work on /home/airflow/.local/lib/python3.8/site-packages/airflow/example_dags/example_branch_python_dop_operator_3.py
[2024-03-25T21:05:27.644+0000] {processor.py:830} INFO - Processing file /home/airflow/.local/lib/python3.8/site-packages/airflow/example_dags/example_branch_python_dop_operator_3.py for tasks to queue
[2024-03-25T21:05:27.648+0000] {logging_mixin.py:188} INFO - [2024-03-25T21:05:27.647+0000] {dagbag.py:540} INFO - Filling up the DagBag from /home/airflow/.local/lib/python3.8/site-packages/airflow/example_dags/example_branch_python_dop_operator_3.py
[2024-03-25T21:05:27.672+0000] {processor.py:840} INFO - DAG(s) 'example_branch_dop_operator_v3' retrieved from /home/airflow/.local/lib/python3.8/site-packages/airflow/example_dags/example_branch_python_dop_operator_3.py
[2024-03-25T21:05:27.714+0000] {logging_mixin.py:188} INFO - [2024-03-25T21:05:27.713+0000] {dag.py:3047} INFO - Sync 1 DAGs
[2024-03-25T21:05:27.760+0000] {logging_mixin.py:188} INFO - [2024-03-25T21:05:27.760+0000] {dag.py:3834} INFO - Setting next_dagrun for example_branch_dop_operator_v3 to 2024-03-25 21:04:00+00:00, run_after=2024-03-25 21:05:00+00:00
[2024-03-25T21:05:27.796+0000] {processor.py:183} INFO - Processing /home/airflow/.local/lib/python3.8/site-packages/airflow/example_dags/example_branch_python_dop_operator_3.py took 0.158 seconds
[2024-03-25T21:05:58.071+0000] {processor.py:161} INFO - Started process (PID=289) to work on /home/airflow/.local/lib/python3.8/site-packages/airflow/example_dags/example_branch_python_dop_operator_3.py
[2024-03-25T21:05:58.073+0000] {processor.py:830} INFO - Processing file /home/airflow/.local/lib/python3.8/site-packages/airflow/example_dags/example_branch_python_dop_operator_3.py for tasks to queue
[2024-03-25T21:05:58.077+0000] {logging_mixin.py:188} INFO - [2024-03-25T21:05:58.076+0000] {dagbag.py:540} INFO - Filling up the DagBag from /home/airflow/.local/lib/python3.8/site-packages/airflow/example_dags/example_branch_python_dop_operator_3.py
[2024-03-25T21:05:58.093+0000] {processor.py:840} INFO - DAG(s) 'example_branch_dop_operator_v3' retrieved from /home/airflow/.local/lib/python3.8/site-packages/airflow/example_dags/example_branch_python_dop_operator_3.py
[2024-03-25T21:05:58.135+0000] {logging_mixin.py:188} INFO - [2024-03-25T21:05:58.135+0000] {dag.py:3047} INFO - Sync 1 DAGs
[2024-03-25T21:05:58.199+0000] {logging_mixin.py:188} INFO - [2024-03-25T21:05:58.199+0000] {dag.py:3834} INFO - Setting next_dagrun for example_branch_dop_operator_v3 to 2024-03-25 21:04:00+00:00, run_after=2024-03-25 21:05:00+00:00
[2024-03-25T21:05:58.240+0000] {processor.py:183} INFO - Processing /home/airflow/.local/lib/python3.8/site-packages/airflow/example_dags/example_branch_python_dop_operator_3.py took 0.176 seconds
[2024-03-25T21:06:29.125+0000] {processor.py:161} INFO - Started process (PID=344) to work on /home/airflow/.local/lib/python3.8/site-packages/airflow/example_dags/example_branch_python_dop_operator_3.py
[2024-03-25T21:06:29.127+0000] {processor.py:830} INFO - Processing file /home/airflow/.local/lib/python3.8/site-packages/airflow/example_dags/example_branch_python_dop_operator_3.py for tasks to queue
[2024-03-25T21:06:29.131+0000] {logging_mixin.py:188} INFO - [2024-03-25T21:06:29.130+0000] {dagbag.py:540} INFO - Filling up the DagBag from /home/airflow/.local/lib/python3.8/site-packages/airflow/example_dags/example_branch_python_dop_operator_3.py
[2024-03-25T21:06:29.152+0000] {processor.py:840} INFO - DAG(s) 'example_branch_dop_operator_v3' retrieved from /home/airflow/.local/lib/python3.8/site-packages/airflow/example_dags/example_branch_python_dop_operator_3.py
[2024-03-25T21:06:29.195+0000] {logging_mixin.py:188} INFO - [2024-03-25T21:06:29.194+0000] {dag.py:3047} INFO - Sync 1 DAGs
[2024-03-25T21:06:29.250+0000] {logging_mixin.py:188} INFO - [2024-03-25T21:06:29.249+0000] {dag.py:3834} INFO - Setting next_dagrun for example_branch_dop_operator_v3 to 2024-03-25 21:05:00+00:00, run_after=2024-03-25 21:06:00+00:00
[2024-03-25T21:06:29.286+0000] {processor.py:183} INFO - Processing /home/airflow/.local/lib/python3.8/site-packages/airflow/example_dags/example_branch_python_dop_operator_3.py took 0.166 seconds
[2024-03-25T21:06:59.449+0000] {processor.py:161} INFO - Started process (PID=399) to work on /home/airflow/.local/lib/python3.8/site-packages/airflow/example_dags/example_branch_python_dop_operator_3.py
[2024-03-25T21:06:59.451+0000] {processor.py:830} INFO - Processing file /home/airflow/.local/lib/python3.8/site-packages/airflow/example_dags/example_branch_python_dop_operator_3.py for tasks to queue
[2024-03-25T21:06:59.456+0000] {logging_mixin.py:188} INFO - [2024-03-25T21:06:59.455+0000] {dagbag.py:540} INFO - Filling up the DagBag from /home/airflow/.local/lib/python3.8/site-packages/airflow/example_dags/example_branch_python_dop_operator_3.py
[2024-03-25T21:06:59.473+0000] {processor.py:840} INFO - DAG(s) 'example_branch_dop_operator_v3' retrieved from /home/airflow/.local/lib/python3.8/site-packages/airflow/example_dags/example_branch_python_dop_operator_3.py
[2024-03-25T21:06:59.507+0000] {logging_mixin.py:188} INFO - [2024-03-25T21:06:59.506+0000] {dag.py:3047} INFO - Sync 1 DAGs
[2024-03-25T21:06:59.552+0000] {logging_mixin.py:188} INFO - [2024-03-25T21:06:59.551+0000] {dag.py:3834} INFO - Setting next_dagrun for example_branch_dop_operator_v3 to 2024-03-25 21:05:00+00:00, run_after=2024-03-25 21:06:00+00:00
[2024-03-25T21:06:59.582+0000] {processor.py:183} INFO - Processing /home/airflow/.local/lib/python3.8/site-packages/airflow/example_dags/example_branch_python_dop_operator_3.py took 0.138 seconds
[2024-03-25T21:07:29.731+0000] {processor.py:161} INFO - Started process (PID=454) to work on /home/airflow/.local/lib/python3.8/site-packages/airflow/example_dags/example_branch_python_dop_operator_3.py
[2024-03-25T21:07:29.733+0000] {processor.py:830} INFO - Processing file /home/airflow/.local/lib/python3.8/site-packages/airflow/example_dags/example_branch_python_dop_operator_3.py for tasks to queue
[2024-03-25T21:07:29.737+0000] {logging_mixin.py:188} INFO - [2024-03-25T21:07:29.737+0000] {dagbag.py:540} INFO - Filling up the DagBag from /home/airflow/.local/lib/python3.8/site-packages/airflow/example_dags/example_branch_python_dop_operator_3.py
[2024-03-25T21:07:29.753+0000] {processor.py:840} INFO - DAG(s) 'example_branch_dop_operator_v3' retrieved from /home/airflow/.local/lib/python3.8/site-packages/airflow/example_dags/example_branch_python_dop_operator_3.py
[2024-03-25T21:07:29.786+0000] {logging_mixin.py:188} INFO - [2024-03-25T21:07:29.785+0000] {dag.py:3047} INFO - Sync 1 DAGs
[2024-03-25T21:07:29.832+0000] {logging_mixin.py:188} INFO - [2024-03-25T21:07:29.832+0000] {dag.py:3834} INFO - Setting next_dagrun for example_branch_dop_operator_v3 to 2024-03-25 21:06:00+00:00, run_after=2024-03-25 21:07:00+00:00
[2024-03-25T21:07:29.862+0000] {processor.py:183} INFO - Processing /home/airflow/.local/lib/python3.8/site-packages/airflow/example_dags/example_branch_python_dop_operator_3.py took 0.137 seconds
[2024-03-25T21:07:59.919+0000] {processor.py:161} INFO - Started process (PID=509) to work on /home/airflow/.local/lib/python3.8/site-packages/airflow/example_dags/example_branch_python_dop_operator_3.py
[2024-03-25T21:07:59.921+0000] {processor.py:830} INFO - Processing file /home/airflow/.local/lib/python3.8/site-packages/airflow/example_dags/example_branch_python_dop_operator_3.py for tasks to queue
[2024-03-25T21:07:59.924+0000] {logging_mixin.py:188} INFO - [2024-03-25T21:07:59.924+0000] {dagbag.py:540} INFO - Filling up the DagBag from /home/airflow/.local/lib/python3.8/site-packages/airflow/example_dags/example_branch_python_dop_operator_3.py
[2024-03-25T21:07:59.940+0000] {processor.py:840} INFO - DAG(s) 'example_branch_dop_operator_v3' retrieved from /home/airflow/.local/lib/python3.8/site-packages/airflow/example_dags/example_branch_python_dop_operator_3.py
[2024-03-25T21:07:59.976+0000] {logging_mixin.py:188} INFO - [2024-03-25T21:07:59.976+0000] {dag.py:3047} INFO - Sync 1 DAGs
[2024-03-25T21:08:00.024+0000] {logging_mixin.py:188} INFO - [2024-03-25T21:08:00.023+0000] {dag.py:3834} INFO - Setting next_dagrun for example_branch_dop_operator_v3 to 2024-03-25 21:07:00+00:00, run_after=2024-03-25 21:08:00+00:00
[2024-03-25T21:08:00.054+0000] {processor.py:183} INFO - Processing /home/airflow/.local/lib/python3.8/site-packages/airflow/example_dags/example_branch_python_dop_operator_3.py took 0.139 seconds
[2024-03-25T21:09:43.158+0000] {processor.py:161} INFO - Started process (PID=64) to work on /home/airflow/.local/lib/python3.8/site-packages/airflow/example_dags/example_branch_python_dop_operator_3.py
[2024-03-25T21:09:43.160+0000] {processor.py:830} INFO - Processing file /home/airflow/.local/lib/python3.8/site-packages/airflow/example_dags/example_branch_python_dop_operator_3.py for tasks to queue
[2024-03-25T21:09:43.163+0000] {logging_mixin.py:188} INFO - [2024-03-25T21:09:43.163+0000] {dagbag.py:540} INFO - Filling up the DagBag from /home/airflow/.local/lib/python3.8/site-packages/airflow/example_dags/example_branch_python_dop_operator_3.py
[2024-03-25T21:09:43.178+0000] {processor.py:840} INFO - DAG(s) 'example_branch_dop_operator_v3' retrieved from /home/airflow/.local/lib/python3.8/site-packages/airflow/example_dags/example_branch_python_dop_operator_3.py
[2024-03-25T21:09:43.375+0000] {logging_mixin.py:188} INFO - [2024-03-25T21:09:43.375+0000] {dag.py:3047} INFO - Sync 1 DAGs
[2024-03-25T21:09:43.437+0000] {logging_mixin.py:188} INFO - [2024-03-25T21:09:43.437+0000] {dag.py:3834} INFO - Setting next_dagrun for example_branch_dop_operator_v3 to 2024-03-25 21:08:00+00:00, run_after=2024-03-25 21:09:00+00:00
[2024-03-25T21:09:43.490+0000] {processor.py:183} INFO - Processing /home/airflow/.local/lib/python3.8/site-packages/airflow/example_dags/example_branch_python_dop_operator_3.py took 0.337 seconds
[2024-03-25T21:10:14.225+0000] {processor.py:161} INFO - Started process (PID=120) to work on /home/airflow/.local/lib/python3.8/site-packages/airflow/example_dags/example_branch_python_dop_operator_3.py
[2024-03-25T21:10:14.228+0000] {processor.py:830} INFO - Processing file /home/airflow/.local/lib/python3.8/site-packages/airflow/example_dags/example_branch_python_dop_operator_3.py for tasks to queue
[2024-03-25T21:10:14.231+0000] {logging_mixin.py:188} INFO - [2024-03-25T21:10:14.230+0000] {dagbag.py:540} INFO - Filling up the DagBag from /home/airflow/.local/lib/python3.8/site-packages/airflow/example_dags/example_branch_python_dop_operator_3.py
[2024-03-25T21:10:14.248+0000] {processor.py:840} INFO - DAG(s) 'example_branch_dop_operator_v3' retrieved from /home/airflow/.local/lib/python3.8/site-packages/airflow/example_dags/example_branch_python_dop_operator_3.py
[2024-03-25T21:10:14.284+0000] {logging_mixin.py:188} INFO - [2024-03-25T21:10:14.284+0000] {dag.py:3047} INFO - Sync 1 DAGs
[2024-03-25T21:10:14.327+0000] {logging_mixin.py:188} INFO - [2024-03-25T21:10:14.327+0000] {dag.py:3834} INFO - Setting next_dagrun for example_branch_dop_operator_v3 to 2024-03-25 21:09:00+00:00, run_after=2024-03-25 21:10:00+00:00
[2024-03-25T21:10:14.371+0000] {processor.py:183} INFO - Processing /home/airflow/.local/lib/python3.8/site-packages/airflow/example_dags/example_branch_python_dop_operator_3.py took 0.151 seconds
[2024-03-25T21:10:44.591+0000] {processor.py:161} INFO - Started process (PID=176) to work on /home/airflow/.local/lib/python3.8/site-packages/airflow/example_dags/example_branch_python_dop_operator_3.py
[2024-03-25T21:10:44.593+0000] {processor.py:830} INFO - Processing file /home/airflow/.local/lib/python3.8/site-packages/airflow/example_dags/example_branch_python_dop_operator_3.py for tasks to queue
[2024-03-25T21:10:44.596+0000] {logging_mixin.py:188} INFO - [2024-03-25T21:10:44.596+0000] {dagbag.py:540} INFO - Filling up the DagBag from /home/airflow/.local/lib/python3.8/site-packages/airflow/example_dags/example_branch_python_dop_operator_3.py
[2024-03-25T21:10:44.616+0000] {processor.py:840} INFO - DAG(s) 'example_branch_dop_operator_v3' retrieved from /home/airflow/.local/lib/python3.8/site-packages/airflow/example_dags/example_branch_python_dop_operator_3.py
[2024-03-25T21:10:44.651+0000] {logging_mixin.py:188} INFO - [2024-03-25T21:10:44.651+0000] {dag.py:3047} INFO - Sync 1 DAGs
[2024-03-25T21:10:44.694+0000] {logging_mixin.py:188} INFO - [2024-03-25T21:10:44.693+0000] {dag.py:3834} INFO - Setting next_dagrun for example_branch_dop_operator_v3 to 2024-03-25 21:09:00+00:00, run_after=2024-03-25 21:10:00+00:00
[2024-03-25T21:10:44.723+0000] {processor.py:183} INFO - Processing /home/airflow/.local/lib/python3.8/site-packages/airflow/example_dags/example_branch_python_dop_operator_3.py took 0.137 seconds
[2024-03-25T21:11:15.085+0000] {processor.py:161} INFO - Started process (PID=232) to work on /home/airflow/.local/lib/python3.8/site-packages/airflow/example_dags/example_branch_python_dop_operator_3.py
[2024-03-25T21:11:15.087+0000] {processor.py:830} INFO - Processing file /home/airflow/.local/lib/python3.8/site-packages/airflow/example_dags/example_branch_python_dop_operator_3.py for tasks to queue
[2024-03-25T21:11:15.090+0000] {logging_mixin.py:188} INFO - [2024-03-25T21:11:15.090+0000] {dagbag.py:540} INFO - Filling up the DagBag from /home/airflow/.local/lib/python3.8/site-packages/airflow/example_dags/example_branch_python_dop_operator_3.py
[2024-03-25T21:11:15.106+0000] {processor.py:840} INFO - DAG(s) 'example_branch_dop_operator_v3' retrieved from /home/airflow/.local/lib/python3.8/site-packages/airflow/example_dags/example_branch_python_dop_operator_3.py
[2024-03-25T21:11:15.139+0000] {logging_mixin.py:188} INFO - [2024-03-25T21:11:15.139+0000] {dag.py:3047} INFO - Sync 1 DAGs
[2024-03-25T21:11:15.185+0000] {logging_mixin.py:188} INFO - [2024-03-25T21:11:15.184+0000] {dag.py:3834} INFO - Setting next_dagrun for example_branch_dop_operator_v3 to 2024-03-25 21:10:00+00:00, run_after=2024-03-25 21:11:00+00:00
[2024-03-25T21:11:15.236+0000] {processor.py:183} INFO - Processing /home/airflow/.local/lib/python3.8/site-packages/airflow/example_dags/example_branch_python_dop_operator_3.py took 0.158 seconds
[2024-03-25T21:11:45.318+0000] {processor.py:161} INFO - Started process (PID=288) to work on /home/airflow/.local/lib/python3.8/site-packages/airflow/example_dags/example_branch_python_dop_operator_3.py
[2024-03-25T21:11:45.320+0000] {processor.py:830} INFO - Processing file /home/airflow/.local/lib/python3.8/site-packages/airflow/example_dags/example_branch_python_dop_operator_3.py for tasks to queue
[2024-03-25T21:11:45.323+0000] {logging_mixin.py:188} INFO - [2024-03-25T21:11:45.322+0000] {dagbag.py:540} INFO - Filling up the DagBag from /home/airflow/.local/lib/python3.8/site-packages/airflow/example_dags/example_branch_python_dop_operator_3.py
[2024-03-25T21:11:45.338+0000] {processor.py:840} INFO - DAG(s) 'example_branch_dop_operator_v3' retrieved from /home/airflow/.local/lib/python3.8/site-packages/airflow/example_dags/example_branch_python_dop_operator_3.py
[2024-03-25T21:11:45.371+0000] {logging_mixin.py:188} INFO - [2024-03-25T21:11:45.371+0000] {dag.py:3047} INFO - Sync 1 DAGs
[2024-03-25T21:11:45.415+0000] {logging_mixin.py:188} INFO - [2024-03-25T21:11:45.415+0000] {dag.py:3834} INFO - Setting next_dagrun for example_branch_dop_operator_v3 to 2024-03-25 21:10:00+00:00, run_after=2024-03-25 21:11:00+00:00
[2024-03-25T21:11:45.444+0000] {processor.py:183} INFO - Processing /home/airflow/.local/lib/python3.8/site-packages/airflow/example_dags/example_branch_python_dop_operator_3.py took 0.132 seconds
[2024-03-25T21:12:16.198+0000] {processor.py:161} INFO - Started process (PID=344) to work on /home/airflow/.local/lib/python3.8/site-packages/airflow/example_dags/example_branch_python_dop_operator_3.py
[2024-03-25T21:12:16.200+0000] {processor.py:830} INFO - Processing file /home/airflow/.local/lib/python3.8/site-packages/airflow/example_dags/example_branch_python_dop_operator_3.py for tasks to queue
[2024-03-25T21:12:16.203+0000] {logging_mixin.py:188} INFO - [2024-03-25T21:12:16.203+0000] {dagbag.py:540} INFO - Filling up the DagBag from /home/airflow/.local/lib/python3.8/site-packages/airflow/example_dags/example_branch_python_dop_operator_3.py
[2024-03-25T21:12:16.218+0000] {processor.py:840} INFO - DAG(s) 'example_branch_dop_operator_v3' retrieved from /home/airflow/.local/lib/python3.8/site-packages/airflow/example_dags/example_branch_python_dop_operator_3.py
[2024-03-25T21:12:16.259+0000] {logging_mixin.py:188} INFO - [2024-03-25T21:12:16.258+0000] {dag.py:3047} INFO - Sync 1 DAGs
[2024-03-25T21:12:16.304+0000] {logging_mixin.py:188} INFO - [2024-03-25T21:12:16.303+0000] {dag.py:3834} INFO - Setting next_dagrun for example_branch_dop_operator_v3 to 2024-03-25 21:11:00+00:00, run_after=2024-03-25 21:12:00+00:00
[2024-03-25T21:12:16.341+0000] {processor.py:183} INFO - Processing /home/airflow/.local/lib/python3.8/site-packages/airflow/example_dags/example_branch_python_dop_operator_3.py took 0.149 seconds
[2024-03-25T21:12:46.646+0000] {processor.py:161} INFO - Started process (PID=400) to work on /home/airflow/.local/lib/python3.8/site-packages/airflow/example_dags/example_branch_python_dop_operator_3.py
[2024-03-25T21:12:46.648+0000] {processor.py:830} INFO - Processing file /home/airflow/.local/lib/python3.8/site-packages/airflow/example_dags/example_branch_python_dop_operator_3.py for tasks to queue
[2024-03-25T21:12:46.651+0000] {logging_mixin.py:188} INFO - [2024-03-25T21:12:46.651+0000] {dagbag.py:540} INFO - Filling up the DagBag from /home/airflow/.local/lib/python3.8/site-packages/airflow/example_dags/example_branch_python_dop_operator_3.py
[2024-03-25T21:12:46.665+0000] {processor.py:840} INFO - DAG(s) 'example_branch_dop_operator_v3' retrieved from /home/airflow/.local/lib/python3.8/site-packages/airflow/example_dags/example_branch_python_dop_operator_3.py
[2024-03-25T21:12:46.697+0000] {logging_mixin.py:188} INFO - [2024-03-25T21:12:46.696+0000] {dag.py:3047} INFO - Sync 1 DAGs
[2024-03-25T21:12:46.739+0000] {logging_mixin.py:188} INFO - [2024-03-25T21:12:46.738+0000] {dag.py:3834} INFO - Setting next_dagrun for example_branch_dop_operator_v3 to 2024-03-25 21:11:00+00:00, run_after=2024-03-25 21:12:00+00:00
[2024-03-25T21:12:46.768+0000] {processor.py:183} INFO - Processing /home/airflow/.local/lib/python3.8/site-packages/airflow/example_dags/example_branch_python_dop_operator_3.py took 0.128 seconds
[2024-03-25T21:13:17.497+0000] {processor.py:161} INFO - Started process (PID=456) to work on /home/airflow/.local/lib/python3.8/site-packages/airflow/example_dags/example_branch_python_dop_operator_3.py
[2024-03-25T21:13:17.499+0000] {processor.py:830} INFO - Processing file /home/airflow/.local/lib/python3.8/site-packages/airflow/example_dags/example_branch_python_dop_operator_3.py for tasks to queue
[2024-03-25T21:13:17.502+0000] {logging_mixin.py:188} INFO - [2024-03-25T21:13:17.502+0000] {dagbag.py:540} INFO - Filling up the DagBag from /home/airflow/.local/lib/python3.8/site-packages/airflow/example_dags/example_branch_python_dop_operator_3.py
[2024-03-25T21:13:17.516+0000] {processor.py:840} INFO - DAG(s) 'example_branch_dop_operator_v3' retrieved from /home/airflow/.local/lib/python3.8/site-packages/airflow/example_dags/example_branch_python_dop_operator_3.py
[2024-03-25T21:13:17.548+0000] {logging_mixin.py:188} INFO - [2024-03-25T21:13:17.547+0000] {dag.py:3047} INFO - Sync 1 DAGs
[2024-03-25T21:13:17.589+0000] {logging_mixin.py:188} INFO - [2024-03-25T21:13:17.589+0000] {dag.py:3834} INFO - Setting next_dagrun for example_branch_dop_operator_v3 to 2024-03-25 21:12:00+00:00, run_after=2024-03-25 21:13:00+00:00
[2024-03-25T21:13:17.621+0000] {processor.py:183} INFO - Processing /home/airflow/.local/lib/python3.8/site-packages/airflow/example_dags/example_branch_python_dop_operator_3.py took 0.129 seconds
[2024-03-25T21:13:47.954+0000] {processor.py:161} INFO - Started process (PID=512) to work on /home/airflow/.local/lib/python3.8/site-packages/airflow/example_dags/example_branch_python_dop_operator_3.py
[2024-03-25T21:13:47.956+0000] {processor.py:830} INFO - Processing file /home/airflow/.local/lib/python3.8/site-packages/airflow/example_dags/example_branch_python_dop_operator_3.py for tasks to queue
[2024-03-25T21:13:47.960+0000] {logging_mixin.py:188} INFO - [2024-03-25T21:13:47.959+0000] {dagbag.py:540} INFO - Filling up the DagBag from /home/airflow/.local/lib/python3.8/site-packages/airflow/example_dags/example_branch_python_dop_operator_3.py
[2024-03-25T21:13:47.975+0000] {processor.py:840} INFO - DAG(s) 'example_branch_dop_operator_v3' retrieved from /home/airflow/.local/lib/python3.8/site-packages/airflow/example_dags/example_branch_python_dop_operator_3.py
[2024-03-25T21:13:48.007+0000] {logging_mixin.py:188} INFO - [2024-03-25T21:13:48.007+0000] {dag.py:3047} INFO - Sync 1 DAGs
[2024-03-25T21:13:48.052+0000] {logging_mixin.py:188} INFO - [2024-03-25T21:13:48.051+0000] {dag.py:3834} INFO - Setting next_dagrun for example_branch_dop_operator_v3 to 2024-03-25 21:12:00+00:00, run_after=2024-03-25 21:13:00+00:00
[2024-03-25T21:13:48.085+0000] {processor.py:183} INFO - Processing /home/airflow/.local/lib/python3.8/site-packages/airflow/example_dags/example_branch_python_dop_operator_3.py took 0.136 seconds
[2024-03-25T21:14:18.962+0000] {processor.py:161} INFO - Started process (PID=574) to work on /home/airflow/.local/lib/python3.8/site-packages/airflow/example_dags/example_branch_python_dop_operator_3.py
[2024-03-25T21:14:18.963+0000] {processor.py:830} INFO - Processing file /home/airflow/.local/lib/python3.8/site-packages/airflow/example_dags/example_branch_python_dop_operator_3.py for tasks to queue
[2024-03-25T21:14:18.967+0000] {logging_mixin.py:188} INFO - [2024-03-25T21:14:18.966+0000] {dagbag.py:540} INFO - Filling up the DagBag from /home/airflow/.local/lib/python3.8/site-packages/airflow/example_dags/example_branch_python_dop_operator_3.py
[2024-03-25T21:14:18.981+0000] {processor.py:840} INFO - DAG(s) 'example_branch_dop_operator_v3' retrieved from /home/airflow/.local/lib/python3.8/site-packages/airflow/example_dags/example_branch_python_dop_operator_3.py
[2024-03-25T21:14:19.013+0000] {logging_mixin.py:188} INFO - [2024-03-25T21:14:19.013+0000] {dag.py:3047} INFO - Sync 1 DAGs
[2024-03-25T21:14:19.056+0000] {logging_mixin.py:188} INFO - [2024-03-25T21:14:19.055+0000] {dag.py:3834} INFO - Setting next_dagrun for example_branch_dop_operator_v3 to 2024-03-25 21:13:00+00:00, run_after=2024-03-25 21:14:00+00:00
[2024-03-25T21:14:19.087+0000] {processor.py:183} INFO - Processing /home/airflow/.local/lib/python3.8/site-packages/airflow/example_dags/example_branch_python_dop_operator_3.py took 0.131 seconds
[2024-03-25T21:14:49.663+0000] {processor.py:161} INFO - Started process (PID=630) to work on /home/airflow/.local/lib/python3.8/site-packages/airflow/example_dags/example_branch_python_dop_operator_3.py
[2024-03-25T21:14:49.674+0000] {processor.py:830} INFO - Processing file /home/airflow/.local/lib/python3.8/site-packages/airflow/example_dags/example_branch_python_dop_operator_3.py for tasks to queue
[2024-03-25T21:14:49.679+0000] {logging_mixin.py:188} INFO - [2024-03-25T21:14:49.678+0000] {dagbag.py:540} INFO - Filling up the DagBag from /home/airflow/.local/lib/python3.8/site-packages/airflow/example_dags/example_branch_python_dop_operator_3.py
[2024-03-25T21:14:49.705+0000] {processor.py:840} INFO - DAG(s) 'example_branch_dop_operator_v3' retrieved from /home/airflow/.local/lib/python3.8/site-packages/airflow/example_dags/example_branch_python_dop_operator_3.py
[2024-03-25T21:14:49.758+0000] {logging_mixin.py:188} INFO - [2024-03-25T21:14:49.757+0000] {dag.py:3047} INFO - Sync 1 DAGs
[2024-03-25T21:14:49.817+0000] {logging_mixin.py:188} INFO - [2024-03-25T21:14:49.816+0000] {dag.py:3834} INFO - Setting next_dagrun for example_branch_dop_operator_v3 to 2024-03-25 21:13:00+00:00, run_after=2024-03-25 21:14:00+00:00
[2024-03-25T21:14:49.858+0000] {processor.py:183} INFO - Processing /home/airflow/.local/lib/python3.8/site-packages/airflow/example_dags/example_branch_python_dop_operator_3.py took 0.204 seconds
[2024-03-25T21:15:20.110+0000] {processor.py:161} INFO - Started process (PID=686) to work on /home/airflow/.local/lib/python3.8/site-packages/airflow/example_dags/example_branch_python_dop_operator_3.py
[2024-03-25T21:15:20.113+0000] {processor.py:830} INFO - Processing file /home/airflow/.local/lib/python3.8/site-packages/airflow/example_dags/example_branch_python_dop_operator_3.py for tasks to queue
[2024-03-25T21:15:20.116+0000] {logging_mixin.py:188} INFO - [2024-03-25T21:15:20.116+0000] {dagbag.py:540} INFO - Filling up the DagBag from /home/airflow/.local/lib/python3.8/site-packages/airflow/example_dags/example_branch_python_dop_operator_3.py
[2024-03-25T21:15:20.134+0000] {processor.py:840} INFO - DAG(s) 'example_branch_dop_operator_v3' retrieved from /home/airflow/.local/lib/python3.8/site-packages/airflow/example_dags/example_branch_python_dop_operator_3.py
[2024-03-25T21:15:20.172+0000] {logging_mixin.py:188} INFO - [2024-03-25T21:15:20.171+0000] {dag.py:3047} INFO - Sync 1 DAGs
[2024-03-25T21:15:20.218+0000] {logging_mixin.py:188} INFO - [2024-03-25T21:15:20.217+0000] {dag.py:3834} INFO - Setting next_dagrun for example_branch_dop_operator_v3 to 2024-03-25 21:14:00+00:00, run_after=2024-03-25 21:15:00+00:00
[2024-03-25T21:15:20.247+0000] {processor.py:183} INFO - Processing /home/airflow/.local/lib/python3.8/site-packages/airflow/example_dags/example_branch_python_dop_operator_3.py took 0.145 seconds
[2024-03-25T21:15:50.698+0000] {processor.py:161} INFO - Started process (PID=742) to work on /home/airflow/.local/lib/python3.8/site-packages/airflow/example_dags/example_branch_python_dop_operator_3.py
[2024-03-25T21:15:50.700+0000] {processor.py:830} INFO - Processing file /home/airflow/.local/lib/python3.8/site-packages/airflow/example_dags/example_branch_python_dop_operator_3.py for tasks to queue
[2024-03-25T21:15:50.703+0000] {logging_mixin.py:188} INFO - [2024-03-25T21:15:50.702+0000] {dagbag.py:540} INFO - Filling up the DagBag from /home/airflow/.local/lib/python3.8/site-packages/airflow/example_dags/example_branch_python_dop_operator_3.py
[2024-03-25T21:15:50.717+0000] {processor.py:840} INFO - DAG(s) 'example_branch_dop_operator_v3' retrieved from /home/airflow/.local/lib/python3.8/site-packages/airflow/example_dags/example_branch_python_dop_operator_3.py
[2024-03-25T21:15:50.750+0000] {logging_mixin.py:188} INFO - [2024-03-25T21:15:50.749+0000] {dag.py:3047} INFO - Sync 1 DAGs
[2024-03-25T21:15:50.791+0000] {logging_mixin.py:188} INFO - [2024-03-25T21:15:50.790+0000] {dag.py:3834} INFO - Setting next_dagrun for example_branch_dop_operator_v3 to 2024-03-25 21:14:00+00:00, run_after=2024-03-25 21:15:00+00:00
[2024-03-25T21:15:50.820+0000] {processor.py:183} INFO - Processing /home/airflow/.local/lib/python3.8/site-packages/airflow/example_dags/example_branch_python_dop_operator_3.py took 0.127 seconds
[2024-03-25T21:16:21.089+0000] {processor.py:161} INFO - Started process (PID=798) to work on /home/airflow/.local/lib/python3.8/site-packages/airflow/example_dags/example_branch_python_dop_operator_3.py
[2024-03-25T21:16:21.091+0000] {processor.py:830} INFO - Processing file /home/airflow/.local/lib/python3.8/site-packages/airflow/example_dags/example_branch_python_dop_operator_3.py for tasks to queue
[2024-03-25T21:16:21.094+0000] {logging_mixin.py:188} INFO - [2024-03-25T21:16:21.094+0000] {dagbag.py:540} INFO - Filling up the DagBag from /home/airflow/.local/lib/python3.8/site-packages/airflow/example_dags/example_branch_python_dop_operator_3.py
[2024-03-25T21:16:21.108+0000] {processor.py:840} INFO - DAG(s) 'example_branch_dop_operator_v3' retrieved from /home/airflow/.local/lib/python3.8/site-packages/airflow/example_dags/example_branch_python_dop_operator_3.py
[2024-03-25T21:16:21.141+0000] {logging_mixin.py:188} INFO - [2024-03-25T21:16:21.140+0000] {dag.py:3047} INFO - Sync 1 DAGs
[2024-03-25T21:16:21.183+0000] {logging_mixin.py:188} INFO - [2024-03-25T21:16:21.183+0000] {dag.py:3834} INFO - Setting next_dagrun for example_branch_dop_operator_v3 to 2024-03-25 21:15:00+00:00, run_after=2024-03-25 21:16:00+00:00
[2024-03-25T21:16:21.212+0000] {processor.py:183} INFO - Processing /home/airflow/.local/lib/python3.8/site-packages/airflow/example_dags/example_branch_python_dop_operator_3.py took 0.128 seconds
[2024-03-25T21:16:51.585+0000] {processor.py:161} INFO - Started process (PID=854) to work on /home/airflow/.local/lib/python3.8/site-packages/airflow/example_dags/example_branch_python_dop_operator_3.py
[2024-03-25T21:16:51.587+0000] {processor.py:830} INFO - Processing file /home/airflow/.local/lib/python3.8/site-packages/airflow/example_dags/example_branch_python_dop_operator_3.py for tasks to queue
[2024-03-25T21:16:51.590+0000] {logging_mixin.py:188} INFO - [2024-03-25T21:16:51.590+0000] {dagbag.py:540} INFO - Filling up the DagBag from /home/airflow/.local/lib/python3.8/site-packages/airflow/example_dags/example_branch_python_dop_operator_3.py
[2024-03-25T21:16:51.605+0000] {processor.py:840} INFO - DAG(s) 'example_branch_dop_operator_v3' retrieved from /home/airflow/.local/lib/python3.8/site-packages/airflow/example_dags/example_branch_python_dop_operator_3.py
[2024-03-25T21:16:51.638+0000] {logging_mixin.py:188} INFO - [2024-03-25T21:16:51.637+0000] {dag.py:3047} INFO - Sync 1 DAGs
[2024-03-25T21:16:51.681+0000] {logging_mixin.py:188} INFO - [2024-03-25T21:16:51.680+0000] {dag.py:3834} INFO - Setting next_dagrun for example_branch_dop_operator_v3 to 2024-03-25 21:15:00+00:00, run_after=2024-03-25 21:16:00+00:00
[2024-03-25T21:16:51.709+0000] {processor.py:183} INFO - Processing /home/airflow/.local/lib/python3.8/site-packages/airflow/example_dags/example_branch_python_dop_operator_3.py took 0.129 seconds
[2024-03-25T21:17:21.991+0000] {processor.py:161} INFO - Started process (PID=910) to work on /home/airflow/.local/lib/python3.8/site-packages/airflow/example_dags/example_branch_python_dop_operator_3.py
[2024-03-25T21:17:21.992+0000] {processor.py:830} INFO - Processing file /home/airflow/.local/lib/python3.8/site-packages/airflow/example_dags/example_branch_python_dop_operator_3.py for tasks to queue
[2024-03-25T21:17:21.996+0000] {logging_mixin.py:188} INFO - [2024-03-25T21:17:21.995+0000] {dagbag.py:540} INFO - Filling up the DagBag from /home/airflow/.local/lib/python3.8/site-packages/airflow/example_dags/example_branch_python_dop_operator_3.py
[2024-03-25T21:17:22.011+0000] {processor.py:840} INFO - DAG(s) 'example_branch_dop_operator_v3' retrieved from /home/airflow/.local/lib/python3.8/site-packages/airflow/example_dags/example_branch_python_dop_operator_3.py
[2024-03-25T21:17:22.045+0000] {logging_mixin.py:188} INFO - [2024-03-25T21:17:22.044+0000] {dag.py:3047} INFO - Sync 1 DAGs
[2024-03-25T21:17:22.086+0000] {logging_mixin.py:188} INFO - [2024-03-25T21:17:22.086+0000] {dag.py:3834} INFO - Setting next_dagrun for example_branch_dop_operator_v3 to 2024-03-25 21:16:00+00:00, run_after=2024-03-25 21:17:00+00:00
[2024-03-25T21:17:22.115+0000] {processor.py:183} INFO - Processing /home/airflow/.local/lib/python3.8/site-packages/airflow/example_dags/example_branch_python_dop_operator_3.py took 0.129 seconds
[2024-03-25T21:17:52.943+0000] {processor.py:161} INFO - Started process (PID=966) to work on /home/airflow/.local/lib/python3.8/site-packages/airflow/example_dags/example_branch_python_dop_operator_3.py
[2024-03-25T21:17:52.945+0000] {processor.py:830} INFO - Processing file /home/airflow/.local/lib/python3.8/site-packages/airflow/example_dags/example_branch_python_dop_operator_3.py for tasks to queue
[2024-03-25T21:17:52.948+0000] {logging_mixin.py:188} INFO - [2024-03-25T21:17:52.947+0000] {dagbag.py:540} INFO - Filling up the DagBag from /home/airflow/.local/lib/python3.8/site-packages/airflow/example_dags/example_branch_python_dop_operator_3.py
[2024-03-25T21:17:52.962+0000] {processor.py:840} INFO - DAG(s) 'example_branch_dop_operator_v3' retrieved from /home/airflow/.local/lib/python3.8/site-packages/airflow/example_dags/example_branch_python_dop_operator_3.py
[2024-03-25T21:17:52.995+0000] {logging_mixin.py:188} INFO - [2024-03-25T21:17:52.994+0000] {dag.py:3047} INFO - Sync 1 DAGs
[2024-03-25T21:17:53.037+0000] {logging_mixin.py:188} INFO - [2024-03-25T21:17:53.037+0000] {dag.py:3834} INFO - Setting next_dagrun for example_branch_dop_operator_v3 to 2024-03-25 21:16:00+00:00, run_after=2024-03-25 21:17:00+00:00
[2024-03-25T21:17:53.065+0000] {processor.py:183} INFO - Processing /home/airflow/.local/lib/python3.8/site-packages/airflow/example_dags/example_branch_python_dop_operator_3.py took 0.127 seconds
[2024-03-25T21:18:23.547+0000] {processor.py:161} INFO - Started process (PID=1022) to work on /home/airflow/.local/lib/python3.8/site-packages/airflow/example_dags/example_branch_python_dop_operator_3.py
[2024-03-25T21:18:23.548+0000] {processor.py:830} INFO - Processing file /home/airflow/.local/lib/python3.8/site-packages/airflow/example_dags/example_branch_python_dop_operator_3.py for tasks to queue
[2024-03-25T21:18:23.551+0000] {logging_mixin.py:188} INFO - [2024-03-25T21:18:23.551+0000] {dagbag.py:540} INFO - Filling up the DagBag from /home/airflow/.local/lib/python3.8/site-packages/airflow/example_dags/example_branch_python_dop_operator_3.py
[2024-03-25T21:18:23.566+0000] {processor.py:840} INFO - DAG(s) 'example_branch_dop_operator_v3' retrieved from /home/airflow/.local/lib/python3.8/site-packages/airflow/example_dags/example_branch_python_dop_operator_3.py
[2024-03-25T21:18:23.597+0000] {logging_mixin.py:188} INFO - [2024-03-25T21:18:23.597+0000] {dag.py:3047} INFO - Sync 1 DAGs
[2024-03-25T21:18:23.642+0000] {logging_mixin.py:188} INFO - [2024-03-25T21:18:23.641+0000] {dag.py:3834} INFO - Setting next_dagrun for example_branch_dop_operator_v3 to 2024-03-25 21:17:00+00:00, run_after=2024-03-25 21:18:00+00:00
[2024-03-25T21:18:23.670+0000] {processor.py:183} INFO - Processing /home/airflow/.local/lib/python3.8/site-packages/airflow/example_dags/example_branch_python_dop_operator_3.py took 0.129 seconds
[2024-03-25T21:18:54.294+0000] {processor.py:161} INFO - Started process (PID=1077) to work on /home/airflow/.local/lib/python3.8/site-packages/airflow/example_dags/example_branch_python_dop_operator_3.py
[2024-03-25T21:18:54.296+0000] {processor.py:830} INFO - Processing file /home/airflow/.local/lib/python3.8/site-packages/airflow/example_dags/example_branch_python_dop_operator_3.py for tasks to queue
[2024-03-25T21:18:54.299+0000] {logging_mixin.py:188} INFO - [2024-03-25T21:18:54.298+0000] {dagbag.py:540} INFO - Filling up the DagBag from /home/airflow/.local/lib/python3.8/site-packages/airflow/example_dags/example_branch_python_dop_operator_3.py
[2024-03-25T21:18:54.314+0000] {processor.py:840} INFO - DAG(s) 'example_branch_dop_operator_v3' retrieved from /home/airflow/.local/lib/python3.8/site-packages/airflow/example_dags/example_branch_python_dop_operator_3.py
[2024-03-25T21:18:54.348+0000] {logging_mixin.py:188} INFO - [2024-03-25T21:18:54.347+0000] {dag.py:3047} INFO - Sync 1 DAGs
[2024-03-25T21:18:54.390+0000] {logging_mixin.py:188} INFO - [2024-03-25T21:18:54.389+0000] {dag.py:3834} INFO - Setting next_dagrun for example_branch_dop_operator_v3 to 2024-03-25 21:17:00+00:00, run_after=2024-03-25 21:18:00+00:00
[2024-03-25T21:18:54.419+0000] {processor.py:183} INFO - Processing /home/airflow/.local/lib/python3.8/site-packages/airflow/example_dags/example_branch_python_dop_operator_3.py took 0.130 seconds
[2024-03-25T21:19:24.617+0000] {processor.py:161} INFO - Started process (PID=1133) to work on /home/airflow/.local/lib/python3.8/site-packages/airflow/example_dags/example_branch_python_dop_operator_3.py
[2024-03-25T21:19:24.619+0000] {processor.py:830} INFO - Processing file /home/airflow/.local/lib/python3.8/site-packages/airflow/example_dags/example_branch_python_dop_operator_3.py for tasks to queue
[2024-03-25T21:19:24.622+0000] {logging_mixin.py:188} INFO - [2024-03-25T21:19:24.622+0000] {dagbag.py:540} INFO - Filling up the DagBag from /home/airflow/.local/lib/python3.8/site-packages/airflow/example_dags/example_branch_python_dop_operator_3.py
[2024-03-25T21:19:24.637+0000] {processor.py:840} INFO - DAG(s) 'example_branch_dop_operator_v3' retrieved from /home/airflow/.local/lib/python3.8/site-packages/airflow/example_dags/example_branch_python_dop_operator_3.py
[2024-03-25T21:19:24.673+0000] {logging_mixin.py:188} INFO - [2024-03-25T21:19:24.672+0000] {dag.py:3047} INFO - Sync 1 DAGs
[2024-03-25T21:19:24.715+0000] {logging_mixin.py:188} INFO - [2024-03-25T21:19:24.714+0000] {dag.py:3834} INFO - Setting next_dagrun for example_branch_dop_operator_v3 to 2024-03-25 21:18:00+00:00, run_after=2024-03-25 21:19:00+00:00
[2024-03-25T21:19:24.743+0000] {processor.py:183} INFO - Processing /home/airflow/.local/lib/python3.8/site-packages/airflow/example_dags/example_branch_python_dop_operator_3.py took 0.132 seconds
[2024-03-25T21:19:54.904+0000] {processor.py:161} INFO - Started process (PID=1188) to work on /home/airflow/.local/lib/python3.8/site-packages/airflow/example_dags/example_branch_python_dop_operator_3.py
[2024-03-25T21:19:54.906+0000] {processor.py:830} INFO - Processing file /home/airflow/.local/lib/python3.8/site-packages/airflow/example_dags/example_branch_python_dop_operator_3.py for tasks to queue
[2024-03-25T21:19:54.909+0000] {logging_mixin.py:188} INFO - [2024-03-25T21:19:54.908+0000] {dagbag.py:540} INFO - Filling up the DagBag from /home/airflow/.local/lib/python3.8/site-packages/airflow/example_dags/example_branch_python_dop_operator_3.py
[2024-03-25T21:19:54.924+0000] {processor.py:840} INFO - DAG(s) 'example_branch_dop_operator_v3' retrieved from /home/airflow/.local/lib/python3.8/site-packages/airflow/example_dags/example_branch_python_dop_operator_3.py
[2024-03-25T21:19:54.955+0000] {logging_mixin.py:188} INFO - [2024-03-25T21:19:54.955+0000] {dag.py:3047} INFO - Sync 1 DAGs
[2024-03-25T21:19:54.997+0000] {logging_mixin.py:188} INFO - [2024-03-25T21:19:54.997+0000] {dag.py:3834} INFO - Setting next_dagrun for example_branch_dop_operator_v3 to 2024-03-25 21:18:00+00:00, run_after=2024-03-25 21:19:00+00:00
[2024-03-25T21:19:55.031+0000] {processor.py:183} INFO - Processing /home/airflow/.local/lib/python3.8/site-packages/airflow/example_dags/example_branch_python_dop_operator_3.py took 0.132 seconds
[2024-03-25T21:20:25.106+0000] {processor.py:161} INFO - Started process (PID=1244) to work on /home/airflow/.local/lib/python3.8/site-packages/airflow/example_dags/example_branch_python_dop_operator_3.py
[2024-03-25T21:20:25.108+0000] {processor.py:830} INFO - Processing file /home/airflow/.local/lib/python3.8/site-packages/airflow/example_dags/example_branch_python_dop_operator_3.py for tasks to queue
[2024-03-25T21:20:25.111+0000] {logging_mixin.py:188} INFO - [2024-03-25T21:20:25.110+0000] {dagbag.py:540} INFO - Filling up the DagBag from /home/airflow/.local/lib/python3.8/site-packages/airflow/example_dags/example_branch_python_dop_operator_3.py
[2024-03-25T21:20:25.125+0000] {processor.py:840} INFO - DAG(s) 'example_branch_dop_operator_v3' retrieved from /home/airflow/.local/lib/python3.8/site-packages/airflow/example_dags/example_branch_python_dop_operator_3.py
[2024-03-25T21:20:25.157+0000] {logging_mixin.py:188} INFO - [2024-03-25T21:20:25.157+0000] {dag.py:3047} INFO - Sync 1 DAGs
[2024-03-25T21:20:25.198+0000] {logging_mixin.py:188} INFO - [2024-03-25T21:20:25.198+0000] {dag.py:3834} INFO - Setting next_dagrun for example_branch_dop_operator_v3 to 2024-03-25 21:19:00+00:00, run_after=2024-03-25 21:20:00+00:00
[2024-03-25T21:20:25.229+0000] {processor.py:183} INFO - Processing /home/airflow/.local/lib/python3.8/site-packages/airflow/example_dags/example_branch_python_dop_operator_3.py took 0.127 seconds
[2024-03-25T21:26:49.838+0000] {processor.py:161} INFO - Started process (PID=1301) to work on /home/airflow/.local/lib/python3.8/site-packages/airflow/example_dags/example_branch_python_dop_operator_3.py
[2024-03-25T21:26:49.841+0000] {processor.py:830} INFO - Processing file /home/airflow/.local/lib/python3.8/site-packages/airflow/example_dags/example_branch_python_dop_operator_3.py for tasks to queue
[2024-03-25T21:26:49.845+0000] {logging_mixin.py:188} INFO - [2024-03-25T21:26:49.844+0000] {dagbag.py:540} INFO - Filling up the DagBag from /home/airflow/.local/lib/python3.8/site-packages/airflow/example_dags/example_branch_python_dop_operator_3.py
[2024-03-25T21:26:49.861+0000] {processor.py:840} INFO - DAG(s) 'example_branch_dop_operator_v3' retrieved from /home/airflow/.local/lib/python3.8/site-packages/airflow/example_dags/example_branch_python_dop_operator_3.py
[2024-03-25T21:26:49.899+0000] {logging_mixin.py:188} INFO - [2024-03-25T21:26:49.899+0000] {dag.py:3047} INFO - Sync 1 DAGs
[2024-03-25T21:26:49.982+0000] {logging_mixin.py:188} INFO - [2024-03-25T21:26:49.980+0000] {dag.py:3834} INFO - Setting next_dagrun for example_branch_dop_operator_v3 to 2024-03-25 21:25:00+00:00, run_after=2024-03-25 21:26:00+00:00
[2024-03-25T21:26:50.028+0000] {processor.py:183} INFO - Processing /home/airflow/.local/lib/python3.8/site-packages/airflow/example_dags/example_branch_python_dop_operator_3.py took 0.196 seconds
[2024-03-25T21:27:21.857+0000] {processor.py:161} INFO - Started process (PID=1357) to work on /home/airflow/.local/lib/python3.8/site-packages/airflow/example_dags/example_branch_python_dop_operator_3.py
[2024-03-25T21:27:21.863+0000] {processor.py:830} INFO - Processing file /home/airflow/.local/lib/python3.8/site-packages/airflow/example_dags/example_branch_python_dop_operator_3.py for tasks to queue
[2024-03-25T21:27:21.868+0000] {logging_mixin.py:188} INFO - [2024-03-25T21:27:21.867+0000] {dagbag.py:540} INFO - Filling up the DagBag from /home/airflow/.local/lib/python3.8/site-packages/airflow/example_dags/example_branch_python_dop_operator_3.py
[2024-03-25T21:27:21.901+0000] {processor.py:840} INFO - DAG(s) 'example_branch_dop_operator_v3' retrieved from /home/airflow/.local/lib/python3.8/site-packages/airflow/example_dags/example_branch_python_dop_operator_3.py
[2024-03-25T21:27:21.973+0000] {logging_mixin.py:188} INFO - [2024-03-25T21:27:21.972+0000] {dag.py:3047} INFO - Sync 1 DAGs
[2024-03-25T21:27:22.090+0000] {logging_mixin.py:188} INFO - [2024-03-25T21:27:22.090+0000] {dag.py:3834} INFO - Setting next_dagrun for example_branch_dop_operator_v3 to 2024-03-25 21:26:00+00:00, run_after=2024-03-25 21:27:00+00:00
[2024-03-25T21:27:22.160+0000] {processor.py:183} INFO - Processing /home/airflow/.local/lib/python3.8/site-packages/airflow/example_dags/example_branch_python_dop_operator_3.py took 0.321 seconds
[2024-03-25T21:27:52.377+0000] {processor.py:161} INFO - Started process (PID=1413) to work on /home/airflow/.local/lib/python3.8/site-packages/airflow/example_dags/example_branch_python_dop_operator_3.py
[2024-03-25T21:27:52.378+0000] {processor.py:830} INFO - Processing file /home/airflow/.local/lib/python3.8/site-packages/airflow/example_dags/example_branch_python_dop_operator_3.py for tasks to queue
[2024-03-25T21:27:52.381+0000] {logging_mixin.py:188} INFO - [2024-03-25T21:27:52.381+0000] {dagbag.py:540} INFO - Filling up the DagBag from /home/airflow/.local/lib/python3.8/site-packages/airflow/example_dags/example_branch_python_dop_operator_3.py
[2024-03-25T21:27:52.398+0000] {processor.py:840} INFO - DAG(s) 'example_branch_dop_operator_v3' retrieved from /home/airflow/.local/lib/python3.8/site-packages/airflow/example_dags/example_branch_python_dop_operator_3.py
[2024-03-25T21:27:52.437+0000] {logging_mixin.py:188} INFO - [2024-03-25T21:27:52.437+0000] {dag.py:3047} INFO - Sync 1 DAGs
[2024-03-25T21:27:52.491+0000] {logging_mixin.py:188} INFO - [2024-03-25T21:27:52.491+0000] {dag.py:3834} INFO - Setting next_dagrun for example_branch_dop_operator_v3 to 2024-03-25 21:26:00+00:00, run_after=2024-03-25 21:27:00+00:00
[2024-03-25T21:27:52.529+0000] {processor.py:183} INFO - Processing /home/airflow/.local/lib/python3.8/site-packages/airflow/example_dags/example_branch_python_dop_operator_3.py took 0.158 seconds
[2024-03-25T21:28:23.177+0000] {processor.py:161} INFO - Started process (PID=1469) to work on /home/airflow/.local/lib/python3.8/site-packages/airflow/example_dags/example_branch_python_dop_operator_3.py
[2024-03-25T21:28:23.179+0000] {processor.py:830} INFO - Processing file /home/airflow/.local/lib/python3.8/site-packages/airflow/example_dags/example_branch_python_dop_operator_3.py for tasks to queue
[2024-03-25T21:28:23.182+0000] {logging_mixin.py:188} INFO - [2024-03-25T21:28:23.182+0000] {dagbag.py:540} INFO - Filling up the DagBag from /home/airflow/.local/lib/python3.8/site-packages/airflow/example_dags/example_branch_python_dop_operator_3.py
[2024-03-25T21:28:23.197+0000] {processor.py:840} INFO - DAG(s) 'example_branch_dop_operator_v3' retrieved from /home/airflow/.local/lib/python3.8/site-packages/airflow/example_dags/example_branch_python_dop_operator_3.py
[2024-03-25T21:28:23.234+0000] {logging_mixin.py:188} INFO - [2024-03-25T21:28:23.234+0000] {dag.py:3047} INFO - Sync 1 DAGs
[2024-03-25T21:28:23.280+0000] {logging_mixin.py:188} INFO - [2024-03-25T21:28:23.279+0000] {dag.py:3834} INFO - Setting next_dagrun for example_branch_dop_operator_v3 to 2024-03-25 21:27:00+00:00, run_after=2024-03-25 21:28:00+00:00
[2024-03-25T21:28:23.311+0000] {processor.py:183} INFO - Processing /home/airflow/.local/lib/python3.8/site-packages/airflow/example_dags/example_branch_python_dop_operator_3.py took 0.139 seconds
