[2024-03-25T21:03:54.235+0000] {processor.py:161} INFO - Started process (PID=68) to work on /home/airflow/.local/lib/python3.8/site-packages/airflow/example_dags/example_datasets.py
[2024-03-25T21:03:54.240+0000] {processor.py:830} INFO - Processing file /home/airflow/.local/lib/python3.8/site-packages/airflow/example_dags/example_datasets.py for tasks to queue
[2024-03-25T21:03:54.253+0000] {logging_mixin.py:188} INFO - [2024-03-25T21:03:54.247+0000] {dagbag.py:540} INFO - Filling up the DagBag from /home/airflow/.local/lib/python3.8/site-packages/airflow/example_dags/example_datasets.py
[2024-03-25T21:03:54.428+0000] {processor.py:840} INFO - DAG(s) 'dataset_produces_1', 'dataset_consumes_1_and_2', 'dataset_produces_2', 'dataset_consumes_unknown_never_scheduled', 'dataset_consumes_1', 'dataset_consumes_1_never_scheduled' retrieved from /home/airflow/.local/lib/python3.8/site-packages/airflow/example_dags/example_datasets.py
[2024-03-25T21:03:54.624+0000] {logging_mixin.py:188} INFO - [2024-03-25T21:03:54.623+0000] {dag.py:3047} INFO - Sync 6 DAGs
[2024-03-25T21:03:54.747+0000] {logging_mixin.py:188} INFO - [2024-03-25T21:03:54.747+0000] {dag.py:3834} INFO - Setting next_dagrun for dataset_consumes_1 to None, run_after=None
[2024-03-25T21:03:54.762+0000] {logging_mixin.py:188} INFO - [2024-03-25T21:03:54.761+0000] {dag.py:3834} INFO - Setting next_dagrun for dataset_consumes_1_and_2 to None, run_after=None
[2024-03-25T21:03:54.767+0000] {logging_mixin.py:188} INFO - [2024-03-25T21:03:54.766+0000] {dag.py:3834} INFO - Setting next_dagrun for dataset_consumes_1_never_scheduled to None, run_after=None
[2024-03-25T21:03:54.778+0000] {logging_mixin.py:188} INFO - [2024-03-25T21:03:54.777+0000] {dag.py:3834} INFO - Setting next_dagrun for dataset_consumes_unknown_never_scheduled to None, run_after=None
[2024-03-25T21:03:54.790+0000] {logging_mixin.py:188} INFO - [2024-03-25T21:03:54.790+0000] {dag.py:3834} INFO - Setting next_dagrun for dataset_produces_1 to 2024-03-24 00:00:00+00:00, run_after=2024-03-25 00:00:00+00:00
[2024-03-25T21:03:54.794+0000] {logging_mixin.py:188} INFO - [2024-03-25T21:03:54.794+0000] {dag.py:3834} INFO - Setting next_dagrun for dataset_produces_2 to None, run_after=None
[2024-03-25T21:03:54.886+0000] {processor.py:183} INFO - Processing /home/airflow/.local/lib/python3.8/site-packages/airflow/example_dags/example_datasets.py took 0.704 seconds
[2024-03-25T21:04:25.267+0000] {processor.py:161} INFO - Started process (PID=123) to work on /home/airflow/.local/lib/python3.8/site-packages/airflow/example_dags/example_datasets.py
[2024-03-25T21:04:25.271+0000] {processor.py:830} INFO - Processing file /home/airflow/.local/lib/python3.8/site-packages/airflow/example_dags/example_datasets.py for tasks to queue
[2024-03-25T21:04:25.276+0000] {logging_mixin.py:188} INFO - [2024-03-25T21:04:25.275+0000] {dagbag.py:540} INFO - Filling up the DagBag from /home/airflow/.local/lib/python3.8/site-packages/airflow/example_dags/example_datasets.py
[2024-03-25T21:04:25.293+0000] {processor.py:840} INFO - DAG(s) 'dataset_produces_2', 'dataset_consumes_1', 'dataset_produces_1', 'dataset_consumes_1_never_scheduled', 'dataset_consumes_1_and_2', 'dataset_consumes_unknown_never_scheduled' retrieved from /home/airflow/.local/lib/python3.8/site-packages/airflow/example_dags/example_datasets.py
[2024-03-25T21:04:25.871+0000] {logging_mixin.py:188} INFO - [2024-03-25T21:04:25.871+0000] {dag.py:3047} INFO - Sync 6 DAGs
[2024-03-25T21:04:25.947+0000] {logging_mixin.py:188} INFO - [2024-03-25T21:04:25.947+0000] {dag.py:3834} INFO - Setting next_dagrun for dataset_consumes_1 to None, run_after=None
[2024-03-25T21:04:25.960+0000] {logging_mixin.py:188} INFO - [2024-03-25T21:04:25.959+0000] {dag.py:3834} INFO - Setting next_dagrun for dataset_consumes_1_and_2 to None, run_after=None
[2024-03-25T21:04:25.964+0000] {logging_mixin.py:188} INFO - [2024-03-25T21:04:25.963+0000] {dag.py:3834} INFO - Setting next_dagrun for dataset_consumes_1_never_scheduled to None, run_after=None
[2024-03-25T21:04:25.968+0000] {logging_mixin.py:188} INFO - [2024-03-25T21:04:25.967+0000] {dag.py:3834} INFO - Setting next_dagrun for dataset_consumes_unknown_never_scheduled to None, run_after=None
[2024-03-25T21:04:25.980+0000] {logging_mixin.py:188} INFO - [2024-03-25T21:04:25.979+0000] {dag.py:3834} INFO - Setting next_dagrun for dataset_produces_1 to 2024-03-24 00:00:00+00:00, run_after=2024-03-25 00:00:00+00:00
[2024-03-25T21:04:25.987+0000] {logging_mixin.py:188} INFO - [2024-03-25T21:04:25.986+0000] {dag.py:3834} INFO - Setting next_dagrun for dataset_produces_2 to None, run_after=None
[2024-03-25T21:04:26.086+0000] {processor.py:183} INFO - Processing /home/airflow/.local/lib/python3.8/site-packages/airflow/example_dags/example_datasets.py took 0.830 seconds
[2024-03-25T21:04:56.730+0000] {processor.py:161} INFO - Started process (PID=178) to work on /home/airflow/.local/lib/python3.8/site-packages/airflow/example_dags/example_datasets.py
[2024-03-25T21:04:56.732+0000] {processor.py:830} INFO - Processing file /home/airflow/.local/lib/python3.8/site-packages/airflow/example_dags/example_datasets.py for tasks to queue
[2024-03-25T21:04:56.735+0000] {logging_mixin.py:188} INFO - [2024-03-25T21:04:56.735+0000] {dagbag.py:540} INFO - Filling up the DagBag from /home/airflow/.local/lib/python3.8/site-packages/airflow/example_dags/example_datasets.py
[2024-03-25T21:04:56.750+0000] {processor.py:840} INFO - DAG(s) 'dataset_consumes_1', 'dataset_produces_1', 'dataset_consumes_1_and_2', 'dataset_consumes_1_never_scheduled', 'dataset_consumes_unknown_never_scheduled', 'dataset_produces_2' retrieved from /home/airflow/.local/lib/python3.8/site-packages/airflow/example_dags/example_datasets.py
[2024-03-25T21:04:56.806+0000] {logging_mixin.py:188} INFO - [2024-03-25T21:04:56.806+0000] {dag.py:3047} INFO - Sync 6 DAGs
[2024-03-25T21:04:56.842+0000] {logging_mixin.py:188} INFO - [2024-03-25T21:04:56.842+0000] {dag.py:3834} INFO - Setting next_dagrun for dataset_consumes_1 to None, run_after=None
[2024-03-25T21:04:56.848+0000] {logging_mixin.py:188} INFO - [2024-03-25T21:04:56.848+0000] {dag.py:3834} INFO - Setting next_dagrun for dataset_consumes_1_and_2 to None, run_after=None
[2024-03-25T21:04:56.851+0000] {logging_mixin.py:188} INFO - [2024-03-25T21:04:56.850+0000] {dag.py:3834} INFO - Setting next_dagrun for dataset_consumes_1_never_scheduled to None, run_after=None
[2024-03-25T21:04:56.853+0000] {logging_mixin.py:188} INFO - [2024-03-25T21:04:56.853+0000] {dag.py:3834} INFO - Setting next_dagrun for dataset_consumes_unknown_never_scheduled to None, run_after=None
[2024-03-25T21:04:56.858+0000] {logging_mixin.py:188} INFO - [2024-03-25T21:04:56.858+0000] {dag.py:3834} INFO - Setting next_dagrun for dataset_produces_1 to 2024-03-24 00:00:00+00:00, run_after=2024-03-25 00:00:00+00:00
[2024-03-25T21:04:56.861+0000] {logging_mixin.py:188} INFO - [2024-03-25T21:04:56.861+0000] {dag.py:3834} INFO - Setting next_dagrun for dataset_produces_2 to None, run_after=None
[2024-03-25T21:04:56.921+0000] {processor.py:183} INFO - Processing /home/airflow/.local/lib/python3.8/site-packages/airflow/example_dags/example_datasets.py took 0.197 seconds
[2024-03-25T21:05:27.470+0000] {processor.py:161} INFO - Started process (PID=233) to work on /home/airflow/.local/lib/python3.8/site-packages/airflow/example_dags/example_datasets.py
[2024-03-25T21:05:27.472+0000] {processor.py:830} INFO - Processing file /home/airflow/.local/lib/python3.8/site-packages/airflow/example_dags/example_datasets.py for tasks to queue
[2024-03-25T21:05:27.475+0000] {logging_mixin.py:188} INFO - [2024-03-25T21:05:27.475+0000] {dagbag.py:540} INFO - Filling up the DagBag from /home/airflow/.local/lib/python3.8/site-packages/airflow/example_dags/example_datasets.py
[2024-03-25T21:05:27.491+0000] {processor.py:840} INFO - DAG(s) 'dataset_produces_2', 'dataset_consumes_unknown_never_scheduled', 'dataset_consumes_1_never_scheduled', 'dataset_produces_1', 'dataset_consumes_1', 'dataset_consumes_1_and_2' retrieved from /home/airflow/.local/lib/python3.8/site-packages/airflow/example_dags/example_datasets.py
[2024-03-25T21:05:27.551+0000] {logging_mixin.py:188} INFO - [2024-03-25T21:05:27.551+0000] {dag.py:3047} INFO - Sync 6 DAGs
[2024-03-25T21:05:27.590+0000] {logging_mixin.py:188} INFO - [2024-03-25T21:05:27.590+0000] {dag.py:3834} INFO - Setting next_dagrun for dataset_consumes_1 to None, run_after=None
[2024-03-25T21:05:27.598+0000] {logging_mixin.py:188} INFO - [2024-03-25T21:05:27.598+0000] {dag.py:3834} INFO - Setting next_dagrun for dataset_consumes_1_and_2 to None, run_after=None
[2024-03-25T21:05:27.601+0000] {logging_mixin.py:188} INFO - [2024-03-25T21:05:27.601+0000] {dag.py:3834} INFO - Setting next_dagrun for dataset_consumes_1_never_scheduled to None, run_after=None
[2024-03-25T21:05:27.604+0000] {logging_mixin.py:188} INFO - [2024-03-25T21:05:27.604+0000] {dag.py:3834} INFO - Setting next_dagrun for dataset_consumes_unknown_never_scheduled to None, run_after=None
[2024-03-25T21:05:27.609+0000] {logging_mixin.py:188} INFO - [2024-03-25T21:05:27.609+0000] {dag.py:3834} INFO - Setting next_dagrun for dataset_produces_1 to 2024-03-24 00:00:00+00:00, run_after=2024-03-25 00:00:00+00:00
[2024-03-25T21:05:27.612+0000] {logging_mixin.py:188} INFO - [2024-03-25T21:05:27.612+0000] {dag.py:3834} INFO - Setting next_dagrun for dataset_produces_2 to None, run_after=None
[2024-03-25T21:05:27.686+0000] {processor.py:183} INFO - Processing /home/airflow/.local/lib/python3.8/site-packages/airflow/example_dags/example_datasets.py took 0.222 seconds
[2024-03-25T21:05:57.922+0000] {processor.py:161} INFO - Started process (PID=288) to work on /home/airflow/.local/lib/python3.8/site-packages/airflow/example_dags/example_datasets.py
[2024-03-25T21:05:57.924+0000] {processor.py:830} INFO - Processing file /home/airflow/.local/lib/python3.8/site-packages/airflow/example_dags/example_datasets.py for tasks to queue
[2024-03-25T21:05:57.926+0000] {logging_mixin.py:188} INFO - [2024-03-25T21:05:57.926+0000] {dagbag.py:540} INFO - Filling up the DagBag from /home/airflow/.local/lib/python3.8/site-packages/airflow/example_dags/example_datasets.py
[2024-03-25T21:05:57.942+0000] {processor.py:840} INFO - DAG(s) 'dataset_produces_2', 'dataset_produces_1', 'dataset_consumes_unknown_never_scheduled', 'dataset_consumes_1_never_scheduled', 'dataset_consumes_1_and_2', 'dataset_consumes_1' retrieved from /home/airflow/.local/lib/python3.8/site-packages/airflow/example_dags/example_datasets.py
[2024-03-25T21:05:58.000+0000] {logging_mixin.py:188} INFO - [2024-03-25T21:05:58.000+0000] {dag.py:3047} INFO - Sync 6 DAGs
[2024-03-25T21:05:58.035+0000] {logging_mixin.py:188} INFO - [2024-03-25T21:05:58.035+0000] {dag.py:3834} INFO - Setting next_dagrun for dataset_consumes_1 to None, run_after=None
[2024-03-25T21:05:58.041+0000] {logging_mixin.py:188} INFO - [2024-03-25T21:05:58.040+0000] {dag.py:3834} INFO - Setting next_dagrun for dataset_consumes_1_and_2 to None, run_after=None
[2024-03-25T21:05:58.043+0000] {logging_mixin.py:188} INFO - [2024-03-25T21:05:58.043+0000] {dag.py:3834} INFO - Setting next_dagrun for dataset_consumes_1_never_scheduled to None, run_after=None
[2024-03-25T21:05:58.046+0000] {logging_mixin.py:188} INFO - [2024-03-25T21:05:58.045+0000] {dag.py:3834} INFO - Setting next_dagrun for dataset_consumes_unknown_never_scheduled to None, run_after=None
[2024-03-25T21:05:58.051+0000] {logging_mixin.py:188} INFO - [2024-03-25T21:05:58.050+0000] {dag.py:3834} INFO - Setting next_dagrun for dataset_produces_1 to 2024-03-24 00:00:00+00:00, run_after=2024-03-25 00:00:00+00:00
[2024-03-25T21:05:58.054+0000] {logging_mixin.py:188} INFO - [2024-03-25T21:05:58.053+0000] {dag.py:3834} INFO - Setting next_dagrun for dataset_produces_2 to None, run_after=None
[2024-03-25T21:05:58.115+0000] {processor.py:183} INFO - Processing /home/airflow/.local/lib/python3.8/site-packages/airflow/example_dags/example_datasets.py took 0.199 seconds
[2024-03-25T21:06:28.914+0000] {processor.py:161} INFO - Started process (PID=343) to work on /home/airflow/.local/lib/python3.8/site-packages/airflow/example_dags/example_datasets.py
[2024-03-25T21:06:28.916+0000] {processor.py:830} INFO - Processing file /home/airflow/.local/lib/python3.8/site-packages/airflow/example_dags/example_datasets.py for tasks to queue
[2024-03-25T21:06:28.921+0000] {logging_mixin.py:188} INFO - [2024-03-25T21:06:28.921+0000] {dagbag.py:540} INFO - Filling up the DagBag from /home/airflow/.local/lib/python3.8/site-packages/airflow/example_dags/example_datasets.py
[2024-03-25T21:06:28.939+0000] {processor.py:840} INFO - DAG(s) 'dataset_produces_2', 'dataset_consumes_unknown_never_scheduled', 'dataset_consumes_1_and_2', 'dataset_consumes_1_never_scheduled', 'dataset_consumes_1', 'dataset_produces_1' retrieved from /home/airflow/.local/lib/python3.8/site-packages/airflow/example_dags/example_datasets.py
[2024-03-25T21:06:29.008+0000] {logging_mixin.py:188} INFO - [2024-03-25T21:06:29.008+0000] {dag.py:3047} INFO - Sync 6 DAGs
[2024-03-25T21:06:29.054+0000] {logging_mixin.py:188} INFO - [2024-03-25T21:06:29.054+0000] {dag.py:3834} INFO - Setting next_dagrun for dataset_consumes_1 to None, run_after=None
[2024-03-25T21:06:29.060+0000] {logging_mixin.py:188} INFO - [2024-03-25T21:06:29.060+0000] {dag.py:3834} INFO - Setting next_dagrun for dataset_consumes_1_and_2 to None, run_after=None
[2024-03-25T21:06:29.063+0000] {logging_mixin.py:188} INFO - [2024-03-25T21:06:29.063+0000] {dag.py:3834} INFO - Setting next_dagrun for dataset_consumes_1_never_scheduled to None, run_after=None
[2024-03-25T21:06:29.068+0000] {logging_mixin.py:188} INFO - [2024-03-25T21:06:29.067+0000] {dag.py:3834} INFO - Setting next_dagrun for dataset_consumes_unknown_never_scheduled to None, run_after=None
[2024-03-25T21:06:29.075+0000] {logging_mixin.py:188} INFO - [2024-03-25T21:06:29.074+0000] {dag.py:3834} INFO - Setting next_dagrun for dataset_produces_1 to 2024-03-24 00:00:00+00:00, run_after=2024-03-25 00:00:00+00:00
[2024-03-25T21:06:29.078+0000] {logging_mixin.py:188} INFO - [2024-03-25T21:06:29.077+0000] {dag.py:3834} INFO - Setting next_dagrun for dataset_produces_2 to None, run_after=None
[2024-03-25T21:06:29.142+0000] {processor.py:183} INFO - Processing /home/airflow/.local/lib/python3.8/site-packages/airflow/example_dags/example_datasets.py took 0.235 seconds
[2024-03-25T21:06:59.207+0000] {processor.py:161} INFO - Started process (PID=398) to work on /home/airflow/.local/lib/python3.8/site-packages/airflow/example_dags/example_datasets.py
[2024-03-25T21:06:59.209+0000] {processor.py:830} INFO - Processing file /home/airflow/.local/lib/python3.8/site-packages/airflow/example_dags/example_datasets.py for tasks to queue
[2024-03-25T21:06:59.212+0000] {logging_mixin.py:188} INFO - [2024-03-25T21:06:59.212+0000] {dagbag.py:540} INFO - Filling up the DagBag from /home/airflow/.local/lib/python3.8/site-packages/airflow/example_dags/example_datasets.py
[2024-03-25T21:06:59.230+0000] {processor.py:840} INFO - DAG(s) 'dataset_consumes_1', 'dataset_produces_2', 'dataset_consumes_unknown_never_scheduled', 'dataset_produces_1', 'dataset_consumes_1_and_2', 'dataset_consumes_1_never_scheduled' retrieved from /home/airflow/.local/lib/python3.8/site-packages/airflow/example_dags/example_datasets.py
[2024-03-25T21:06:59.296+0000] {logging_mixin.py:188} INFO - [2024-03-25T21:06:59.296+0000] {dag.py:3047} INFO - Sync 6 DAGs
[2024-03-25T21:06:59.331+0000] {logging_mixin.py:188} INFO - [2024-03-25T21:06:59.331+0000] {dag.py:3834} INFO - Setting next_dagrun for dataset_consumes_1 to None, run_after=None
[2024-03-25T21:06:59.339+0000] {logging_mixin.py:188} INFO - [2024-03-25T21:06:59.339+0000] {dag.py:3834} INFO - Setting next_dagrun for dataset_consumes_1_and_2 to None, run_after=None
[2024-03-25T21:06:59.341+0000] {logging_mixin.py:188} INFO - [2024-03-25T21:06:59.341+0000] {dag.py:3834} INFO - Setting next_dagrun for dataset_consumes_1_never_scheduled to None, run_after=None
[2024-03-25T21:06:59.344+0000] {logging_mixin.py:188} INFO - [2024-03-25T21:06:59.344+0000] {dag.py:3834} INFO - Setting next_dagrun for dataset_consumes_unknown_never_scheduled to None, run_after=None
[2024-03-25T21:06:59.349+0000] {logging_mixin.py:188} INFO - [2024-03-25T21:06:59.348+0000] {dag.py:3834} INFO - Setting next_dagrun for dataset_produces_1 to 2024-03-24 00:00:00+00:00, run_after=2024-03-25 00:00:00+00:00
[2024-03-25T21:06:59.352+0000] {logging_mixin.py:188} INFO - [2024-03-25T21:06:59.351+0000] {dag.py:3834} INFO - Setting next_dagrun for dataset_produces_2 to None, run_after=None
[2024-03-25T21:06:59.398+0000] {processor.py:183} INFO - Processing /home/airflow/.local/lib/python3.8/site-packages/airflow/example_dags/example_datasets.py took 0.198 seconds
[2024-03-25T21:07:29.500+0000] {processor.py:161} INFO - Started process (PID=453) to work on /home/airflow/.local/lib/python3.8/site-packages/airflow/example_dags/example_datasets.py
[2024-03-25T21:07:29.503+0000] {processor.py:830} INFO - Processing file /home/airflow/.local/lib/python3.8/site-packages/airflow/example_dags/example_datasets.py for tasks to queue
[2024-03-25T21:07:29.506+0000] {logging_mixin.py:188} INFO - [2024-03-25T21:07:29.505+0000] {dagbag.py:540} INFO - Filling up the DagBag from /home/airflow/.local/lib/python3.8/site-packages/airflow/example_dags/example_datasets.py
[2024-03-25T21:07:29.521+0000] {processor.py:840} INFO - DAG(s) 'dataset_produces_1', 'dataset_consumes_unknown_never_scheduled', 'dataset_produces_2', 'dataset_consumes_1_never_scheduled', 'dataset_consumes_1', 'dataset_consumes_1_and_2' retrieved from /home/airflow/.local/lib/python3.8/site-packages/airflow/example_dags/example_datasets.py
[2024-03-25T21:07:29.581+0000] {logging_mixin.py:188} INFO - [2024-03-25T21:07:29.581+0000] {dag.py:3047} INFO - Sync 6 DAGs
[2024-03-25T21:07:29.616+0000] {logging_mixin.py:188} INFO - [2024-03-25T21:07:29.615+0000] {dag.py:3834} INFO - Setting next_dagrun for dataset_consumes_1 to None, run_after=None
[2024-03-25T21:07:29.622+0000] {logging_mixin.py:188} INFO - [2024-03-25T21:07:29.622+0000] {dag.py:3834} INFO - Setting next_dagrun for dataset_consumes_1_and_2 to None, run_after=None
[2024-03-25T21:07:29.625+0000] {logging_mixin.py:188} INFO - [2024-03-25T21:07:29.624+0000] {dag.py:3834} INFO - Setting next_dagrun for dataset_consumes_1_never_scheduled to None, run_after=None
[2024-03-25T21:07:29.627+0000] {logging_mixin.py:188} INFO - [2024-03-25T21:07:29.627+0000] {dag.py:3834} INFO - Setting next_dagrun for dataset_consumes_unknown_never_scheduled to None, run_after=None
[2024-03-25T21:07:29.632+0000] {logging_mixin.py:188} INFO - [2024-03-25T21:07:29.632+0000] {dag.py:3834} INFO - Setting next_dagrun for dataset_produces_1 to 2024-03-24 00:00:00+00:00, run_after=2024-03-25 00:00:00+00:00
[2024-03-25T21:07:29.634+0000] {logging_mixin.py:188} INFO - [2024-03-25T21:07:29.634+0000] {dag.py:3834} INFO - Setting next_dagrun for dataset_produces_2 to None, run_after=None
[2024-03-25T21:07:29.684+0000] {processor.py:183} INFO - Processing /home/airflow/.local/lib/python3.8/site-packages/airflow/example_dags/example_datasets.py took 0.189 seconds
[2024-03-25T21:07:59.773+0000] {processor.py:161} INFO - Started process (PID=508) to work on /home/airflow/.local/lib/python3.8/site-packages/airflow/example_dags/example_datasets.py
[2024-03-25T21:07:59.774+0000] {processor.py:830} INFO - Processing file /home/airflow/.local/lib/python3.8/site-packages/airflow/example_dags/example_datasets.py for tasks to queue
[2024-03-25T21:07:59.777+0000] {logging_mixin.py:188} INFO - [2024-03-25T21:07:59.777+0000] {dagbag.py:540} INFO - Filling up the DagBag from /home/airflow/.local/lib/python3.8/site-packages/airflow/example_dags/example_datasets.py
[2024-03-25T21:07:59.792+0000] {processor.py:840} INFO - DAG(s) 'dataset_consumes_1_and_2', 'dataset_produces_2', 'dataset_consumes_1', 'dataset_produces_1', 'dataset_consumes_1_never_scheduled', 'dataset_consumes_unknown_never_scheduled' retrieved from /home/airflow/.local/lib/python3.8/site-packages/airflow/example_dags/example_datasets.py
[2024-03-25T21:07:59.847+0000] {logging_mixin.py:188} INFO - [2024-03-25T21:07:59.847+0000] {dag.py:3047} INFO - Sync 6 DAGs
[2024-03-25T21:07:59.881+0000] {logging_mixin.py:188} INFO - [2024-03-25T21:07:59.881+0000] {dag.py:3834} INFO - Setting next_dagrun for dataset_consumes_1 to None, run_after=None
[2024-03-25T21:07:59.888+0000] {logging_mixin.py:188} INFO - [2024-03-25T21:07:59.887+0000] {dag.py:3834} INFO - Setting next_dagrun for dataset_consumes_1_and_2 to None, run_after=None
[2024-03-25T21:07:59.890+0000] {logging_mixin.py:188} INFO - [2024-03-25T21:07:59.890+0000] {dag.py:3834} INFO - Setting next_dagrun for dataset_consumes_1_never_scheduled to None, run_after=None
[2024-03-25T21:07:59.892+0000] {logging_mixin.py:188} INFO - [2024-03-25T21:07:59.892+0000] {dag.py:3834} INFO - Setting next_dagrun for dataset_consumes_unknown_never_scheduled to None, run_after=None
[2024-03-25T21:07:59.897+0000] {logging_mixin.py:188} INFO - [2024-03-25T21:07:59.897+0000] {dag.py:3834} INFO - Setting next_dagrun for dataset_produces_1 to 2024-03-24 00:00:00+00:00, run_after=2024-03-25 00:00:00+00:00
[2024-03-25T21:07:59.899+0000] {logging_mixin.py:188} INFO - [2024-03-25T21:07:59.899+0000] {dag.py:3834} INFO - Setting next_dagrun for dataset_produces_2 to None, run_after=None
[2024-03-25T21:07:59.949+0000] {processor.py:183} INFO - Processing /home/airflow/.local/lib/python3.8/site-packages/airflow/example_dags/example_datasets.py took 0.182 seconds
[2024-03-25T21:08:30.435+0000] {processor.py:161} INFO - Started process (PID=563) to work on /home/airflow/.local/lib/python3.8/site-packages/airflow/example_dags/example_datasets.py
[2024-03-25T21:08:30.450+0000] {processor.py:830} INFO - Processing file /home/airflow/.local/lib/python3.8/site-packages/airflow/example_dags/example_datasets.py for tasks to queue
[2024-03-25T21:08:30.488+0000] {logging_mixin.py:188} INFO - [2024-03-25T21:08:30.487+0000] {dagbag.py:540} INFO - Filling up the DagBag from /home/airflow/.local/lib/python3.8/site-packages/airflow/example_dags/example_datasets.py
[2024-03-25T21:08:30.589+0000] {processor.py:840} INFO - DAG(s) 'dataset_produces_1', 'dataset_consumes_1', 'dataset_produces_2', 'dataset_consumes_unknown_never_scheduled', 'dataset_consumes_1_never_scheduled', 'dataset_consumes_1_and_2' retrieved from /home/airflow/.local/lib/python3.8/site-packages/airflow/example_dags/example_datasets.py
[2024-03-25T21:08:30.881+0000] {logging_mixin.py:188} INFO - [2024-03-25T21:08:30.880+0000] {dag.py:3047} INFO - Sync 6 DAGs
[2024-03-25T21:08:31.848+0000] {logging_mixin.py:188} INFO - [2024-03-25T21:08:31.847+0000] {process_utils.py:262} INFO - Waiting up to 5 seconds for processes to exit...
[2024-03-25T21:09:42.943+0000] {processor.py:161} INFO - Started process (PID=63) to work on /home/airflow/.local/lib/python3.8/site-packages/airflow/example_dags/example_datasets.py
[2024-03-25T21:09:42.944+0000] {processor.py:830} INFO - Processing file /home/airflow/.local/lib/python3.8/site-packages/airflow/example_dags/example_datasets.py for tasks to queue
[2024-03-25T21:09:42.947+0000] {logging_mixin.py:188} INFO - [2024-03-25T21:09:42.947+0000] {dagbag.py:540} INFO - Filling up the DagBag from /home/airflow/.local/lib/python3.8/site-packages/airflow/example_dags/example_datasets.py
[2024-03-25T21:09:42.962+0000] {processor.py:840} INFO - DAG(s) 'dataset_consumes_1_never_scheduled', 'dataset_consumes_1', 'dataset_produces_2', 'dataset_produces_1', 'dataset_consumes_1_and_2', 'dataset_consumes_unknown_never_scheduled' retrieved from /home/airflow/.local/lib/python3.8/site-packages/airflow/example_dags/example_datasets.py
[2024-03-25T21:09:43.226+0000] {logging_mixin.py:188} INFO - [2024-03-25T21:09:43.225+0000] {dag.py:3047} INFO - Sync 6 DAGs
[2024-03-25T21:09:43.271+0000] {logging_mixin.py:188} INFO - [2024-03-25T21:09:43.271+0000] {dag.py:3834} INFO - Setting next_dagrun for dataset_consumes_1 to None, run_after=None
[2024-03-25T21:09:43.277+0000] {logging_mixin.py:188} INFO - [2024-03-25T21:09:43.277+0000] {dag.py:3834} INFO - Setting next_dagrun for dataset_consumes_1_and_2 to None, run_after=None
[2024-03-25T21:09:43.280+0000] {logging_mixin.py:188} INFO - [2024-03-25T21:09:43.280+0000] {dag.py:3834} INFO - Setting next_dagrun for dataset_consumes_1_never_scheduled to None, run_after=None
[2024-03-25T21:09:43.282+0000] {logging_mixin.py:188} INFO - [2024-03-25T21:09:43.282+0000] {dag.py:3834} INFO - Setting next_dagrun for dataset_consumes_unknown_never_scheduled to None, run_after=None
[2024-03-25T21:09:43.287+0000] {logging_mixin.py:188} INFO - [2024-03-25T21:09:43.287+0000] {dag.py:3834} INFO - Setting next_dagrun for dataset_produces_1 to 2024-03-24 00:00:00+00:00, run_after=2024-03-25 00:00:00+00:00
[2024-03-25T21:09:43.289+0000] {logging_mixin.py:188} INFO - [2024-03-25T21:09:43.289+0000] {dag.py:3834} INFO - Setting next_dagrun for dataset_produces_2 to None, run_after=None
[2024-03-25T21:09:43.343+0000] {processor.py:183} INFO - Processing /home/airflow/.local/lib/python3.8/site-packages/airflow/example_dags/example_datasets.py took 0.406 seconds
[2024-03-25T21:10:14.156+0000] {processor.py:161} INFO - Started process (PID=119) to work on /home/airflow/.local/lib/python3.8/site-packages/airflow/example_dags/example_datasets.py
[2024-03-25T21:10:14.158+0000] {processor.py:830} INFO - Processing file /home/airflow/.local/lib/python3.8/site-packages/airflow/example_dags/example_datasets.py for tasks to queue
[2024-03-25T21:10:14.161+0000] {logging_mixin.py:188} INFO - [2024-03-25T21:10:14.161+0000] {dagbag.py:540} INFO - Filling up the DagBag from /home/airflow/.local/lib/python3.8/site-packages/airflow/example_dags/example_datasets.py
[2024-03-25T21:10:14.177+0000] {processor.py:840} INFO - DAG(s) 'dataset_consumes_unknown_never_scheduled', 'dataset_produces_2', 'dataset_consumes_1', 'dataset_consumes_1_and_2', 'dataset_produces_1', 'dataset_consumes_1_never_scheduled' retrieved from /home/airflow/.local/lib/python3.8/site-packages/airflow/example_dags/example_datasets.py
[2024-03-25T21:10:14.243+0000] {logging_mixin.py:188} INFO - [2024-03-25T21:10:14.242+0000] {dag.py:3047} INFO - Sync 6 DAGs
[2024-03-25T21:10:14.284+0000] {logging_mixin.py:188} INFO - [2024-03-25T21:10:14.283+0000] {dag.py:3834} INFO - Setting next_dagrun for dataset_consumes_1 to None, run_after=None
[2024-03-25T21:10:14.291+0000] {logging_mixin.py:188} INFO - [2024-03-25T21:10:14.291+0000] {dag.py:3834} INFO - Setting next_dagrun for dataset_consumes_1_and_2 to None, run_after=None
[2024-03-25T21:10:14.294+0000] {logging_mixin.py:188} INFO - [2024-03-25T21:10:14.294+0000] {dag.py:3834} INFO - Setting next_dagrun for dataset_consumes_1_never_scheduled to None, run_after=None
[2024-03-25T21:10:14.296+0000] {logging_mixin.py:188} INFO - [2024-03-25T21:10:14.296+0000] {dag.py:3834} INFO - Setting next_dagrun for dataset_consumes_unknown_never_scheduled to None, run_after=None
[2024-03-25T21:10:14.301+0000] {logging_mixin.py:188} INFO - [2024-03-25T21:10:14.301+0000] {dag.py:3834} INFO - Setting next_dagrun for dataset_produces_1 to 2024-03-24 00:00:00+00:00, run_after=2024-03-25 00:00:00+00:00
[2024-03-25T21:10:14.303+0000] {logging_mixin.py:188} INFO - [2024-03-25T21:10:14.303+0000] {dag.py:3834} INFO - Setting next_dagrun for dataset_produces_2 to None, run_after=None
[2024-03-25T21:10:14.368+0000] {processor.py:183} INFO - Processing /home/airflow/.local/lib/python3.8/site-packages/airflow/example_dags/example_datasets.py took 0.218 seconds
[2024-03-25T21:10:44.480+0000] {processor.py:161} INFO - Started process (PID=175) to work on /home/airflow/.local/lib/python3.8/site-packages/airflow/example_dags/example_datasets.py
[2024-03-25T21:10:44.481+0000] {processor.py:830} INFO - Processing file /home/airflow/.local/lib/python3.8/site-packages/airflow/example_dags/example_datasets.py for tasks to queue
[2024-03-25T21:10:44.485+0000] {logging_mixin.py:188} INFO - [2024-03-25T21:10:44.484+0000] {dagbag.py:540} INFO - Filling up the DagBag from /home/airflow/.local/lib/python3.8/site-packages/airflow/example_dags/example_datasets.py
[2024-03-25T21:10:44.510+0000] {processor.py:840} INFO - DAG(s) 'dataset_consumes_1_and_2', 'dataset_consumes_unknown_never_scheduled', 'dataset_consumes_1_never_scheduled', 'dataset_consumes_1', 'dataset_produces_1', 'dataset_produces_2' retrieved from /home/airflow/.local/lib/python3.8/site-packages/airflow/example_dags/example_datasets.py
[2024-03-25T21:10:44.572+0000] {logging_mixin.py:188} INFO - [2024-03-25T21:10:44.571+0000] {dag.py:3047} INFO - Sync 6 DAGs
[2024-03-25T21:10:44.617+0000] {logging_mixin.py:188} INFO - [2024-03-25T21:10:44.616+0000] {dag.py:3834} INFO - Setting next_dagrun for dataset_consumes_1 to None, run_after=None
[2024-03-25T21:10:44.627+0000] {logging_mixin.py:188} INFO - [2024-03-25T21:10:44.627+0000] {dag.py:3834} INFO - Setting next_dagrun for dataset_consumes_1_and_2 to None, run_after=None
[2024-03-25T21:10:44.630+0000] {logging_mixin.py:188} INFO - [2024-03-25T21:10:44.629+0000] {dag.py:3834} INFO - Setting next_dagrun for dataset_consumes_1_never_scheduled to None, run_after=None
[2024-03-25T21:10:44.632+0000] {logging_mixin.py:188} INFO - [2024-03-25T21:10:44.632+0000] {dag.py:3834} INFO - Setting next_dagrun for dataset_consumes_unknown_never_scheduled to None, run_after=None
[2024-03-25T21:10:44.637+0000] {logging_mixin.py:188} INFO - [2024-03-25T21:10:44.637+0000] {dag.py:3834} INFO - Setting next_dagrun for dataset_produces_1 to 2024-03-24 00:00:00+00:00, run_after=2024-03-25 00:00:00+00:00
[2024-03-25T21:10:44.639+0000] {logging_mixin.py:188} INFO - [2024-03-25T21:10:44.639+0000] {dag.py:3834} INFO - Setting next_dagrun for dataset_produces_2 to None, run_after=None
[2024-03-25T21:10:44.686+0000] {processor.py:183} INFO - Processing /home/airflow/.local/lib/python3.8/site-packages/airflow/example_dags/example_datasets.py took 0.212 seconds
[2024-03-25T21:11:14.920+0000] {processor.py:161} INFO - Started process (PID=231) to work on /home/airflow/.local/lib/python3.8/site-packages/airflow/example_dags/example_datasets.py
[2024-03-25T21:11:14.922+0000] {processor.py:830} INFO - Processing file /home/airflow/.local/lib/python3.8/site-packages/airflow/example_dags/example_datasets.py for tasks to queue
[2024-03-25T21:11:14.925+0000] {logging_mixin.py:188} INFO - [2024-03-25T21:11:14.924+0000] {dagbag.py:540} INFO - Filling up the DagBag from /home/airflow/.local/lib/python3.8/site-packages/airflow/example_dags/example_datasets.py
[2024-03-25T21:11:14.943+0000] {processor.py:840} INFO - DAG(s) 'dataset_produces_1', 'dataset_produces_2', 'dataset_consumes_1_and_2', 'dataset_consumes_1', 'dataset_consumes_1_never_scheduled', 'dataset_consumes_unknown_never_scheduled' retrieved from /home/airflow/.local/lib/python3.8/site-packages/airflow/example_dags/example_datasets.py
[2024-03-25T21:11:15.005+0000] {logging_mixin.py:188} INFO - [2024-03-25T21:11:15.004+0000] {dag.py:3047} INFO - Sync 6 DAGs
[2024-03-25T21:11:15.051+0000] {logging_mixin.py:188} INFO - [2024-03-25T21:11:15.050+0000] {dag.py:3834} INFO - Setting next_dagrun for dataset_consumes_1 to None, run_after=None
[2024-03-25T21:11:15.057+0000] {logging_mixin.py:188} INFO - [2024-03-25T21:11:15.056+0000] {dag.py:3834} INFO - Setting next_dagrun for dataset_consumes_1_and_2 to None, run_after=None
[2024-03-25T21:11:15.059+0000] {logging_mixin.py:188} INFO - [2024-03-25T21:11:15.058+0000] {dag.py:3834} INFO - Setting next_dagrun for dataset_consumes_1_never_scheduled to None, run_after=None
[2024-03-25T21:11:15.061+0000] {logging_mixin.py:188} INFO - [2024-03-25T21:11:15.060+0000] {dag.py:3834} INFO - Setting next_dagrun for dataset_consumes_unknown_never_scheduled to None, run_after=None
[2024-03-25T21:11:15.067+0000] {logging_mixin.py:188} INFO - [2024-03-25T21:11:15.067+0000] {dag.py:3834} INFO - Setting next_dagrun for dataset_produces_1 to 2024-03-24 00:00:00+00:00, run_after=2024-03-25 00:00:00+00:00
[2024-03-25T21:11:15.071+0000] {logging_mixin.py:188} INFO - [2024-03-25T21:11:15.070+0000] {dag.py:3834} INFO - Setting next_dagrun for dataset_produces_2 to None, run_after=None
[2024-03-25T21:11:15.122+0000] {processor.py:183} INFO - Processing /home/airflow/.local/lib/python3.8/site-packages/airflow/example_dags/example_datasets.py took 0.209 seconds
[2024-03-25T21:11:45.211+0000] {processor.py:161} INFO - Started process (PID=287) to work on /home/airflow/.local/lib/python3.8/site-packages/airflow/example_dags/example_datasets.py
[2024-03-25T21:11:45.213+0000] {processor.py:830} INFO - Processing file /home/airflow/.local/lib/python3.8/site-packages/airflow/example_dags/example_datasets.py for tasks to queue
[2024-03-25T21:11:45.216+0000] {logging_mixin.py:188} INFO - [2024-03-25T21:11:45.216+0000] {dagbag.py:540} INFO - Filling up the DagBag from /home/airflow/.local/lib/python3.8/site-packages/airflow/example_dags/example_datasets.py
[2024-03-25T21:11:45.232+0000] {processor.py:840} INFO - DAG(s) 'dataset_consumes_1_never_scheduled', 'dataset_consumes_1', 'dataset_consumes_unknown_never_scheduled', 'dataset_consumes_1_and_2', 'dataset_produces_1', 'dataset_produces_2' retrieved from /home/airflow/.local/lib/python3.8/site-packages/airflow/example_dags/example_datasets.py
[2024-03-25T21:11:45.289+0000] {logging_mixin.py:188} INFO - [2024-03-25T21:11:45.289+0000] {dag.py:3047} INFO - Sync 6 DAGs
[2024-03-25T21:11:45.325+0000] {logging_mixin.py:188} INFO - [2024-03-25T21:11:45.324+0000] {dag.py:3834} INFO - Setting next_dagrun for dataset_consumes_1 to None, run_after=None
[2024-03-25T21:11:45.331+0000] {logging_mixin.py:188} INFO - [2024-03-25T21:11:45.330+0000] {dag.py:3834} INFO - Setting next_dagrun for dataset_consumes_1_and_2 to None, run_after=None
[2024-03-25T21:11:45.333+0000] {logging_mixin.py:188} INFO - [2024-03-25T21:11:45.333+0000] {dag.py:3834} INFO - Setting next_dagrun for dataset_consumes_1_never_scheduled to None, run_after=None
[2024-03-25T21:11:45.336+0000] {logging_mixin.py:188} INFO - [2024-03-25T21:11:45.336+0000] {dag.py:3834} INFO - Setting next_dagrun for dataset_consumes_unknown_never_scheduled to None, run_after=None
[2024-03-25T21:11:45.341+0000] {logging_mixin.py:188} INFO - [2024-03-25T21:11:45.340+0000] {dag.py:3834} INFO - Setting next_dagrun for dataset_produces_1 to 2024-03-24 00:00:00+00:00, run_after=2024-03-25 00:00:00+00:00
[2024-03-25T21:11:45.343+0000] {logging_mixin.py:188} INFO - [2024-03-25T21:11:45.343+0000] {dag.py:3834} INFO - Setting next_dagrun for dataset_produces_2 to None, run_after=None
[2024-03-25T21:11:45.392+0000] {processor.py:183} INFO - Processing /home/airflow/.local/lib/python3.8/site-packages/airflow/example_dags/example_datasets.py took 0.186 seconds
[2024-03-25T21:12:16.114+0000] {processor.py:161} INFO - Started process (PID=343) to work on /home/airflow/.local/lib/python3.8/site-packages/airflow/example_dags/example_datasets.py
[2024-03-25T21:12:16.116+0000] {processor.py:830} INFO - Processing file /home/airflow/.local/lib/python3.8/site-packages/airflow/example_dags/example_datasets.py for tasks to queue
[2024-03-25T21:12:16.120+0000] {logging_mixin.py:188} INFO - [2024-03-25T21:12:16.119+0000] {dagbag.py:540} INFO - Filling up the DagBag from /home/airflow/.local/lib/python3.8/site-packages/airflow/example_dags/example_datasets.py
[2024-03-25T21:12:16.141+0000] {processor.py:840} INFO - DAG(s) 'dataset_produces_2', 'dataset_consumes_1_and_2', 'dataset_consumes_unknown_never_scheduled', 'dataset_consumes_1', 'dataset_produces_1', 'dataset_consumes_1_never_scheduled' retrieved from /home/airflow/.local/lib/python3.8/site-packages/airflow/example_dags/example_datasets.py
[2024-03-25T21:12:16.200+0000] {logging_mixin.py:188} INFO - [2024-03-25T21:12:16.200+0000] {dag.py:3047} INFO - Sync 6 DAGs
[2024-03-25T21:12:16.241+0000] {logging_mixin.py:188} INFO - [2024-03-25T21:12:16.240+0000] {dag.py:3834} INFO - Setting next_dagrun for dataset_consumes_1 to None, run_after=None
[2024-03-25T21:12:16.247+0000] {logging_mixin.py:188} INFO - [2024-03-25T21:12:16.247+0000] {dag.py:3834} INFO - Setting next_dagrun for dataset_consumes_1_and_2 to None, run_after=None
[2024-03-25T21:12:16.251+0000] {logging_mixin.py:188} INFO - [2024-03-25T21:12:16.250+0000] {dag.py:3834} INFO - Setting next_dagrun for dataset_consumes_1_never_scheduled to None, run_after=None
[2024-03-25T21:12:16.253+0000] {logging_mixin.py:188} INFO - [2024-03-25T21:12:16.253+0000] {dag.py:3834} INFO - Setting next_dagrun for dataset_consumes_unknown_never_scheduled to None, run_after=None
[2024-03-25T21:12:16.258+0000] {logging_mixin.py:188} INFO - [2024-03-25T21:12:16.258+0000] {dag.py:3834} INFO - Setting next_dagrun for dataset_produces_1 to 2024-03-24 00:00:00+00:00, run_after=2024-03-25 00:00:00+00:00
[2024-03-25T21:12:16.261+0000] {logging_mixin.py:188} INFO - [2024-03-25T21:12:16.260+0000] {dag.py:3834} INFO - Setting next_dagrun for dataset_produces_2 to None, run_after=None
[2024-03-25T21:12:16.309+0000] {processor.py:183} INFO - Processing /home/airflow/.local/lib/python3.8/site-packages/airflow/example_dags/example_datasets.py took 0.202 seconds
[2024-03-25T21:12:46.576+0000] {processor.py:161} INFO - Started process (PID=399) to work on /home/airflow/.local/lib/python3.8/site-packages/airflow/example_dags/example_datasets.py
[2024-03-25T21:12:46.579+0000] {processor.py:830} INFO - Processing file /home/airflow/.local/lib/python3.8/site-packages/airflow/example_dags/example_datasets.py for tasks to queue
[2024-03-25T21:12:46.582+0000] {logging_mixin.py:188} INFO - [2024-03-25T21:12:46.582+0000] {dagbag.py:540} INFO - Filling up the DagBag from /home/airflow/.local/lib/python3.8/site-packages/airflow/example_dags/example_datasets.py
[2024-03-25T21:12:46.600+0000] {processor.py:840} INFO - DAG(s) 'dataset_consumes_1_never_scheduled', 'dataset_consumes_1', 'dataset_consumes_1_and_2', 'dataset_produces_2', 'dataset_consumes_unknown_never_scheduled', 'dataset_produces_1' retrieved from /home/airflow/.local/lib/python3.8/site-packages/airflow/example_dags/example_datasets.py
[2024-03-25T21:12:46.663+0000] {logging_mixin.py:188} INFO - [2024-03-25T21:12:46.662+0000] {dag.py:3047} INFO - Sync 6 DAGs
[2024-03-25T21:12:46.697+0000] {logging_mixin.py:188} INFO - [2024-03-25T21:12:46.697+0000] {dag.py:3834} INFO - Setting next_dagrun for dataset_consumes_1 to None, run_after=None
[2024-03-25T21:12:46.703+0000] {logging_mixin.py:188} INFO - [2024-03-25T21:12:46.703+0000] {dag.py:3834} INFO - Setting next_dagrun for dataset_consumes_1_and_2 to None, run_after=None
[2024-03-25T21:12:46.705+0000] {logging_mixin.py:188} INFO - [2024-03-25T21:12:46.705+0000] {dag.py:3834} INFO - Setting next_dagrun for dataset_consumes_1_never_scheduled to None, run_after=None
[2024-03-25T21:12:46.707+0000] {logging_mixin.py:188} INFO - [2024-03-25T21:12:46.707+0000] {dag.py:3834} INFO - Setting next_dagrun for dataset_consumes_unknown_never_scheduled to None, run_after=None
[2024-03-25T21:12:46.713+0000] {logging_mixin.py:188} INFO - [2024-03-25T21:12:46.712+0000] {dag.py:3834} INFO - Setting next_dagrun for dataset_produces_1 to 2024-03-24 00:00:00+00:00, run_after=2024-03-25 00:00:00+00:00
[2024-03-25T21:12:46.715+0000] {logging_mixin.py:188} INFO - [2024-03-25T21:12:46.714+0000] {dag.py:3834} INFO - Setting next_dagrun for dataset_produces_2 to None, run_after=None
[2024-03-25T21:12:46.762+0000] {processor.py:183} INFO - Processing /home/airflow/.local/lib/python3.8/site-packages/airflow/example_dags/example_datasets.py took 0.192 seconds
[2024-03-25T21:13:17.412+0000] {processor.py:161} INFO - Started process (PID=455) to work on /home/airflow/.local/lib/python3.8/site-packages/airflow/example_dags/example_datasets.py
[2024-03-25T21:13:17.414+0000] {processor.py:830} INFO - Processing file /home/airflow/.local/lib/python3.8/site-packages/airflow/example_dags/example_datasets.py for tasks to queue
[2024-03-25T21:13:17.417+0000] {logging_mixin.py:188} INFO - [2024-03-25T21:13:17.416+0000] {dagbag.py:540} INFO - Filling up the DagBag from /home/airflow/.local/lib/python3.8/site-packages/airflow/example_dags/example_datasets.py
[2024-03-25T21:13:17.432+0000] {processor.py:840} INFO - DAG(s) 'dataset_produces_2', 'dataset_consumes_unknown_never_scheduled', 'dataset_consumes_1_and_2', 'dataset_consumes_1_never_scheduled', 'dataset_consumes_1', 'dataset_produces_1' retrieved from /home/airflow/.local/lib/python3.8/site-packages/airflow/example_dags/example_datasets.py
[2024-03-25T21:13:17.492+0000] {logging_mixin.py:188} INFO - [2024-03-25T21:13:17.491+0000] {dag.py:3047} INFO - Sync 6 DAGs
[2024-03-25T21:13:17.527+0000] {logging_mixin.py:188} INFO - [2024-03-25T21:13:17.527+0000] {dag.py:3834} INFO - Setting next_dagrun for dataset_consumes_1 to None, run_after=None
[2024-03-25T21:13:17.534+0000] {logging_mixin.py:188} INFO - [2024-03-25T21:13:17.534+0000] {dag.py:3834} INFO - Setting next_dagrun for dataset_consumes_1_and_2 to None, run_after=None
[2024-03-25T21:13:17.536+0000] {logging_mixin.py:188} INFO - [2024-03-25T21:13:17.536+0000] {dag.py:3834} INFO - Setting next_dagrun for dataset_consumes_1_never_scheduled to None, run_after=None
[2024-03-25T21:13:17.538+0000] {logging_mixin.py:188} INFO - [2024-03-25T21:13:17.538+0000] {dag.py:3834} INFO - Setting next_dagrun for dataset_consumes_unknown_never_scheduled to None, run_after=None
[2024-03-25T21:13:17.543+0000] {logging_mixin.py:188} INFO - [2024-03-25T21:13:17.543+0000] {dag.py:3834} INFO - Setting next_dagrun for dataset_produces_1 to 2024-03-24 00:00:00+00:00, run_after=2024-03-25 00:00:00+00:00
[2024-03-25T21:13:17.545+0000] {logging_mixin.py:188} INFO - [2024-03-25T21:13:17.545+0000] {dag.py:3834} INFO - Setting next_dagrun for dataset_produces_2 to None, run_after=None
[2024-03-25T21:13:17.591+0000] {processor.py:183} INFO - Processing /home/airflow/.local/lib/python3.8/site-packages/airflow/example_dags/example_datasets.py took 0.185 seconds
[2024-03-25T21:13:47.931+0000] {processor.py:161} INFO - Started process (PID=511) to work on /home/airflow/.local/lib/python3.8/site-packages/airflow/example_dags/example_datasets.py
[2024-03-25T21:13:47.933+0000] {processor.py:830} INFO - Processing file /home/airflow/.local/lib/python3.8/site-packages/airflow/example_dags/example_datasets.py for tasks to queue
[2024-03-25T21:13:47.937+0000] {logging_mixin.py:188} INFO - [2024-03-25T21:13:47.936+0000] {dagbag.py:540} INFO - Filling up the DagBag from /home/airflow/.local/lib/python3.8/site-packages/airflow/example_dags/example_datasets.py
[2024-03-25T21:13:47.952+0000] {processor.py:840} INFO - DAG(s) 'dataset_consumes_unknown_never_scheduled', 'dataset_consumes_1_and_2', 'dataset_produces_2', 'dataset_produces_1', 'dataset_consumes_1', 'dataset_consumes_1_never_scheduled' retrieved from /home/airflow/.local/lib/python3.8/site-packages/airflow/example_dags/example_datasets.py
[2024-03-25T21:13:48.014+0000] {logging_mixin.py:188} INFO - [2024-03-25T21:13:48.014+0000] {dag.py:3047} INFO - Sync 6 DAGs
[2024-03-25T21:13:48.054+0000] {logging_mixin.py:188} INFO - [2024-03-25T21:13:48.054+0000] {dag.py:3834} INFO - Setting next_dagrun for dataset_consumes_1 to None, run_after=None
[2024-03-25T21:13:48.061+0000] {logging_mixin.py:188} INFO - [2024-03-25T21:13:48.060+0000] {dag.py:3834} INFO - Setting next_dagrun for dataset_consumes_1_and_2 to None, run_after=None
[2024-03-25T21:13:48.063+0000] {logging_mixin.py:188} INFO - [2024-03-25T21:13:48.063+0000] {dag.py:3834} INFO - Setting next_dagrun for dataset_consumes_1_never_scheduled to None, run_after=None
[2024-03-25T21:13:48.066+0000] {logging_mixin.py:188} INFO - [2024-03-25T21:13:48.066+0000] {dag.py:3834} INFO - Setting next_dagrun for dataset_consumes_unknown_never_scheduled to None, run_after=None
[2024-03-25T21:13:48.071+0000] {logging_mixin.py:188} INFO - [2024-03-25T21:13:48.071+0000] {dag.py:3834} INFO - Setting next_dagrun for dataset_produces_1 to 2024-03-24 00:00:00+00:00, run_after=2024-03-25 00:00:00+00:00
[2024-03-25T21:13:48.074+0000] {logging_mixin.py:188} INFO - [2024-03-25T21:13:48.074+0000] {dag.py:3834} INFO - Setting next_dagrun for dataset_produces_2 to None, run_after=None
[2024-03-25T21:13:48.129+0000] {processor.py:183} INFO - Processing /home/airflow/.local/lib/python3.8/site-packages/airflow/example_dags/example_datasets.py took 0.204 seconds
[2024-03-25T21:14:18.877+0000] {processor.py:161} INFO - Started process (PID=573) to work on /home/airflow/.local/lib/python3.8/site-packages/airflow/example_dags/example_datasets.py
[2024-03-25T21:14:18.879+0000] {processor.py:830} INFO - Processing file /home/airflow/.local/lib/python3.8/site-packages/airflow/example_dags/example_datasets.py for tasks to queue
[2024-03-25T21:14:18.882+0000] {logging_mixin.py:188} INFO - [2024-03-25T21:14:18.882+0000] {dagbag.py:540} INFO - Filling up the DagBag from /home/airflow/.local/lib/python3.8/site-packages/airflow/example_dags/example_datasets.py
[2024-03-25T21:14:18.899+0000] {processor.py:840} INFO - DAG(s) 'dataset_consumes_unknown_never_scheduled', 'dataset_consumes_1_never_scheduled', 'dataset_consumes_1_and_2', 'dataset_produces_2', 'dataset_consumes_1', 'dataset_produces_1' retrieved from /home/airflow/.local/lib/python3.8/site-packages/airflow/example_dags/example_datasets.py
[2024-03-25T21:14:18.963+0000] {logging_mixin.py:188} INFO - [2024-03-25T21:14:18.963+0000] {dag.py:3047} INFO - Sync 6 DAGs
[2024-03-25T21:14:19.000+0000] {logging_mixin.py:188} INFO - [2024-03-25T21:14:18.999+0000] {dag.py:3834} INFO - Setting next_dagrun for dataset_consumes_1 to None, run_after=None
[2024-03-25T21:14:19.005+0000] {logging_mixin.py:188} INFO - [2024-03-25T21:14:19.005+0000] {dag.py:3834} INFO - Setting next_dagrun for dataset_consumes_1_and_2 to None, run_after=None
[2024-03-25T21:14:19.008+0000] {logging_mixin.py:188} INFO - [2024-03-25T21:14:19.008+0000] {dag.py:3834} INFO - Setting next_dagrun for dataset_consumes_1_never_scheduled to None, run_after=None
[2024-03-25T21:14:19.010+0000] {logging_mixin.py:188} INFO - [2024-03-25T21:14:19.010+0000] {dag.py:3834} INFO - Setting next_dagrun for dataset_consumes_unknown_never_scheduled to None, run_after=None
[2024-03-25T21:14:19.015+0000] {logging_mixin.py:188} INFO - [2024-03-25T21:14:19.014+0000] {dag.py:3834} INFO - Setting next_dagrun for dataset_produces_1 to 2024-03-24 00:00:00+00:00, run_after=2024-03-25 00:00:00+00:00
[2024-03-25T21:14:19.017+0000] {logging_mixin.py:188} INFO - [2024-03-25T21:14:19.017+0000] {dag.py:3834} INFO - Setting next_dagrun for dataset_produces_2 to None, run_after=None
[2024-03-25T21:14:19.063+0000] {processor.py:183} INFO - Processing /home/airflow/.local/lib/python3.8/site-packages/airflow/example_dags/example_datasets.py took 0.192 seconds
[2024-03-25T21:14:49.613+0000] {processor.py:161} INFO - Started process (PID=629) to work on /home/airflow/.local/lib/python3.8/site-packages/airflow/example_dags/example_datasets.py
[2024-03-25T21:14:49.616+0000] {processor.py:830} INFO - Processing file /home/airflow/.local/lib/python3.8/site-packages/airflow/example_dags/example_datasets.py for tasks to queue
[2024-03-25T21:14:49.622+0000] {logging_mixin.py:188} INFO - [2024-03-25T21:14:49.622+0000] {dagbag.py:540} INFO - Filling up the DagBag from /home/airflow/.local/lib/python3.8/site-packages/airflow/example_dags/example_datasets.py
[2024-03-25T21:14:49.649+0000] {processor.py:840} INFO - DAG(s) 'dataset_produces_2', 'dataset_consumes_1', 'dataset_produces_1', 'dataset_consumes_unknown_never_scheduled', 'dataset_consumes_1_never_scheduled', 'dataset_consumes_1_and_2' retrieved from /home/airflow/.local/lib/python3.8/site-packages/airflow/example_dags/example_datasets.py
[2024-03-25T21:14:49.766+0000] {logging_mixin.py:188} INFO - [2024-03-25T21:14:49.765+0000] {dag.py:3047} INFO - Sync 6 DAGs
[2024-03-25T21:14:49.815+0000] {logging_mixin.py:188} INFO - [2024-03-25T21:14:49.815+0000] {dag.py:3834} INFO - Setting next_dagrun for dataset_consumes_1 to None, run_after=None
[2024-03-25T21:14:49.823+0000] {logging_mixin.py:188} INFO - [2024-03-25T21:14:49.823+0000] {dag.py:3834} INFO - Setting next_dagrun for dataset_consumes_1_and_2 to None, run_after=None
[2024-03-25T21:14:49.827+0000] {logging_mixin.py:188} INFO - [2024-03-25T21:14:49.826+0000] {dag.py:3834} INFO - Setting next_dagrun for dataset_consumes_1_never_scheduled to None, run_after=None
[2024-03-25T21:14:49.830+0000] {logging_mixin.py:188} INFO - [2024-03-25T21:14:49.830+0000] {dag.py:3834} INFO - Setting next_dagrun for dataset_consumes_unknown_never_scheduled to None, run_after=None
[2024-03-25T21:14:49.836+0000] {logging_mixin.py:188} INFO - [2024-03-25T21:14:49.836+0000] {dag.py:3834} INFO - Setting next_dagrun for dataset_produces_1 to 2024-03-24 00:00:00+00:00, run_after=2024-03-25 00:00:00+00:00
[2024-03-25T21:14:49.840+0000] {logging_mixin.py:188} INFO - [2024-03-25T21:14:49.839+0000] {dag.py:3834} INFO - Setting next_dagrun for dataset_produces_2 to None, run_after=None
[2024-03-25T21:14:49.907+0000] {processor.py:183} INFO - Processing /home/airflow/.local/lib/python3.8/site-packages/airflow/example_dags/example_datasets.py took 0.301 seconds
[2024-03-25T21:15:20.049+0000] {processor.py:161} INFO - Started process (PID=685) to work on /home/airflow/.local/lib/python3.8/site-packages/airflow/example_dags/example_datasets.py
[2024-03-25T21:15:20.051+0000] {processor.py:830} INFO - Processing file /home/airflow/.local/lib/python3.8/site-packages/airflow/example_dags/example_datasets.py for tasks to queue
[2024-03-25T21:15:20.054+0000] {logging_mixin.py:188} INFO - [2024-03-25T21:15:20.054+0000] {dagbag.py:540} INFO - Filling up the DagBag from /home/airflow/.local/lib/python3.8/site-packages/airflow/example_dags/example_datasets.py
[2024-03-25T21:15:20.070+0000] {processor.py:840} INFO - DAG(s) 'dataset_produces_2', 'dataset_consumes_unknown_never_scheduled', 'dataset_consumes_1_never_scheduled', 'dataset_produces_1', 'dataset_consumes_1_and_2', 'dataset_consumes_1' retrieved from /home/airflow/.local/lib/python3.8/site-packages/airflow/example_dags/example_datasets.py
[2024-03-25T21:15:20.141+0000] {logging_mixin.py:188} INFO - [2024-03-25T21:15:20.141+0000] {dag.py:3047} INFO - Sync 6 DAGs
[2024-03-25T21:15:20.184+0000] {logging_mixin.py:188} INFO - [2024-03-25T21:15:20.184+0000] {dag.py:3834} INFO - Setting next_dagrun for dataset_consumes_1 to None, run_after=None
[2024-03-25T21:15:20.192+0000] {logging_mixin.py:188} INFO - [2024-03-25T21:15:20.191+0000] {dag.py:3834} INFO - Setting next_dagrun for dataset_consumes_1_and_2 to None, run_after=None
[2024-03-25T21:15:20.194+0000] {logging_mixin.py:188} INFO - [2024-03-25T21:15:20.194+0000] {dag.py:3834} INFO - Setting next_dagrun for dataset_consumes_1_never_scheduled to None, run_after=None
[2024-03-25T21:15:20.197+0000] {logging_mixin.py:188} INFO - [2024-03-25T21:15:20.197+0000] {dag.py:3834} INFO - Setting next_dagrun for dataset_consumes_unknown_never_scheduled to None, run_after=None
[2024-03-25T21:15:20.202+0000] {logging_mixin.py:188} INFO - [2024-03-25T21:15:20.201+0000] {dag.py:3834} INFO - Setting next_dagrun for dataset_produces_1 to 2024-03-24 00:00:00+00:00, run_after=2024-03-25 00:00:00+00:00
[2024-03-25T21:15:20.204+0000] {logging_mixin.py:188} INFO - [2024-03-25T21:15:20.204+0000] {dag.py:3834} INFO - Setting next_dagrun for dataset_produces_2 to None, run_after=None
[2024-03-25T21:15:20.251+0000] {processor.py:183} INFO - Processing /home/airflow/.local/lib/python3.8/site-packages/airflow/example_dags/example_datasets.py took 0.209 seconds
[2024-03-25T21:15:50.633+0000] {processor.py:161} INFO - Started process (PID=741) to work on /home/airflow/.local/lib/python3.8/site-packages/airflow/example_dags/example_datasets.py
[2024-03-25T21:15:50.635+0000] {processor.py:830} INFO - Processing file /home/airflow/.local/lib/python3.8/site-packages/airflow/example_dags/example_datasets.py for tasks to queue
[2024-03-25T21:15:50.638+0000] {logging_mixin.py:188} INFO - [2024-03-25T21:15:50.637+0000] {dagbag.py:540} INFO - Filling up the DagBag from /home/airflow/.local/lib/python3.8/site-packages/airflow/example_dags/example_datasets.py
[2024-03-25T21:15:50.652+0000] {processor.py:840} INFO - DAG(s) 'dataset_produces_2', 'dataset_consumes_unknown_never_scheduled', 'dataset_produces_1', 'dataset_consumes_1_never_scheduled', 'dataset_consumes_1', 'dataset_consumes_1_and_2' retrieved from /home/airflow/.local/lib/python3.8/site-packages/airflow/example_dags/example_datasets.py
[2024-03-25T21:15:50.711+0000] {logging_mixin.py:188} INFO - [2024-03-25T21:15:50.711+0000] {dag.py:3047} INFO - Sync 6 DAGs
[2024-03-25T21:15:50.746+0000] {logging_mixin.py:188} INFO - [2024-03-25T21:15:50.746+0000] {dag.py:3834} INFO - Setting next_dagrun for dataset_consumes_1 to None, run_after=None
[2024-03-25T21:15:50.751+0000] {logging_mixin.py:188} INFO - [2024-03-25T21:15:50.751+0000] {dag.py:3834} INFO - Setting next_dagrun for dataset_consumes_1_and_2 to None, run_after=None
[2024-03-25T21:15:50.754+0000] {logging_mixin.py:188} INFO - [2024-03-25T21:15:50.753+0000] {dag.py:3834} INFO - Setting next_dagrun for dataset_consumes_1_never_scheduled to None, run_after=None
[2024-03-25T21:15:50.756+0000] {logging_mixin.py:188} INFO - [2024-03-25T21:15:50.756+0000] {dag.py:3834} INFO - Setting next_dagrun for dataset_consumes_unknown_never_scheduled to None, run_after=None
[2024-03-25T21:15:50.760+0000] {logging_mixin.py:188} INFO - [2024-03-25T21:15:50.760+0000] {dag.py:3834} INFO - Setting next_dagrun for dataset_produces_1 to 2024-03-24 00:00:00+00:00, run_after=2024-03-25 00:00:00+00:00
[2024-03-25T21:15:50.762+0000] {logging_mixin.py:188} INFO - [2024-03-25T21:15:50.762+0000] {dag.py:3834} INFO - Setting next_dagrun for dataset_produces_2 to None, run_after=None
[2024-03-25T21:15:50.810+0000] {processor.py:183} INFO - Processing /home/airflow/.local/lib/python3.8/site-packages/airflow/example_dags/example_datasets.py took 0.183 seconds
[2024-03-25T21:16:21.037+0000] {processor.py:161} INFO - Started process (PID=797) to work on /home/airflow/.local/lib/python3.8/site-packages/airflow/example_dags/example_datasets.py
[2024-03-25T21:16:21.039+0000] {processor.py:830} INFO - Processing file /home/airflow/.local/lib/python3.8/site-packages/airflow/example_dags/example_datasets.py for tasks to queue
[2024-03-25T21:16:21.042+0000] {logging_mixin.py:188} INFO - [2024-03-25T21:16:21.041+0000] {dagbag.py:540} INFO - Filling up the DagBag from /home/airflow/.local/lib/python3.8/site-packages/airflow/example_dags/example_datasets.py
[2024-03-25T21:16:21.057+0000] {processor.py:840} INFO - DAG(s) 'dataset_consumes_unknown_never_scheduled', 'dataset_produces_1', 'dataset_consumes_1', 'dataset_produces_2', 'dataset_consumes_1_never_scheduled', 'dataset_consumes_1_and_2' retrieved from /home/airflow/.local/lib/python3.8/site-packages/airflow/example_dags/example_datasets.py
[2024-03-25T21:16:21.116+0000] {logging_mixin.py:188} INFO - [2024-03-25T21:16:21.115+0000] {dag.py:3047} INFO - Sync 6 DAGs
[2024-03-25T21:16:21.150+0000] {logging_mixin.py:188} INFO - [2024-03-25T21:16:21.150+0000] {dag.py:3834} INFO - Setting next_dagrun for dataset_consumes_1 to None, run_after=None
[2024-03-25T21:16:21.156+0000] {logging_mixin.py:188} INFO - [2024-03-25T21:16:21.156+0000] {dag.py:3834} INFO - Setting next_dagrun for dataset_consumes_1_and_2 to None, run_after=None
[2024-03-25T21:16:21.158+0000] {logging_mixin.py:188} INFO - [2024-03-25T21:16:21.158+0000] {dag.py:3834} INFO - Setting next_dagrun for dataset_consumes_1_never_scheduled to None, run_after=None
[2024-03-25T21:16:21.160+0000] {logging_mixin.py:188} INFO - [2024-03-25T21:16:21.160+0000] {dag.py:3834} INFO - Setting next_dagrun for dataset_consumes_unknown_never_scheduled to None, run_after=None
[2024-03-25T21:16:21.165+0000] {logging_mixin.py:188} INFO - [2024-03-25T21:16:21.165+0000] {dag.py:3834} INFO - Setting next_dagrun for dataset_produces_1 to 2024-03-24 00:00:00+00:00, run_after=2024-03-25 00:00:00+00:00
[2024-03-25T21:16:21.168+0000] {logging_mixin.py:188} INFO - [2024-03-25T21:16:21.167+0000] {dag.py:3834} INFO - Setting next_dagrun for dataset_produces_2 to None, run_after=None
[2024-03-25T21:16:21.217+0000] {processor.py:183} INFO - Processing /home/airflow/.local/lib/python3.8/site-packages/airflow/example_dags/example_datasets.py took 0.184 seconds
[2024-03-25T21:16:51.584+0000] {processor.py:161} INFO - Started process (PID=853) to work on /home/airflow/.local/lib/python3.8/site-packages/airflow/example_dags/example_datasets.py
[2024-03-25T21:16:51.586+0000] {processor.py:830} INFO - Processing file /home/airflow/.local/lib/python3.8/site-packages/airflow/example_dags/example_datasets.py for tasks to queue
[2024-03-25T21:16:51.589+0000] {logging_mixin.py:188} INFO - [2024-03-25T21:16:51.589+0000] {dagbag.py:540} INFO - Filling up the DagBag from /home/airflow/.local/lib/python3.8/site-packages/airflow/example_dags/example_datasets.py
[2024-03-25T21:16:51.605+0000] {processor.py:840} INFO - DAG(s) 'dataset_consumes_1_and_2', 'dataset_produces_2', 'dataset_consumes_1_never_scheduled', 'dataset_consumes_unknown_never_scheduled', 'dataset_consumes_1', 'dataset_produces_1' retrieved from /home/airflow/.local/lib/python3.8/site-packages/airflow/example_dags/example_datasets.py
[2024-03-25T21:16:51.664+0000] {logging_mixin.py:188} INFO - [2024-03-25T21:16:51.663+0000] {dag.py:3047} INFO - Sync 6 DAGs
[2024-03-25T21:16:51.699+0000] {logging_mixin.py:188} INFO - [2024-03-25T21:16:51.698+0000] {dag.py:3834} INFO - Setting next_dagrun for dataset_consumes_1 to None, run_after=None
[2024-03-25T21:16:51.704+0000] {logging_mixin.py:188} INFO - [2024-03-25T21:16:51.704+0000] {dag.py:3834} INFO - Setting next_dagrun for dataset_consumes_1_and_2 to None, run_after=None
[2024-03-25T21:16:51.707+0000] {logging_mixin.py:188} INFO - [2024-03-25T21:16:51.706+0000] {dag.py:3834} INFO - Setting next_dagrun for dataset_consumes_1_never_scheduled to None, run_after=None
[2024-03-25T21:16:51.709+0000] {logging_mixin.py:188} INFO - [2024-03-25T21:16:51.709+0000] {dag.py:3834} INFO - Setting next_dagrun for dataset_consumes_unknown_never_scheduled to None, run_after=None
[2024-03-25T21:16:51.715+0000] {logging_mixin.py:188} INFO - [2024-03-25T21:16:51.714+0000] {dag.py:3834} INFO - Setting next_dagrun for dataset_produces_1 to 2024-03-24 00:00:00+00:00, run_after=2024-03-25 00:00:00+00:00
[2024-03-25T21:16:51.717+0000] {logging_mixin.py:188} INFO - [2024-03-25T21:16:51.717+0000] {dag.py:3834} INFO - Setting next_dagrun for dataset_produces_2 to None, run_after=None
[2024-03-25T21:16:51.765+0000] {processor.py:183} INFO - Processing /home/airflow/.local/lib/python3.8/site-packages/airflow/example_dags/example_datasets.py took 0.187 seconds
[2024-03-25T21:17:21.990+0000] {processor.py:161} INFO - Started process (PID=909) to work on /home/airflow/.local/lib/python3.8/site-packages/airflow/example_dags/example_datasets.py
[2024-03-25T21:17:21.992+0000] {processor.py:830} INFO - Processing file /home/airflow/.local/lib/python3.8/site-packages/airflow/example_dags/example_datasets.py for tasks to queue
[2024-03-25T21:17:21.995+0000] {logging_mixin.py:188} INFO - [2024-03-25T21:17:21.994+0000] {dagbag.py:540} INFO - Filling up the DagBag from /home/airflow/.local/lib/python3.8/site-packages/airflow/example_dags/example_datasets.py
[2024-03-25T21:17:22.010+0000] {processor.py:840} INFO - DAG(s) 'dataset_produces_2', 'dataset_consumes_1', 'dataset_consumes_unknown_never_scheduled', 'dataset_produces_1', 'dataset_consumes_1_never_scheduled', 'dataset_consumes_1_and_2' retrieved from /home/airflow/.local/lib/python3.8/site-packages/airflow/example_dags/example_datasets.py
[2024-03-25T21:17:22.069+0000] {logging_mixin.py:188} INFO - [2024-03-25T21:17:22.069+0000] {dag.py:3047} INFO - Sync 6 DAGs
[2024-03-25T21:17:22.105+0000] {logging_mixin.py:188} INFO - [2024-03-25T21:17:22.105+0000] {dag.py:3834} INFO - Setting next_dagrun for dataset_consumes_1 to None, run_after=None
[2024-03-25T21:17:22.110+0000] {logging_mixin.py:188} INFO - [2024-03-25T21:17:22.110+0000] {dag.py:3834} INFO - Setting next_dagrun for dataset_consumes_1_and_2 to None, run_after=None
[2024-03-25T21:17:22.113+0000] {logging_mixin.py:188} INFO - [2024-03-25T21:17:22.112+0000] {dag.py:3834} INFO - Setting next_dagrun for dataset_consumes_1_never_scheduled to None, run_after=None
[2024-03-25T21:17:22.115+0000] {logging_mixin.py:188} INFO - [2024-03-25T21:17:22.115+0000] {dag.py:3834} INFO - Setting next_dagrun for dataset_consumes_unknown_never_scheduled to None, run_after=None
[2024-03-25T21:17:22.120+0000] {logging_mixin.py:188} INFO - [2024-03-25T21:17:22.120+0000] {dag.py:3834} INFO - Setting next_dagrun for dataset_produces_1 to 2024-03-24 00:00:00+00:00, run_after=2024-03-25 00:00:00+00:00
[2024-03-25T21:17:22.122+0000] {logging_mixin.py:188} INFO - [2024-03-25T21:17:22.122+0000] {dag.py:3834} INFO - Setting next_dagrun for dataset_produces_2 to None, run_after=None
[2024-03-25T21:17:22.171+0000] {processor.py:183} INFO - Processing /home/airflow/.local/lib/python3.8/site-packages/airflow/example_dags/example_datasets.py took 0.187 seconds
[2024-03-25T21:17:52.731+0000] {processor.py:161} INFO - Started process (PID=965) to work on /home/airflow/.local/lib/python3.8/site-packages/airflow/example_dags/example_datasets.py
[2024-03-25T21:17:52.733+0000] {processor.py:830} INFO - Processing file /home/airflow/.local/lib/python3.8/site-packages/airflow/example_dags/example_datasets.py for tasks to queue
[2024-03-25T21:17:52.736+0000] {logging_mixin.py:188} INFO - [2024-03-25T21:17:52.735+0000] {dagbag.py:540} INFO - Filling up the DagBag from /home/airflow/.local/lib/python3.8/site-packages/airflow/example_dags/example_datasets.py
[2024-03-25T21:17:52.751+0000] {processor.py:840} INFO - DAG(s) 'dataset_consumes_unknown_never_scheduled', 'dataset_consumes_1_and_2', 'dataset_consumes_1_never_scheduled', 'dataset_consumes_1', 'dataset_produces_1', 'dataset_produces_2' retrieved from /home/airflow/.local/lib/python3.8/site-packages/airflow/example_dags/example_datasets.py
[2024-03-25T21:17:52.807+0000] {logging_mixin.py:188} INFO - [2024-03-25T21:17:52.807+0000] {dag.py:3047} INFO - Sync 6 DAGs
[2024-03-25T21:17:52.842+0000] {logging_mixin.py:188} INFO - [2024-03-25T21:17:52.841+0000] {dag.py:3834} INFO - Setting next_dagrun for dataset_consumes_1 to None, run_after=None
[2024-03-25T21:17:52.848+0000] {logging_mixin.py:188} INFO - [2024-03-25T21:17:52.848+0000] {dag.py:3834} INFO - Setting next_dagrun for dataset_consumes_1_and_2 to None, run_after=None
[2024-03-25T21:17:52.850+0000] {logging_mixin.py:188} INFO - [2024-03-25T21:17:52.850+0000] {dag.py:3834} INFO - Setting next_dagrun for dataset_consumes_1_never_scheduled to None, run_after=None
[2024-03-25T21:17:52.852+0000] {logging_mixin.py:188} INFO - [2024-03-25T21:17:52.852+0000] {dag.py:3834} INFO - Setting next_dagrun for dataset_consumes_unknown_never_scheduled to None, run_after=None
[2024-03-25T21:17:52.857+0000] {logging_mixin.py:188} INFO - [2024-03-25T21:17:52.856+0000] {dag.py:3834} INFO - Setting next_dagrun for dataset_produces_1 to 2024-03-24 00:00:00+00:00, run_after=2024-03-25 00:00:00+00:00
[2024-03-25T21:17:52.859+0000] {logging_mixin.py:188} INFO - [2024-03-25T21:17:52.859+0000] {dag.py:3834} INFO - Setting next_dagrun for dataset_produces_2 to None, run_after=None
[2024-03-25T21:17:52.904+0000] {processor.py:183} INFO - Processing /home/airflow/.local/lib/python3.8/site-packages/airflow/example_dags/example_datasets.py took 0.179 seconds
[2024-03-25T21:18:23.335+0000] {processor.py:161} INFO - Started process (PID=1021) to work on /home/airflow/.local/lib/python3.8/site-packages/airflow/example_dags/example_datasets.py
[2024-03-25T21:18:23.336+0000] {processor.py:830} INFO - Processing file /home/airflow/.local/lib/python3.8/site-packages/airflow/example_dags/example_datasets.py for tasks to queue
[2024-03-25T21:18:23.339+0000] {logging_mixin.py:188} INFO - [2024-03-25T21:18:23.339+0000] {dagbag.py:540} INFO - Filling up the DagBag from /home/airflow/.local/lib/python3.8/site-packages/airflow/example_dags/example_datasets.py
[2024-03-25T21:18:23.355+0000] {processor.py:840} INFO - DAG(s) 'dataset_consumes_1', 'dataset_produces_1', 'dataset_produces_2', 'dataset_consumes_1_never_scheduled', 'dataset_consumes_1_and_2', 'dataset_consumes_unknown_never_scheduled' retrieved from /home/airflow/.local/lib/python3.8/site-packages/airflow/example_dags/example_datasets.py
[2024-03-25T21:18:23.411+0000] {logging_mixin.py:188} INFO - [2024-03-25T21:18:23.411+0000] {dag.py:3047} INFO - Sync 6 DAGs
[2024-03-25T21:18:23.447+0000] {logging_mixin.py:188} INFO - [2024-03-25T21:18:23.446+0000] {dag.py:3834} INFO - Setting next_dagrun for dataset_consumes_1 to None, run_after=None
[2024-03-25T21:18:23.452+0000] {logging_mixin.py:188} INFO - [2024-03-25T21:18:23.452+0000] {dag.py:3834} INFO - Setting next_dagrun for dataset_consumes_1_and_2 to None, run_after=None
[2024-03-25T21:18:23.454+0000] {logging_mixin.py:188} INFO - [2024-03-25T21:18:23.454+0000] {dag.py:3834} INFO - Setting next_dagrun for dataset_consumes_1_never_scheduled to None, run_after=None
[2024-03-25T21:18:23.457+0000] {logging_mixin.py:188} INFO - [2024-03-25T21:18:23.456+0000] {dag.py:3834} INFO - Setting next_dagrun for dataset_consumes_unknown_never_scheduled to None, run_after=None
[2024-03-25T21:18:23.462+0000] {logging_mixin.py:188} INFO - [2024-03-25T21:18:23.461+0000] {dag.py:3834} INFO - Setting next_dagrun for dataset_produces_1 to 2024-03-24 00:00:00+00:00, run_after=2024-03-25 00:00:00+00:00
[2024-03-25T21:18:23.464+0000] {logging_mixin.py:188} INFO - [2024-03-25T21:18:23.464+0000] {dag.py:3834} INFO - Setting next_dagrun for dataset_produces_2 to None, run_after=None
[2024-03-25T21:18:23.511+0000] {processor.py:183} INFO - Processing /home/airflow/.local/lib/python3.8/site-packages/airflow/example_dags/example_datasets.py took 0.181 seconds
[2024-03-25T21:18:54.027+0000] {processor.py:161} INFO - Started process (PID=1076) to work on /home/airflow/.local/lib/python3.8/site-packages/airflow/example_dags/example_datasets.py
[2024-03-25T21:18:54.029+0000] {processor.py:830} INFO - Processing file /home/airflow/.local/lib/python3.8/site-packages/airflow/example_dags/example_datasets.py for tasks to queue
[2024-03-25T21:18:54.033+0000] {logging_mixin.py:188} INFO - [2024-03-25T21:18:54.032+0000] {dagbag.py:540} INFO - Filling up the DagBag from /home/airflow/.local/lib/python3.8/site-packages/airflow/example_dags/example_datasets.py
[2024-03-25T21:18:54.052+0000] {processor.py:840} INFO - DAG(s) 'dataset_consumes_1_and_2', 'dataset_produces_2', 'dataset_consumes_unknown_never_scheduled', 'dataset_produces_1', 'dataset_consumes_1', 'dataset_consumes_1_never_scheduled' retrieved from /home/airflow/.local/lib/python3.8/site-packages/airflow/example_dags/example_datasets.py
[2024-03-25T21:18:54.118+0000] {logging_mixin.py:188} INFO - [2024-03-25T21:18:54.118+0000] {dag.py:3047} INFO - Sync 6 DAGs
[2024-03-25T21:18:54.163+0000] {logging_mixin.py:188} INFO - [2024-03-25T21:18:54.162+0000] {dag.py:3834} INFO - Setting next_dagrun for dataset_consumes_1 to None, run_after=None
[2024-03-25T21:18:54.169+0000] {logging_mixin.py:188} INFO - [2024-03-25T21:18:54.169+0000] {dag.py:3834} INFO - Setting next_dagrun for dataset_consumes_1_and_2 to None, run_after=None
[2024-03-25T21:18:54.173+0000] {logging_mixin.py:188} INFO - [2024-03-25T21:18:54.172+0000] {dag.py:3834} INFO - Setting next_dagrun for dataset_consumes_1_never_scheduled to None, run_after=None
[2024-03-25T21:18:54.176+0000] {logging_mixin.py:188} INFO - [2024-03-25T21:18:54.176+0000] {dag.py:3834} INFO - Setting next_dagrun for dataset_consumes_unknown_never_scheduled to None, run_after=None
[2024-03-25T21:18:54.182+0000] {logging_mixin.py:188} INFO - [2024-03-25T21:18:54.182+0000] {dag.py:3834} INFO - Setting next_dagrun for dataset_produces_1 to 2024-03-24 00:00:00+00:00, run_after=2024-03-25 00:00:00+00:00
[2024-03-25T21:18:54.185+0000] {logging_mixin.py:188} INFO - [2024-03-25T21:18:54.185+0000] {dag.py:3834} INFO - Setting next_dagrun for dataset_produces_2 to None, run_after=None
[2024-03-25T21:18:54.247+0000] {processor.py:183} INFO - Processing /home/airflow/.local/lib/python3.8/site-packages/airflow/example_dags/example_datasets.py took 0.225 seconds
[2024-03-25T21:19:24.387+0000] {processor.py:161} INFO - Started process (PID=1131) to work on /home/airflow/.local/lib/python3.8/site-packages/airflow/example_dags/example_datasets.py
[2024-03-25T21:19:24.389+0000] {processor.py:830} INFO - Processing file /home/airflow/.local/lib/python3.8/site-packages/airflow/example_dags/example_datasets.py for tasks to queue
[2024-03-25T21:19:24.391+0000] {logging_mixin.py:188} INFO - [2024-03-25T21:19:24.391+0000] {dagbag.py:540} INFO - Filling up the DagBag from /home/airflow/.local/lib/python3.8/site-packages/airflow/example_dags/example_datasets.py
[2024-03-25T21:19:24.406+0000] {processor.py:840} INFO - DAG(s) 'dataset_consumes_1', 'dataset_consumes_1_and_2', 'dataset_produces_1', 'dataset_produces_2', 'dataset_consumes_unknown_never_scheduled', 'dataset_consumes_1_never_scheduled' retrieved from /home/airflow/.local/lib/python3.8/site-packages/airflow/example_dags/example_datasets.py
[2024-03-25T21:19:24.461+0000] {logging_mixin.py:188} INFO - [2024-03-25T21:19:24.461+0000] {dag.py:3047} INFO - Sync 6 DAGs
[2024-03-25T21:19:24.498+0000] {logging_mixin.py:188} INFO - [2024-03-25T21:19:24.498+0000] {dag.py:3834} INFO - Setting next_dagrun for dataset_consumes_1 to None, run_after=None
[2024-03-25T21:19:24.504+0000] {logging_mixin.py:188} INFO - [2024-03-25T21:19:24.504+0000] {dag.py:3834} INFO - Setting next_dagrun for dataset_consumes_1_and_2 to None, run_after=None
[2024-03-25T21:19:24.508+0000] {logging_mixin.py:188} INFO - [2024-03-25T21:19:24.507+0000] {dag.py:3834} INFO - Setting next_dagrun for dataset_consumes_1_never_scheduled to None, run_after=None
[2024-03-25T21:19:24.511+0000] {logging_mixin.py:188} INFO - [2024-03-25T21:19:24.510+0000] {dag.py:3834} INFO - Setting next_dagrun for dataset_consumes_unknown_never_scheduled to None, run_after=None
[2024-03-25T21:19:24.516+0000] {logging_mixin.py:188} INFO - [2024-03-25T21:19:24.516+0000] {dag.py:3834} INFO - Setting next_dagrun for dataset_produces_1 to 2024-03-24 00:00:00+00:00, run_after=2024-03-25 00:00:00+00:00
[2024-03-25T21:19:24.518+0000] {logging_mixin.py:188} INFO - [2024-03-25T21:19:24.518+0000] {dag.py:3834} INFO - Setting next_dagrun for dataset_produces_2 to None, run_after=None
[2024-03-25T21:19:24.567+0000] {processor.py:183} INFO - Processing /home/airflow/.local/lib/python3.8/site-packages/airflow/example_dags/example_datasets.py took 0.185 seconds
[2024-03-25T21:19:54.678+0000] {processor.py:161} INFO - Started process (PID=1187) to work on /home/airflow/.local/lib/python3.8/site-packages/airflow/example_dags/example_datasets.py
[2024-03-25T21:19:54.680+0000] {processor.py:830} INFO - Processing file /home/airflow/.local/lib/python3.8/site-packages/airflow/example_dags/example_datasets.py for tasks to queue
[2024-03-25T21:19:54.683+0000] {logging_mixin.py:188} INFO - [2024-03-25T21:19:54.682+0000] {dagbag.py:540} INFO - Filling up the DagBag from /home/airflow/.local/lib/python3.8/site-packages/airflow/example_dags/example_datasets.py
[2024-03-25T21:19:54.698+0000] {processor.py:840} INFO - DAG(s) 'dataset_consumes_1_and_2', 'dataset_consumes_1', 'dataset_consumes_unknown_never_scheduled', 'dataset_produces_1', 'dataset_produces_2', 'dataset_consumes_1_never_scheduled' retrieved from /home/airflow/.local/lib/python3.8/site-packages/airflow/example_dags/example_datasets.py
[2024-03-25T21:19:54.754+0000] {logging_mixin.py:188} INFO - [2024-03-25T21:19:54.753+0000] {dag.py:3047} INFO - Sync 6 DAGs
[2024-03-25T21:19:54.787+0000] {logging_mixin.py:188} INFO - [2024-03-25T21:19:54.787+0000] {dag.py:3834} INFO - Setting next_dagrun for dataset_consumes_1 to None, run_after=None
[2024-03-25T21:19:54.793+0000] {logging_mixin.py:188} INFO - [2024-03-25T21:19:54.792+0000] {dag.py:3834} INFO - Setting next_dagrun for dataset_consumes_1_and_2 to None, run_after=None
[2024-03-25T21:19:54.795+0000] {logging_mixin.py:188} INFO - [2024-03-25T21:19:54.795+0000] {dag.py:3834} INFO - Setting next_dagrun for dataset_consumes_1_never_scheduled to None, run_after=None
[2024-03-25T21:19:54.798+0000] {logging_mixin.py:188} INFO - [2024-03-25T21:19:54.798+0000] {dag.py:3834} INFO - Setting next_dagrun for dataset_consumes_unknown_never_scheduled to None, run_after=None
[2024-03-25T21:19:54.803+0000] {logging_mixin.py:188} INFO - [2024-03-25T21:19:54.802+0000] {dag.py:3834} INFO - Setting next_dagrun for dataset_produces_1 to 2024-03-24 00:00:00+00:00, run_after=2024-03-25 00:00:00+00:00
[2024-03-25T21:19:54.805+0000] {logging_mixin.py:188} INFO - [2024-03-25T21:19:54.805+0000] {dag.py:3834} INFO - Setting next_dagrun for dataset_produces_2 to None, run_after=None
[2024-03-25T21:19:54.854+0000] {processor.py:183} INFO - Processing /home/airflow/.local/lib/python3.8/site-packages/airflow/example_dags/example_datasets.py took 0.181 seconds
[2024-03-25T21:20:25.016+0000] {processor.py:161} INFO - Started process (PID=1243) to work on /home/airflow/.local/lib/python3.8/site-packages/airflow/example_dags/example_datasets.py
[2024-03-25T21:20:25.017+0000] {processor.py:830} INFO - Processing file /home/airflow/.local/lib/python3.8/site-packages/airflow/example_dags/example_datasets.py for tasks to queue
[2024-03-25T21:20:25.021+0000] {logging_mixin.py:188} INFO - [2024-03-25T21:20:25.020+0000] {dagbag.py:540} INFO - Filling up the DagBag from /home/airflow/.local/lib/python3.8/site-packages/airflow/example_dags/example_datasets.py
[2024-03-25T21:20:25.035+0000] {processor.py:840} INFO - DAG(s) 'dataset_produces_1', 'dataset_consumes_1', 'dataset_consumes_1_and_2', 'dataset_produces_2', 'dataset_consumes_1_never_scheduled', 'dataset_consumes_unknown_never_scheduled' retrieved from /home/airflow/.local/lib/python3.8/site-packages/airflow/example_dags/example_datasets.py
[2024-03-25T21:20:25.118+0000] {logging_mixin.py:188} INFO - [2024-03-25T21:20:25.118+0000] {dag.py:3047} INFO - Sync 6 DAGs
[2024-03-25T21:20:25.154+0000] {logging_mixin.py:188} INFO - [2024-03-25T21:20:25.153+0000] {dag.py:3834} INFO - Setting next_dagrun for dataset_consumes_1 to None, run_after=None
[2024-03-25T21:20:25.159+0000] {logging_mixin.py:188} INFO - [2024-03-25T21:20:25.159+0000] {dag.py:3834} INFO - Setting next_dagrun for dataset_consumes_1_and_2 to None, run_after=None
[2024-03-25T21:20:25.162+0000] {logging_mixin.py:188} INFO - [2024-03-25T21:20:25.161+0000] {dag.py:3834} INFO - Setting next_dagrun for dataset_consumes_1_never_scheduled to None, run_after=None
[2024-03-25T21:20:25.164+0000] {logging_mixin.py:188} INFO - [2024-03-25T21:20:25.164+0000] {dag.py:3834} INFO - Setting next_dagrun for dataset_consumes_unknown_never_scheduled to None, run_after=None
[2024-03-25T21:20:25.168+0000] {logging_mixin.py:188} INFO - [2024-03-25T21:20:25.168+0000] {dag.py:3834} INFO - Setting next_dagrun for dataset_produces_1 to 2024-03-24 00:00:00+00:00, run_after=2024-03-25 00:00:00+00:00
[2024-03-25T21:20:25.171+0000] {logging_mixin.py:188} INFO - [2024-03-25T21:20:25.170+0000] {dag.py:3834} INFO - Setting next_dagrun for dataset_produces_2 to None, run_after=None
[2024-03-25T21:20:25.217+0000] {processor.py:183} INFO - Processing /home/airflow/.local/lib/python3.8/site-packages/airflow/example_dags/example_datasets.py took 0.207 seconds
[2024-03-25T21:26:49.664+0000] {processor.py:161} INFO - Started process (PID=1300) to work on /home/airflow/.local/lib/python3.8/site-packages/airflow/example_dags/example_datasets.py
[2024-03-25T21:26:49.666+0000] {processor.py:830} INFO - Processing file /home/airflow/.local/lib/python3.8/site-packages/airflow/example_dags/example_datasets.py for tasks to queue
[2024-03-25T21:26:49.670+0000] {logging_mixin.py:188} INFO - [2024-03-25T21:26:49.670+0000] {dagbag.py:540} INFO - Filling up the DagBag from /home/airflow/.local/lib/python3.8/site-packages/airflow/example_dags/example_datasets.py
[2024-03-25T21:26:49.691+0000] {processor.py:840} INFO - DAG(s) 'dataset_consumes_1', 'dataset_consumes_unknown_never_scheduled', 'dataset_consumes_1_never_scheduled', 'dataset_produces_2', 'dataset_produces_1', 'dataset_consumes_1_and_2' retrieved from /home/airflow/.local/lib/python3.8/site-packages/airflow/example_dags/example_datasets.py
[2024-03-25T21:26:49.760+0000] {logging_mixin.py:188} INFO - [2024-03-25T21:26:49.760+0000] {dag.py:3047} INFO - Sync 6 DAGs
[2024-03-25T21:26:49.805+0000] {logging_mixin.py:188} INFO - [2024-03-25T21:26:49.805+0000] {dag.py:3834} INFO - Setting next_dagrun for dataset_consumes_1 to None, run_after=None
[2024-03-25T21:26:49.812+0000] {logging_mixin.py:188} INFO - [2024-03-25T21:26:49.812+0000] {dag.py:3834} INFO - Setting next_dagrun for dataset_consumes_1_and_2 to None, run_after=None
[2024-03-25T21:26:49.815+0000] {logging_mixin.py:188} INFO - [2024-03-25T21:26:49.815+0000] {dag.py:3834} INFO - Setting next_dagrun for dataset_consumes_1_never_scheduled to None, run_after=None
[2024-03-25T21:26:49.817+0000] {logging_mixin.py:188} INFO - [2024-03-25T21:26:49.817+0000] {dag.py:3834} INFO - Setting next_dagrun for dataset_consumes_unknown_never_scheduled to None, run_after=None
[2024-03-25T21:26:49.822+0000] {logging_mixin.py:188} INFO - [2024-03-25T21:26:49.822+0000] {dag.py:3834} INFO - Setting next_dagrun for dataset_produces_1 to 2024-03-24 00:00:00+00:00, run_after=2024-03-25 00:00:00+00:00
[2024-03-25T21:26:49.825+0000] {logging_mixin.py:188} INFO - [2024-03-25T21:26:49.825+0000] {dag.py:3834} INFO - Setting next_dagrun for dataset_produces_2 to None, run_after=None
[2024-03-25T21:26:49.883+0000] {processor.py:183} INFO - Processing /home/airflow/.local/lib/python3.8/site-packages/airflow/example_dags/example_datasets.py took 0.226 seconds
[2024-03-25T21:27:21.661+0000] {processor.py:161} INFO - Started process (PID=1356) to work on /home/airflow/.local/lib/python3.8/site-packages/airflow/example_dags/example_datasets.py
[2024-03-25T21:27:21.665+0000] {processor.py:830} INFO - Processing file /home/airflow/.local/lib/python3.8/site-packages/airflow/example_dags/example_datasets.py for tasks to queue
[2024-03-25T21:27:21.670+0000] {logging_mixin.py:188} INFO - [2024-03-25T21:27:21.670+0000] {dagbag.py:540} INFO - Filling up the DagBag from /home/airflow/.local/lib/python3.8/site-packages/airflow/example_dags/example_datasets.py
[2024-03-25T21:27:21.692+0000] {processor.py:840} INFO - DAG(s) 'dataset_consumes_1_never_scheduled', 'dataset_consumes_1_and_2', 'dataset_produces_2', 'dataset_produces_1', 'dataset_consumes_unknown_never_scheduled', 'dataset_consumes_1' retrieved from /home/airflow/.local/lib/python3.8/site-packages/airflow/example_dags/example_datasets.py
[2024-03-25T21:27:21.792+0000] {logging_mixin.py:188} INFO - [2024-03-25T21:27:21.791+0000] {dag.py:3047} INFO - Sync 6 DAGs
[2024-03-25T21:27:21.850+0000] {logging_mixin.py:188} INFO - [2024-03-25T21:27:21.850+0000] {dag.py:3834} INFO - Setting next_dagrun for dataset_consumes_1 to None, run_after=None
[2024-03-25T21:27:21.866+0000] {logging_mixin.py:188} INFO - [2024-03-25T21:27:21.865+0000] {dag.py:3834} INFO - Setting next_dagrun for dataset_consumes_1_and_2 to None, run_after=None
[2024-03-25T21:27:21.870+0000] {logging_mixin.py:188} INFO - [2024-03-25T21:27:21.870+0000] {dag.py:3834} INFO - Setting next_dagrun for dataset_consumes_1_never_scheduled to None, run_after=None
[2024-03-25T21:27:21.873+0000] {logging_mixin.py:188} INFO - [2024-03-25T21:27:21.873+0000] {dag.py:3834} INFO - Setting next_dagrun for dataset_consumes_unknown_never_scheduled to None, run_after=None
[2024-03-25T21:27:21.888+0000] {logging_mixin.py:188} INFO - [2024-03-25T21:27:21.887+0000] {dag.py:3834} INFO - Setting next_dagrun for dataset_produces_1 to 2024-03-24 00:00:00+00:00, run_after=2024-03-25 00:00:00+00:00
[2024-03-25T21:27:21.893+0000] {logging_mixin.py:188} INFO - [2024-03-25T21:27:21.892+0000] {dag.py:3834} INFO - Setting next_dagrun for dataset_produces_2 to None, run_after=None
[2024-03-25T21:27:22.014+0000] {processor.py:183} INFO - Processing /home/airflow/.local/lib/python3.8/site-packages/airflow/example_dags/example_datasets.py took 0.361 seconds
[2024-03-25T21:27:52.103+0000] {processor.py:161} INFO - Started process (PID=1412) to work on /home/airflow/.local/lib/python3.8/site-packages/airflow/example_dags/example_datasets.py
[2024-03-25T21:27:52.105+0000] {processor.py:830} INFO - Processing file /home/airflow/.local/lib/python3.8/site-packages/airflow/example_dags/example_datasets.py for tasks to queue
[2024-03-25T21:27:52.109+0000] {logging_mixin.py:188} INFO - [2024-03-25T21:27:52.108+0000] {dagbag.py:540} INFO - Filling up the DagBag from /home/airflow/.local/lib/python3.8/site-packages/airflow/example_dags/example_datasets.py
[2024-03-25T21:27:52.127+0000] {processor.py:840} INFO - DAG(s) 'dataset_produces_2', 'dataset_consumes_1_never_scheduled', 'dataset_consumes_unknown_never_scheduled', 'dataset_produces_1', 'dataset_consumes_1', 'dataset_consumes_1_and_2' retrieved from /home/airflow/.local/lib/python3.8/site-packages/airflow/example_dags/example_datasets.py
[2024-03-25T21:27:52.187+0000] {logging_mixin.py:188} INFO - [2024-03-25T21:27:52.186+0000] {dag.py:3047} INFO - Sync 6 DAGs
[2024-03-25T21:27:52.224+0000] {logging_mixin.py:188} INFO - [2024-03-25T21:27:52.223+0000] {dag.py:3834} INFO - Setting next_dagrun for dataset_consumes_1 to None, run_after=None
[2024-03-25T21:27:52.231+0000] {logging_mixin.py:188} INFO - [2024-03-25T21:27:52.231+0000] {dag.py:3834} INFO - Setting next_dagrun for dataset_consumes_1_and_2 to None, run_after=None
[2024-03-25T21:27:52.233+0000] {logging_mixin.py:188} INFO - [2024-03-25T21:27:52.233+0000] {dag.py:3834} INFO - Setting next_dagrun for dataset_consumes_1_never_scheduled to None, run_after=None
[2024-03-25T21:27:52.236+0000] {logging_mixin.py:188} INFO - [2024-03-25T21:27:52.235+0000] {dag.py:3834} INFO - Setting next_dagrun for dataset_consumes_unknown_never_scheduled to None, run_after=None
[2024-03-25T21:27:52.241+0000] {logging_mixin.py:188} INFO - [2024-03-25T21:27:52.240+0000] {dag.py:3834} INFO - Setting next_dagrun for dataset_produces_1 to 2024-03-24 00:00:00+00:00, run_after=2024-03-25 00:00:00+00:00
[2024-03-25T21:27:52.243+0000] {logging_mixin.py:188} INFO - [2024-03-25T21:27:52.243+0000] {dag.py:3834} INFO - Setting next_dagrun for dataset_produces_2 to None, run_after=None
[2024-03-25T21:27:52.325+0000] {processor.py:183} INFO - Processing /home/airflow/.local/lib/python3.8/site-packages/airflow/example_dags/example_datasets.py took 0.228 seconds
[2024-03-25T21:28:23.123+0000] {processor.py:161} INFO - Started process (PID=1468) to work on /home/airflow/.local/lib/python3.8/site-packages/airflow/example_dags/example_datasets.py
[2024-03-25T21:28:23.124+0000] {processor.py:830} INFO - Processing file /home/airflow/.local/lib/python3.8/site-packages/airflow/example_dags/example_datasets.py for tasks to queue
[2024-03-25T21:28:23.129+0000] {logging_mixin.py:188} INFO - [2024-03-25T21:28:23.128+0000] {dagbag.py:540} INFO - Filling up the DagBag from /home/airflow/.local/lib/python3.8/site-packages/airflow/example_dags/example_datasets.py
[2024-03-25T21:28:23.148+0000] {processor.py:840} INFO - DAG(s) 'dataset_consumes_1_and_2', 'dataset_produces_2', 'dataset_consumes_unknown_never_scheduled', 'dataset_produces_1', 'dataset_consumes_1', 'dataset_consumes_1_never_scheduled' retrieved from /home/airflow/.local/lib/python3.8/site-packages/airflow/example_dags/example_datasets.py
[2024-03-25T21:28:23.213+0000] {logging_mixin.py:188} INFO - [2024-03-25T21:28:23.213+0000] {dag.py:3047} INFO - Sync 6 DAGs
[2024-03-25T21:28:23.254+0000] {logging_mixin.py:188} INFO - [2024-03-25T21:28:23.253+0000] {dag.py:3834} INFO - Setting next_dagrun for dataset_consumes_1 to None, run_after=None
[2024-03-25T21:28:23.260+0000] {logging_mixin.py:188} INFO - [2024-03-25T21:28:23.260+0000] {dag.py:3834} INFO - Setting next_dagrun for dataset_consumes_1_and_2 to None, run_after=None
[2024-03-25T21:28:23.264+0000] {logging_mixin.py:188} INFO - [2024-03-25T21:28:23.263+0000] {dag.py:3834} INFO - Setting next_dagrun for dataset_consumes_1_never_scheduled to None, run_after=None
[2024-03-25T21:28:23.266+0000] {logging_mixin.py:188} INFO - [2024-03-25T21:28:23.266+0000] {dag.py:3834} INFO - Setting next_dagrun for dataset_consumes_unknown_never_scheduled to None, run_after=None
[2024-03-25T21:28:23.271+0000] {logging_mixin.py:188} INFO - [2024-03-25T21:28:23.271+0000] {dag.py:3834} INFO - Setting next_dagrun for dataset_produces_1 to 2024-03-24 00:00:00+00:00, run_after=2024-03-25 00:00:00+00:00
[2024-03-25T21:28:23.273+0000] {logging_mixin.py:188} INFO - [2024-03-25T21:28:23.273+0000] {dag.py:3834} INFO - Setting next_dagrun for dataset_produces_2 to None, run_after=None
[2024-03-25T21:28:23.322+0000] {processor.py:183} INFO - Processing /home/airflow/.local/lib/python3.8/site-packages/airflow/example_dags/example_datasets.py took 0.204 seconds
