[2024-03-25T21:04:00.019+0000] {processor.py:161} INFO - Started process (PID=82) to work on /home/airflow/.local/lib/python3.8/site-packages/airflow/example_dags/example_task_group_decorator.py
[2024-03-25T21:04:00.022+0000] {processor.py:830} INFO - Processing file /home/airflow/.local/lib/python3.8/site-packages/airflow/example_dags/example_task_group_decorator.py for tasks to queue
[2024-03-25T21:04:00.026+0000] {logging_mixin.py:188} INFO - [2024-03-25T21:04:00.025+0000] {dagbag.py:540} INFO - Filling up the DagBag from /home/airflow/.local/lib/python3.8/site-packages/airflow/example_dags/example_task_group_decorator.py
[2024-03-25T21:04:00.062+0000] {processor.py:840} INFO - DAG(s) 'example_task_group_decorator' retrieved from /home/airflow/.local/lib/python3.8/site-packages/airflow/example_dags/example_task_group_decorator.py
[2024-03-25T21:04:00.088+0000] {logging_mixin.py:188} INFO - [2024-03-25T21:04:00.087+0000] {dag.py:3047} INFO - Sync 1 DAGs
[2024-03-25T21:04:00.137+0000] {logging_mixin.py:188} INFO - [2024-03-25T21:04:00.136+0000] {dag.py:3834} INFO - Setting next_dagrun for example_task_group_decorator to 2024-03-24 00:00:00+00:00, run_after=2024-03-25 00:00:00+00:00
[2024-03-25T21:04:00.176+0000] {processor.py:183} INFO - Processing /home/airflow/.local/lib/python3.8/site-packages/airflow/example_dags/example_task_group_decorator.py took 0.164 seconds
[2024-03-25T21:04:31.440+0000] {processor.py:161} INFO - Started process (PID=137) to work on /home/airflow/.local/lib/python3.8/site-packages/airflow/example_dags/example_task_group_decorator.py
[2024-03-25T21:04:31.442+0000] {processor.py:830} INFO - Processing file /home/airflow/.local/lib/python3.8/site-packages/airflow/example_dags/example_task_group_decorator.py for tasks to queue
[2024-03-25T21:04:31.446+0000] {logging_mixin.py:188} INFO - [2024-03-25T21:04:31.444+0000] {dagbag.py:540} INFO - Filling up the DagBag from /home/airflow/.local/lib/python3.8/site-packages/airflow/example_dags/example_task_group_decorator.py
[2024-03-25T21:04:31.479+0000] {processor.py:840} INFO - DAG(s) 'example_task_group_decorator' retrieved from /home/airflow/.local/lib/python3.8/site-packages/airflow/example_dags/example_task_group_decorator.py
[2024-03-25T21:04:31.658+0000] {logging_mixin.py:188} INFO - [2024-03-25T21:04:31.658+0000] {dag.py:3047} INFO - Sync 1 DAGs
[2024-03-25T21:04:31.691+0000] {logging_mixin.py:188} INFO - [2024-03-25T21:04:31.691+0000] {dag.py:3834} INFO - Setting next_dagrun for example_task_group_decorator to 2024-03-24 00:00:00+00:00, run_after=2024-03-25 00:00:00+00:00
[2024-03-25T21:04:31.752+0000] {processor.py:183} INFO - Processing /home/airflow/.local/lib/python3.8/site-packages/airflow/example_dags/example_task_group_decorator.py took 0.320 seconds
[2024-03-25T21:05:02.061+0000] {processor.py:161} INFO - Started process (PID=192) to work on /home/airflow/.local/lib/python3.8/site-packages/airflow/example_dags/example_task_group_decorator.py
[2024-03-25T21:05:02.063+0000] {processor.py:830} INFO - Processing file /home/airflow/.local/lib/python3.8/site-packages/airflow/example_dags/example_task_group_decorator.py for tasks to queue
[2024-03-25T21:05:02.066+0000] {logging_mixin.py:188} INFO - [2024-03-25T21:05:02.066+0000] {dagbag.py:540} INFO - Filling up the DagBag from /home/airflow/.local/lib/python3.8/site-packages/airflow/example_dags/example_task_group_decorator.py
[2024-03-25T21:05:02.091+0000] {processor.py:840} INFO - DAG(s) 'example_task_group_decorator' retrieved from /home/airflow/.local/lib/python3.8/site-packages/airflow/example_dags/example_task_group_decorator.py
[2024-03-25T21:05:02.135+0000] {logging_mixin.py:188} INFO - [2024-03-25T21:05:02.135+0000] {dag.py:3047} INFO - Sync 1 DAGs
[2024-03-25T21:05:02.170+0000] {logging_mixin.py:188} INFO - [2024-03-25T21:05:02.170+0000] {dag.py:3834} INFO - Setting next_dagrun for example_task_group_decorator to 2024-03-24 00:00:00+00:00, run_after=2024-03-25 00:00:00+00:00
[2024-03-25T21:05:02.205+0000] {processor.py:183} INFO - Processing /home/airflow/.local/lib/python3.8/site-packages/airflow/example_dags/example_task_group_decorator.py took 0.150 seconds
[2024-03-25T21:05:32.778+0000] {processor.py:161} INFO - Started process (PID=247) to work on /home/airflow/.local/lib/python3.8/site-packages/airflow/example_dags/example_task_group_decorator.py
[2024-03-25T21:05:32.779+0000] {processor.py:830} INFO - Processing file /home/airflow/.local/lib/python3.8/site-packages/airflow/example_dags/example_task_group_decorator.py for tasks to queue
[2024-03-25T21:05:32.784+0000] {logging_mixin.py:188} INFO - [2024-03-25T21:05:32.783+0000] {dagbag.py:540} INFO - Filling up the DagBag from /home/airflow/.local/lib/python3.8/site-packages/airflow/example_dags/example_task_group_decorator.py
[2024-03-25T21:05:32.809+0000] {processor.py:840} INFO - DAG(s) 'example_task_group_decorator' retrieved from /home/airflow/.local/lib/python3.8/site-packages/airflow/example_dags/example_task_group_decorator.py
[2024-03-25T21:05:32.857+0000] {logging_mixin.py:188} INFO - [2024-03-25T21:05:32.857+0000] {dag.py:3047} INFO - Sync 1 DAGs
[2024-03-25T21:05:32.891+0000] {logging_mixin.py:188} INFO - [2024-03-25T21:05:32.891+0000] {dag.py:3834} INFO - Setting next_dagrun for example_task_group_decorator to 2024-03-24 00:00:00+00:00, run_after=2024-03-25 00:00:00+00:00
[2024-03-25T21:05:32.927+0000] {processor.py:183} INFO - Processing /home/airflow/.local/lib/python3.8/site-packages/airflow/example_dags/example_task_group_decorator.py took 0.155 seconds
[2024-03-25T21:06:03.138+0000] {processor.py:161} INFO - Started process (PID=301) to work on /home/airflow/.local/lib/python3.8/site-packages/airflow/example_dags/example_task_group_decorator.py
[2024-03-25T21:06:03.140+0000] {processor.py:830} INFO - Processing file /home/airflow/.local/lib/python3.8/site-packages/airflow/example_dags/example_task_group_decorator.py for tasks to queue
[2024-03-25T21:06:03.143+0000] {logging_mixin.py:188} INFO - [2024-03-25T21:06:03.142+0000] {dagbag.py:540} INFO - Filling up the DagBag from /home/airflow/.local/lib/python3.8/site-packages/airflow/example_dags/example_task_group_decorator.py
[2024-03-25T21:06:03.168+0000] {processor.py:840} INFO - DAG(s) 'example_task_group_decorator' retrieved from /home/airflow/.local/lib/python3.8/site-packages/airflow/example_dags/example_task_group_decorator.py
[2024-03-25T21:06:03.210+0000] {logging_mixin.py:188} INFO - [2024-03-25T21:06:03.209+0000] {dag.py:3047} INFO - Sync 1 DAGs
[2024-03-25T21:06:03.247+0000] {logging_mixin.py:188} INFO - [2024-03-25T21:06:03.246+0000] {dag.py:3834} INFO - Setting next_dagrun for example_task_group_decorator to 2024-03-24 00:00:00+00:00, run_after=2024-03-25 00:00:00+00:00
[2024-03-25T21:06:03.276+0000] {processor.py:183} INFO - Processing /home/airflow/.local/lib/python3.8/site-packages/airflow/example_dags/example_task_group_decorator.py took 0.143 seconds
[2024-03-25T21:06:33.394+0000] {processor.py:161} INFO - Started process (PID=356) to work on /home/airflow/.local/lib/python3.8/site-packages/airflow/example_dags/example_task_group_decorator.py
[2024-03-25T21:06:33.395+0000] {processor.py:830} INFO - Processing file /home/airflow/.local/lib/python3.8/site-packages/airflow/example_dags/example_task_group_decorator.py for tasks to queue
[2024-03-25T21:06:33.398+0000] {logging_mixin.py:188} INFO - [2024-03-25T21:06:33.398+0000] {dagbag.py:540} INFO - Filling up the DagBag from /home/airflow/.local/lib/python3.8/site-packages/airflow/example_dags/example_task_group_decorator.py
[2024-03-25T21:06:33.422+0000] {processor.py:840} INFO - DAG(s) 'example_task_group_decorator' retrieved from /home/airflow/.local/lib/python3.8/site-packages/airflow/example_dags/example_task_group_decorator.py
[2024-03-25T21:06:33.461+0000] {logging_mixin.py:188} INFO - [2024-03-25T21:06:33.461+0000] {dag.py:3047} INFO - Sync 1 DAGs
[2024-03-25T21:06:33.494+0000] {logging_mixin.py:188} INFO - [2024-03-25T21:06:33.494+0000] {dag.py:3834} INFO - Setting next_dagrun for example_task_group_decorator to 2024-03-24 00:00:00+00:00, run_after=2024-03-25 00:00:00+00:00
[2024-03-25T21:06:33.522+0000] {processor.py:183} INFO - Processing /home/airflow/.local/lib/python3.8/site-packages/airflow/example_dags/example_task_group_decorator.py took 0.133 seconds
[2024-03-25T21:07:03.758+0000] {processor.py:161} INFO - Started process (PID=411) to work on /home/airflow/.local/lib/python3.8/site-packages/airflow/example_dags/example_task_group_decorator.py
[2024-03-25T21:07:03.760+0000] {processor.py:830} INFO - Processing file /home/airflow/.local/lib/python3.8/site-packages/airflow/example_dags/example_task_group_decorator.py for tasks to queue
[2024-03-25T21:07:03.763+0000] {logging_mixin.py:188} INFO - [2024-03-25T21:07:03.763+0000] {dagbag.py:540} INFO - Filling up the DagBag from /home/airflow/.local/lib/python3.8/site-packages/airflow/example_dags/example_task_group_decorator.py
[2024-03-25T21:07:03.787+0000] {processor.py:840} INFO - DAG(s) 'example_task_group_decorator' retrieved from /home/airflow/.local/lib/python3.8/site-packages/airflow/example_dags/example_task_group_decorator.py
[2024-03-25T21:07:03.828+0000] {logging_mixin.py:188} INFO - [2024-03-25T21:07:03.828+0000] {dag.py:3047} INFO - Sync 1 DAGs
[2024-03-25T21:07:03.866+0000] {logging_mixin.py:188} INFO - [2024-03-25T21:07:03.866+0000] {dag.py:3834} INFO - Setting next_dagrun for example_task_group_decorator to 2024-03-24 00:00:00+00:00, run_after=2024-03-25 00:00:00+00:00
[2024-03-25T21:07:03.898+0000] {processor.py:183} INFO - Processing /home/airflow/.local/lib/python3.8/site-packages/airflow/example_dags/example_task_group_decorator.py took 0.143 seconds
[2024-03-25T21:07:34.936+0000] {processor.py:161} INFO - Started process (PID=467) to work on /home/airflow/.local/lib/python3.8/site-packages/airflow/example_dags/example_task_group_decorator.py
[2024-03-25T21:07:34.938+0000] {processor.py:830} INFO - Processing file /home/airflow/.local/lib/python3.8/site-packages/airflow/example_dags/example_task_group_decorator.py for tasks to queue
[2024-03-25T21:07:34.941+0000] {logging_mixin.py:188} INFO - [2024-03-25T21:07:34.940+0000] {dagbag.py:540} INFO - Filling up the DagBag from /home/airflow/.local/lib/python3.8/site-packages/airflow/example_dags/example_task_group_decorator.py
[2024-03-25T21:07:34.973+0000] {processor.py:840} INFO - DAG(s) 'example_task_group_decorator' retrieved from /home/airflow/.local/lib/python3.8/site-packages/airflow/example_dags/example_task_group_decorator.py
[2024-03-25T21:07:35.019+0000] {logging_mixin.py:188} INFO - [2024-03-25T21:07:35.018+0000] {dag.py:3047} INFO - Sync 1 DAGs
[2024-03-25T21:07:35.055+0000] {logging_mixin.py:188} INFO - [2024-03-25T21:07:35.055+0000] {dag.py:3834} INFO - Setting next_dagrun for example_task_group_decorator to 2024-03-24 00:00:00+00:00, run_after=2024-03-25 00:00:00+00:00
[2024-03-25T21:07:35.088+0000] {processor.py:183} INFO - Processing /home/airflow/.local/lib/python3.8/site-packages/airflow/example_dags/example_task_group_decorator.py took 0.157 seconds
[2024-03-25T21:08:05.962+0000] {processor.py:161} INFO - Started process (PID=522) to work on /home/airflow/.local/lib/python3.8/site-packages/airflow/example_dags/example_task_group_decorator.py
[2024-03-25T21:08:05.964+0000] {processor.py:830} INFO - Processing file /home/airflow/.local/lib/python3.8/site-packages/airflow/example_dags/example_task_group_decorator.py for tasks to queue
[2024-03-25T21:08:05.968+0000] {logging_mixin.py:188} INFO - [2024-03-25T21:08:05.967+0000] {dagbag.py:540} INFO - Filling up the DagBag from /home/airflow/.local/lib/python3.8/site-packages/airflow/example_dags/example_task_group_decorator.py
[2024-03-25T21:08:06.009+0000] {processor.py:840} INFO - DAG(s) 'example_task_group_decorator' retrieved from /home/airflow/.local/lib/python3.8/site-packages/airflow/example_dags/example_task_group_decorator.py
[2024-03-25T21:08:06.062+0000] {logging_mixin.py:188} INFO - [2024-03-25T21:08:06.061+0000] {dag.py:3047} INFO - Sync 1 DAGs
[2024-03-25T21:08:06.105+0000] {logging_mixin.py:188} INFO - [2024-03-25T21:08:06.105+0000] {dag.py:3834} INFO - Setting next_dagrun for example_task_group_decorator to 2024-03-24 00:00:00+00:00, run_after=2024-03-25 00:00:00+00:00
[2024-03-25T21:08:06.143+0000] {processor.py:183} INFO - Processing /home/airflow/.local/lib/python3.8/site-packages/airflow/example_dags/example_task_group_decorator.py took 0.185 seconds
[2024-03-25T21:09:45.225+0000] {processor.py:161} INFO - Started process (PID=77) to work on /home/airflow/.local/lib/python3.8/site-packages/airflow/example_dags/example_task_group_decorator.py
[2024-03-25T21:09:45.228+0000] {processor.py:830} INFO - Processing file /home/airflow/.local/lib/python3.8/site-packages/airflow/example_dags/example_task_group_decorator.py for tasks to queue
[2024-03-25T21:09:45.231+0000] {logging_mixin.py:188} INFO - [2024-03-25T21:09:45.231+0000] {dagbag.py:540} INFO - Filling up the DagBag from /home/airflow/.local/lib/python3.8/site-packages/airflow/example_dags/example_task_group_decorator.py
[2024-03-25T21:09:45.260+0000] {processor.py:840} INFO - DAG(s) 'example_task_group_decorator' retrieved from /home/airflow/.local/lib/python3.8/site-packages/airflow/example_dags/example_task_group_decorator.py
[2024-03-25T21:09:45.423+0000] {logging_mixin.py:188} INFO - [2024-03-25T21:09:45.423+0000] {dag.py:3047} INFO - Sync 1 DAGs
[2024-03-25T21:09:45.457+0000] {logging_mixin.py:188} INFO - [2024-03-25T21:09:45.457+0000] {dag.py:3834} INFO - Setting next_dagrun for example_task_group_decorator to 2024-03-24 00:00:00+00:00, run_after=2024-03-25 00:00:00+00:00
[2024-03-25T21:09:45.488+0000] {processor.py:183} INFO - Processing /home/airflow/.local/lib/python3.8/site-packages/airflow/example_dags/example_task_group_decorator.py took 0.269 seconds
[2024-03-25T21:10:15.904+0000] {processor.py:161} INFO - Started process (PID=133) to work on /home/airflow/.local/lib/python3.8/site-packages/airflow/example_dags/example_task_group_decorator.py
[2024-03-25T21:10:15.906+0000] {processor.py:830} INFO - Processing file /home/airflow/.local/lib/python3.8/site-packages/airflow/example_dags/example_task_group_decorator.py for tasks to queue
[2024-03-25T21:10:15.909+0000] {logging_mixin.py:188} INFO - [2024-03-25T21:10:15.908+0000] {dagbag.py:540} INFO - Filling up the DagBag from /home/airflow/.local/lib/python3.8/site-packages/airflow/example_dags/example_task_group_decorator.py
[2024-03-25T21:10:15.933+0000] {processor.py:840} INFO - DAG(s) 'example_task_group_decorator' retrieved from /home/airflow/.local/lib/python3.8/site-packages/airflow/example_dags/example_task_group_decorator.py
[2024-03-25T21:10:15.978+0000] {logging_mixin.py:188} INFO - [2024-03-25T21:10:15.977+0000] {dag.py:3047} INFO - Sync 1 DAGs
[2024-03-25T21:10:16.014+0000] {logging_mixin.py:188} INFO - [2024-03-25T21:10:16.013+0000] {dag.py:3834} INFO - Setting next_dagrun for example_task_group_decorator to 2024-03-24 00:00:00+00:00, run_after=2024-03-25 00:00:00+00:00
[2024-03-25T21:10:16.042+0000] {processor.py:183} INFO - Processing /home/airflow/.local/lib/python3.8/site-packages/airflow/example_dags/example_task_group_decorator.py took 0.143 seconds
[2024-03-25T21:10:46.924+0000] {processor.py:161} INFO - Started process (PID=189) to work on /home/airflow/.local/lib/python3.8/site-packages/airflow/example_dags/example_task_group_decorator.py
[2024-03-25T21:10:46.925+0000] {processor.py:830} INFO - Processing file /home/airflow/.local/lib/python3.8/site-packages/airflow/example_dags/example_task_group_decorator.py for tasks to queue
[2024-03-25T21:10:46.928+0000] {logging_mixin.py:188} INFO - [2024-03-25T21:10:46.928+0000] {dagbag.py:540} INFO - Filling up the DagBag from /home/airflow/.local/lib/python3.8/site-packages/airflow/example_dags/example_task_group_decorator.py
[2024-03-25T21:10:46.952+0000] {processor.py:840} INFO - DAG(s) 'example_task_group_decorator' retrieved from /home/airflow/.local/lib/python3.8/site-packages/airflow/example_dags/example_task_group_decorator.py
[2024-03-25T21:10:46.993+0000] {logging_mixin.py:188} INFO - [2024-03-25T21:10:46.993+0000] {dag.py:3047} INFO - Sync 1 DAGs
[2024-03-25T21:10:47.030+0000] {logging_mixin.py:188} INFO - [2024-03-25T21:10:47.030+0000] {dag.py:3834} INFO - Setting next_dagrun for example_task_group_decorator to 2024-03-24 00:00:00+00:00, run_after=2024-03-25 00:00:00+00:00
[2024-03-25T21:10:47.057+0000] {processor.py:183} INFO - Processing /home/airflow/.local/lib/python3.8/site-packages/airflow/example_dags/example_task_group_decorator.py took 0.139 seconds
[2024-03-25T21:11:17.200+0000] {processor.py:161} INFO - Started process (PID=245) to work on /home/airflow/.local/lib/python3.8/site-packages/airflow/example_dags/example_task_group_decorator.py
[2024-03-25T21:11:17.202+0000] {processor.py:830} INFO - Processing file /home/airflow/.local/lib/python3.8/site-packages/airflow/example_dags/example_task_group_decorator.py for tasks to queue
[2024-03-25T21:11:17.206+0000] {logging_mixin.py:188} INFO - [2024-03-25T21:11:17.205+0000] {dagbag.py:540} INFO - Filling up the DagBag from /home/airflow/.local/lib/python3.8/site-packages/airflow/example_dags/example_task_group_decorator.py
[2024-03-25T21:11:17.235+0000] {processor.py:840} INFO - DAG(s) 'example_task_group_decorator' retrieved from /home/airflow/.local/lib/python3.8/site-packages/airflow/example_dags/example_task_group_decorator.py
[2024-03-25T21:11:17.286+0000] {logging_mixin.py:188} INFO - [2024-03-25T21:11:17.286+0000] {dag.py:3047} INFO - Sync 1 DAGs
[2024-03-25T21:11:17.349+0000] {logging_mixin.py:188} INFO - [2024-03-25T21:11:17.349+0000] {dag.py:3834} INFO - Setting next_dagrun for example_task_group_decorator to 2024-03-24 00:00:00+00:00, run_after=2024-03-25 00:00:00+00:00
[2024-03-25T21:11:17.385+0000] {processor.py:183} INFO - Processing /home/airflow/.local/lib/python3.8/site-packages/airflow/example_dags/example_task_group_decorator.py took 0.190 seconds
[2024-03-25T21:11:47.540+0000] {processor.py:161} INFO - Started process (PID=301) to work on /home/airflow/.local/lib/python3.8/site-packages/airflow/example_dags/example_task_group_decorator.py
[2024-03-25T21:11:47.542+0000] {processor.py:830} INFO - Processing file /home/airflow/.local/lib/python3.8/site-packages/airflow/example_dags/example_task_group_decorator.py for tasks to queue
[2024-03-25T21:11:47.545+0000] {logging_mixin.py:188} INFO - [2024-03-25T21:11:47.544+0000] {dagbag.py:540} INFO - Filling up the DagBag from /home/airflow/.local/lib/python3.8/site-packages/airflow/example_dags/example_task_group_decorator.py
[2024-03-25T21:11:47.571+0000] {processor.py:840} INFO - DAG(s) 'example_task_group_decorator' retrieved from /home/airflow/.local/lib/python3.8/site-packages/airflow/example_dags/example_task_group_decorator.py
[2024-03-25T21:11:47.614+0000] {logging_mixin.py:188} INFO - [2024-03-25T21:11:47.613+0000] {dag.py:3047} INFO - Sync 1 DAGs
[2024-03-25T21:11:47.648+0000] {logging_mixin.py:188} INFO - [2024-03-25T21:11:47.648+0000] {dag.py:3834} INFO - Setting next_dagrun for example_task_group_decorator to 2024-03-24 00:00:00+00:00, run_after=2024-03-25 00:00:00+00:00
[2024-03-25T21:11:47.675+0000] {processor.py:183} INFO - Processing /home/airflow/.local/lib/python3.8/site-packages/airflow/example_dags/example_task_group_decorator.py took 0.141 seconds
[2024-03-25T21:12:18.237+0000] {processor.py:161} INFO - Started process (PID=363) to work on /home/airflow/.local/lib/python3.8/site-packages/airflow/example_dags/example_task_group_decorator.py
[2024-03-25T21:12:18.239+0000] {processor.py:830} INFO - Processing file /home/airflow/.local/lib/python3.8/site-packages/airflow/example_dags/example_task_group_decorator.py for tasks to queue
[2024-03-25T21:12:18.242+0000] {logging_mixin.py:188} INFO - [2024-03-25T21:12:18.242+0000] {dagbag.py:540} INFO - Filling up the DagBag from /home/airflow/.local/lib/python3.8/site-packages/airflow/example_dags/example_task_group_decorator.py
[2024-03-25T21:12:18.266+0000] {processor.py:840} INFO - DAG(s) 'example_task_group_decorator' retrieved from /home/airflow/.local/lib/python3.8/site-packages/airflow/example_dags/example_task_group_decorator.py
[2024-03-25T21:12:18.313+0000] {logging_mixin.py:188} INFO - [2024-03-25T21:12:18.312+0000] {dag.py:3047} INFO - Sync 1 DAGs
[2024-03-25T21:12:18.346+0000] {logging_mixin.py:188} INFO - [2024-03-25T21:12:18.345+0000] {dag.py:3834} INFO - Setting next_dagrun for example_task_group_decorator to 2024-03-24 00:00:00+00:00, run_after=2024-03-25 00:00:00+00:00
[2024-03-25T21:12:18.399+0000] {processor.py:183} INFO - Processing /home/airflow/.local/lib/python3.8/site-packages/airflow/example_dags/example_task_group_decorator.py took 0.167 seconds
[2024-03-25T21:12:48.767+0000] {processor.py:161} INFO - Started process (PID=419) to work on /home/airflow/.local/lib/python3.8/site-packages/airflow/example_dags/example_task_group_decorator.py
[2024-03-25T21:12:48.769+0000] {processor.py:830} INFO - Processing file /home/airflow/.local/lib/python3.8/site-packages/airflow/example_dags/example_task_group_decorator.py for tasks to queue
[2024-03-25T21:12:48.772+0000] {logging_mixin.py:188} INFO - [2024-03-25T21:12:48.772+0000] {dagbag.py:540} INFO - Filling up the DagBag from /home/airflow/.local/lib/python3.8/site-packages/airflow/example_dags/example_task_group_decorator.py
[2024-03-25T21:12:48.796+0000] {processor.py:840} INFO - DAG(s) 'example_task_group_decorator' retrieved from /home/airflow/.local/lib/python3.8/site-packages/airflow/example_dags/example_task_group_decorator.py
[2024-03-25T21:12:48.838+0000] {logging_mixin.py:188} INFO - [2024-03-25T21:12:48.837+0000] {dag.py:3047} INFO - Sync 1 DAGs
[2024-03-25T21:12:48.871+0000] {logging_mixin.py:188} INFO - [2024-03-25T21:12:48.871+0000] {dag.py:3834} INFO - Setting next_dagrun for example_task_group_decorator to 2024-03-24 00:00:00+00:00, run_after=2024-03-25 00:00:00+00:00
[2024-03-25T21:12:48.901+0000] {processor.py:183} INFO - Processing /home/airflow/.local/lib/python3.8/site-packages/airflow/example_dags/example_task_group_decorator.py took 0.141 seconds
[2024-03-25T21:13:19.530+0000] {processor.py:161} INFO - Started process (PID=475) to work on /home/airflow/.local/lib/python3.8/site-packages/airflow/example_dags/example_task_group_decorator.py
[2024-03-25T21:13:19.532+0000] {processor.py:830} INFO - Processing file /home/airflow/.local/lib/python3.8/site-packages/airflow/example_dags/example_task_group_decorator.py for tasks to queue
[2024-03-25T21:13:19.535+0000] {logging_mixin.py:188} INFO - [2024-03-25T21:13:19.534+0000] {dagbag.py:540} INFO - Filling up the DagBag from /home/airflow/.local/lib/python3.8/site-packages/airflow/example_dags/example_task_group_decorator.py
[2024-03-25T21:13:19.559+0000] {processor.py:840} INFO - DAG(s) 'example_task_group_decorator' retrieved from /home/airflow/.local/lib/python3.8/site-packages/airflow/example_dags/example_task_group_decorator.py
[2024-03-25T21:13:19.601+0000] {logging_mixin.py:188} INFO - [2024-03-25T21:13:19.600+0000] {dag.py:3047} INFO - Sync 1 DAGs
[2024-03-25T21:13:19.634+0000] {logging_mixin.py:188} INFO - [2024-03-25T21:13:19.634+0000] {dag.py:3834} INFO - Setting next_dagrun for example_task_group_decorator to 2024-03-24 00:00:00+00:00, run_after=2024-03-25 00:00:00+00:00
[2024-03-25T21:13:19.664+0000] {processor.py:183} INFO - Processing /home/airflow/.local/lib/python3.8/site-packages/airflow/example_dags/example_task_group_decorator.py took 0.139 seconds
[2024-03-25T21:13:50.229+0000] {processor.py:161} INFO - Started process (PID=531) to work on /home/airflow/.local/lib/python3.8/site-packages/airflow/example_dags/example_task_group_decorator.py
[2024-03-25T21:13:50.231+0000] {processor.py:830} INFO - Processing file /home/airflow/.local/lib/python3.8/site-packages/airflow/example_dags/example_task_group_decorator.py for tasks to queue
[2024-03-25T21:13:50.234+0000] {logging_mixin.py:188} INFO - [2024-03-25T21:13:50.233+0000] {dagbag.py:540} INFO - Filling up the DagBag from /home/airflow/.local/lib/python3.8/site-packages/airflow/example_dags/example_task_group_decorator.py
[2024-03-25T21:13:50.263+0000] {processor.py:840} INFO - DAG(s) 'example_task_group_decorator' retrieved from /home/airflow/.local/lib/python3.8/site-packages/airflow/example_dags/example_task_group_decorator.py
[2024-03-25T21:13:50.313+0000] {logging_mixin.py:188} INFO - [2024-03-25T21:13:50.312+0000] {dag.py:3047} INFO - Sync 1 DAGs
[2024-03-25T21:13:50.353+0000] {logging_mixin.py:188} INFO - [2024-03-25T21:13:50.352+0000] {dag.py:3834} INFO - Setting next_dagrun for example_task_group_decorator to 2024-03-24 00:00:00+00:00, run_after=2024-03-25 00:00:00+00:00
[2024-03-25T21:13:50.384+0000] {processor.py:183} INFO - Processing /home/airflow/.local/lib/python3.8/site-packages/airflow/example_dags/example_task_group_decorator.py took 0.162 seconds
[2024-03-25T21:14:21.192+0000] {processor.py:161} INFO - Started process (PID=587) to work on /home/airflow/.local/lib/python3.8/site-packages/airflow/example_dags/example_task_group_decorator.py
[2024-03-25T21:14:21.193+0000] {processor.py:830} INFO - Processing file /home/airflow/.local/lib/python3.8/site-packages/airflow/example_dags/example_task_group_decorator.py for tasks to queue
[2024-03-25T21:14:21.197+0000] {logging_mixin.py:188} INFO - [2024-03-25T21:14:21.196+0000] {dagbag.py:540} INFO - Filling up the DagBag from /home/airflow/.local/lib/python3.8/site-packages/airflow/example_dags/example_task_group_decorator.py
[2024-03-25T21:14:21.224+0000] {processor.py:840} INFO - DAG(s) 'example_task_group_decorator' retrieved from /home/airflow/.local/lib/python3.8/site-packages/airflow/example_dags/example_task_group_decorator.py
[2024-03-25T21:14:21.274+0000] {logging_mixin.py:188} INFO - [2024-03-25T21:14:21.273+0000] {dag.py:3047} INFO - Sync 1 DAGs
[2024-03-25T21:14:21.308+0000] {logging_mixin.py:188} INFO - [2024-03-25T21:14:21.307+0000] {dag.py:3834} INFO - Setting next_dagrun for example_task_group_decorator to 2024-03-24 00:00:00+00:00, run_after=2024-03-25 00:00:00+00:00
[2024-03-25T21:14:21.344+0000] {processor.py:183} INFO - Processing /home/airflow/.local/lib/python3.8/site-packages/airflow/example_dags/example_task_group_decorator.py took 0.160 seconds
[2024-03-25T21:14:52.103+0000] {processor.py:161} INFO - Started process (PID=643) to work on /home/airflow/.local/lib/python3.8/site-packages/airflow/example_dags/example_task_group_decorator.py
[2024-03-25T21:14:52.105+0000] {processor.py:830} INFO - Processing file /home/airflow/.local/lib/python3.8/site-packages/airflow/example_dags/example_task_group_decorator.py for tasks to queue
[2024-03-25T21:14:52.109+0000] {logging_mixin.py:188} INFO - [2024-03-25T21:14:52.108+0000] {dagbag.py:540} INFO - Filling up the DagBag from /home/airflow/.local/lib/python3.8/site-packages/airflow/example_dags/example_task_group_decorator.py
[2024-03-25T21:14:52.137+0000] {processor.py:840} INFO - DAG(s) 'example_task_group_decorator' retrieved from /home/airflow/.local/lib/python3.8/site-packages/airflow/example_dags/example_task_group_decorator.py
[2024-03-25T21:14:52.180+0000] {logging_mixin.py:188} INFO - [2024-03-25T21:14:52.179+0000] {dag.py:3047} INFO - Sync 1 DAGs
[2024-03-25T21:14:52.213+0000] {logging_mixin.py:188} INFO - [2024-03-25T21:14:52.212+0000] {dag.py:3834} INFO - Setting next_dagrun for example_task_group_decorator to 2024-03-24 00:00:00+00:00, run_after=2024-03-25 00:00:00+00:00
[2024-03-25T21:14:52.244+0000] {processor.py:183} INFO - Processing /home/airflow/.local/lib/python3.8/site-packages/airflow/example_dags/example_task_group_decorator.py took 0.147 seconds
[2024-03-25T21:15:22.688+0000] {processor.py:161} INFO - Started process (PID=698) to work on /home/airflow/.local/lib/python3.8/site-packages/airflow/example_dags/example_task_group_decorator.py
[2024-03-25T21:15:22.690+0000] {processor.py:830} INFO - Processing file /home/airflow/.local/lib/python3.8/site-packages/airflow/example_dags/example_task_group_decorator.py for tasks to queue
[2024-03-25T21:15:22.693+0000] {logging_mixin.py:188} INFO - [2024-03-25T21:15:22.693+0000] {dagbag.py:540} INFO - Filling up the DagBag from /home/airflow/.local/lib/python3.8/site-packages/airflow/example_dags/example_task_group_decorator.py
[2024-03-25T21:15:22.720+0000] {processor.py:840} INFO - DAG(s) 'example_task_group_decorator' retrieved from /home/airflow/.local/lib/python3.8/site-packages/airflow/example_dags/example_task_group_decorator.py
[2024-03-25T21:15:22.776+0000] {logging_mixin.py:188} INFO - [2024-03-25T21:15:22.776+0000] {dag.py:3047} INFO - Sync 1 DAGs
[2024-03-25T21:15:22.827+0000] {logging_mixin.py:188} INFO - [2024-03-25T21:15:22.826+0000] {dag.py:3834} INFO - Setting next_dagrun for example_task_group_decorator to 2024-03-24 00:00:00+00:00, run_after=2024-03-25 00:00:00+00:00
[2024-03-25T21:15:22.860+0000] {processor.py:183} INFO - Processing /home/airflow/.local/lib/python3.8/site-packages/airflow/example_dags/example_task_group_decorator.py took 0.178 seconds
[2024-03-25T21:15:53.756+0000] {processor.py:161} INFO - Started process (PID=755) to work on /home/airflow/.local/lib/python3.8/site-packages/airflow/example_dags/example_task_group_decorator.py
[2024-03-25T21:15:53.759+0000] {processor.py:830} INFO - Processing file /home/airflow/.local/lib/python3.8/site-packages/airflow/example_dags/example_task_group_decorator.py for tasks to queue
[2024-03-25T21:15:53.764+0000] {logging_mixin.py:188} INFO - [2024-03-25T21:15:53.763+0000] {dagbag.py:540} INFO - Filling up the DagBag from /home/airflow/.local/lib/python3.8/site-packages/airflow/example_dags/example_task_group_decorator.py
[2024-03-25T21:15:53.798+0000] {processor.py:840} INFO - DAG(s) 'example_task_group_decorator' retrieved from /home/airflow/.local/lib/python3.8/site-packages/airflow/example_dags/example_task_group_decorator.py
[2024-03-25T21:15:53.865+0000] {logging_mixin.py:188} INFO - [2024-03-25T21:15:53.865+0000] {dag.py:3047} INFO - Sync 1 DAGs
[2024-03-25T21:15:53.913+0000] {logging_mixin.py:188} INFO - [2024-03-25T21:15:53.912+0000] {dag.py:3834} INFO - Setting next_dagrun for example_task_group_decorator to 2024-03-24 00:00:00+00:00, run_after=2024-03-25 00:00:00+00:00
[2024-03-25T21:15:53.948+0000] {processor.py:183} INFO - Processing /home/airflow/.local/lib/python3.8/site-packages/airflow/example_dags/example_task_group_decorator.py took 0.199 seconds
[2024-03-25T21:16:24.125+0000] {processor.py:161} INFO - Started process (PID=811) to work on /home/airflow/.local/lib/python3.8/site-packages/airflow/example_dags/example_task_group_decorator.py
[2024-03-25T21:16:24.127+0000] {processor.py:830} INFO - Processing file /home/airflow/.local/lib/python3.8/site-packages/airflow/example_dags/example_task_group_decorator.py for tasks to queue
[2024-03-25T21:16:24.131+0000] {logging_mixin.py:188} INFO - [2024-03-25T21:16:24.130+0000] {dagbag.py:540} INFO - Filling up the DagBag from /home/airflow/.local/lib/python3.8/site-packages/airflow/example_dags/example_task_group_decorator.py
[2024-03-25T21:16:24.155+0000] {processor.py:840} INFO - DAG(s) 'example_task_group_decorator' retrieved from /home/airflow/.local/lib/python3.8/site-packages/airflow/example_dags/example_task_group_decorator.py
[2024-03-25T21:16:24.197+0000] {logging_mixin.py:188} INFO - [2024-03-25T21:16:24.196+0000] {dag.py:3047} INFO - Sync 1 DAGs
[2024-03-25T21:16:24.233+0000] {logging_mixin.py:188} INFO - [2024-03-25T21:16:24.232+0000] {dag.py:3834} INFO - Setting next_dagrun for example_task_group_decorator to 2024-03-24 00:00:00+00:00, run_after=2024-03-25 00:00:00+00:00
[2024-03-25T21:16:24.260+0000] {processor.py:183} INFO - Processing /home/airflow/.local/lib/python3.8/site-packages/airflow/example_dags/example_task_group_decorator.py took 0.141 seconds
[2024-03-25T21:16:54.589+0000] {processor.py:161} INFO - Started process (PID=867) to work on /home/airflow/.local/lib/python3.8/site-packages/airflow/example_dags/example_task_group_decorator.py
[2024-03-25T21:16:54.591+0000] {processor.py:830} INFO - Processing file /home/airflow/.local/lib/python3.8/site-packages/airflow/example_dags/example_task_group_decorator.py for tasks to queue
[2024-03-25T21:16:54.594+0000] {logging_mixin.py:188} INFO - [2024-03-25T21:16:54.593+0000] {dagbag.py:540} INFO - Filling up the DagBag from /home/airflow/.local/lib/python3.8/site-packages/airflow/example_dags/example_task_group_decorator.py
[2024-03-25T21:16:54.618+0000] {processor.py:840} INFO - DAG(s) 'example_task_group_decorator' retrieved from /home/airflow/.local/lib/python3.8/site-packages/airflow/example_dags/example_task_group_decorator.py
[2024-03-25T21:16:54.659+0000] {logging_mixin.py:188} INFO - [2024-03-25T21:16:54.658+0000] {dag.py:3047} INFO - Sync 1 DAGs
[2024-03-25T21:16:54.692+0000] {logging_mixin.py:188} INFO - [2024-03-25T21:16:54.692+0000] {dag.py:3834} INFO - Setting next_dagrun for example_task_group_decorator to 2024-03-24 00:00:00+00:00, run_after=2024-03-25 00:00:00+00:00
[2024-03-25T21:16:54.720+0000] {processor.py:183} INFO - Processing /home/airflow/.local/lib/python3.8/site-packages/airflow/example_dags/example_task_group_decorator.py took 0.137 seconds
[2024-03-25T21:17:25.079+0000] {processor.py:161} INFO - Started process (PID=923) to work on /home/airflow/.local/lib/python3.8/site-packages/airflow/example_dags/example_task_group_decorator.py
[2024-03-25T21:17:25.080+0000] {processor.py:830} INFO - Processing file /home/airflow/.local/lib/python3.8/site-packages/airflow/example_dags/example_task_group_decorator.py for tasks to queue
[2024-03-25T21:17:25.083+0000] {logging_mixin.py:188} INFO - [2024-03-25T21:17:25.083+0000] {dagbag.py:540} INFO - Filling up the DagBag from /home/airflow/.local/lib/python3.8/site-packages/airflow/example_dags/example_task_group_decorator.py
[2024-03-25T21:17:25.108+0000] {processor.py:840} INFO - DAG(s) 'example_task_group_decorator' retrieved from /home/airflow/.local/lib/python3.8/site-packages/airflow/example_dags/example_task_group_decorator.py
[2024-03-25T21:17:25.150+0000] {logging_mixin.py:188} INFO - [2024-03-25T21:17:25.149+0000] {dag.py:3047} INFO - Sync 1 DAGs
[2024-03-25T21:17:25.182+0000] {logging_mixin.py:188} INFO - [2024-03-25T21:17:25.182+0000] {dag.py:3834} INFO - Setting next_dagrun for example_task_group_decorator to 2024-03-24 00:00:00+00:00, run_after=2024-03-25 00:00:00+00:00
[2024-03-25T21:17:25.211+0000] {processor.py:183} INFO - Processing /home/airflow/.local/lib/python3.8/site-packages/airflow/example_dags/example_task_group_decorator.py took 0.138 seconds
[2024-03-25T21:17:56.019+0000] {processor.py:161} INFO - Started process (PID=979) to work on /home/airflow/.local/lib/python3.8/site-packages/airflow/example_dags/example_task_group_decorator.py
[2024-03-25T21:17:56.020+0000] {processor.py:830} INFO - Processing file /home/airflow/.local/lib/python3.8/site-packages/airflow/example_dags/example_task_group_decorator.py for tasks to queue
[2024-03-25T21:17:56.023+0000] {logging_mixin.py:188} INFO - [2024-03-25T21:17:56.023+0000] {dagbag.py:540} INFO - Filling up the DagBag from /home/airflow/.local/lib/python3.8/site-packages/airflow/example_dags/example_task_group_decorator.py
[2024-03-25T21:17:56.048+0000] {processor.py:840} INFO - DAG(s) 'example_task_group_decorator' retrieved from /home/airflow/.local/lib/python3.8/site-packages/airflow/example_dags/example_task_group_decorator.py
[2024-03-25T21:17:56.090+0000] {logging_mixin.py:188} INFO - [2024-03-25T21:17:56.090+0000] {dag.py:3047} INFO - Sync 1 DAGs
[2024-03-25T21:17:56.124+0000] {logging_mixin.py:188} INFO - [2024-03-25T21:17:56.124+0000] {dag.py:3834} INFO - Setting next_dagrun for example_task_group_decorator to 2024-03-24 00:00:00+00:00, run_after=2024-03-25 00:00:00+00:00
[2024-03-25T21:17:56.156+0000] {processor.py:183} INFO - Processing /home/airflow/.local/lib/python3.8/site-packages/airflow/example_dags/example_task_group_decorator.py took 0.144 seconds
[2024-03-25T21:18:26.587+0000] {processor.py:161} INFO - Started process (PID=1035) to work on /home/airflow/.local/lib/python3.8/site-packages/airflow/example_dags/example_task_group_decorator.py
[2024-03-25T21:18:26.589+0000] {processor.py:830} INFO - Processing file /home/airflow/.local/lib/python3.8/site-packages/airflow/example_dags/example_task_group_decorator.py for tasks to queue
[2024-03-25T21:18:26.592+0000] {logging_mixin.py:188} INFO - [2024-03-25T21:18:26.592+0000] {dagbag.py:540} INFO - Filling up the DagBag from /home/airflow/.local/lib/python3.8/site-packages/airflow/example_dags/example_task_group_decorator.py
[2024-03-25T21:18:26.618+0000] {processor.py:840} INFO - DAG(s) 'example_task_group_decorator' retrieved from /home/airflow/.local/lib/python3.8/site-packages/airflow/example_dags/example_task_group_decorator.py
[2024-03-25T21:18:26.670+0000] {logging_mixin.py:188} INFO - [2024-03-25T21:18:26.669+0000] {dag.py:3047} INFO - Sync 1 DAGs
[2024-03-25T21:18:26.722+0000] {logging_mixin.py:188} INFO - [2024-03-25T21:18:26.722+0000] {dag.py:3834} INFO - Setting next_dagrun for example_task_group_decorator to 2024-03-24 00:00:00+00:00, run_after=2024-03-25 00:00:00+00:00
[2024-03-25T21:18:26.751+0000] {processor.py:183} INFO - Processing /home/airflow/.local/lib/python3.8/site-packages/airflow/example_dags/example_task_group_decorator.py took 0.169 seconds
[2024-03-25T21:18:57.534+0000] {processor.py:161} INFO - Started process (PID=1090) to work on /home/airflow/.local/lib/python3.8/site-packages/airflow/example_dags/example_task_group_decorator.py
[2024-03-25T21:18:57.536+0000] {processor.py:830} INFO - Processing file /home/airflow/.local/lib/python3.8/site-packages/airflow/example_dags/example_task_group_decorator.py for tasks to queue
[2024-03-25T21:18:57.539+0000] {logging_mixin.py:188} INFO - [2024-03-25T21:18:57.538+0000] {dagbag.py:540} INFO - Filling up the DagBag from /home/airflow/.local/lib/python3.8/site-packages/airflow/example_dags/example_task_group_decorator.py
[2024-03-25T21:18:57.566+0000] {processor.py:840} INFO - DAG(s) 'example_task_group_decorator' retrieved from /home/airflow/.local/lib/python3.8/site-packages/airflow/example_dags/example_task_group_decorator.py
[2024-03-25T21:18:57.608+0000] {logging_mixin.py:188} INFO - [2024-03-25T21:18:57.607+0000] {dag.py:3047} INFO - Sync 1 DAGs
[2024-03-25T21:18:57.645+0000] {logging_mixin.py:188} INFO - [2024-03-25T21:18:57.645+0000] {dag.py:3834} INFO - Setting next_dagrun for example_task_group_decorator to 2024-03-24 00:00:00+00:00, run_after=2024-03-25 00:00:00+00:00
[2024-03-25T21:18:57.672+0000] {processor.py:183} INFO - Processing /home/airflow/.local/lib/python3.8/site-packages/airflow/example_dags/example_task_group_decorator.py took 0.143 seconds
[2024-03-25T21:19:27.833+0000] {processor.py:161} INFO - Started process (PID=1146) to work on /home/airflow/.local/lib/python3.8/site-packages/airflow/example_dags/example_task_group_decorator.py
[2024-03-25T21:19:27.835+0000] {processor.py:830} INFO - Processing file /home/airflow/.local/lib/python3.8/site-packages/airflow/example_dags/example_task_group_decorator.py for tasks to queue
[2024-03-25T21:19:27.839+0000] {logging_mixin.py:188} INFO - [2024-03-25T21:19:27.838+0000] {dagbag.py:540} INFO - Filling up the DagBag from /home/airflow/.local/lib/python3.8/site-packages/airflow/example_dags/example_task_group_decorator.py
[2024-03-25T21:19:27.870+0000] {processor.py:840} INFO - DAG(s) 'example_task_group_decorator' retrieved from /home/airflow/.local/lib/python3.8/site-packages/airflow/example_dags/example_task_group_decorator.py
[2024-03-25T21:19:27.921+0000] {logging_mixin.py:188} INFO - [2024-03-25T21:19:27.920+0000] {dag.py:3047} INFO - Sync 1 DAGs
[2024-03-25T21:19:27.957+0000] {logging_mixin.py:188} INFO - [2024-03-25T21:19:27.957+0000] {dag.py:3834} INFO - Setting next_dagrun for example_task_group_decorator to 2024-03-24 00:00:00+00:00, run_after=2024-03-25 00:00:00+00:00
[2024-03-25T21:19:27.991+0000] {processor.py:183} INFO - Processing /home/airflow/.local/lib/python3.8/site-packages/airflow/example_dags/example_task_group_decorator.py took 0.163 seconds
[2024-03-25T21:19:58.069+0000] {processor.py:161} INFO - Started process (PID=1201) to work on /home/airflow/.local/lib/python3.8/site-packages/airflow/example_dags/example_task_group_decorator.py
[2024-03-25T21:19:58.071+0000] {processor.py:830} INFO - Processing file /home/airflow/.local/lib/python3.8/site-packages/airflow/example_dags/example_task_group_decorator.py for tasks to queue
[2024-03-25T21:19:58.074+0000] {logging_mixin.py:188} INFO - [2024-03-25T21:19:58.074+0000] {dagbag.py:540} INFO - Filling up the DagBag from /home/airflow/.local/lib/python3.8/site-packages/airflow/example_dags/example_task_group_decorator.py
[2024-03-25T21:19:58.098+0000] {processor.py:840} INFO - DAG(s) 'example_task_group_decorator' retrieved from /home/airflow/.local/lib/python3.8/site-packages/airflow/example_dags/example_task_group_decorator.py
[2024-03-25T21:19:58.141+0000] {logging_mixin.py:188} INFO - [2024-03-25T21:19:58.140+0000] {dag.py:3047} INFO - Sync 1 DAGs
[2024-03-25T21:19:58.205+0000] {logging_mixin.py:188} INFO - [2024-03-25T21:19:58.204+0000] {dag.py:3834} INFO - Setting next_dagrun for example_task_group_decorator to 2024-03-24 00:00:00+00:00, run_after=2024-03-25 00:00:00+00:00
[2024-03-25T21:19:58.235+0000] {processor.py:183} INFO - Processing /home/airflow/.local/lib/python3.8/site-packages/airflow/example_dags/example_task_group_decorator.py took 0.171 seconds
[2024-03-25T21:20:28.769+0000] {processor.py:161} INFO - Started process (PID=1258) to work on /home/airflow/.local/lib/python3.8/site-packages/airflow/example_dags/example_task_group_decorator.py
[2024-03-25T21:20:28.771+0000] {processor.py:830} INFO - Processing file /home/airflow/.local/lib/python3.8/site-packages/airflow/example_dags/example_task_group_decorator.py for tasks to queue
[2024-03-25T21:20:28.774+0000] {logging_mixin.py:188} INFO - [2024-03-25T21:20:28.773+0000] {dagbag.py:540} INFO - Filling up the DagBag from /home/airflow/.local/lib/python3.8/site-packages/airflow/example_dags/example_task_group_decorator.py
[2024-03-25T21:20:28.797+0000] {processor.py:840} INFO - DAG(s) 'example_task_group_decorator' retrieved from /home/airflow/.local/lib/python3.8/site-packages/airflow/example_dags/example_task_group_decorator.py
[2024-03-25T21:20:28.842+0000] {logging_mixin.py:188} INFO - [2024-03-25T21:20:28.841+0000] {dag.py:3047} INFO - Sync 1 DAGs
[2024-03-25T21:20:28.879+0000] {logging_mixin.py:188} INFO - [2024-03-25T21:20:28.878+0000] {dag.py:3834} INFO - Setting next_dagrun for example_task_group_decorator to 2024-03-24 00:00:00+00:00, run_after=2024-03-25 00:00:00+00:00
[2024-03-25T21:20:28.905+0000] {processor.py:183} INFO - Processing /home/airflow/.local/lib/python3.8/site-packages/airflow/example_dags/example_task_group_decorator.py took 0.141 seconds
[2024-03-25T21:26:51.302+0000] {processor.py:161} INFO - Started process (PID=1314) to work on /home/airflow/.local/lib/python3.8/site-packages/airflow/example_dags/example_task_group_decorator.py
[2024-03-25T21:26:51.305+0000] {processor.py:830} INFO - Processing file /home/airflow/.local/lib/python3.8/site-packages/airflow/example_dags/example_task_group_decorator.py for tasks to queue
[2024-03-25T21:26:51.309+0000] {logging_mixin.py:188} INFO - [2024-03-25T21:26:51.308+0000] {dagbag.py:540} INFO - Filling up the DagBag from /home/airflow/.local/lib/python3.8/site-packages/airflow/example_dags/example_task_group_decorator.py
[2024-03-25T21:26:51.342+0000] {processor.py:840} INFO - DAG(s) 'example_task_group_decorator' retrieved from /home/airflow/.local/lib/python3.8/site-packages/airflow/example_dags/example_task_group_decorator.py
[2024-03-25T21:26:51.400+0000] {logging_mixin.py:188} INFO - [2024-03-25T21:26:51.400+0000] {dag.py:3047} INFO - Sync 1 DAGs
[2024-03-25T21:26:51.459+0000] {logging_mixin.py:188} INFO - [2024-03-25T21:26:51.459+0000] {dag.py:3834} INFO - Setting next_dagrun for example_task_group_decorator to 2024-03-24 00:00:00+00:00, run_after=2024-03-25 00:00:00+00:00
[2024-03-25T21:26:51.504+0000] {processor.py:183} INFO - Processing /home/airflow/.local/lib/python3.8/site-packages/airflow/example_dags/example_task_group_decorator.py took 0.209 seconds
[2024-03-25T21:27:23.808+0000] {processor.py:161} INFO - Started process (PID=1370) to work on /home/airflow/.local/lib/python3.8/site-packages/airflow/example_dags/example_task_group_decorator.py
[2024-03-25T21:27:23.811+0000] {processor.py:830} INFO - Processing file /home/airflow/.local/lib/python3.8/site-packages/airflow/example_dags/example_task_group_decorator.py for tasks to queue
[2024-03-25T21:27:23.815+0000] {logging_mixin.py:188} INFO - [2024-03-25T21:27:23.815+0000] {dagbag.py:540} INFO - Filling up the DagBag from /home/airflow/.local/lib/python3.8/site-packages/airflow/example_dags/example_task_group_decorator.py
[2024-03-25T21:27:23.849+0000] {processor.py:840} INFO - DAG(s) 'example_task_group_decorator' retrieved from /home/airflow/.local/lib/python3.8/site-packages/airflow/example_dags/example_task_group_decorator.py
[2024-03-25T21:27:23.996+0000] {logging_mixin.py:188} INFO - [2024-03-25T21:27:23.994+0000] {dag.py:3047} INFO - Sync 1 DAGs
[2024-03-25T21:27:24.061+0000] {logging_mixin.py:188} INFO - [2024-03-25T21:27:24.061+0000] {dag.py:3834} INFO - Setting next_dagrun for example_task_group_decorator to 2024-03-24 00:00:00+00:00, run_after=2024-03-25 00:00:00+00:00
[2024-03-25T21:27:24.100+0000] {processor.py:183} INFO - Processing /home/airflow/.local/lib/python3.8/site-packages/airflow/example_dags/example_task_group_decorator.py took 0.304 seconds
[2024-03-25T21:27:54.807+0000] {processor.py:161} INFO - Started process (PID=1426) to work on /home/airflow/.local/lib/python3.8/site-packages/airflow/example_dags/example_task_group_decorator.py
[2024-03-25T21:27:54.809+0000] {processor.py:830} INFO - Processing file /home/airflow/.local/lib/python3.8/site-packages/airflow/example_dags/example_task_group_decorator.py for tasks to queue
[2024-03-25T21:27:54.812+0000] {logging_mixin.py:188} INFO - [2024-03-25T21:27:54.812+0000] {dagbag.py:540} INFO - Filling up the DagBag from /home/airflow/.local/lib/python3.8/site-packages/airflow/example_dags/example_task_group_decorator.py
[2024-03-25T21:27:54.838+0000] {processor.py:840} INFO - DAG(s) 'example_task_group_decorator' retrieved from /home/airflow/.local/lib/python3.8/site-packages/airflow/example_dags/example_task_group_decorator.py
[2024-03-25T21:27:54.883+0000] {logging_mixin.py:188} INFO - [2024-03-25T21:27:54.883+0000] {dag.py:3047} INFO - Sync 1 DAGs
[2024-03-25T21:27:54.917+0000] {logging_mixin.py:188} INFO - [2024-03-25T21:27:54.917+0000] {dag.py:3834} INFO - Setting next_dagrun for example_task_group_decorator to 2024-03-24 00:00:00+00:00, run_after=2024-03-25 00:00:00+00:00
[2024-03-25T21:27:54.948+0000] {processor.py:183} INFO - Processing /home/airflow/.local/lib/python3.8/site-packages/airflow/example_dags/example_task_group_decorator.py took 0.146 seconds
[2024-03-25T21:28:25.542+0000] {processor.py:161} INFO - Started process (PID=1482) to work on /home/airflow/.local/lib/python3.8/site-packages/airflow/example_dags/example_task_group_decorator.py
[2024-03-25T21:28:25.544+0000] {processor.py:830} INFO - Processing file /home/airflow/.local/lib/python3.8/site-packages/airflow/example_dags/example_task_group_decorator.py for tasks to queue
[2024-03-25T21:28:25.547+0000] {logging_mixin.py:188} INFO - [2024-03-25T21:28:25.546+0000] {dagbag.py:540} INFO - Filling up the DagBag from /home/airflow/.local/lib/python3.8/site-packages/airflow/example_dags/example_task_group_decorator.py
[2024-03-25T21:28:25.570+0000] {processor.py:840} INFO - DAG(s) 'example_task_group_decorator' retrieved from /home/airflow/.local/lib/python3.8/site-packages/airflow/example_dags/example_task_group_decorator.py
[2024-03-25T21:28:25.617+0000] {logging_mixin.py:188} INFO - [2024-03-25T21:28:25.617+0000] {dag.py:3047} INFO - Sync 1 DAGs
[2024-03-25T21:28:25.655+0000] {logging_mixin.py:188} INFO - [2024-03-25T21:28:25.655+0000] {dag.py:3834} INFO - Setting next_dagrun for example_task_group_decorator to 2024-03-24 00:00:00+00:00, run_after=2024-03-25 00:00:00+00:00
[2024-03-25T21:28:25.685+0000] {processor.py:183} INFO - Processing /home/airflow/.local/lib/python3.8/site-packages/airflow/example_dags/example_task_group_decorator.py took 0.148 seconds
