[2024-03-25T21:03:43.066+0000] {processor.py:161} INFO - Started process (PID=47) to work on /home/airflow/.local/lib/python3.8/site-packages/airflow/example_dags/example_branch_operator.py
[2024-03-25T21:03:43.072+0000] {processor.py:830} INFO - Processing file /home/airflow/.local/lib/python3.8/site-packages/airflow/example_dags/example_branch_operator.py for tasks to queue
[2024-03-25T21:03:43.078+0000] {logging_mixin.py:188} INFO - [2024-03-25T21:03:43.077+0000] {dagbag.py:540} INFO - Filling up the DagBag from /home/airflow/.local/lib/python3.8/site-packages/airflow/example_dags/example_branch_operator.py
[2024-03-25T21:03:43.164+0000] {processor.py:840} INFO - DAG(s) 'example_branch_operator' retrieved from /home/airflow/.local/lib/python3.8/site-packages/airflow/example_dags/example_branch_operator.py
[2024-03-25T21:03:43.207+0000] {logging_mixin.py:188} INFO - [2024-03-25T21:03:43.207+0000] {dag.py:3047} INFO - Sync 1 DAGs
[2024-03-25T21:03:43.308+0000] {logging_mixin.py:188} INFO - [2024-03-25T21:03:43.307+0000] {dag.py:3834} INFO - Setting next_dagrun for example_branch_operator to 2024-03-24 00:00:00+00:00, run_after=2024-03-25 00:00:00+00:00
[2024-03-25T21:03:44.805+0000] {processor.py:183} INFO - Processing /home/airflow/.local/lib/python3.8/site-packages/airflow/example_dags/example_branch_operator.py took 1.749 seconds
[2024-03-25T21:04:15.086+0000] {processor.py:161} INFO - Started process (PID=102) to work on /home/airflow/.local/lib/python3.8/site-packages/airflow/example_dags/example_branch_operator.py
[2024-03-25T21:04:15.088+0000] {processor.py:830} INFO - Processing file /home/airflow/.local/lib/python3.8/site-packages/airflow/example_dags/example_branch_operator.py for tasks to queue
[2024-03-25T21:04:15.091+0000] {logging_mixin.py:188} INFO - [2024-03-25T21:04:15.091+0000] {dagbag.py:540} INFO - Filling up the DagBag from /home/airflow/.local/lib/python3.8/site-packages/airflow/example_dags/example_branch_operator.py
[2024-03-25T21:04:15.125+0000] {processor.py:840} INFO - DAG(s) 'example_branch_operator' retrieved from /home/airflow/.local/lib/python3.8/site-packages/airflow/example_dags/example_branch_operator.py
[2024-03-25T21:04:15.339+0000] {logging_mixin.py:188} INFO - [2024-03-25T21:04:15.339+0000] {dag.py:3047} INFO - Sync 1 DAGs
[2024-03-25T21:04:15.381+0000] {logging_mixin.py:188} INFO - [2024-03-25T21:04:15.380+0000] {dag.py:3834} INFO - Setting next_dagrun for example_branch_operator to 2024-03-24 00:00:00+00:00, run_after=2024-03-25 00:00:00+00:00
[2024-03-25T21:04:15.460+0000] {processor.py:183} INFO - Processing /home/airflow/.local/lib/python3.8/site-packages/airflow/example_dags/example_branch_operator.py took 0.380 seconds
[2024-03-25T21:04:45.722+0000] {processor.py:161} INFO - Started process (PID=157) to work on /home/airflow/.local/lib/python3.8/site-packages/airflow/example_dags/example_branch_operator.py
[2024-03-25T21:04:45.724+0000] {processor.py:830} INFO - Processing file /home/airflow/.local/lib/python3.8/site-packages/airflow/example_dags/example_branch_operator.py for tasks to queue
[2024-03-25T21:04:45.727+0000] {logging_mixin.py:188} INFO - [2024-03-25T21:04:45.726+0000] {dagbag.py:540} INFO - Filling up the DagBag from /home/airflow/.local/lib/python3.8/site-packages/airflow/example_dags/example_branch_operator.py
[2024-03-25T21:04:45.755+0000] {processor.py:840} INFO - DAG(s) 'example_branch_operator' retrieved from /home/airflow/.local/lib/python3.8/site-packages/airflow/example_dags/example_branch_operator.py
[2024-03-25T21:04:45.804+0000] {logging_mixin.py:188} INFO - [2024-03-25T21:04:45.804+0000] {dag.py:3047} INFO - Sync 1 DAGs
[2024-03-25T21:04:45.842+0000] {logging_mixin.py:188} INFO - [2024-03-25T21:04:45.841+0000] {dag.py:3834} INFO - Setting next_dagrun for example_branch_operator to 2024-03-24 00:00:00+00:00, run_after=2024-03-25 00:00:00+00:00
[2024-03-25T21:04:45.875+0000] {processor.py:183} INFO - Processing /home/airflow/.local/lib/python3.8/site-packages/airflow/example_dags/example_branch_operator.py took 0.158 seconds
[2024-03-25T21:05:16.269+0000] {processor.py:161} INFO - Started process (PID=212) to work on /home/airflow/.local/lib/python3.8/site-packages/airflow/example_dags/example_branch_operator.py
[2024-03-25T21:05:16.271+0000] {processor.py:830} INFO - Processing file /home/airflow/.local/lib/python3.8/site-packages/airflow/example_dags/example_branch_operator.py for tasks to queue
[2024-03-25T21:05:16.274+0000] {logging_mixin.py:188} INFO - [2024-03-25T21:05:16.274+0000] {dagbag.py:540} INFO - Filling up the DagBag from /home/airflow/.local/lib/python3.8/site-packages/airflow/example_dags/example_branch_operator.py
[2024-03-25T21:05:16.308+0000] {processor.py:840} INFO - DAG(s) 'example_branch_operator' retrieved from /home/airflow/.local/lib/python3.8/site-packages/airflow/example_dags/example_branch_operator.py
[2024-03-25T21:05:16.367+0000] {logging_mixin.py:188} INFO - [2024-03-25T21:05:16.366+0000] {dag.py:3047} INFO - Sync 1 DAGs
[2024-03-25T21:05:16.407+0000] {logging_mixin.py:188} INFO - [2024-03-25T21:05:16.407+0000] {dag.py:3834} INFO - Setting next_dagrun for example_branch_operator to 2024-03-24 00:00:00+00:00, run_after=2024-03-25 00:00:00+00:00
[2024-03-25T21:05:16.479+0000] {processor.py:183} INFO - Processing /home/airflow/.local/lib/python3.8/site-packages/airflow/example_dags/example_branch_operator.py took 0.219 seconds
[2024-03-25T21:05:46.602+0000] {processor.py:161} INFO - Started process (PID=267) to work on /home/airflow/.local/lib/python3.8/site-packages/airflow/example_dags/example_branch_operator.py
[2024-03-25T21:05:46.605+0000] {processor.py:830} INFO - Processing file /home/airflow/.local/lib/python3.8/site-packages/airflow/example_dags/example_branch_operator.py for tasks to queue
[2024-03-25T21:05:46.608+0000] {logging_mixin.py:188} INFO - [2024-03-25T21:05:46.608+0000] {dagbag.py:540} INFO - Filling up the DagBag from /home/airflow/.local/lib/python3.8/site-packages/airflow/example_dags/example_branch_operator.py
[2024-03-25T21:05:46.654+0000] {processor.py:840} INFO - DAG(s) 'example_branch_operator' retrieved from /home/airflow/.local/lib/python3.8/site-packages/airflow/example_dags/example_branch_operator.py
[2024-03-25T21:05:46.708+0000] {logging_mixin.py:188} INFO - [2024-03-25T21:05:46.708+0000] {dag.py:3047} INFO - Sync 1 DAGs
[2024-03-25T21:05:46.744+0000] {logging_mixin.py:188} INFO - [2024-03-25T21:05:46.744+0000] {dag.py:3834} INFO - Setting next_dagrun for example_branch_operator to 2024-03-24 00:00:00+00:00, run_after=2024-03-25 00:00:00+00:00
[2024-03-25T21:05:46.778+0000] {processor.py:183} INFO - Processing /home/airflow/.local/lib/python3.8/site-packages/airflow/example_dags/example_branch_operator.py took 0.187 seconds
[2024-03-25T21:06:16.996+0000] {processor.py:161} INFO - Started process (PID=322) to work on /home/airflow/.local/lib/python3.8/site-packages/airflow/example_dags/example_branch_operator.py
[2024-03-25T21:06:16.998+0000] {processor.py:830} INFO - Processing file /home/airflow/.local/lib/python3.8/site-packages/airflow/example_dags/example_branch_operator.py for tasks to queue
[2024-03-25T21:06:17.002+0000] {logging_mixin.py:188} INFO - [2024-03-25T21:06:17.001+0000] {dagbag.py:540} INFO - Filling up the DagBag from /home/airflow/.local/lib/python3.8/site-packages/airflow/example_dags/example_branch_operator.py
[2024-03-25T21:06:17.031+0000] {processor.py:840} INFO - DAG(s) 'example_branch_operator' retrieved from /home/airflow/.local/lib/python3.8/site-packages/airflow/example_dags/example_branch_operator.py
[2024-03-25T21:06:17.080+0000] {logging_mixin.py:188} INFO - [2024-03-25T21:06:17.080+0000] {dag.py:3047} INFO - Sync 1 DAGs
[2024-03-25T21:06:17.119+0000] {logging_mixin.py:188} INFO - [2024-03-25T21:06:17.119+0000] {dag.py:3834} INFO - Setting next_dagrun for example_branch_operator to 2024-03-24 00:00:00+00:00, run_after=2024-03-25 00:00:00+00:00
[2024-03-25T21:06:17.149+0000] {processor.py:183} INFO - Processing /home/airflow/.local/lib/python3.8/site-packages/airflow/example_dags/example_branch_operator.py took 0.158 seconds
[2024-03-25T21:06:47.553+0000] {processor.py:161} INFO - Started process (PID=377) to work on /home/airflow/.local/lib/python3.8/site-packages/airflow/example_dags/example_branch_operator.py
[2024-03-25T21:06:47.555+0000] {processor.py:830} INFO - Processing file /home/airflow/.local/lib/python3.8/site-packages/airflow/example_dags/example_branch_operator.py for tasks to queue
[2024-03-25T21:06:47.559+0000] {logging_mixin.py:188} INFO - [2024-03-25T21:06:47.559+0000] {dagbag.py:540} INFO - Filling up the DagBag from /home/airflow/.local/lib/python3.8/site-packages/airflow/example_dags/example_branch_operator.py
[2024-03-25T21:06:47.595+0000] {processor.py:840} INFO - DAG(s) 'example_branch_operator' retrieved from /home/airflow/.local/lib/python3.8/site-packages/airflow/example_dags/example_branch_operator.py
[2024-03-25T21:06:47.661+0000] {logging_mixin.py:188} INFO - [2024-03-25T21:06:47.661+0000] {dag.py:3047} INFO - Sync 1 DAGs
[2024-03-25T21:06:47.701+0000] {logging_mixin.py:188} INFO - [2024-03-25T21:06:47.700+0000] {dag.py:3834} INFO - Setting next_dagrun for example_branch_operator to 2024-03-24 00:00:00+00:00, run_after=2024-03-25 00:00:00+00:00
[2024-03-25T21:06:47.747+0000] {processor.py:183} INFO - Processing /home/airflow/.local/lib/python3.8/site-packages/airflow/example_dags/example_branch_operator.py took 0.200 seconds
[2024-03-25T21:07:18.666+0000] {processor.py:161} INFO - Started process (PID=432) to work on /home/airflow/.local/lib/python3.8/site-packages/airflow/example_dags/example_branch_operator.py
[2024-03-25T21:07:18.669+0000] {processor.py:830} INFO - Processing file /home/airflow/.local/lib/python3.8/site-packages/airflow/example_dags/example_branch_operator.py for tasks to queue
[2024-03-25T21:07:18.672+0000] {logging_mixin.py:188} INFO - [2024-03-25T21:07:18.671+0000] {dagbag.py:540} INFO - Filling up the DagBag from /home/airflow/.local/lib/python3.8/site-packages/airflow/example_dags/example_branch_operator.py
[2024-03-25T21:07:18.703+0000] {processor.py:840} INFO - DAG(s) 'example_branch_operator' retrieved from /home/airflow/.local/lib/python3.8/site-packages/airflow/example_dags/example_branch_operator.py
[2024-03-25T21:07:18.753+0000] {logging_mixin.py:188} INFO - [2024-03-25T21:07:18.752+0000] {dag.py:3047} INFO - Sync 1 DAGs
[2024-03-25T21:07:18.790+0000] {logging_mixin.py:188} INFO - [2024-03-25T21:07:18.790+0000] {dag.py:3834} INFO - Setting next_dagrun for example_branch_operator to 2024-03-24 00:00:00+00:00, run_after=2024-03-25 00:00:00+00:00
[2024-03-25T21:07:18.820+0000] {processor.py:183} INFO - Processing /home/airflow/.local/lib/python3.8/site-packages/airflow/example_dags/example_branch_operator.py took 0.160 seconds
[2024-03-25T21:07:48.991+0000] {processor.py:161} INFO - Started process (PID=487) to work on /home/airflow/.local/lib/python3.8/site-packages/airflow/example_dags/example_branch_operator.py
[2024-03-25T21:07:48.992+0000] {processor.py:830} INFO - Processing file /home/airflow/.local/lib/python3.8/site-packages/airflow/example_dags/example_branch_operator.py for tasks to queue
[2024-03-25T21:07:49.003+0000] {logging_mixin.py:188} INFO - [2024-03-25T21:07:49.003+0000] {dagbag.py:540} INFO - Filling up the DagBag from /home/airflow/.local/lib/python3.8/site-packages/airflow/example_dags/example_branch_operator.py
[2024-03-25T21:07:49.047+0000] {processor.py:840} INFO - DAG(s) 'example_branch_operator' retrieved from /home/airflow/.local/lib/python3.8/site-packages/airflow/example_dags/example_branch_operator.py
[2024-03-25T21:07:49.096+0000] {logging_mixin.py:188} INFO - [2024-03-25T21:07:49.096+0000] {dag.py:3047} INFO - Sync 1 DAGs
[2024-03-25T21:07:49.132+0000] {logging_mixin.py:188} INFO - [2024-03-25T21:07:49.132+0000] {dag.py:3834} INFO - Setting next_dagrun for example_branch_operator to 2024-03-24 00:00:00+00:00, run_after=2024-03-25 00:00:00+00:00
[2024-03-25T21:07:49.163+0000] {processor.py:183} INFO - Processing /home/airflow/.local/lib/python3.8/site-packages/airflow/example_dags/example_branch_operator.py took 0.178 seconds
[2024-03-25T21:08:19.264+0000] {processor.py:161} INFO - Started process (PID=542) to work on /home/airflow/.local/lib/python3.8/site-packages/airflow/example_dags/example_branch_operator.py
[2024-03-25T21:08:19.268+0000] {processor.py:830} INFO - Processing file /home/airflow/.local/lib/python3.8/site-packages/airflow/example_dags/example_branch_operator.py for tasks to queue
[2024-03-25T21:08:19.272+0000] {logging_mixin.py:188} INFO - [2024-03-25T21:08:19.271+0000] {dagbag.py:540} INFO - Filling up the DagBag from /home/airflow/.local/lib/python3.8/site-packages/airflow/example_dags/example_branch_operator.py
[2024-03-25T21:08:19.320+0000] {processor.py:840} INFO - DAG(s) 'example_branch_operator' retrieved from /home/airflow/.local/lib/python3.8/site-packages/airflow/example_dags/example_branch_operator.py
[2024-03-25T21:08:19.429+0000] {logging_mixin.py:188} INFO - [2024-03-25T21:08:19.428+0000] {dag.py:3047} INFO - Sync 1 DAGs
[2024-03-25T21:08:19.519+0000] {logging_mixin.py:188} INFO - [2024-03-25T21:08:19.518+0000] {dag.py:3834} INFO - Setting next_dagrun for example_branch_operator to 2024-03-24 00:00:00+00:00, run_after=2024-03-25 00:00:00+00:00
[2024-03-25T21:08:19.614+0000] {processor.py:183} INFO - Processing /home/airflow/.local/lib/python3.8/site-packages/airflow/example_dags/example_branch_operator.py took 0.356 seconds
[2024-03-25T21:09:39.142+0000] {processor.py:161} INFO - Started process (PID=42) to work on /home/airflow/.local/lib/python3.8/site-packages/airflow/example_dags/example_branch_operator.py
[2024-03-25T21:09:39.144+0000] {processor.py:830} INFO - Processing file /home/airflow/.local/lib/python3.8/site-packages/airflow/example_dags/example_branch_operator.py for tasks to queue
[2024-03-25T21:09:39.147+0000] {logging_mixin.py:188} INFO - [2024-03-25T21:09:39.147+0000] {dagbag.py:540} INFO - Filling up the DagBag from /home/airflow/.local/lib/python3.8/site-packages/airflow/example_dags/example_branch_operator.py
[2024-03-25T21:09:39.185+0000] {processor.py:840} INFO - DAG(s) 'example_branch_operator' retrieved from /home/airflow/.local/lib/python3.8/site-packages/airflow/example_dags/example_branch_operator.py
[2024-03-25T21:09:39.405+0000] {logging_mixin.py:188} INFO - [2024-03-25T21:09:39.404+0000] {dag.py:3047} INFO - Sync 1 DAGs
[2024-03-25T21:09:39.446+0000] {logging_mixin.py:188} INFO - [2024-03-25T21:09:39.446+0000] {dag.py:3834} INFO - Setting next_dagrun for example_branch_operator to 2024-03-24 00:00:00+00:00, run_after=2024-03-25 00:00:00+00:00
[2024-03-25T21:09:39.483+0000] {processor.py:183} INFO - Processing /home/airflow/.local/lib/python3.8/site-packages/airflow/example_dags/example_branch_operator.py took 0.348 seconds
[2024-03-25T21:10:10.091+0000] {processor.py:161} INFO - Started process (PID=98) to work on /home/airflow/.local/lib/python3.8/site-packages/airflow/example_dags/example_branch_operator.py
[2024-03-25T21:10:10.094+0000] {processor.py:830} INFO - Processing file /home/airflow/.local/lib/python3.8/site-packages/airflow/example_dags/example_branch_operator.py for tasks to queue
[2024-03-25T21:10:10.098+0000] {logging_mixin.py:188} INFO - [2024-03-25T21:10:10.098+0000] {dagbag.py:540} INFO - Filling up the DagBag from /home/airflow/.local/lib/python3.8/site-packages/airflow/example_dags/example_branch_operator.py
[2024-03-25T21:10:10.130+0000] {processor.py:840} INFO - DAG(s) 'example_branch_operator' retrieved from /home/airflow/.local/lib/python3.8/site-packages/airflow/example_dags/example_branch_operator.py
[2024-03-25T21:10:10.191+0000] {logging_mixin.py:188} INFO - [2024-03-25T21:10:10.191+0000] {dag.py:3047} INFO - Sync 1 DAGs
[2024-03-25T21:10:10.236+0000] {logging_mixin.py:188} INFO - [2024-03-25T21:10:10.235+0000] {dag.py:3834} INFO - Setting next_dagrun for example_branch_operator to 2024-03-24 00:00:00+00:00, run_after=2024-03-25 00:00:00+00:00
[2024-03-25T21:10:10.299+0000] {processor.py:183} INFO - Processing /home/airflow/.local/lib/python3.8/site-packages/airflow/example_dags/example_branch_operator.py took 0.214 seconds
[2024-03-25T21:10:41.300+0000] {processor.py:161} INFO - Started process (PID=154) to work on /home/airflow/.local/lib/python3.8/site-packages/airflow/example_dags/example_branch_operator.py
[2024-03-25T21:10:41.302+0000] {processor.py:830} INFO - Processing file /home/airflow/.local/lib/python3.8/site-packages/airflow/example_dags/example_branch_operator.py for tasks to queue
[2024-03-25T21:10:41.312+0000] {logging_mixin.py:188} INFO - [2024-03-25T21:10:41.311+0000] {dagbag.py:540} INFO - Filling up the DagBag from /home/airflow/.local/lib/python3.8/site-packages/airflow/example_dags/example_branch_operator.py
[2024-03-25T21:10:41.355+0000] {processor.py:840} INFO - DAG(s) 'example_branch_operator' retrieved from /home/airflow/.local/lib/python3.8/site-packages/airflow/example_dags/example_branch_operator.py
[2024-03-25T21:10:41.400+0000] {logging_mixin.py:188} INFO - [2024-03-25T21:10:41.400+0000] {dag.py:3047} INFO - Sync 1 DAGs
[2024-03-25T21:10:41.439+0000] {logging_mixin.py:188} INFO - [2024-03-25T21:10:41.439+0000] {dag.py:3834} INFO - Setting next_dagrun for example_branch_operator to 2024-03-24 00:00:00+00:00, run_after=2024-03-25 00:00:00+00:00
[2024-03-25T21:10:41.473+0000] {processor.py:183} INFO - Processing /home/airflow/.local/lib/python3.8/site-packages/airflow/example_dags/example_branch_operator.py took 0.178 seconds
[2024-03-25T21:11:11.562+0000] {processor.py:161} INFO - Started process (PID=210) to work on /home/airflow/.local/lib/python3.8/site-packages/airflow/example_dags/example_branch_operator.py
[2024-03-25T21:11:11.563+0000] {processor.py:830} INFO - Processing file /home/airflow/.local/lib/python3.8/site-packages/airflow/example_dags/example_branch_operator.py for tasks to queue
[2024-03-25T21:11:11.566+0000] {logging_mixin.py:188} INFO - [2024-03-25T21:11:11.566+0000] {dagbag.py:540} INFO - Filling up the DagBag from /home/airflow/.local/lib/python3.8/site-packages/airflow/example_dags/example_branch_operator.py
[2024-03-25T21:11:11.595+0000] {processor.py:840} INFO - DAG(s) 'example_branch_operator' retrieved from /home/airflow/.local/lib/python3.8/site-packages/airflow/example_dags/example_branch_operator.py
[2024-03-25T21:11:11.641+0000] {logging_mixin.py:188} INFO - [2024-03-25T21:11:11.640+0000] {dag.py:3047} INFO - Sync 1 DAGs
[2024-03-25T21:11:11.677+0000] {logging_mixin.py:188} INFO - [2024-03-25T21:11:11.677+0000] {dag.py:3834} INFO - Setting next_dagrun for example_branch_operator to 2024-03-24 00:00:00+00:00, run_after=2024-03-25 00:00:00+00:00
[2024-03-25T21:11:11.710+0000] {processor.py:183} INFO - Processing /home/airflow/.local/lib/python3.8/site-packages/airflow/example_dags/example_branch_operator.py took 0.155 seconds
[2024-03-25T21:11:41.940+0000] {processor.py:161} INFO - Started process (PID=266) to work on /home/airflow/.local/lib/python3.8/site-packages/airflow/example_dags/example_branch_operator.py
[2024-03-25T21:11:41.942+0000] {processor.py:830} INFO - Processing file /home/airflow/.local/lib/python3.8/site-packages/airflow/example_dags/example_branch_operator.py for tasks to queue
[2024-03-25T21:11:41.945+0000] {logging_mixin.py:188} INFO - [2024-03-25T21:11:41.944+0000] {dagbag.py:540} INFO - Filling up the DagBag from /home/airflow/.local/lib/python3.8/site-packages/airflow/example_dags/example_branch_operator.py
[2024-03-25T21:11:41.974+0000] {processor.py:840} INFO - DAG(s) 'example_branch_operator' retrieved from /home/airflow/.local/lib/python3.8/site-packages/airflow/example_dags/example_branch_operator.py
[2024-03-25T21:11:42.020+0000] {logging_mixin.py:188} INFO - [2024-03-25T21:11:42.020+0000] {dag.py:3047} INFO - Sync 1 DAGs
[2024-03-25T21:11:42.056+0000] {logging_mixin.py:188} INFO - [2024-03-25T21:11:42.055+0000] {dag.py:3834} INFO - Setting next_dagrun for example_branch_operator to 2024-03-24 00:00:00+00:00, run_after=2024-03-25 00:00:00+00:00
[2024-03-25T21:11:42.083+0000] {processor.py:183} INFO - Processing /home/airflow/.local/lib/python3.8/site-packages/airflow/example_dags/example_branch_operator.py took 0.148 seconds
[2024-03-25T21:12:12.300+0000] {processor.py:161} INFO - Started process (PID=322) to work on /home/airflow/.local/lib/python3.8/site-packages/airflow/example_dags/example_branch_operator.py
[2024-03-25T21:12:12.302+0000] {processor.py:830} INFO - Processing file /home/airflow/.local/lib/python3.8/site-packages/airflow/example_dags/example_branch_operator.py for tasks to queue
[2024-03-25T21:12:12.306+0000] {logging_mixin.py:188} INFO - [2024-03-25T21:12:12.306+0000] {dagbag.py:540} INFO - Filling up the DagBag from /home/airflow/.local/lib/python3.8/site-packages/airflow/example_dags/example_branch_operator.py
[2024-03-25T21:12:12.337+0000] {processor.py:840} INFO - DAG(s) 'example_branch_operator' retrieved from /home/airflow/.local/lib/python3.8/site-packages/airflow/example_dags/example_branch_operator.py
[2024-03-25T21:12:12.383+0000] {logging_mixin.py:188} INFO - [2024-03-25T21:12:12.382+0000] {dag.py:3047} INFO - Sync 1 DAGs
[2024-03-25T21:12:12.418+0000] {logging_mixin.py:188} INFO - [2024-03-25T21:12:12.417+0000] {dag.py:3834} INFO - Setting next_dagrun for example_branch_operator to 2024-03-24 00:00:00+00:00, run_after=2024-03-25 00:00:00+00:00
[2024-03-25T21:12:12.446+0000] {processor.py:183} INFO - Processing /home/airflow/.local/lib/python3.8/site-packages/airflow/example_dags/example_branch_operator.py took 0.152 seconds
[2024-03-25T21:12:42.701+0000] {processor.py:161} INFO - Started process (PID=378) to work on /home/airflow/.local/lib/python3.8/site-packages/airflow/example_dags/example_branch_operator.py
[2024-03-25T21:12:42.703+0000] {processor.py:830} INFO - Processing file /home/airflow/.local/lib/python3.8/site-packages/airflow/example_dags/example_branch_operator.py for tasks to queue
[2024-03-25T21:12:42.706+0000] {logging_mixin.py:188} INFO - [2024-03-25T21:12:42.706+0000] {dagbag.py:540} INFO - Filling up the DagBag from /home/airflow/.local/lib/python3.8/site-packages/airflow/example_dags/example_branch_operator.py
[2024-03-25T21:12:42.734+0000] {processor.py:840} INFO - DAG(s) 'example_branch_operator' retrieved from /home/airflow/.local/lib/python3.8/site-packages/airflow/example_dags/example_branch_operator.py
[2024-03-25T21:12:42.780+0000] {logging_mixin.py:188} INFO - [2024-03-25T21:12:42.780+0000] {dag.py:3047} INFO - Sync 1 DAGs
[2024-03-25T21:12:42.815+0000] {logging_mixin.py:188} INFO - [2024-03-25T21:12:42.815+0000] {dag.py:3834} INFO - Setting next_dagrun for example_branch_operator to 2024-03-24 00:00:00+00:00, run_after=2024-03-25 00:00:00+00:00
[2024-03-25T21:12:42.844+0000] {processor.py:183} INFO - Processing /home/airflow/.local/lib/python3.8/site-packages/airflow/example_dags/example_branch_operator.py took 0.149 seconds
[2024-03-25T21:13:13.207+0000] {processor.py:161} INFO - Started process (PID=434) to work on /home/airflow/.local/lib/python3.8/site-packages/airflow/example_dags/example_branch_operator.py
[2024-03-25T21:13:13.210+0000] {processor.py:830} INFO - Processing file /home/airflow/.local/lib/python3.8/site-packages/airflow/example_dags/example_branch_operator.py for tasks to queue
[2024-03-25T21:13:13.213+0000] {logging_mixin.py:188} INFO - [2024-03-25T21:13:13.213+0000] {dagbag.py:540} INFO - Filling up the DagBag from /home/airflow/.local/lib/python3.8/site-packages/airflow/example_dags/example_branch_operator.py
[2024-03-25T21:13:13.253+0000] {processor.py:840} INFO - DAG(s) 'example_branch_operator' retrieved from /home/airflow/.local/lib/python3.8/site-packages/airflow/example_dags/example_branch_operator.py
[2024-03-25T21:13:13.319+0000] {logging_mixin.py:188} INFO - [2024-03-25T21:13:13.318+0000] {dag.py:3047} INFO - Sync 1 DAGs
[2024-03-25T21:13:13.372+0000] {logging_mixin.py:188} INFO - [2024-03-25T21:13:13.371+0000] {dag.py:3834} INFO - Setting next_dagrun for example_branch_operator to 2024-03-24 00:00:00+00:00, run_after=2024-03-25 00:00:00+00:00
[2024-03-25T21:13:13.413+0000] {processor.py:183} INFO - Processing /home/airflow/.local/lib/python3.8/site-packages/airflow/example_dags/example_branch_operator.py took 0.212 seconds
[2024-03-25T21:13:43.545+0000] {processor.py:161} INFO - Started process (PID=491) to work on /home/airflow/.local/lib/python3.8/site-packages/airflow/example_dags/example_branch_operator.py
[2024-03-25T21:13:43.546+0000] {processor.py:830} INFO - Processing file /home/airflow/.local/lib/python3.8/site-packages/airflow/example_dags/example_branch_operator.py for tasks to queue
[2024-03-25T21:13:43.549+0000] {logging_mixin.py:188} INFO - [2024-03-25T21:13:43.549+0000] {dagbag.py:540} INFO - Filling up the DagBag from /home/airflow/.local/lib/python3.8/site-packages/airflow/example_dags/example_branch_operator.py
[2024-03-25T21:13:43.583+0000] {processor.py:840} INFO - DAG(s) 'example_branch_operator' retrieved from /home/airflow/.local/lib/python3.8/site-packages/airflow/example_dags/example_branch_operator.py
[2024-03-25T21:13:43.630+0000] {logging_mixin.py:188} INFO - [2024-03-25T21:13:43.630+0000] {dag.py:3047} INFO - Sync 1 DAGs
[2024-03-25T21:13:43.671+0000] {logging_mixin.py:188} INFO - [2024-03-25T21:13:43.671+0000] {dag.py:3834} INFO - Setting next_dagrun for example_branch_operator to 2024-03-24 00:00:00+00:00, run_after=2024-03-25 00:00:00+00:00
[2024-03-25T21:13:43.712+0000] {processor.py:183} INFO - Processing /home/airflow/.local/lib/python3.8/site-packages/airflow/example_dags/example_branch_operator.py took 0.172 seconds
[2024-03-25T21:14:13.971+0000] {processor.py:161} INFO - Started process (PID=546) to work on /home/airflow/.local/lib/python3.8/site-packages/airflow/example_dags/example_branch_operator.py
[2024-03-25T21:14:13.972+0000] {processor.py:830} INFO - Processing file /home/airflow/.local/lib/python3.8/site-packages/airflow/example_dags/example_branch_operator.py for tasks to queue
[2024-03-25T21:14:13.976+0000] {logging_mixin.py:188} INFO - [2024-03-25T21:14:13.975+0000] {dagbag.py:540} INFO - Filling up the DagBag from /home/airflow/.local/lib/python3.8/site-packages/airflow/example_dags/example_branch_operator.py
[2024-03-25T21:14:14.007+0000] {processor.py:840} INFO - DAG(s) 'example_branch_operator' retrieved from /home/airflow/.local/lib/python3.8/site-packages/airflow/example_dags/example_branch_operator.py
[2024-03-25T21:14:14.054+0000] {logging_mixin.py:188} INFO - [2024-03-25T21:14:14.054+0000] {dag.py:3047} INFO - Sync 1 DAGs
[2024-03-25T21:14:14.091+0000] {logging_mixin.py:188} INFO - [2024-03-25T21:14:14.091+0000] {dag.py:3834} INFO - Setting next_dagrun for example_branch_operator to 2024-03-24 00:00:00+00:00, run_after=2024-03-25 00:00:00+00:00
[2024-03-25T21:14:14.120+0000] {processor.py:183} INFO - Processing /home/airflow/.local/lib/python3.8/site-packages/airflow/example_dags/example_branch_operator.py took 0.155 seconds
[2024-03-25T21:14:44.500+0000] {processor.py:161} INFO - Started process (PID=602) to work on /home/airflow/.local/lib/python3.8/site-packages/airflow/example_dags/example_branch_operator.py
[2024-03-25T21:14:44.502+0000] {processor.py:830} INFO - Processing file /home/airflow/.local/lib/python3.8/site-packages/airflow/example_dags/example_branch_operator.py for tasks to queue
[2024-03-25T21:14:44.505+0000] {logging_mixin.py:188} INFO - [2024-03-25T21:14:44.504+0000] {dagbag.py:540} INFO - Filling up the DagBag from /home/airflow/.local/lib/python3.8/site-packages/airflow/example_dags/example_branch_operator.py
[2024-03-25T21:14:44.534+0000] {processor.py:840} INFO - DAG(s) 'example_branch_operator' retrieved from /home/airflow/.local/lib/python3.8/site-packages/airflow/example_dags/example_branch_operator.py
[2024-03-25T21:14:44.581+0000] {logging_mixin.py:188} INFO - [2024-03-25T21:14:44.581+0000] {dag.py:3047} INFO - Sync 1 DAGs
[2024-03-25T21:14:44.618+0000] {logging_mixin.py:188} INFO - [2024-03-25T21:14:44.618+0000] {dag.py:3834} INFO - Setting next_dagrun for example_branch_operator to 2024-03-24 00:00:00+00:00, run_after=2024-03-25 00:00:00+00:00
[2024-03-25T21:14:44.648+0000] {processor.py:183} INFO - Processing /home/airflow/.local/lib/python3.8/site-packages/airflow/example_dags/example_branch_operator.py took 0.154 seconds
[2024-03-25T21:15:15.035+0000] {processor.py:161} INFO - Started process (PID=658) to work on /home/airflow/.local/lib/python3.8/site-packages/airflow/example_dags/example_branch_operator.py
[2024-03-25T21:15:15.037+0000] {processor.py:830} INFO - Processing file /home/airflow/.local/lib/python3.8/site-packages/airflow/example_dags/example_branch_operator.py for tasks to queue
[2024-03-25T21:15:15.040+0000] {logging_mixin.py:188} INFO - [2024-03-25T21:15:15.040+0000] {dagbag.py:540} INFO - Filling up the DagBag from /home/airflow/.local/lib/python3.8/site-packages/airflow/example_dags/example_branch_operator.py
[2024-03-25T21:15:15.079+0000] {processor.py:840} INFO - DAG(s) 'example_branch_operator' retrieved from /home/airflow/.local/lib/python3.8/site-packages/airflow/example_dags/example_branch_operator.py
[2024-03-25T21:15:15.128+0000] {logging_mixin.py:188} INFO - [2024-03-25T21:15:15.127+0000] {dag.py:3047} INFO - Sync 1 DAGs
[2024-03-25T21:15:15.164+0000] {logging_mixin.py:188} INFO - [2024-03-25T21:15:15.163+0000] {dag.py:3834} INFO - Setting next_dagrun for example_branch_operator to 2024-03-24 00:00:00+00:00, run_after=2024-03-25 00:00:00+00:00
[2024-03-25T21:15:15.198+0000] {processor.py:183} INFO - Processing /home/airflow/.local/lib/python3.8/site-packages/airflow/example_dags/example_branch_operator.py took 0.170 seconds
[2024-03-25T21:15:45.743+0000] {processor.py:161} INFO - Started process (PID=714) to work on /home/airflow/.local/lib/python3.8/site-packages/airflow/example_dags/example_branch_operator.py
[2024-03-25T21:15:45.744+0000] {processor.py:830} INFO - Processing file /home/airflow/.local/lib/python3.8/site-packages/airflow/example_dags/example_branch_operator.py for tasks to queue
[2024-03-25T21:15:45.748+0000] {logging_mixin.py:188} INFO - [2024-03-25T21:15:45.747+0000] {dagbag.py:540} INFO - Filling up the DagBag from /home/airflow/.local/lib/python3.8/site-packages/airflow/example_dags/example_branch_operator.py
[2024-03-25T21:15:45.776+0000] {processor.py:840} INFO - DAG(s) 'example_branch_operator' retrieved from /home/airflow/.local/lib/python3.8/site-packages/airflow/example_dags/example_branch_operator.py
[2024-03-25T21:15:45.826+0000] {logging_mixin.py:188} INFO - [2024-03-25T21:15:45.825+0000] {dag.py:3047} INFO - Sync 1 DAGs
[2024-03-25T21:15:45.903+0000] {logging_mixin.py:188} INFO - [2024-03-25T21:15:45.903+0000] {dag.py:3834} INFO - Setting next_dagrun for example_branch_operator to 2024-03-24 00:00:00+00:00, run_after=2024-03-25 00:00:00+00:00
[2024-03-25T21:15:45.958+0000] {processor.py:183} INFO - Processing /home/airflow/.local/lib/python3.8/site-packages/airflow/example_dags/example_branch_operator.py took 0.221 seconds
[2024-03-25T21:16:16.073+0000] {processor.py:161} INFO - Started process (PID=770) to work on /home/airflow/.local/lib/python3.8/site-packages/airflow/example_dags/example_branch_operator.py
[2024-03-25T21:16:16.075+0000] {processor.py:830} INFO - Processing file /home/airflow/.local/lib/python3.8/site-packages/airflow/example_dags/example_branch_operator.py for tasks to queue
[2024-03-25T21:16:16.078+0000] {logging_mixin.py:188} INFO - [2024-03-25T21:16:16.077+0000] {dagbag.py:540} INFO - Filling up the DagBag from /home/airflow/.local/lib/python3.8/site-packages/airflow/example_dags/example_branch_operator.py
[2024-03-25T21:16:16.111+0000] {processor.py:840} INFO - DAG(s) 'example_branch_operator' retrieved from /home/airflow/.local/lib/python3.8/site-packages/airflow/example_dags/example_branch_operator.py
[2024-03-25T21:16:16.156+0000] {logging_mixin.py:188} INFO - [2024-03-25T21:16:16.156+0000] {dag.py:3047} INFO - Sync 1 DAGs
[2024-03-25T21:16:16.193+0000] {logging_mixin.py:188} INFO - [2024-03-25T21:16:16.192+0000] {dag.py:3834} INFO - Setting next_dagrun for example_branch_operator to 2024-03-24 00:00:00+00:00, run_after=2024-03-25 00:00:00+00:00
[2024-03-25T21:16:16.222+0000] {processor.py:183} INFO - Processing /home/airflow/.local/lib/python3.8/site-packages/airflow/example_dags/example_branch_operator.py took 0.154 seconds
[2024-03-25T21:16:46.376+0000] {processor.py:161} INFO - Started process (PID=827) to work on /home/airflow/.local/lib/python3.8/site-packages/airflow/example_dags/example_branch_operator.py
[2024-03-25T21:16:46.377+0000] {processor.py:830} INFO - Processing file /home/airflow/.local/lib/python3.8/site-packages/airflow/example_dags/example_branch_operator.py for tasks to queue
[2024-03-25T21:16:46.380+0000] {logging_mixin.py:188} INFO - [2024-03-25T21:16:46.380+0000] {dagbag.py:540} INFO - Filling up the DagBag from /home/airflow/.local/lib/python3.8/site-packages/airflow/example_dags/example_branch_operator.py
[2024-03-25T21:16:46.408+0000] {processor.py:840} INFO - DAG(s) 'example_branch_operator' retrieved from /home/airflow/.local/lib/python3.8/site-packages/airflow/example_dags/example_branch_operator.py
[2024-03-25T21:16:46.458+0000] {logging_mixin.py:188} INFO - [2024-03-25T21:16:46.457+0000] {dag.py:3047} INFO - Sync 1 DAGs
[2024-03-25T21:16:46.496+0000] {logging_mixin.py:188} INFO - [2024-03-25T21:16:46.496+0000] {dag.py:3834} INFO - Setting next_dagrun for example_branch_operator to 2024-03-24 00:00:00+00:00, run_after=2024-03-25 00:00:00+00:00
[2024-03-25T21:16:46.524+0000] {processor.py:183} INFO - Processing /home/airflow/.local/lib/python3.8/site-packages/airflow/example_dags/example_branch_operator.py took 0.153 seconds
[2024-03-25T21:17:16.750+0000] {processor.py:161} INFO - Started process (PID=882) to work on /home/airflow/.local/lib/python3.8/site-packages/airflow/example_dags/example_branch_operator.py
[2024-03-25T21:17:16.752+0000] {processor.py:830} INFO - Processing file /home/airflow/.local/lib/python3.8/site-packages/airflow/example_dags/example_branch_operator.py for tasks to queue
[2024-03-25T21:17:16.755+0000] {logging_mixin.py:188} INFO - [2024-03-25T21:17:16.754+0000] {dagbag.py:540} INFO - Filling up the DagBag from /home/airflow/.local/lib/python3.8/site-packages/airflow/example_dags/example_branch_operator.py
[2024-03-25T21:17:16.785+0000] {processor.py:840} INFO - DAG(s) 'example_branch_operator' retrieved from /home/airflow/.local/lib/python3.8/site-packages/airflow/example_dags/example_branch_operator.py
[2024-03-25T21:17:16.833+0000] {logging_mixin.py:188} INFO - [2024-03-25T21:17:16.833+0000] {dag.py:3047} INFO - Sync 1 DAGs
[2024-03-25T21:17:16.870+0000] {logging_mixin.py:188} INFO - [2024-03-25T21:17:16.869+0000] {dag.py:3834} INFO - Setting next_dagrun for example_branch_operator to 2024-03-24 00:00:00+00:00, run_after=2024-03-25 00:00:00+00:00
[2024-03-25T21:17:16.901+0000] {processor.py:183} INFO - Processing /home/airflow/.local/lib/python3.8/site-packages/airflow/example_dags/example_branch_operator.py took 0.156 seconds
[2024-03-25T21:17:47.142+0000] {processor.py:161} INFO - Started process (PID=938) to work on /home/airflow/.local/lib/python3.8/site-packages/airflow/example_dags/example_branch_operator.py
[2024-03-25T21:17:47.144+0000] {processor.py:830} INFO - Processing file /home/airflow/.local/lib/python3.8/site-packages/airflow/example_dags/example_branch_operator.py for tasks to queue
[2024-03-25T21:17:47.147+0000] {logging_mixin.py:188} INFO - [2024-03-25T21:17:47.147+0000] {dagbag.py:540} INFO - Filling up the DagBag from /home/airflow/.local/lib/python3.8/site-packages/airflow/example_dags/example_branch_operator.py
[2024-03-25T21:17:47.176+0000] {processor.py:840} INFO - DAG(s) 'example_branch_operator' retrieved from /home/airflow/.local/lib/python3.8/site-packages/airflow/example_dags/example_branch_operator.py
[2024-03-25T21:17:47.226+0000] {logging_mixin.py:188} INFO - [2024-03-25T21:17:47.226+0000] {dag.py:3047} INFO - Sync 1 DAGs
[2024-03-25T21:17:47.270+0000] {logging_mixin.py:188} INFO - [2024-03-25T21:17:47.269+0000] {dag.py:3834} INFO - Setting next_dagrun for example_branch_operator to 2024-03-24 00:00:00+00:00, run_after=2024-03-25 00:00:00+00:00
[2024-03-25T21:17:47.303+0000] {processor.py:183} INFO - Processing /home/airflow/.local/lib/python3.8/site-packages/airflow/example_dags/example_branch_operator.py took 0.166 seconds
[2024-03-25T21:18:17.492+0000] {processor.py:161} INFO - Started process (PID=995) to work on /home/airflow/.local/lib/python3.8/site-packages/airflow/example_dags/example_branch_operator.py
[2024-03-25T21:18:17.494+0000] {processor.py:830} INFO - Processing file /home/airflow/.local/lib/python3.8/site-packages/airflow/example_dags/example_branch_operator.py for tasks to queue
[2024-03-25T21:18:17.497+0000] {logging_mixin.py:188} INFO - [2024-03-25T21:18:17.497+0000] {dagbag.py:540} INFO - Filling up the DagBag from /home/airflow/.local/lib/python3.8/site-packages/airflow/example_dags/example_branch_operator.py
[2024-03-25T21:18:17.528+0000] {processor.py:840} INFO - DAG(s) 'example_branch_operator' retrieved from /home/airflow/.local/lib/python3.8/site-packages/airflow/example_dags/example_branch_operator.py
[2024-03-25T21:18:17.579+0000] {logging_mixin.py:188} INFO - [2024-03-25T21:18:17.579+0000] {dag.py:3047} INFO - Sync 1 DAGs
[2024-03-25T21:18:17.615+0000] {logging_mixin.py:188} INFO - [2024-03-25T21:18:17.614+0000] {dag.py:3834} INFO - Setting next_dagrun for example_branch_operator to 2024-03-24 00:00:00+00:00, run_after=2024-03-25 00:00:00+00:00
[2024-03-25T21:18:17.642+0000] {processor.py:183} INFO - Processing /home/airflow/.local/lib/python3.8/site-packages/airflow/example_dags/example_branch_operator.py took 0.154 seconds
[2024-03-25T21:18:48.522+0000] {processor.py:161} INFO - Started process (PID=1051) to work on /home/airflow/.local/lib/python3.8/site-packages/airflow/example_dags/example_branch_operator.py
[2024-03-25T21:18:48.524+0000] {processor.py:830} INFO - Processing file /home/airflow/.local/lib/python3.8/site-packages/airflow/example_dags/example_branch_operator.py for tasks to queue
[2024-03-25T21:18:48.527+0000] {logging_mixin.py:188} INFO - [2024-03-25T21:18:48.527+0000] {dagbag.py:540} INFO - Filling up the DagBag from /home/airflow/.local/lib/python3.8/site-packages/airflow/example_dags/example_branch_operator.py
[2024-03-25T21:18:48.555+0000] {processor.py:840} INFO - DAG(s) 'example_branch_operator' retrieved from /home/airflow/.local/lib/python3.8/site-packages/airflow/example_dags/example_branch_operator.py
[2024-03-25T21:18:48.610+0000] {logging_mixin.py:188} INFO - [2024-03-25T21:18:48.610+0000] {dag.py:3047} INFO - Sync 1 DAGs
[2024-03-25T21:18:48.648+0000] {logging_mixin.py:188} INFO - [2024-03-25T21:18:48.648+0000] {dag.py:3834} INFO - Setting next_dagrun for example_branch_operator to 2024-03-24 00:00:00+00:00, run_after=2024-03-25 00:00:00+00:00
[2024-03-25T21:18:48.678+0000] {processor.py:183} INFO - Processing /home/airflow/.local/lib/python3.8/site-packages/airflow/example_dags/example_branch_operator.py took 0.160 seconds
[2024-03-25T21:19:18.927+0000] {processor.py:161} INFO - Started process (PID=1106) to work on /home/airflow/.local/lib/python3.8/site-packages/airflow/example_dags/example_branch_operator.py
[2024-03-25T21:19:18.928+0000] {processor.py:830} INFO - Processing file /home/airflow/.local/lib/python3.8/site-packages/airflow/example_dags/example_branch_operator.py for tasks to queue
[2024-03-25T21:19:18.931+0000] {logging_mixin.py:188} INFO - [2024-03-25T21:19:18.931+0000] {dagbag.py:540} INFO - Filling up the DagBag from /home/airflow/.local/lib/python3.8/site-packages/airflow/example_dags/example_branch_operator.py
[2024-03-25T21:19:18.960+0000] {processor.py:840} INFO - DAG(s) 'example_branch_operator' retrieved from /home/airflow/.local/lib/python3.8/site-packages/airflow/example_dags/example_branch_operator.py
[2024-03-25T21:19:19.008+0000] {logging_mixin.py:188} INFO - [2024-03-25T21:19:19.008+0000] {dag.py:3047} INFO - Sync 1 DAGs
[2024-03-25T21:19:19.043+0000] {logging_mixin.py:188} INFO - [2024-03-25T21:19:19.043+0000] {dag.py:3834} INFO - Setting next_dagrun for example_branch_operator to 2024-03-24 00:00:00+00:00, run_after=2024-03-25 00:00:00+00:00
[2024-03-25T21:19:19.071+0000] {processor.py:183} INFO - Processing /home/airflow/.local/lib/python3.8/site-packages/airflow/example_dags/example_branch_operator.py took 0.150 seconds
[2024-03-25T21:19:49.226+0000] {processor.py:161} INFO - Started process (PID=1162) to work on /home/airflow/.local/lib/python3.8/site-packages/airflow/example_dags/example_branch_operator.py
[2024-03-25T21:19:49.227+0000] {processor.py:830} INFO - Processing file /home/airflow/.local/lib/python3.8/site-packages/airflow/example_dags/example_branch_operator.py for tasks to queue
[2024-03-25T21:19:49.230+0000] {logging_mixin.py:188} INFO - [2024-03-25T21:19:49.230+0000] {dagbag.py:540} INFO - Filling up the DagBag from /home/airflow/.local/lib/python3.8/site-packages/airflow/example_dags/example_branch_operator.py
[2024-03-25T21:19:49.259+0000] {processor.py:840} INFO - DAG(s) 'example_branch_operator' retrieved from /home/airflow/.local/lib/python3.8/site-packages/airflow/example_dags/example_branch_operator.py
[2024-03-25T21:19:49.306+0000] {logging_mixin.py:188} INFO - [2024-03-25T21:19:49.306+0000] {dag.py:3047} INFO - Sync 1 DAGs
[2024-03-25T21:19:49.341+0000] {logging_mixin.py:188} INFO - [2024-03-25T21:19:49.341+0000] {dag.py:3834} INFO - Setting next_dagrun for example_branch_operator to 2024-03-24 00:00:00+00:00, run_after=2024-03-25 00:00:00+00:00
[2024-03-25T21:19:49.371+0000] {processor.py:183} INFO - Processing /home/airflow/.local/lib/python3.8/site-packages/airflow/example_dags/example_branch_operator.py took 0.151 seconds
[2024-03-25T21:20:19.541+0000] {processor.py:161} INFO - Started process (PID=1218) to work on /home/airflow/.local/lib/python3.8/site-packages/airflow/example_dags/example_branch_operator.py
[2024-03-25T21:20:19.543+0000] {processor.py:830} INFO - Processing file /home/airflow/.local/lib/python3.8/site-packages/airflow/example_dags/example_branch_operator.py for tasks to queue
[2024-03-25T21:20:19.546+0000] {logging_mixin.py:188} INFO - [2024-03-25T21:20:19.545+0000] {dagbag.py:540} INFO - Filling up the DagBag from /home/airflow/.local/lib/python3.8/site-packages/airflow/example_dags/example_branch_operator.py
[2024-03-25T21:20:19.574+0000] {processor.py:840} INFO - DAG(s) 'example_branch_operator' retrieved from /home/airflow/.local/lib/python3.8/site-packages/airflow/example_dags/example_branch_operator.py
[2024-03-25T21:20:19.621+0000] {logging_mixin.py:188} INFO - [2024-03-25T21:20:19.621+0000] {dag.py:3047} INFO - Sync 1 DAGs
[2024-03-25T21:20:19.656+0000] {logging_mixin.py:188} INFO - [2024-03-25T21:20:19.656+0000] {dag.py:3834} INFO - Setting next_dagrun for example_branch_operator to 2024-03-24 00:00:00+00:00, run_after=2024-03-25 00:00:00+00:00
[2024-03-25T21:20:19.685+0000] {processor.py:183} INFO - Processing /home/airflow/.local/lib/python3.8/site-packages/airflow/example_dags/example_branch_operator.py took 0.149 seconds
[2024-03-25T21:26:46.463+0000] {processor.py:161} INFO - Started process (PID=1279) to work on /home/airflow/.local/lib/python3.8/site-packages/airflow/example_dags/example_branch_operator.py
[2024-03-25T21:26:46.476+0000] {processor.py:830} INFO - Processing file /home/airflow/.local/lib/python3.8/site-packages/airflow/example_dags/example_branch_operator.py for tasks to queue
[2024-03-25T21:26:46.482+0000] {logging_mixin.py:188} INFO - [2024-03-25T21:26:46.481+0000] {dagbag.py:540} INFO - Filling up the DagBag from /home/airflow/.local/lib/python3.8/site-packages/airflow/example_dags/example_branch_operator.py
[2024-03-25T21:26:46.584+0000] {processor.py:840} INFO - DAG(s) 'example_branch_operator' retrieved from /home/airflow/.local/lib/python3.8/site-packages/airflow/example_dags/example_branch_operator.py
[2024-03-25T21:26:46.707+0000] {logging_mixin.py:188} INFO - [2024-03-25T21:26:46.706+0000] {dag.py:3047} INFO - Sync 1 DAGs
[2024-03-25T21:26:46.813+0000] {logging_mixin.py:188} INFO - [2024-03-25T21:26:46.813+0000] {dag.py:3834} INFO - Setting next_dagrun for example_branch_operator to 2024-03-24 00:00:00+00:00, run_after=2024-03-25 00:00:00+00:00
[2024-03-25T21:26:46.891+0000] {processor.py:183} INFO - Processing /home/airflow/.local/lib/python3.8/site-packages/airflow/example_dags/example_branch_operator.py took 0.448 seconds
[2024-03-25T21:27:17.635+0000] {processor.py:161} INFO - Started process (PID=1335) to work on /home/airflow/.local/lib/python3.8/site-packages/airflow/example_dags/example_branch_operator.py
[2024-03-25T21:27:17.637+0000] {processor.py:830} INFO - Processing file /home/airflow/.local/lib/python3.8/site-packages/airflow/example_dags/example_branch_operator.py for tasks to queue
[2024-03-25T21:27:17.642+0000] {logging_mixin.py:188} INFO - [2024-03-25T21:27:17.641+0000] {dagbag.py:540} INFO - Filling up the DagBag from /home/airflow/.local/lib/python3.8/site-packages/airflow/example_dags/example_branch_operator.py
[2024-03-25T21:27:17.683+0000] {processor.py:840} INFO - DAG(s) 'example_branch_operator' retrieved from /home/airflow/.local/lib/python3.8/site-packages/airflow/example_dags/example_branch_operator.py
[2024-03-25T21:27:17.766+0000] {logging_mixin.py:188} INFO - [2024-03-25T21:27:17.765+0000] {dag.py:3047} INFO - Sync 1 DAGs
[2024-03-25T21:27:17.813+0000] {logging_mixin.py:188} INFO - [2024-03-25T21:27:17.813+0000] {dag.py:3834} INFO - Setting next_dagrun for example_branch_operator to 2024-03-24 00:00:00+00:00, run_after=2024-03-25 00:00:00+00:00
[2024-03-25T21:27:17.844+0000] {processor.py:183} INFO - Processing /home/airflow/.local/lib/python3.8/site-packages/airflow/example_dags/example_branch_operator.py took 0.219 seconds
[2024-03-25T21:27:48.565+0000] {processor.py:161} INFO - Started process (PID=1391) to work on /home/airflow/.local/lib/python3.8/site-packages/airflow/example_dags/example_branch_operator.py
[2024-03-25T21:27:48.567+0000] {processor.py:830} INFO - Processing file /home/airflow/.local/lib/python3.8/site-packages/airflow/example_dags/example_branch_operator.py for tasks to queue
[2024-03-25T21:27:48.569+0000] {logging_mixin.py:188} INFO - [2024-03-25T21:27:48.569+0000] {dagbag.py:540} INFO - Filling up the DagBag from /home/airflow/.local/lib/python3.8/site-packages/airflow/example_dags/example_branch_operator.py
[2024-03-25T21:27:48.597+0000] {processor.py:840} INFO - DAG(s) 'example_branch_operator' retrieved from /home/airflow/.local/lib/python3.8/site-packages/airflow/example_dags/example_branch_operator.py
[2024-03-25T21:27:48.644+0000] {logging_mixin.py:188} INFO - [2024-03-25T21:27:48.644+0000] {dag.py:3047} INFO - Sync 1 DAGs
[2024-03-25T21:27:48.682+0000] {logging_mixin.py:188} INFO - [2024-03-25T21:27:48.682+0000] {dag.py:3834} INFO - Setting next_dagrun for example_branch_operator to 2024-03-24 00:00:00+00:00, run_after=2024-03-25 00:00:00+00:00
[2024-03-25T21:27:48.712+0000] {processor.py:183} INFO - Processing /home/airflow/.local/lib/python3.8/site-packages/airflow/example_dags/example_branch_operator.py took 0.152 seconds
[2024-03-25T21:28:19.037+0000] {processor.py:161} INFO - Started process (PID=1447) to work on /home/airflow/.local/lib/python3.8/site-packages/airflow/example_dags/example_branch_operator.py
[2024-03-25T21:28:19.038+0000] {processor.py:830} INFO - Processing file /home/airflow/.local/lib/python3.8/site-packages/airflow/example_dags/example_branch_operator.py for tasks to queue
[2024-03-25T21:28:19.042+0000] {logging_mixin.py:188} INFO - [2024-03-25T21:28:19.041+0000] {dagbag.py:540} INFO - Filling up the DagBag from /home/airflow/.local/lib/python3.8/site-packages/airflow/example_dags/example_branch_operator.py
[2024-03-25T21:28:19.072+0000] {processor.py:840} INFO - DAG(s) 'example_branch_operator' retrieved from /home/airflow/.local/lib/python3.8/site-packages/airflow/example_dags/example_branch_operator.py
[2024-03-25T21:28:19.122+0000] {logging_mixin.py:188} INFO - [2024-03-25T21:28:19.121+0000] {dag.py:3047} INFO - Sync 1 DAGs
[2024-03-25T21:28:19.158+0000] {logging_mixin.py:188} INFO - [2024-03-25T21:28:19.158+0000] {dag.py:3834} INFO - Setting next_dagrun for example_branch_operator to 2024-03-24 00:00:00+00:00, run_after=2024-03-25 00:00:00+00:00
[2024-03-25T21:28:19.187+0000] {processor.py:183} INFO - Processing /home/airflow/.local/lib/python3.8/site-packages/airflow/example_dags/example_branch_operator.py took 0.157 seconds
