[2024-03-25T21:03:47.278+0000] {processor.py:161} INFO - Started process (PID=51) to work on /home/airflow/.local/lib/python3.8/site-packages/airflow/example_dags/example_short_circuit_operator.py
[2024-03-25T21:03:47.282+0000] {processor.py:830} INFO - Processing file /home/airflow/.local/lib/python3.8/site-packages/airflow/example_dags/example_short_circuit_operator.py for tasks to queue
[2024-03-25T21:03:47.297+0000] {logging_mixin.py:188} INFO - [2024-03-25T21:03:47.296+0000] {dagbag.py:540} INFO - Filling up the DagBag from /home/airflow/.local/lib/python3.8/site-packages/airflow/example_dags/example_short_circuit_operator.py
[2024-03-25T21:03:47.417+0000] {processor.py:840} INFO - DAG(s) 'example_short_circuit_operator' retrieved from /home/airflow/.local/lib/python3.8/site-packages/airflow/example_dags/example_short_circuit_operator.py
[2024-03-25T21:03:47.559+0000] {logging_mixin.py:188} INFO - [2024-03-25T21:03:47.559+0000] {dag.py:3047} INFO - Sync 1 DAGs
[2024-03-25T21:03:47.767+0000] {logging_mixin.py:188} INFO - [2024-03-25T21:03:47.766+0000] {dag.py:3834} INFO - Setting next_dagrun for example_short_circuit_operator to 2024-03-24 00:00:00+00:00, run_after=2024-03-25 00:00:00+00:00
[2024-03-25T21:03:47.843+0000] {processor.py:183} INFO - Processing /home/airflow/.local/lib/python3.8/site-packages/airflow/example_dags/example_short_circuit_operator.py took 0.609 seconds
[2024-03-25T21:04:18.159+0000] {processor.py:161} INFO - Started process (PID=106) to work on /home/airflow/.local/lib/python3.8/site-packages/airflow/example_dags/example_short_circuit_operator.py
[2024-03-25T21:04:18.160+0000] {processor.py:830} INFO - Processing file /home/airflow/.local/lib/python3.8/site-packages/airflow/example_dags/example_short_circuit_operator.py for tasks to queue
[2024-03-25T21:04:18.163+0000] {logging_mixin.py:188} INFO - [2024-03-25T21:04:18.163+0000] {dagbag.py:540} INFO - Filling up the DagBag from /home/airflow/.local/lib/python3.8/site-packages/airflow/example_dags/example_short_circuit_operator.py
[2024-03-25T21:04:18.176+0000] {processor.py:840} INFO - DAG(s) 'example_short_circuit_operator' retrieved from /home/airflow/.local/lib/python3.8/site-packages/airflow/example_dags/example_short_circuit_operator.py
[2024-03-25T21:04:18.377+0000] {logging_mixin.py:188} INFO - [2024-03-25T21:04:18.376+0000] {dag.py:3047} INFO - Sync 1 DAGs
[2024-03-25T21:04:18.421+0000] {logging_mixin.py:188} INFO - [2024-03-25T21:04:18.420+0000] {dag.py:3834} INFO - Setting next_dagrun for example_short_circuit_operator to 2024-03-24 00:00:00+00:00, run_after=2024-03-25 00:00:00+00:00
[2024-03-25T21:04:18.469+0000] {processor.py:183} INFO - Processing /home/airflow/.local/lib/python3.8/site-packages/airflow/example_dags/example_short_circuit_operator.py took 0.316 seconds
[2024-03-25T21:04:48.658+0000] {processor.py:161} INFO - Started process (PID=161) to work on /home/airflow/.local/lib/python3.8/site-packages/airflow/example_dags/example_short_circuit_operator.py
[2024-03-25T21:04:48.660+0000] {processor.py:830} INFO - Processing file /home/airflow/.local/lib/python3.8/site-packages/airflow/example_dags/example_short_circuit_operator.py for tasks to queue
[2024-03-25T21:04:48.663+0000] {logging_mixin.py:188} INFO - [2024-03-25T21:04:48.662+0000] {dagbag.py:540} INFO - Filling up the DagBag from /home/airflow/.local/lib/python3.8/site-packages/airflow/example_dags/example_short_circuit_operator.py
[2024-03-25T21:04:48.682+0000] {processor.py:840} INFO - DAG(s) 'example_short_circuit_operator' retrieved from /home/airflow/.local/lib/python3.8/site-packages/airflow/example_dags/example_short_circuit_operator.py
[2024-03-25T21:04:48.720+0000] {logging_mixin.py:188} INFO - [2024-03-25T21:04:48.720+0000] {dag.py:3047} INFO - Sync 1 DAGs
[2024-03-25T21:04:48.758+0000] {logging_mixin.py:188} INFO - [2024-03-25T21:04:48.757+0000] {dag.py:3834} INFO - Setting next_dagrun for example_short_circuit_operator to 2024-03-24 00:00:00+00:00, run_after=2024-03-25 00:00:00+00:00
[2024-03-25T21:04:48.809+0000] {processor.py:183} INFO - Processing /home/airflow/.local/lib/python3.8/site-packages/airflow/example_dags/example_short_circuit_operator.py took 0.156 seconds
[2024-03-25T21:05:19.029+0000] {processor.py:161} INFO - Started process (PID=216) to work on /home/airflow/.local/lib/python3.8/site-packages/airflow/example_dags/example_short_circuit_operator.py
[2024-03-25T21:05:19.032+0000] {processor.py:830} INFO - Processing file /home/airflow/.local/lib/python3.8/site-packages/airflow/example_dags/example_short_circuit_operator.py for tasks to queue
[2024-03-25T21:05:19.036+0000] {logging_mixin.py:188} INFO - [2024-03-25T21:05:19.036+0000] {dagbag.py:540} INFO - Filling up the DagBag from /home/airflow/.local/lib/python3.8/site-packages/airflow/example_dags/example_short_circuit_operator.py
[2024-03-25T21:05:19.051+0000] {processor.py:840} INFO - DAG(s) 'example_short_circuit_operator' retrieved from /home/airflow/.local/lib/python3.8/site-packages/airflow/example_dags/example_short_circuit_operator.py
[2024-03-25T21:05:19.096+0000] {logging_mixin.py:188} INFO - [2024-03-25T21:05:19.096+0000] {dag.py:3047} INFO - Sync 1 DAGs
[2024-03-25T21:05:19.135+0000] {logging_mixin.py:188} INFO - [2024-03-25T21:05:19.135+0000] {dag.py:3834} INFO - Setting next_dagrun for example_short_circuit_operator to 2024-03-24 00:00:00+00:00, run_after=2024-03-25 00:00:00+00:00
[2024-03-25T21:05:19.177+0000] {processor.py:183} INFO - Processing /home/airflow/.local/lib/python3.8/site-packages/airflow/example_dags/example_short_circuit_operator.py took 0.154 seconds
[2024-03-25T21:05:50.030+0000] {processor.py:161} INFO - Started process (PID=271) to work on /home/airflow/.local/lib/python3.8/site-packages/airflow/example_dags/example_short_circuit_operator.py
[2024-03-25T21:05:50.032+0000] {processor.py:830} INFO - Processing file /home/airflow/.local/lib/python3.8/site-packages/airflow/example_dags/example_short_circuit_operator.py for tasks to queue
[2024-03-25T21:05:50.035+0000] {logging_mixin.py:188} INFO - [2024-03-25T21:05:50.034+0000] {dagbag.py:540} INFO - Filling up the DagBag from /home/airflow/.local/lib/python3.8/site-packages/airflow/example_dags/example_short_circuit_operator.py
[2024-03-25T21:05:50.047+0000] {processor.py:840} INFO - DAG(s) 'example_short_circuit_operator' retrieved from /home/airflow/.local/lib/python3.8/site-packages/airflow/example_dags/example_short_circuit_operator.py
[2024-03-25T21:05:50.085+0000] {logging_mixin.py:188} INFO - [2024-03-25T21:05:50.085+0000] {dag.py:3047} INFO - Sync 1 DAGs
[2024-03-25T21:05:50.119+0000] {logging_mixin.py:188} INFO - [2024-03-25T21:05:50.119+0000] {dag.py:3834} INFO - Setting next_dagrun for example_short_circuit_operator to 2024-03-24 00:00:00+00:00, run_after=2024-03-25 00:00:00+00:00
[2024-03-25T21:05:50.147+0000] {processor.py:183} INFO - Processing /home/airflow/.local/lib/python3.8/site-packages/airflow/example_dags/example_short_circuit_operator.py took 0.123 seconds
[2024-03-25T21:06:20.383+0000] {processor.py:161} INFO - Started process (PID=326) to work on /home/airflow/.local/lib/python3.8/site-packages/airflow/example_dags/example_short_circuit_operator.py
[2024-03-25T21:06:20.385+0000] {processor.py:830} INFO - Processing file /home/airflow/.local/lib/python3.8/site-packages/airflow/example_dags/example_short_circuit_operator.py for tasks to queue
[2024-03-25T21:06:20.388+0000] {logging_mixin.py:188} INFO - [2024-03-25T21:06:20.387+0000] {dagbag.py:540} INFO - Filling up the DagBag from /home/airflow/.local/lib/python3.8/site-packages/airflow/example_dags/example_short_circuit_operator.py
[2024-03-25T21:06:20.400+0000] {processor.py:840} INFO - DAG(s) 'example_short_circuit_operator' retrieved from /home/airflow/.local/lib/python3.8/site-packages/airflow/example_dags/example_short_circuit_operator.py
[2024-03-25T21:06:20.438+0000] {logging_mixin.py:188} INFO - [2024-03-25T21:06:20.437+0000] {dag.py:3047} INFO - Sync 1 DAGs
[2024-03-25T21:06:20.471+0000] {logging_mixin.py:188} INFO - [2024-03-25T21:06:20.470+0000] {dag.py:3834} INFO - Setting next_dagrun for example_short_circuit_operator to 2024-03-24 00:00:00+00:00, run_after=2024-03-25 00:00:00+00:00
[2024-03-25T21:06:20.500+0000] {processor.py:183} INFO - Processing /home/airflow/.local/lib/python3.8/site-packages/airflow/example_dags/example_short_circuit_operator.py took 0.121 seconds
[2024-03-25T21:06:50.892+0000] {processor.py:161} INFO - Started process (PID=381) to work on /home/airflow/.local/lib/python3.8/site-packages/airflow/example_dags/example_short_circuit_operator.py
[2024-03-25T21:06:50.894+0000] {processor.py:830} INFO - Processing file /home/airflow/.local/lib/python3.8/site-packages/airflow/example_dags/example_short_circuit_operator.py for tasks to queue
[2024-03-25T21:06:50.897+0000] {logging_mixin.py:188} INFO - [2024-03-25T21:06:50.897+0000] {dagbag.py:540} INFO - Filling up the DagBag from /home/airflow/.local/lib/python3.8/site-packages/airflow/example_dags/example_short_circuit_operator.py
[2024-03-25T21:06:50.912+0000] {processor.py:840} INFO - DAG(s) 'example_short_circuit_operator' retrieved from /home/airflow/.local/lib/python3.8/site-packages/airflow/example_dags/example_short_circuit_operator.py
[2024-03-25T21:06:50.976+0000] {logging_mixin.py:188} INFO - [2024-03-25T21:06:50.975+0000] {dag.py:3047} INFO - Sync 1 DAGs
[2024-03-25T21:06:51.024+0000] {logging_mixin.py:188} INFO - [2024-03-25T21:06:51.023+0000] {dag.py:3834} INFO - Setting next_dagrun for example_short_circuit_operator to 2024-03-24 00:00:00+00:00, run_after=2024-03-25 00:00:00+00:00
[2024-03-25T21:06:51.057+0000] {processor.py:183} INFO - Processing /home/airflow/.local/lib/python3.8/site-packages/airflow/example_dags/example_short_circuit_operator.py took 0.171 seconds
[2024-03-25T21:07:21.908+0000] {processor.py:161} INFO - Started process (PID=436) to work on /home/airflow/.local/lib/python3.8/site-packages/airflow/example_dags/example_short_circuit_operator.py
[2024-03-25T21:07:21.910+0000] {processor.py:830} INFO - Processing file /home/airflow/.local/lib/python3.8/site-packages/airflow/example_dags/example_short_circuit_operator.py for tasks to queue
[2024-03-25T21:07:21.913+0000] {logging_mixin.py:188} INFO - [2024-03-25T21:07:21.912+0000] {dagbag.py:540} INFO - Filling up the DagBag from /home/airflow/.local/lib/python3.8/site-packages/airflow/example_dags/example_short_circuit_operator.py
[2024-03-25T21:07:21.925+0000] {processor.py:840} INFO - DAG(s) 'example_short_circuit_operator' retrieved from /home/airflow/.local/lib/python3.8/site-packages/airflow/example_dags/example_short_circuit_operator.py
[2024-03-25T21:07:21.964+0000] {logging_mixin.py:188} INFO - [2024-03-25T21:07:21.963+0000] {dag.py:3047} INFO - Sync 1 DAGs
[2024-03-25T21:07:22.001+0000] {logging_mixin.py:188} INFO - [2024-03-25T21:07:22.001+0000] {dag.py:3834} INFO - Setting next_dagrun for example_short_circuit_operator to 2024-03-24 00:00:00+00:00, run_after=2024-03-25 00:00:00+00:00
[2024-03-25T21:07:22.028+0000] {processor.py:183} INFO - Processing /home/airflow/.local/lib/python3.8/site-packages/airflow/example_dags/example_short_circuit_operator.py took 0.124 seconds
[2024-03-25T21:07:52.173+0000] {processor.py:161} INFO - Started process (PID=491) to work on /home/airflow/.local/lib/python3.8/site-packages/airflow/example_dags/example_short_circuit_operator.py
[2024-03-25T21:07:52.175+0000] {processor.py:830} INFO - Processing file /home/airflow/.local/lib/python3.8/site-packages/airflow/example_dags/example_short_circuit_operator.py for tasks to queue
[2024-03-25T21:07:52.178+0000] {logging_mixin.py:188} INFO - [2024-03-25T21:07:52.177+0000] {dagbag.py:540} INFO - Filling up the DagBag from /home/airflow/.local/lib/python3.8/site-packages/airflow/example_dags/example_short_circuit_operator.py
[2024-03-25T21:07:52.190+0000] {processor.py:840} INFO - DAG(s) 'example_short_circuit_operator' retrieved from /home/airflow/.local/lib/python3.8/site-packages/airflow/example_dags/example_short_circuit_operator.py
[2024-03-25T21:07:52.227+0000] {logging_mixin.py:188} INFO - [2024-03-25T21:07:52.226+0000] {dag.py:3047} INFO - Sync 1 DAGs
[2024-03-25T21:07:52.263+0000] {logging_mixin.py:188} INFO - [2024-03-25T21:07:52.263+0000] {dag.py:3834} INFO - Setting next_dagrun for example_short_circuit_operator to 2024-03-24 00:00:00+00:00, run_after=2024-03-25 00:00:00+00:00
[2024-03-25T21:07:52.297+0000] {processor.py:183} INFO - Processing /home/airflow/.local/lib/python3.8/site-packages/airflow/example_dags/example_short_circuit_operator.py took 0.128 seconds
[2024-03-25T21:08:22.907+0000] {processor.py:161} INFO - Started process (PID=546) to work on /home/airflow/.local/lib/python3.8/site-packages/airflow/example_dags/example_short_circuit_operator.py
[2024-03-25T21:08:22.909+0000] {processor.py:830} INFO - Processing file /home/airflow/.local/lib/python3.8/site-packages/airflow/example_dags/example_short_circuit_operator.py for tasks to queue
[2024-03-25T21:08:22.922+0000] {logging_mixin.py:188} INFO - [2024-03-25T21:08:22.912+0000] {dagbag.py:540} INFO - Filling up the DagBag from /home/airflow/.local/lib/python3.8/site-packages/airflow/example_dags/example_short_circuit_operator.py
[2024-03-25T21:08:22.949+0000] {processor.py:840} INFO - DAG(s) 'example_short_circuit_operator' retrieved from /home/airflow/.local/lib/python3.8/site-packages/airflow/example_dags/example_short_circuit_operator.py
[2024-03-25T21:08:23.039+0000] {logging_mixin.py:188} INFO - [2024-03-25T21:08:23.038+0000] {dag.py:3047} INFO - Sync 1 DAGs
[2024-03-25T21:08:23.090+0000] {logging_mixin.py:188} INFO - [2024-03-25T21:08:23.090+0000] {dag.py:3834} INFO - Setting next_dagrun for example_short_circuit_operator to 2024-03-24 00:00:00+00:00, run_after=2024-03-25 00:00:00+00:00
[2024-03-25T21:08:23.122+0000] {processor.py:183} INFO - Processing /home/airflow/.local/lib/python3.8/site-packages/airflow/example_dags/example_short_circuit_operator.py took 0.220 seconds
[2024-03-25T21:09:39.883+0000] {processor.py:161} INFO - Started process (PID=46) to work on /home/airflow/.local/lib/python3.8/site-packages/airflow/example_dags/example_short_circuit_operator.py
[2024-03-25T21:09:39.885+0000] {processor.py:830} INFO - Processing file /home/airflow/.local/lib/python3.8/site-packages/airflow/example_dags/example_short_circuit_operator.py for tasks to queue
[2024-03-25T21:09:39.889+0000] {logging_mixin.py:188} INFO - [2024-03-25T21:09:39.888+0000] {dagbag.py:540} INFO - Filling up the DagBag from /home/airflow/.local/lib/python3.8/site-packages/airflow/example_dags/example_short_circuit_operator.py
[2024-03-25T21:09:39.904+0000] {processor.py:840} INFO - DAG(s) 'example_short_circuit_operator' retrieved from /home/airflow/.local/lib/python3.8/site-packages/airflow/example_dags/example_short_circuit_operator.py
[2024-03-25T21:09:40.111+0000] {logging_mixin.py:188} INFO - [2024-03-25T21:09:40.111+0000] {dag.py:3047} INFO - Sync 1 DAGs
[2024-03-25T21:09:40.151+0000] {logging_mixin.py:188} INFO - [2024-03-25T21:09:40.150+0000] {dag.py:3834} INFO - Setting next_dagrun for example_short_circuit_operator to 2024-03-24 00:00:00+00:00, run_after=2024-03-25 00:00:00+00:00
[2024-03-25T21:09:40.187+0000] {processor.py:183} INFO - Processing /home/airflow/.local/lib/python3.8/site-packages/airflow/example_dags/example_short_circuit_operator.py took 0.310 seconds
[2024-03-25T21:10:10.755+0000] {processor.py:161} INFO - Started process (PID=102) to work on /home/airflow/.local/lib/python3.8/site-packages/airflow/example_dags/example_short_circuit_operator.py
[2024-03-25T21:10:10.757+0000] {processor.py:830} INFO - Processing file /home/airflow/.local/lib/python3.8/site-packages/airflow/example_dags/example_short_circuit_operator.py for tasks to queue
[2024-03-25T21:10:10.762+0000] {logging_mixin.py:188} INFO - [2024-03-25T21:10:10.761+0000] {dagbag.py:540} INFO - Filling up the DagBag from /home/airflow/.local/lib/python3.8/site-packages/airflow/example_dags/example_short_circuit_operator.py
[2024-03-25T21:10:10.776+0000] {processor.py:840} INFO - DAG(s) 'example_short_circuit_operator' retrieved from /home/airflow/.local/lib/python3.8/site-packages/airflow/example_dags/example_short_circuit_operator.py
[2024-03-25T21:10:10.820+0000] {logging_mixin.py:188} INFO - [2024-03-25T21:10:10.819+0000] {dag.py:3047} INFO - Sync 1 DAGs
[2024-03-25T21:10:10.857+0000] {logging_mixin.py:188} INFO - [2024-03-25T21:10:10.857+0000] {dag.py:3834} INFO - Setting next_dagrun for example_short_circuit_operator to 2024-03-24 00:00:00+00:00, run_after=2024-03-25 00:00:00+00:00
[2024-03-25T21:10:10.894+0000] {processor.py:183} INFO - Processing /home/airflow/.local/lib/python3.8/site-packages/airflow/example_dags/example_short_circuit_operator.py took 0.145 seconds
[2024-03-25T21:10:41.627+0000] {processor.py:161} INFO - Started process (PID=158) to work on /home/airflow/.local/lib/python3.8/site-packages/airflow/example_dags/example_short_circuit_operator.py
[2024-03-25T21:10:41.628+0000] {processor.py:830} INFO - Processing file /home/airflow/.local/lib/python3.8/site-packages/airflow/example_dags/example_short_circuit_operator.py for tasks to queue
[2024-03-25T21:10:41.632+0000] {logging_mixin.py:188} INFO - [2024-03-25T21:10:41.631+0000] {dagbag.py:540} INFO - Filling up the DagBag from /home/airflow/.local/lib/python3.8/site-packages/airflow/example_dags/example_short_circuit_operator.py
[2024-03-25T21:10:41.646+0000] {processor.py:840} INFO - DAG(s) 'example_short_circuit_operator' retrieved from /home/airflow/.local/lib/python3.8/site-packages/airflow/example_dags/example_short_circuit_operator.py
[2024-03-25T21:10:41.685+0000] {logging_mixin.py:188} INFO - [2024-03-25T21:10:41.684+0000] {dag.py:3047} INFO - Sync 1 DAGs
[2024-03-25T21:10:41.717+0000] {logging_mixin.py:188} INFO - [2024-03-25T21:10:41.717+0000] {dag.py:3834} INFO - Setting next_dagrun for example_short_circuit_operator to 2024-03-24 00:00:00+00:00, run_after=2024-03-25 00:00:00+00:00
[2024-03-25T21:10:41.744+0000] {processor.py:183} INFO - Processing /home/airflow/.local/lib/python3.8/site-packages/airflow/example_dags/example_short_circuit_operator.py took 0.123 seconds
[2024-03-25T21:11:11.868+0000] {processor.py:161} INFO - Started process (PID=214) to work on /home/airflow/.local/lib/python3.8/site-packages/airflow/example_dags/example_short_circuit_operator.py
[2024-03-25T21:11:11.870+0000] {processor.py:830} INFO - Processing file /home/airflow/.local/lib/python3.8/site-packages/airflow/example_dags/example_short_circuit_operator.py for tasks to queue
[2024-03-25T21:11:11.873+0000] {logging_mixin.py:188} INFO - [2024-03-25T21:11:11.873+0000] {dagbag.py:540} INFO - Filling up the DagBag from /home/airflow/.local/lib/python3.8/site-packages/airflow/example_dags/example_short_circuit_operator.py
[2024-03-25T21:11:11.888+0000] {processor.py:840} INFO - DAG(s) 'example_short_circuit_operator' retrieved from /home/airflow/.local/lib/python3.8/site-packages/airflow/example_dags/example_short_circuit_operator.py
[2024-03-25T21:11:11.927+0000] {logging_mixin.py:188} INFO - [2024-03-25T21:11:11.927+0000] {dag.py:3047} INFO - Sync 1 DAGs
[2024-03-25T21:11:11.962+0000] {logging_mixin.py:188} INFO - [2024-03-25T21:11:11.962+0000] {dag.py:3834} INFO - Setting next_dagrun for example_short_circuit_operator to 2024-03-24 00:00:00+00:00, run_after=2024-03-25 00:00:00+00:00
[2024-03-25T21:11:11.991+0000] {processor.py:183} INFO - Processing /home/airflow/.local/lib/python3.8/site-packages/airflow/example_dags/example_short_circuit_operator.py took 0.128 seconds
[2024-03-25T21:11:42.247+0000] {processor.py:161} INFO - Started process (PID=270) to work on /home/airflow/.local/lib/python3.8/site-packages/airflow/example_dags/example_short_circuit_operator.py
[2024-03-25T21:11:42.249+0000] {processor.py:830} INFO - Processing file /home/airflow/.local/lib/python3.8/site-packages/airflow/example_dags/example_short_circuit_operator.py for tasks to queue
[2024-03-25T21:11:42.252+0000] {logging_mixin.py:188} INFO - [2024-03-25T21:11:42.252+0000] {dagbag.py:540} INFO - Filling up the DagBag from /home/airflow/.local/lib/python3.8/site-packages/airflow/example_dags/example_short_circuit_operator.py
[2024-03-25T21:11:42.264+0000] {processor.py:840} INFO - DAG(s) 'example_short_circuit_operator' retrieved from /home/airflow/.local/lib/python3.8/site-packages/airflow/example_dags/example_short_circuit_operator.py
[2024-03-25T21:11:42.307+0000] {logging_mixin.py:188} INFO - [2024-03-25T21:11:42.307+0000] {dag.py:3047} INFO - Sync 1 DAGs
[2024-03-25T21:11:42.342+0000] {logging_mixin.py:188} INFO - [2024-03-25T21:11:42.342+0000] {dag.py:3834} INFO - Setting next_dagrun for example_short_circuit_operator to 2024-03-24 00:00:00+00:00, run_after=2024-03-25 00:00:00+00:00
[2024-03-25T21:11:42.370+0000] {processor.py:183} INFO - Processing /home/airflow/.local/lib/python3.8/site-packages/airflow/example_dags/example_short_circuit_operator.py took 0.130 seconds
[2024-03-25T21:12:12.607+0000] {processor.py:161} INFO - Started process (PID=326) to work on /home/airflow/.local/lib/python3.8/site-packages/airflow/example_dags/example_short_circuit_operator.py
[2024-03-25T21:12:12.609+0000] {processor.py:830} INFO - Processing file /home/airflow/.local/lib/python3.8/site-packages/airflow/example_dags/example_short_circuit_operator.py for tasks to queue
[2024-03-25T21:12:12.613+0000] {logging_mixin.py:188} INFO - [2024-03-25T21:12:12.612+0000] {dagbag.py:540} INFO - Filling up the DagBag from /home/airflow/.local/lib/python3.8/site-packages/airflow/example_dags/example_short_circuit_operator.py
[2024-03-25T21:12:12.625+0000] {processor.py:840} INFO - DAG(s) 'example_short_circuit_operator' retrieved from /home/airflow/.local/lib/python3.8/site-packages/airflow/example_dags/example_short_circuit_operator.py
[2024-03-25T21:12:12.666+0000] {logging_mixin.py:188} INFO - [2024-03-25T21:12:12.666+0000] {dag.py:3047} INFO - Sync 1 DAGs
[2024-03-25T21:12:12.700+0000] {logging_mixin.py:188} INFO - [2024-03-25T21:12:12.700+0000] {dag.py:3834} INFO - Setting next_dagrun for example_short_circuit_operator to 2024-03-24 00:00:00+00:00, run_after=2024-03-25 00:00:00+00:00
[2024-03-25T21:12:12.727+0000] {processor.py:183} INFO - Processing /home/airflow/.local/lib/python3.8/site-packages/airflow/example_dags/example_short_circuit_operator.py took 0.125 seconds
[2024-03-25T21:12:43.008+0000] {processor.py:161} INFO - Started process (PID=382) to work on /home/airflow/.local/lib/python3.8/site-packages/airflow/example_dags/example_short_circuit_operator.py
[2024-03-25T21:12:43.010+0000] {processor.py:830} INFO - Processing file /home/airflow/.local/lib/python3.8/site-packages/airflow/example_dags/example_short_circuit_operator.py for tasks to queue
[2024-03-25T21:12:43.013+0000] {logging_mixin.py:188} INFO - [2024-03-25T21:12:43.012+0000] {dagbag.py:540} INFO - Filling up the DagBag from /home/airflow/.local/lib/python3.8/site-packages/airflow/example_dags/example_short_circuit_operator.py
[2024-03-25T21:12:43.025+0000] {processor.py:840} INFO - DAG(s) 'example_short_circuit_operator' retrieved from /home/airflow/.local/lib/python3.8/site-packages/airflow/example_dags/example_short_circuit_operator.py
[2024-03-25T21:12:43.063+0000] {logging_mixin.py:188} INFO - [2024-03-25T21:12:43.063+0000] {dag.py:3047} INFO - Sync 1 DAGs
[2024-03-25T21:12:43.097+0000] {logging_mixin.py:188} INFO - [2024-03-25T21:12:43.096+0000] {dag.py:3834} INFO - Setting next_dagrun for example_short_circuit_operator to 2024-03-24 00:00:00+00:00, run_after=2024-03-25 00:00:00+00:00
[2024-03-25T21:12:43.125+0000] {processor.py:183} INFO - Processing /home/airflow/.local/lib/python3.8/site-packages/airflow/example_dags/example_short_circuit_operator.py took 0.124 seconds
[2024-03-25T21:13:13.685+0000] {processor.py:161} INFO - Started process (PID=438) to work on /home/airflow/.local/lib/python3.8/site-packages/airflow/example_dags/example_short_circuit_operator.py
[2024-03-25T21:13:13.688+0000] {processor.py:830} INFO - Processing file /home/airflow/.local/lib/python3.8/site-packages/airflow/example_dags/example_short_circuit_operator.py for tasks to queue
[2024-03-25T21:13:13.692+0000] {logging_mixin.py:188} INFO - [2024-03-25T21:13:13.691+0000] {dagbag.py:540} INFO - Filling up the DagBag from /home/airflow/.local/lib/python3.8/site-packages/airflow/example_dags/example_short_circuit_operator.py
[2024-03-25T21:13:13.709+0000] {processor.py:840} INFO - DAG(s) 'example_short_circuit_operator' retrieved from /home/airflow/.local/lib/python3.8/site-packages/airflow/example_dags/example_short_circuit_operator.py
[2024-03-25T21:13:13.776+0000] {logging_mixin.py:188} INFO - [2024-03-25T21:13:13.775+0000] {dag.py:3047} INFO - Sync 1 DAGs
[2024-03-25T21:13:13.828+0000] {logging_mixin.py:188} INFO - [2024-03-25T21:13:13.828+0000] {dag.py:3834} INFO - Setting next_dagrun for example_short_circuit_operator to 2024-03-24 00:00:00+00:00, run_after=2024-03-25 00:00:00+00:00
[2024-03-25T21:13:13.870+0000] {processor.py:183} INFO - Processing /home/airflow/.local/lib/python3.8/site-packages/airflow/example_dags/example_short_circuit_operator.py took 0.195 seconds
[2024-03-25T21:13:43.959+0000] {processor.py:161} INFO - Started process (PID=494) to work on /home/airflow/.local/lib/python3.8/site-packages/airflow/example_dags/example_short_circuit_operator.py
[2024-03-25T21:13:43.961+0000] {processor.py:830} INFO - Processing file /home/airflow/.local/lib/python3.8/site-packages/airflow/example_dags/example_short_circuit_operator.py for tasks to queue
[2024-03-25T21:13:43.963+0000] {logging_mixin.py:188} INFO - [2024-03-25T21:13:43.963+0000] {dagbag.py:540} INFO - Filling up the DagBag from /home/airflow/.local/lib/python3.8/site-packages/airflow/example_dags/example_short_circuit_operator.py
[2024-03-25T21:13:43.976+0000] {processor.py:840} INFO - DAG(s) 'example_short_circuit_operator' retrieved from /home/airflow/.local/lib/python3.8/site-packages/airflow/example_dags/example_short_circuit_operator.py
[2024-03-25T21:13:44.017+0000] {logging_mixin.py:188} INFO - [2024-03-25T21:13:44.016+0000] {dag.py:3047} INFO - Sync 1 DAGs
[2024-03-25T21:13:44.049+0000] {logging_mixin.py:188} INFO - [2024-03-25T21:13:44.049+0000] {dag.py:3834} INFO - Setting next_dagrun for example_short_circuit_operator to 2024-03-24 00:00:00+00:00, run_after=2024-03-25 00:00:00+00:00
[2024-03-25T21:13:44.078+0000] {processor.py:183} INFO - Processing /home/airflow/.local/lib/python3.8/site-packages/airflow/example_dags/example_short_circuit_operator.py took 0.124 seconds
[2024-03-25T21:14:14.306+0000] {processor.py:161} INFO - Started process (PID=550) to work on /home/airflow/.local/lib/python3.8/site-packages/airflow/example_dags/example_short_circuit_operator.py
[2024-03-25T21:14:14.308+0000] {processor.py:830} INFO - Processing file /home/airflow/.local/lib/python3.8/site-packages/airflow/example_dags/example_short_circuit_operator.py for tasks to queue
[2024-03-25T21:14:14.312+0000] {logging_mixin.py:188} INFO - [2024-03-25T21:14:14.311+0000] {dagbag.py:540} INFO - Filling up the DagBag from /home/airflow/.local/lib/python3.8/site-packages/airflow/example_dags/example_short_circuit_operator.py
[2024-03-25T21:14:14.326+0000] {processor.py:840} INFO - DAG(s) 'example_short_circuit_operator' retrieved from /home/airflow/.local/lib/python3.8/site-packages/airflow/example_dags/example_short_circuit_operator.py
[2024-03-25T21:14:14.374+0000] {logging_mixin.py:188} INFO - [2024-03-25T21:14:14.374+0000] {dag.py:3047} INFO - Sync 1 DAGs
[2024-03-25T21:14:14.413+0000] {logging_mixin.py:188} INFO - [2024-03-25T21:14:14.413+0000] {dag.py:3834} INFO - Setting next_dagrun for example_short_circuit_operator to 2024-03-24 00:00:00+00:00, run_after=2024-03-25 00:00:00+00:00
[2024-03-25T21:14:14.442+0000] {processor.py:183} INFO - Processing /home/airflow/.local/lib/python3.8/site-packages/airflow/example_dags/example_short_circuit_operator.py took 0.143 seconds
[2024-03-25T21:14:44.842+0000] {processor.py:161} INFO - Started process (PID=606) to work on /home/airflow/.local/lib/python3.8/site-packages/airflow/example_dags/example_short_circuit_operator.py
[2024-03-25T21:14:44.844+0000] {processor.py:830} INFO - Processing file /home/airflow/.local/lib/python3.8/site-packages/airflow/example_dags/example_short_circuit_operator.py for tasks to queue
[2024-03-25T21:14:44.847+0000] {logging_mixin.py:188} INFO - [2024-03-25T21:14:44.847+0000] {dagbag.py:540} INFO - Filling up the DagBag from /home/airflow/.local/lib/python3.8/site-packages/airflow/example_dags/example_short_circuit_operator.py
[2024-03-25T21:14:44.863+0000] {processor.py:840} INFO - DAG(s) 'example_short_circuit_operator' retrieved from /home/airflow/.local/lib/python3.8/site-packages/airflow/example_dags/example_short_circuit_operator.py
[2024-03-25T21:14:44.905+0000] {logging_mixin.py:188} INFO - [2024-03-25T21:14:44.905+0000] {dag.py:3047} INFO - Sync 1 DAGs
[2024-03-25T21:14:44.945+0000] {logging_mixin.py:188} INFO - [2024-03-25T21:14:44.944+0000] {dag.py:3834} INFO - Setting next_dagrun for example_short_circuit_operator to 2024-03-24 00:00:00+00:00, run_after=2024-03-25 00:00:00+00:00
[2024-03-25T21:14:44.980+0000] {processor.py:183} INFO - Processing /home/airflow/.local/lib/python3.8/site-packages/airflow/example_dags/example_short_circuit_operator.py took 0.144 seconds
[2024-03-25T21:15:15.369+0000] {processor.py:161} INFO - Started process (PID=662) to work on /home/airflow/.local/lib/python3.8/site-packages/airflow/example_dags/example_short_circuit_operator.py
[2024-03-25T21:15:15.371+0000] {processor.py:830} INFO - Processing file /home/airflow/.local/lib/python3.8/site-packages/airflow/example_dags/example_short_circuit_operator.py for tasks to queue
[2024-03-25T21:15:15.374+0000] {logging_mixin.py:188} INFO - [2024-03-25T21:15:15.374+0000] {dagbag.py:540} INFO - Filling up the DagBag from /home/airflow/.local/lib/python3.8/site-packages/airflow/example_dags/example_short_circuit_operator.py
[2024-03-25T21:15:15.389+0000] {processor.py:840} INFO - DAG(s) 'example_short_circuit_operator' retrieved from /home/airflow/.local/lib/python3.8/site-packages/airflow/example_dags/example_short_circuit_operator.py
[2024-03-25T21:15:15.430+0000] {logging_mixin.py:188} INFO - [2024-03-25T21:15:15.430+0000] {dag.py:3047} INFO - Sync 1 DAGs
[2024-03-25T21:15:15.467+0000] {logging_mixin.py:188} INFO - [2024-03-25T21:15:15.466+0000] {dag.py:3834} INFO - Setting next_dagrun for example_short_circuit_operator to 2024-03-24 00:00:00+00:00, run_after=2024-03-25 00:00:00+00:00
[2024-03-25T21:15:15.496+0000] {processor.py:183} INFO - Processing /home/airflow/.local/lib/python3.8/site-packages/airflow/example_dags/example_short_circuit_operator.py took 0.132 seconds
[2024-03-25T21:15:46.122+0000] {processor.py:161} INFO - Started process (PID=718) to work on /home/airflow/.local/lib/python3.8/site-packages/airflow/example_dags/example_short_circuit_operator.py
[2024-03-25T21:15:46.124+0000] {processor.py:830} INFO - Processing file /home/airflow/.local/lib/python3.8/site-packages/airflow/example_dags/example_short_circuit_operator.py for tasks to queue
[2024-03-25T21:15:46.127+0000] {logging_mixin.py:188} INFO - [2024-03-25T21:15:46.126+0000] {dagbag.py:540} INFO - Filling up the DagBag from /home/airflow/.local/lib/python3.8/site-packages/airflow/example_dags/example_short_circuit_operator.py
[2024-03-25T21:15:46.140+0000] {processor.py:840} INFO - DAG(s) 'example_short_circuit_operator' retrieved from /home/airflow/.local/lib/python3.8/site-packages/airflow/example_dags/example_short_circuit_operator.py
[2024-03-25T21:15:46.180+0000] {logging_mixin.py:188} INFO - [2024-03-25T21:15:46.180+0000] {dag.py:3047} INFO - Sync 1 DAGs
[2024-03-25T21:15:46.214+0000] {logging_mixin.py:188} INFO - [2024-03-25T21:15:46.213+0000] {dag.py:3834} INFO - Setting next_dagrun for example_short_circuit_operator to 2024-03-24 00:00:00+00:00, run_after=2024-03-25 00:00:00+00:00
[2024-03-25T21:15:46.247+0000] {processor.py:183} INFO - Processing /home/airflow/.local/lib/python3.8/site-packages/airflow/example_dags/example_short_circuit_operator.py took 0.131 seconds
[2024-03-25T21:16:16.386+0000] {processor.py:161} INFO - Started process (PID=774) to work on /home/airflow/.local/lib/python3.8/site-packages/airflow/example_dags/example_short_circuit_operator.py
[2024-03-25T21:16:16.387+0000] {processor.py:830} INFO - Processing file /home/airflow/.local/lib/python3.8/site-packages/airflow/example_dags/example_short_circuit_operator.py for tasks to queue
[2024-03-25T21:16:16.390+0000] {logging_mixin.py:188} INFO - [2024-03-25T21:16:16.390+0000] {dagbag.py:540} INFO - Filling up the DagBag from /home/airflow/.local/lib/python3.8/site-packages/airflow/example_dags/example_short_circuit_operator.py
[2024-03-25T21:16:16.405+0000] {processor.py:840} INFO - DAG(s) 'example_short_circuit_operator' retrieved from /home/airflow/.local/lib/python3.8/site-packages/airflow/example_dags/example_short_circuit_operator.py
[2024-03-25T21:16:16.452+0000] {logging_mixin.py:188} INFO - [2024-03-25T21:16:16.452+0000] {dag.py:3047} INFO - Sync 1 DAGs
[2024-03-25T21:16:16.489+0000] {logging_mixin.py:188} INFO - [2024-03-25T21:16:16.488+0000] {dag.py:3834} INFO - Setting next_dagrun for example_short_circuit_operator to 2024-03-24 00:00:00+00:00, run_after=2024-03-25 00:00:00+00:00
[2024-03-25T21:16:16.519+0000] {processor.py:183} INFO - Processing /home/airflow/.local/lib/python3.8/site-packages/airflow/example_dags/example_short_circuit_operator.py took 0.139 seconds
[2024-03-25T21:16:46.761+0000] {processor.py:161} INFO - Started process (PID=830) to work on /home/airflow/.local/lib/python3.8/site-packages/airflow/example_dags/example_short_circuit_operator.py
[2024-03-25T21:16:46.763+0000] {processor.py:830} INFO - Processing file /home/airflow/.local/lib/python3.8/site-packages/airflow/example_dags/example_short_circuit_operator.py for tasks to queue
[2024-03-25T21:16:46.766+0000] {logging_mixin.py:188} INFO - [2024-03-25T21:16:46.766+0000] {dagbag.py:540} INFO - Filling up the DagBag from /home/airflow/.local/lib/python3.8/site-packages/airflow/example_dags/example_short_circuit_operator.py
[2024-03-25T21:16:46.779+0000] {processor.py:840} INFO - DAG(s) 'example_short_circuit_operator' retrieved from /home/airflow/.local/lib/python3.8/site-packages/airflow/example_dags/example_short_circuit_operator.py
[2024-03-25T21:16:46.818+0000] {logging_mixin.py:188} INFO - [2024-03-25T21:16:46.817+0000] {dag.py:3047} INFO - Sync 1 DAGs
[2024-03-25T21:16:46.850+0000] {logging_mixin.py:188} INFO - [2024-03-25T21:16:46.850+0000] {dag.py:3834} INFO - Setting next_dagrun for example_short_circuit_operator to 2024-03-24 00:00:00+00:00, run_after=2024-03-25 00:00:00+00:00
[2024-03-25T21:16:46.878+0000] {processor.py:183} INFO - Processing /home/airflow/.local/lib/python3.8/site-packages/airflow/example_dags/example_short_circuit_operator.py took 0.122 seconds
[2024-03-25T21:17:17.064+0000] {processor.py:161} INFO - Started process (PID=886) to work on /home/airflow/.local/lib/python3.8/site-packages/airflow/example_dags/example_short_circuit_operator.py
[2024-03-25T21:17:17.065+0000] {processor.py:830} INFO - Processing file /home/airflow/.local/lib/python3.8/site-packages/airflow/example_dags/example_short_circuit_operator.py for tasks to queue
[2024-03-25T21:17:17.069+0000] {logging_mixin.py:188} INFO - [2024-03-25T21:17:17.068+0000] {dagbag.py:540} INFO - Filling up the DagBag from /home/airflow/.local/lib/python3.8/site-packages/airflow/example_dags/example_short_circuit_operator.py
[2024-03-25T21:17:17.083+0000] {processor.py:840} INFO - DAG(s) 'example_short_circuit_operator' retrieved from /home/airflow/.local/lib/python3.8/site-packages/airflow/example_dags/example_short_circuit_operator.py
[2024-03-25T21:17:17.137+0000] {logging_mixin.py:188} INFO - [2024-03-25T21:17:17.137+0000] {dag.py:3047} INFO - Sync 1 DAGs
[2024-03-25T21:17:17.180+0000] {logging_mixin.py:188} INFO - [2024-03-25T21:17:17.179+0000] {dag.py:3834} INFO - Setting next_dagrun for example_short_circuit_operator to 2024-03-24 00:00:00+00:00, run_after=2024-03-25 00:00:00+00:00
[2024-03-25T21:17:17.210+0000] {processor.py:183} INFO - Processing /home/airflow/.local/lib/python3.8/site-packages/airflow/example_dags/example_short_circuit_operator.py took 0.152 seconds
[2024-03-25T21:17:47.464+0000] {processor.py:161} INFO - Started process (PID=942) to work on /home/airflow/.local/lib/python3.8/site-packages/airflow/example_dags/example_short_circuit_operator.py
[2024-03-25T21:17:47.466+0000] {processor.py:830} INFO - Processing file /home/airflow/.local/lib/python3.8/site-packages/airflow/example_dags/example_short_circuit_operator.py for tasks to queue
[2024-03-25T21:17:47.469+0000] {logging_mixin.py:188} INFO - [2024-03-25T21:17:47.469+0000] {dagbag.py:540} INFO - Filling up the DagBag from /home/airflow/.local/lib/python3.8/site-packages/airflow/example_dags/example_short_circuit_operator.py
[2024-03-25T21:17:47.483+0000] {processor.py:840} INFO - DAG(s) 'example_short_circuit_operator' retrieved from /home/airflow/.local/lib/python3.8/site-packages/airflow/example_dags/example_short_circuit_operator.py
[2024-03-25T21:17:47.527+0000] {logging_mixin.py:188} INFO - [2024-03-25T21:17:47.527+0000] {dag.py:3047} INFO - Sync 1 DAGs
[2024-03-25T21:17:47.565+0000] {logging_mixin.py:188} INFO - [2024-03-25T21:17:47.565+0000] {dag.py:3834} INFO - Setting next_dagrun for example_short_circuit_operator to 2024-03-24 00:00:00+00:00, run_after=2024-03-25 00:00:00+00:00
[2024-03-25T21:17:47.593+0000] {processor.py:183} INFO - Processing /home/airflow/.local/lib/python3.8/site-packages/airflow/example_dags/example_short_circuit_operator.py took 0.136 seconds
[2024-03-25T21:18:17.862+0000] {processor.py:161} INFO - Started process (PID=998) to work on /home/airflow/.local/lib/python3.8/site-packages/airflow/example_dags/example_short_circuit_operator.py
[2024-03-25T21:18:17.864+0000] {processor.py:830} INFO - Processing file /home/airflow/.local/lib/python3.8/site-packages/airflow/example_dags/example_short_circuit_operator.py for tasks to queue
[2024-03-25T21:18:17.866+0000] {logging_mixin.py:188} INFO - [2024-03-25T21:18:17.866+0000] {dagbag.py:540} INFO - Filling up the DagBag from /home/airflow/.local/lib/python3.8/site-packages/airflow/example_dags/example_short_circuit_operator.py
[2024-03-25T21:18:17.880+0000] {processor.py:840} INFO - DAG(s) 'example_short_circuit_operator' retrieved from /home/airflow/.local/lib/python3.8/site-packages/airflow/example_dags/example_short_circuit_operator.py
[2024-03-25T21:18:17.919+0000] {logging_mixin.py:188} INFO - [2024-03-25T21:18:17.918+0000] {dag.py:3047} INFO - Sync 1 DAGs
[2024-03-25T21:18:17.953+0000] {logging_mixin.py:188} INFO - [2024-03-25T21:18:17.953+0000] {dag.py:3834} INFO - Setting next_dagrun for example_short_circuit_operator to 2024-03-24 00:00:00+00:00, run_after=2024-03-25 00:00:00+00:00
[2024-03-25T21:18:17.984+0000] {processor.py:183} INFO - Processing /home/airflow/.local/lib/python3.8/site-packages/airflow/example_dags/example_short_circuit_operator.py took 0.128 seconds
[2024-03-25T21:18:48.722+0000] {processor.py:161} INFO - Started process (PID=1054) to work on /home/airflow/.local/lib/python3.8/site-packages/airflow/example_dags/example_short_circuit_operator.py
[2024-03-25T21:18:48.724+0000] {processor.py:830} INFO - Processing file /home/airflow/.local/lib/python3.8/site-packages/airflow/example_dags/example_short_circuit_operator.py for tasks to queue
[2024-03-25T21:18:48.727+0000] {logging_mixin.py:188} INFO - [2024-03-25T21:18:48.726+0000] {dagbag.py:540} INFO - Filling up the DagBag from /home/airflow/.local/lib/python3.8/site-packages/airflow/example_dags/example_short_circuit_operator.py
[2024-03-25T21:18:48.739+0000] {processor.py:840} INFO - DAG(s) 'example_short_circuit_operator' retrieved from /home/airflow/.local/lib/python3.8/site-packages/airflow/example_dags/example_short_circuit_operator.py
[2024-03-25T21:18:48.781+0000] {logging_mixin.py:188} INFO - [2024-03-25T21:18:48.781+0000] {dag.py:3047} INFO - Sync 1 DAGs
[2024-03-25T21:18:48.815+0000] {logging_mixin.py:188} INFO - [2024-03-25T21:18:48.815+0000] {dag.py:3834} INFO - Setting next_dagrun for example_short_circuit_operator to 2024-03-24 00:00:00+00:00, run_after=2024-03-25 00:00:00+00:00
[2024-03-25T21:18:48.844+0000] {processor.py:183} INFO - Processing /home/airflow/.local/lib/python3.8/site-packages/airflow/example_dags/example_short_circuit_operator.py took 0.128 seconds
[2024-03-25T21:19:19.115+0000] {processor.py:161} INFO - Started process (PID=1109) to work on /home/airflow/.local/lib/python3.8/site-packages/airflow/example_dags/example_short_circuit_operator.py
[2024-03-25T21:19:19.117+0000] {processor.py:830} INFO - Processing file /home/airflow/.local/lib/python3.8/site-packages/airflow/example_dags/example_short_circuit_operator.py for tasks to queue
[2024-03-25T21:19:19.120+0000] {logging_mixin.py:188} INFO - [2024-03-25T21:19:19.119+0000] {dagbag.py:540} INFO - Filling up the DagBag from /home/airflow/.local/lib/python3.8/site-packages/airflow/example_dags/example_short_circuit_operator.py
[2024-03-25T21:19:19.133+0000] {processor.py:840} INFO - DAG(s) 'example_short_circuit_operator' retrieved from /home/airflow/.local/lib/python3.8/site-packages/airflow/example_dags/example_short_circuit_operator.py
[2024-03-25T21:19:19.172+0000] {logging_mixin.py:188} INFO - [2024-03-25T21:19:19.172+0000] {dag.py:3047} INFO - Sync 1 DAGs
[2024-03-25T21:19:19.205+0000] {logging_mixin.py:188} INFO - [2024-03-25T21:19:19.205+0000] {dag.py:3834} INFO - Setting next_dagrun for example_short_circuit_operator to 2024-03-24 00:00:00+00:00, run_after=2024-03-25 00:00:00+00:00
[2024-03-25T21:19:19.235+0000] {processor.py:183} INFO - Processing /home/airflow/.local/lib/python3.8/site-packages/airflow/example_dags/example_short_circuit_operator.py took 0.126 seconds
[2024-03-25T21:19:49.414+0000] {processor.py:161} INFO - Started process (PID=1165) to work on /home/airflow/.local/lib/python3.8/site-packages/airflow/example_dags/example_short_circuit_operator.py
[2024-03-25T21:19:49.415+0000] {processor.py:830} INFO - Processing file /home/airflow/.local/lib/python3.8/site-packages/airflow/example_dags/example_short_circuit_operator.py for tasks to queue
[2024-03-25T21:19:49.418+0000] {logging_mixin.py:188} INFO - [2024-03-25T21:19:49.418+0000] {dagbag.py:540} INFO - Filling up the DagBag from /home/airflow/.local/lib/python3.8/site-packages/airflow/example_dags/example_short_circuit_operator.py
[2024-03-25T21:19:49.430+0000] {processor.py:840} INFO - DAG(s) 'example_short_circuit_operator' retrieved from /home/airflow/.local/lib/python3.8/site-packages/airflow/example_dags/example_short_circuit_operator.py
[2024-03-25T21:19:49.469+0000] {logging_mixin.py:188} INFO - [2024-03-25T21:19:49.469+0000] {dag.py:3047} INFO - Sync 1 DAGs
[2024-03-25T21:19:49.503+0000] {logging_mixin.py:188} INFO - [2024-03-25T21:19:49.503+0000] {dag.py:3834} INFO - Setting next_dagrun for example_short_circuit_operator to 2024-03-24 00:00:00+00:00, run_after=2024-03-25 00:00:00+00:00
[2024-03-25T21:19:49.533+0000] {processor.py:183} INFO - Processing /home/airflow/.local/lib/python3.8/site-packages/airflow/example_dags/example_short_circuit_operator.py took 0.125 seconds
[2024-03-25T21:20:19.729+0000] {processor.py:161} INFO - Started process (PID=1221) to work on /home/airflow/.local/lib/python3.8/site-packages/airflow/example_dags/example_short_circuit_operator.py
[2024-03-25T21:20:19.731+0000] {processor.py:830} INFO - Processing file /home/airflow/.local/lib/python3.8/site-packages/airflow/example_dags/example_short_circuit_operator.py for tasks to queue
[2024-03-25T21:20:19.734+0000] {logging_mixin.py:188} INFO - [2024-03-25T21:20:19.733+0000] {dagbag.py:540} INFO - Filling up the DagBag from /home/airflow/.local/lib/python3.8/site-packages/airflow/example_dags/example_short_circuit_operator.py
[2024-03-25T21:20:19.747+0000] {processor.py:840} INFO - DAG(s) 'example_short_circuit_operator' retrieved from /home/airflow/.local/lib/python3.8/site-packages/airflow/example_dags/example_short_circuit_operator.py
[2024-03-25T21:20:19.786+0000] {logging_mixin.py:188} INFO - [2024-03-25T21:20:19.785+0000] {dag.py:3047} INFO - Sync 1 DAGs
[2024-03-25T21:20:19.818+0000] {logging_mixin.py:188} INFO - [2024-03-25T21:20:19.818+0000] {dag.py:3834} INFO - Setting next_dagrun for example_short_circuit_operator to 2024-03-24 00:00:00+00:00, run_after=2024-03-25 00:00:00+00:00
[2024-03-25T21:20:19.847+0000] {processor.py:183} INFO - Processing /home/airflow/.local/lib/python3.8/site-packages/airflow/example_dags/example_short_circuit_operator.py took 0.123 seconds
[2024-03-25T21:26:47.259+0000] {processor.py:161} INFO - Started process (PID=1283) to work on /home/airflow/.local/lib/python3.8/site-packages/airflow/example_dags/example_short_circuit_operator.py
[2024-03-25T21:26:47.261+0000] {processor.py:830} INFO - Processing file /home/airflow/.local/lib/python3.8/site-packages/airflow/example_dags/example_short_circuit_operator.py for tasks to queue
[2024-03-25T21:26:47.263+0000] {logging_mixin.py:188} INFO - [2024-03-25T21:26:47.263+0000] {dagbag.py:540} INFO - Filling up the DagBag from /home/airflow/.local/lib/python3.8/site-packages/airflow/example_dags/example_short_circuit_operator.py
[2024-03-25T21:26:47.277+0000] {processor.py:840} INFO - DAG(s) 'example_short_circuit_operator' retrieved from /home/airflow/.local/lib/python3.8/site-packages/airflow/example_dags/example_short_circuit_operator.py
[2024-03-25T21:26:47.328+0000] {logging_mixin.py:188} INFO - [2024-03-25T21:26:47.328+0000] {dag.py:3047} INFO - Sync 1 DAGs
[2024-03-25T21:26:47.374+0000] {logging_mixin.py:188} INFO - [2024-03-25T21:26:47.373+0000] {dag.py:3834} INFO - Setting next_dagrun for example_short_circuit_operator to 2024-03-24 00:00:00+00:00, run_after=2024-03-25 00:00:00+00:00
[2024-03-25T21:26:47.410+0000] {processor.py:183} INFO - Processing /home/airflow/.local/lib/python3.8/site-packages/airflow/example_dags/example_short_circuit_operator.py took 0.158 seconds
[2024-03-25T21:27:18.079+0000] {processor.py:161} INFO - Started process (PID=1339) to work on /home/airflow/.local/lib/python3.8/site-packages/airflow/example_dags/example_short_circuit_operator.py
[2024-03-25T21:27:18.083+0000] {processor.py:830} INFO - Processing file /home/airflow/.local/lib/python3.8/site-packages/airflow/example_dags/example_short_circuit_operator.py for tasks to queue
[2024-03-25T21:27:18.087+0000] {logging_mixin.py:188} INFO - [2024-03-25T21:27:18.086+0000] {dagbag.py:540} INFO - Filling up the DagBag from /home/airflow/.local/lib/python3.8/site-packages/airflow/example_dags/example_short_circuit_operator.py
[2024-03-25T21:27:18.101+0000] {processor.py:840} INFO - DAG(s) 'example_short_circuit_operator' retrieved from /home/airflow/.local/lib/python3.8/site-packages/airflow/example_dags/example_short_circuit_operator.py
[2024-03-25T21:27:18.147+0000] {logging_mixin.py:188} INFO - [2024-03-25T21:27:18.147+0000] {dag.py:3047} INFO - Sync 1 DAGs
[2024-03-25T21:27:18.197+0000] {logging_mixin.py:188} INFO - [2024-03-25T21:27:18.196+0000] {dag.py:3834} INFO - Setting next_dagrun for example_short_circuit_operator to 2024-03-24 00:00:00+00:00, run_after=2024-03-25 00:00:00+00:00
[2024-03-25T21:27:18.240+0000] {processor.py:183} INFO - Processing /home/airflow/.local/lib/python3.8/site-packages/airflow/example_dags/example_short_circuit_operator.py took 0.168 seconds
[2024-03-25T21:27:48.955+0000] {processor.py:161} INFO - Started process (PID=1395) to work on /home/airflow/.local/lib/python3.8/site-packages/airflow/example_dags/example_short_circuit_operator.py
[2024-03-25T21:27:48.957+0000] {processor.py:830} INFO - Processing file /home/airflow/.local/lib/python3.8/site-packages/airflow/example_dags/example_short_circuit_operator.py for tasks to queue
[2024-03-25T21:27:48.960+0000] {logging_mixin.py:188} INFO - [2024-03-25T21:27:48.960+0000] {dagbag.py:540} INFO - Filling up the DagBag from /home/airflow/.local/lib/python3.8/site-packages/airflow/example_dags/example_short_circuit_operator.py
[2024-03-25T21:27:48.975+0000] {processor.py:840} INFO - DAG(s) 'example_short_circuit_operator' retrieved from /home/airflow/.local/lib/python3.8/site-packages/airflow/example_dags/example_short_circuit_operator.py
[2024-03-25T21:27:49.016+0000] {logging_mixin.py:188} INFO - [2024-03-25T21:27:49.016+0000] {dag.py:3047} INFO - Sync 1 DAGs
[2024-03-25T21:27:49.051+0000] {logging_mixin.py:188} INFO - [2024-03-25T21:27:49.050+0000] {dag.py:3834} INFO - Setting next_dagrun for example_short_circuit_operator to 2024-03-24 00:00:00+00:00, run_after=2024-03-25 00:00:00+00:00
[2024-03-25T21:27:49.077+0000] {processor.py:183} INFO - Processing /home/airflow/.local/lib/python3.8/site-packages/airflow/example_dags/example_short_circuit_operator.py took 0.129 seconds
[2024-03-25T21:28:19.392+0000] {processor.py:161} INFO - Started process (PID=1451) to work on /home/airflow/.local/lib/python3.8/site-packages/airflow/example_dags/example_short_circuit_operator.py
[2024-03-25T21:28:19.394+0000] {processor.py:830} INFO - Processing file /home/airflow/.local/lib/python3.8/site-packages/airflow/example_dags/example_short_circuit_operator.py for tasks to queue
[2024-03-25T21:28:19.397+0000] {logging_mixin.py:188} INFO - [2024-03-25T21:28:19.397+0000] {dagbag.py:540} INFO - Filling up the DagBag from /home/airflow/.local/lib/python3.8/site-packages/airflow/example_dags/example_short_circuit_operator.py
[2024-03-25T21:28:19.409+0000] {processor.py:840} INFO - DAG(s) 'example_short_circuit_operator' retrieved from /home/airflow/.local/lib/python3.8/site-packages/airflow/example_dags/example_short_circuit_operator.py
[2024-03-25T21:28:19.450+0000] {logging_mixin.py:188} INFO - [2024-03-25T21:28:19.450+0000] {dag.py:3047} INFO - Sync 1 DAGs
[2024-03-25T21:28:19.484+0000] {logging_mixin.py:188} INFO - [2024-03-25T21:28:19.484+0000] {dag.py:3834} INFO - Setting next_dagrun for example_short_circuit_operator to 2024-03-24 00:00:00+00:00, run_after=2024-03-25 00:00:00+00:00
[2024-03-25T21:28:19.512+0000] {processor.py:183} INFO - Processing /home/airflow/.local/lib/python3.8/site-packages/airflow/example_dags/example_short_circuit_operator.py took 0.125 seconds
