[2024-03-25T21:03:54.238+0000] {processor.py:161} INFO - Started process (PID=67) to work on /home/airflow/.local/lib/python3.8/site-packages/airflow/example_dags/example_latest_only_with_trigger.py
[2024-03-25T21:03:54.241+0000] {processor.py:830} INFO - Processing file /home/airflow/.local/lib/python3.8/site-packages/airflow/example_dags/example_latest_only_with_trigger.py for tasks to queue
[2024-03-25T21:03:54.258+0000] {logging_mixin.py:188} INFO - [2024-03-25T21:03:54.247+0000] {dagbag.py:540} INFO - Filling up the DagBag from /home/airflow/.local/lib/python3.8/site-packages/airflow/example_dags/example_latest_only_with_trigger.py
[2024-03-25T21:03:54.391+0000] {processor.py:840} INFO - DAG(s) 'latest_only_with_trigger' retrieved from /home/airflow/.local/lib/python3.8/site-packages/airflow/example_dags/example_latest_only_with_trigger.py
[2024-03-25T21:03:54.557+0000] {logging_mixin.py:188} INFO - [2024-03-25T21:03:54.556+0000] {dag.py:3047} INFO - Sync 1 DAGs
[2024-03-25T21:03:54.710+0000] {logging_mixin.py:188} INFO - [2024-03-25T21:03:54.709+0000] {dag.py:3834} INFO - Setting next_dagrun for latest_only_with_trigger to 2024-03-25 16:00:00+00:00, run_after=2024-03-25 20:00:00+00:00
[2024-03-25T21:03:54.803+0000] {processor.py:183} INFO - Processing /home/airflow/.local/lib/python3.8/site-packages/airflow/example_dags/example_latest_only_with_trigger.py took 0.649 seconds
[2024-03-25T21:04:25.263+0000] {processor.py:161} INFO - Started process (PID=122) to work on /home/airflow/.local/lib/python3.8/site-packages/airflow/example_dags/example_latest_only_with_trigger.py
[2024-03-25T21:04:25.266+0000] {processor.py:830} INFO - Processing file /home/airflow/.local/lib/python3.8/site-packages/airflow/example_dags/example_latest_only_with_trigger.py for tasks to queue
[2024-03-25T21:04:25.272+0000] {logging_mixin.py:188} INFO - [2024-03-25T21:04:25.272+0000] {dagbag.py:540} INFO - Filling up the DagBag from /home/airflow/.local/lib/python3.8/site-packages/airflow/example_dags/example_latest_only_with_trigger.py
[2024-03-25T21:04:25.285+0000] {processor.py:840} INFO - DAG(s) 'latest_only_with_trigger' retrieved from /home/airflow/.local/lib/python3.8/site-packages/airflow/example_dags/example_latest_only_with_trigger.py
[2024-03-25T21:04:25.695+0000] {logging_mixin.py:188} INFO - [2024-03-25T21:04:25.694+0000] {dag.py:3047} INFO - Sync 1 DAGs
[2024-03-25T21:04:25.821+0000] {logging_mixin.py:188} INFO - [2024-03-25T21:04:25.820+0000] {dag.py:3834} INFO - Setting next_dagrun for latest_only_with_trigger to 2024-03-25 16:00:00+00:00, run_after=2024-03-25 20:00:00+00:00
[2024-03-25T21:04:25.882+0000] {processor.py:183} INFO - Processing /home/airflow/.local/lib/python3.8/site-packages/airflow/example_dags/example_latest_only_with_trigger.py took 0.628 seconds
[2024-03-25T21:04:56.728+0000] {processor.py:161} INFO - Started process (PID=177) to work on /home/airflow/.local/lib/python3.8/site-packages/airflow/example_dags/example_latest_only_with_trigger.py
[2024-03-25T21:04:56.730+0000] {processor.py:830} INFO - Processing file /home/airflow/.local/lib/python3.8/site-packages/airflow/example_dags/example_latest_only_with_trigger.py for tasks to queue
[2024-03-25T21:04:56.733+0000] {logging_mixin.py:188} INFO - [2024-03-25T21:04:56.733+0000] {dagbag.py:540} INFO - Filling up the DagBag from /home/airflow/.local/lib/python3.8/site-packages/airflow/example_dags/example_latest_only_with_trigger.py
[2024-03-25T21:04:56.742+0000] {processor.py:840} INFO - DAG(s) 'latest_only_with_trigger' retrieved from /home/airflow/.local/lib/python3.8/site-packages/airflow/example_dags/example_latest_only_with_trigger.py
[2024-03-25T21:04:56.776+0000] {logging_mixin.py:188} INFO - [2024-03-25T21:04:56.776+0000] {dag.py:3047} INFO - Sync 1 DAGs
[2024-03-25T21:04:56.810+0000] {logging_mixin.py:188} INFO - [2024-03-25T21:04:56.810+0000] {dag.py:3834} INFO - Setting next_dagrun for latest_only_with_trigger to 2024-03-25 16:00:00+00:00, run_after=2024-03-25 20:00:00+00:00
[2024-03-25T21:04:56.841+0000] {processor.py:183} INFO - Processing /home/airflow/.local/lib/python3.8/site-packages/airflow/example_dags/example_latest_only_with_trigger.py took 0.118 seconds
[2024-03-25T21:05:27.470+0000] {processor.py:161} INFO - Started process (PID=232) to work on /home/airflow/.local/lib/python3.8/site-packages/airflow/example_dags/example_latest_only_with_trigger.py
[2024-03-25T21:05:27.472+0000] {processor.py:830} INFO - Processing file /home/airflow/.local/lib/python3.8/site-packages/airflow/example_dags/example_latest_only_with_trigger.py for tasks to queue
[2024-03-25T21:05:27.475+0000] {logging_mixin.py:188} INFO - [2024-03-25T21:05:27.474+0000] {dagbag.py:540} INFO - Filling up the DagBag from /home/airflow/.local/lib/python3.8/site-packages/airflow/example_dags/example_latest_only_with_trigger.py
[2024-03-25T21:05:27.484+0000] {processor.py:840} INFO - DAG(s) 'latest_only_with_trigger' retrieved from /home/airflow/.local/lib/python3.8/site-packages/airflow/example_dags/example_latest_only_with_trigger.py
[2024-03-25T21:05:27.521+0000] {logging_mixin.py:188} INFO - [2024-03-25T21:05:27.520+0000] {dag.py:3047} INFO - Sync 1 DAGs
[2024-03-25T21:05:27.557+0000] {logging_mixin.py:188} INFO - [2024-03-25T21:05:27.556+0000] {dag.py:3834} INFO - Setting next_dagrun for latest_only_with_trigger to 2024-03-25 16:00:00+00:00, run_after=2024-03-25 20:00:00+00:00
[2024-03-25T21:05:27.601+0000] {processor.py:183} INFO - Processing /home/airflow/.local/lib/python3.8/site-packages/airflow/example_dags/example_latest_only_with_trigger.py took 0.137 seconds
[2024-03-25T21:05:57.921+0000] {processor.py:161} INFO - Started process (PID=287) to work on /home/airflow/.local/lib/python3.8/site-packages/airflow/example_dags/example_latest_only_with_trigger.py
[2024-03-25T21:05:57.922+0000] {processor.py:830} INFO - Processing file /home/airflow/.local/lib/python3.8/site-packages/airflow/example_dags/example_latest_only_with_trigger.py for tasks to queue
[2024-03-25T21:05:57.925+0000] {logging_mixin.py:188} INFO - [2024-03-25T21:05:57.925+0000] {dagbag.py:540} INFO - Filling up the DagBag from /home/airflow/.local/lib/python3.8/site-packages/airflow/example_dags/example_latest_only_with_trigger.py
[2024-03-25T21:05:57.935+0000] {processor.py:840} INFO - DAG(s) 'latest_only_with_trigger' retrieved from /home/airflow/.local/lib/python3.8/site-packages/airflow/example_dags/example_latest_only_with_trigger.py
[2024-03-25T21:05:57.969+0000] {logging_mixin.py:188} INFO - [2024-03-25T21:05:57.968+0000] {dag.py:3047} INFO - Sync 1 DAGs
[2024-03-25T21:05:58.002+0000] {logging_mixin.py:188} INFO - [2024-03-25T21:05:58.002+0000] {dag.py:3834} INFO - Setting next_dagrun for latest_only_with_trigger to 2024-03-25 16:00:00+00:00, run_after=2024-03-25 20:00:00+00:00
[2024-03-25T21:05:58.032+0000] {processor.py:183} INFO - Processing /home/airflow/.local/lib/python3.8/site-packages/airflow/example_dags/example_latest_only_with_trigger.py took 0.117 seconds
[2024-03-25T21:06:28.912+0000] {processor.py:161} INFO - Started process (PID=342) to work on /home/airflow/.local/lib/python3.8/site-packages/airflow/example_dags/example_latest_only_with_trigger.py
[2024-03-25T21:06:28.914+0000] {processor.py:830} INFO - Processing file /home/airflow/.local/lib/python3.8/site-packages/airflow/example_dags/example_latest_only_with_trigger.py for tasks to queue
[2024-03-25T21:06:28.919+0000] {logging_mixin.py:188} INFO - [2024-03-25T21:06:28.918+0000] {dagbag.py:540} INFO - Filling up the DagBag from /home/airflow/.local/lib/python3.8/site-packages/airflow/example_dags/example_latest_only_with_trigger.py
[2024-03-25T21:06:28.929+0000] {processor.py:840} INFO - DAG(s) 'latest_only_with_trigger' retrieved from /home/airflow/.local/lib/python3.8/site-packages/airflow/example_dags/example_latest_only_with_trigger.py
[2024-03-25T21:06:28.972+0000] {logging_mixin.py:188} INFO - [2024-03-25T21:06:28.972+0000] {dag.py:3047} INFO - Sync 1 DAGs
[2024-03-25T21:06:29.012+0000] {logging_mixin.py:188} INFO - [2024-03-25T21:06:29.012+0000] {dag.py:3834} INFO - Setting next_dagrun for latest_only_with_trigger to 2024-03-25 16:00:00+00:00, run_after=2024-03-25 20:00:00+00:00
[2024-03-25T21:06:29.072+0000] {processor.py:183} INFO - Processing /home/airflow/.local/lib/python3.8/site-packages/airflow/example_dags/example_latest_only_with_trigger.py took 0.166 seconds
[2024-03-25T21:06:59.125+0000] {processor.py:161} INFO - Started process (PID=397) to work on /home/airflow/.local/lib/python3.8/site-packages/airflow/example_dags/example_latest_only_with_trigger.py
[2024-03-25T21:06:59.127+0000] {processor.py:830} INFO - Processing file /home/airflow/.local/lib/python3.8/site-packages/airflow/example_dags/example_latest_only_with_trigger.py for tasks to queue
[2024-03-25T21:06:59.130+0000] {logging_mixin.py:188} INFO - [2024-03-25T21:06:59.129+0000] {dagbag.py:540} INFO - Filling up the DagBag from /home/airflow/.local/lib/python3.8/site-packages/airflow/example_dags/example_latest_only_with_trigger.py
[2024-03-25T21:06:59.139+0000] {processor.py:840} INFO - DAG(s) 'latest_only_with_trigger' retrieved from /home/airflow/.local/lib/python3.8/site-packages/airflow/example_dags/example_latest_only_with_trigger.py
[2024-03-25T21:06:59.174+0000] {logging_mixin.py:188} INFO - [2024-03-25T21:06:59.174+0000] {dag.py:3047} INFO - Sync 1 DAGs
[2024-03-25T21:06:59.217+0000] {logging_mixin.py:188} INFO - [2024-03-25T21:06:59.217+0000] {dag.py:3834} INFO - Setting next_dagrun for latest_only_with_trigger to 2024-03-25 16:00:00+00:00, run_after=2024-03-25 20:00:00+00:00
[2024-03-25T21:06:59.255+0000] {processor.py:183} INFO - Processing /home/airflow/.local/lib/python3.8/site-packages/airflow/example_dags/example_latest_only_with_trigger.py took 0.135 seconds
[2024-03-25T21:07:29.425+0000] {processor.py:161} INFO - Started process (PID=452) to work on /home/airflow/.local/lib/python3.8/site-packages/airflow/example_dags/example_latest_only_with_trigger.py
[2024-03-25T21:07:29.426+0000] {processor.py:830} INFO - Processing file /home/airflow/.local/lib/python3.8/site-packages/airflow/example_dags/example_latest_only_with_trigger.py for tasks to queue
[2024-03-25T21:07:29.429+0000] {logging_mixin.py:188} INFO - [2024-03-25T21:07:29.429+0000] {dagbag.py:540} INFO - Filling up the DagBag from /home/airflow/.local/lib/python3.8/site-packages/airflow/example_dags/example_latest_only_with_trigger.py
[2024-03-25T21:07:29.439+0000] {processor.py:840} INFO - DAG(s) 'latest_only_with_trigger' retrieved from /home/airflow/.local/lib/python3.8/site-packages/airflow/example_dags/example_latest_only_with_trigger.py
[2024-03-25T21:07:29.474+0000] {logging_mixin.py:188} INFO - [2024-03-25T21:07:29.473+0000] {dag.py:3047} INFO - Sync 1 DAGs
[2024-03-25T21:07:29.508+0000] {logging_mixin.py:188} INFO - [2024-03-25T21:07:29.508+0000] {dag.py:3834} INFO - Setting next_dagrun for latest_only_with_trigger to 2024-03-25 16:00:00+00:00, run_after=2024-03-25 20:00:00+00:00
[2024-03-25T21:07:29.538+0000] {processor.py:183} INFO - Processing /home/airflow/.local/lib/python3.8/site-packages/airflow/example_dags/example_latest_only_with_trigger.py took 0.118 seconds
[2024-03-25T21:07:59.772+0000] {processor.py:161} INFO - Started process (PID=507) to work on /home/airflow/.local/lib/python3.8/site-packages/airflow/example_dags/example_latest_only_with_trigger.py
[2024-03-25T21:07:59.774+0000] {processor.py:830} INFO - Processing file /home/airflow/.local/lib/python3.8/site-packages/airflow/example_dags/example_latest_only_with_trigger.py for tasks to queue
[2024-03-25T21:07:59.777+0000] {logging_mixin.py:188} INFO - [2024-03-25T21:07:59.776+0000] {dagbag.py:540} INFO - Filling up the DagBag from /home/airflow/.local/lib/python3.8/site-packages/airflow/example_dags/example_latest_only_with_trigger.py
[2024-03-25T21:07:59.786+0000] {processor.py:840} INFO - DAG(s) 'latest_only_with_trigger' retrieved from /home/airflow/.local/lib/python3.8/site-packages/airflow/example_dags/example_latest_only_with_trigger.py
[2024-03-25T21:07:59.820+0000] {logging_mixin.py:188} INFO - [2024-03-25T21:07:59.819+0000] {dag.py:3047} INFO - Sync 1 DAGs
[2024-03-25T21:07:59.853+0000] {logging_mixin.py:188} INFO - [2024-03-25T21:07:59.853+0000] {dag.py:3834} INFO - Setting next_dagrun for latest_only_with_trigger to 2024-03-25 16:00:00+00:00, run_after=2024-03-25 20:00:00+00:00
[2024-03-25T21:07:59.881+0000] {processor.py:183} INFO - Processing /home/airflow/.local/lib/python3.8/site-packages/airflow/example_dags/example_latest_only_with_trigger.py took 0.117 seconds
[2024-03-25T21:08:30.303+0000] {processor.py:161} INFO - Started process (PID=562) to work on /home/airflow/.local/lib/python3.8/site-packages/airflow/example_dags/example_latest_only_with_trigger.py
[2024-03-25T21:08:30.324+0000] {processor.py:830} INFO - Processing file /home/airflow/.local/lib/python3.8/site-packages/airflow/example_dags/example_latest_only_with_trigger.py for tasks to queue
[2024-03-25T21:08:30.350+0000] {logging_mixin.py:188} INFO - [2024-03-25T21:08:30.349+0000] {dagbag.py:540} INFO - Filling up the DagBag from /home/airflow/.local/lib/python3.8/site-packages/airflow/example_dags/example_latest_only_with_trigger.py
[2024-03-25T21:08:30.393+0000] {processor.py:840} INFO - DAG(s) 'latest_only_with_trigger' retrieved from /home/airflow/.local/lib/python3.8/site-packages/airflow/example_dags/example_latest_only_with_trigger.py
[2024-03-25T21:08:30.623+0000] {logging_mixin.py:188} INFO - [2024-03-25T21:08:30.622+0000] {dag.py:3047} INFO - Sync 1 DAGs
[2024-03-25T21:08:30.761+0000] {logging_mixin.py:188} INFO - [2024-03-25T21:08:30.760+0000] {dag.py:3834} INFO - Setting next_dagrun for latest_only_with_trigger to 2024-03-25 16:00:00+00:00, run_after=2024-03-25 20:00:00+00:00
[2024-03-25T21:08:30.854+0000] {processor.py:183} INFO - Processing /home/airflow/.local/lib/python3.8/site-packages/airflow/example_dags/example_latest_only_with_trigger.py took 0.676 seconds
[2024-03-25T21:09:42.849+0000] {processor.py:161} INFO - Started process (PID=62) to work on /home/airflow/.local/lib/python3.8/site-packages/airflow/example_dags/example_latest_only_with_trigger.py
[2024-03-25T21:09:42.851+0000] {processor.py:830} INFO - Processing file /home/airflow/.local/lib/python3.8/site-packages/airflow/example_dags/example_latest_only_with_trigger.py for tasks to queue
[2024-03-25T21:09:42.854+0000] {logging_mixin.py:188} INFO - [2024-03-25T21:09:42.854+0000] {dagbag.py:540} INFO - Filling up the DagBag from /home/airflow/.local/lib/python3.8/site-packages/airflow/example_dags/example_latest_only_with_trigger.py
[2024-03-25T21:09:42.868+0000] {processor.py:840} INFO - DAG(s) 'latest_only_with_trigger' retrieved from /home/airflow/.local/lib/python3.8/site-packages/airflow/example_dags/example_latest_only_with_trigger.py
[2024-03-25T21:09:43.051+0000] {logging_mixin.py:188} INFO - [2024-03-25T21:09:43.050+0000] {dag.py:3047} INFO - Sync 1 DAGs
[2024-03-25T21:09:43.085+0000] {logging_mixin.py:188} INFO - [2024-03-25T21:09:43.084+0000] {dag.py:3834} INFO - Setting next_dagrun for latest_only_with_trigger to 2024-03-25 16:00:00+00:00, run_after=2024-03-25 20:00:00+00:00
[2024-03-25T21:09:43.117+0000] {processor.py:183} INFO - Processing /home/airflow/.local/lib/python3.8/site-packages/airflow/example_dags/example_latest_only_with_trigger.py took 0.273 seconds
[2024-03-25T21:10:13.999+0000] {processor.py:161} INFO - Started process (PID=118) to work on /home/airflow/.local/lib/python3.8/site-packages/airflow/example_dags/example_latest_only_with_trigger.py
[2024-03-25T21:10:14.001+0000] {processor.py:830} INFO - Processing file /home/airflow/.local/lib/python3.8/site-packages/airflow/example_dags/example_latest_only_with_trigger.py for tasks to queue
[2024-03-25T21:10:14.005+0000] {logging_mixin.py:188} INFO - [2024-03-25T21:10:14.004+0000] {dagbag.py:540} INFO - Filling up the DagBag from /home/airflow/.local/lib/python3.8/site-packages/airflow/example_dags/example_latest_only_with_trigger.py
[2024-03-25T21:10:14.016+0000] {processor.py:840} INFO - DAG(s) 'latest_only_with_trigger' retrieved from /home/airflow/.local/lib/python3.8/site-packages/airflow/example_dags/example_latest_only_with_trigger.py
[2024-03-25T21:10:14.083+0000] {logging_mixin.py:188} INFO - [2024-03-25T21:10:14.083+0000] {dag.py:3047} INFO - Sync 1 DAGs
[2024-03-25T21:10:14.140+0000] {logging_mixin.py:188} INFO - [2024-03-25T21:10:14.140+0000] {dag.py:3834} INFO - Setting next_dagrun for latest_only_with_trigger to 2024-03-25 16:00:00+00:00, run_after=2024-03-25 20:00:00+00:00
[2024-03-25T21:10:14.183+0000] {processor.py:183} INFO - Processing /home/airflow/.local/lib/python3.8/site-packages/airflow/example_dags/example_latest_only_with_trigger.py took 0.192 seconds
[2024-03-25T21:10:44.406+0000] {processor.py:161} INFO - Started process (PID=174) to work on /home/airflow/.local/lib/python3.8/site-packages/airflow/example_dags/example_latest_only_with_trigger.py
[2024-03-25T21:10:44.407+0000] {processor.py:830} INFO - Processing file /home/airflow/.local/lib/python3.8/site-packages/airflow/example_dags/example_latest_only_with_trigger.py for tasks to queue
[2024-03-25T21:10:44.411+0000] {logging_mixin.py:188} INFO - [2024-03-25T21:10:44.410+0000] {dagbag.py:540} INFO - Filling up the DagBag from /home/airflow/.local/lib/python3.8/site-packages/airflow/example_dags/example_latest_only_with_trigger.py
[2024-03-25T21:10:44.420+0000] {processor.py:840} INFO - DAG(s) 'latest_only_with_trigger' retrieved from /home/airflow/.local/lib/python3.8/site-packages/airflow/example_dags/example_latest_only_with_trigger.py
[2024-03-25T21:10:44.477+0000] {logging_mixin.py:188} INFO - [2024-03-25T21:10:44.476+0000] {dag.py:3047} INFO - Sync 1 DAGs
[2024-03-25T21:10:44.527+0000] {logging_mixin.py:188} INFO - [2024-03-25T21:10:44.527+0000] {dag.py:3834} INFO - Setting next_dagrun for latest_only_with_trigger to 2024-03-25 16:00:00+00:00, run_after=2024-03-25 20:00:00+00:00
[2024-03-25T21:10:44.553+0000] {processor.py:183} INFO - Processing /home/airflow/.local/lib/python3.8/site-packages/airflow/example_dags/example_latest_only_with_trigger.py took 0.153 seconds
[2024-03-25T21:11:14.915+0000] {processor.py:161} INFO - Started process (PID=230) to work on /home/airflow/.local/lib/python3.8/site-packages/airflow/example_dags/example_latest_only_with_trigger.py
[2024-03-25T21:11:14.917+0000] {processor.py:830} INFO - Processing file /home/airflow/.local/lib/python3.8/site-packages/airflow/example_dags/example_latest_only_with_trigger.py for tasks to queue
[2024-03-25T21:11:14.920+0000] {logging_mixin.py:188} INFO - [2024-03-25T21:11:14.920+0000] {dagbag.py:540} INFO - Filling up the DagBag from /home/airflow/.local/lib/python3.8/site-packages/airflow/example_dags/example_latest_only_with_trigger.py
[2024-03-25T21:11:14.930+0000] {processor.py:840} INFO - DAG(s) 'latest_only_with_trigger' retrieved from /home/airflow/.local/lib/python3.8/site-packages/airflow/example_dags/example_latest_only_with_trigger.py
[2024-03-25T21:11:14.967+0000] {logging_mixin.py:188} INFO - [2024-03-25T21:11:14.967+0000] {dag.py:3047} INFO - Sync 1 DAGs
[2024-03-25T21:11:15.004+0000] {logging_mixin.py:188} INFO - [2024-03-25T21:11:15.004+0000] {dag.py:3834} INFO - Setting next_dagrun for latest_only_with_trigger to 2024-03-25 16:00:00+00:00, run_after=2024-03-25 20:00:00+00:00
[2024-03-25T21:11:15.042+0000] {processor.py:183} INFO - Processing /home/airflow/.local/lib/python3.8/site-packages/airflow/example_dags/example_latest_only_with_trigger.py took 0.133 seconds
[2024-03-25T21:11:45.164+0000] {processor.py:161} INFO - Started process (PID=286) to work on /home/airflow/.local/lib/python3.8/site-packages/airflow/example_dags/example_latest_only_with_trigger.py
[2024-03-25T21:11:45.166+0000] {processor.py:830} INFO - Processing file /home/airflow/.local/lib/python3.8/site-packages/airflow/example_dags/example_latest_only_with_trigger.py for tasks to queue
[2024-03-25T21:11:45.169+0000] {logging_mixin.py:188} INFO - [2024-03-25T21:11:45.169+0000] {dagbag.py:540} INFO - Filling up the DagBag from /home/airflow/.local/lib/python3.8/site-packages/airflow/example_dags/example_latest_only_with_trigger.py
[2024-03-25T21:11:45.179+0000] {processor.py:840} INFO - DAG(s) 'latest_only_with_trigger' retrieved from /home/airflow/.local/lib/python3.8/site-packages/airflow/example_dags/example_latest_only_with_trigger.py
[2024-03-25T21:11:45.214+0000] {logging_mixin.py:188} INFO - [2024-03-25T21:11:45.214+0000] {dag.py:3047} INFO - Sync 1 DAGs
[2024-03-25T21:11:45.248+0000] {logging_mixin.py:188} INFO - [2024-03-25T21:11:45.247+0000] {dag.py:3834} INFO - Setting next_dagrun for latest_only_with_trigger to 2024-03-25 16:00:00+00:00, run_after=2024-03-25 20:00:00+00:00
[2024-03-25T21:11:45.276+0000] {processor.py:183} INFO - Processing /home/airflow/.local/lib/python3.8/site-packages/airflow/example_dags/example_latest_only_with_trigger.py took 0.117 seconds
[2024-03-25T21:12:16.042+0000] {processor.py:161} INFO - Started process (PID=342) to work on /home/airflow/.local/lib/python3.8/site-packages/airflow/example_dags/example_latest_only_with_trigger.py
[2024-03-25T21:12:16.044+0000] {processor.py:830} INFO - Processing file /home/airflow/.local/lib/python3.8/site-packages/airflow/example_dags/example_latest_only_with_trigger.py for tasks to queue
[2024-03-25T21:12:16.047+0000] {logging_mixin.py:188} INFO - [2024-03-25T21:12:16.047+0000] {dagbag.py:540} INFO - Filling up the DagBag from /home/airflow/.local/lib/python3.8/site-packages/airflow/example_dags/example_latest_only_with_trigger.py
[2024-03-25T21:12:16.058+0000] {processor.py:840} INFO - DAG(s) 'latest_only_with_trigger' retrieved from /home/airflow/.local/lib/python3.8/site-packages/airflow/example_dags/example_latest_only_with_trigger.py
[2024-03-25T21:12:16.093+0000] {logging_mixin.py:188} INFO - [2024-03-25T21:12:16.092+0000] {dag.py:3047} INFO - Sync 1 DAGs
[2024-03-25T21:12:16.128+0000] {logging_mixin.py:188} INFO - [2024-03-25T21:12:16.127+0000] {dag.py:3834} INFO - Setting next_dagrun for latest_only_with_trigger to 2024-03-25 16:00:00+00:00, run_after=2024-03-25 20:00:00+00:00
[2024-03-25T21:12:16.158+0000] {processor.py:183} INFO - Processing /home/airflow/.local/lib/python3.8/site-packages/airflow/example_dags/example_latest_only_with_trigger.py took 0.127 seconds
[2024-03-25T21:12:46.469+0000] {processor.py:161} INFO - Started process (PID=398) to work on /home/airflow/.local/lib/python3.8/site-packages/airflow/example_dags/example_latest_only_with_trigger.py
[2024-03-25T21:12:46.477+0000] {processor.py:830} INFO - Processing file /home/airflow/.local/lib/python3.8/site-packages/airflow/example_dags/example_latest_only_with_trigger.py for tasks to queue
[2024-03-25T21:12:46.484+0000] {logging_mixin.py:188} INFO - [2024-03-25T21:12:46.483+0000] {dagbag.py:540} INFO - Filling up the DagBag from /home/airflow/.local/lib/python3.8/site-packages/airflow/example_dags/example_latest_only_with_trigger.py
[2024-03-25T21:12:46.494+0000] {processor.py:840} INFO - DAG(s) 'latest_only_with_trigger' retrieved from /home/airflow/.local/lib/python3.8/site-packages/airflow/example_dags/example_latest_only_with_trigger.py
[2024-03-25T21:12:46.534+0000] {logging_mixin.py:188} INFO - [2024-03-25T21:12:46.534+0000] {dag.py:3047} INFO - Sync 1 DAGs
[2024-03-25T21:12:46.575+0000] {logging_mixin.py:188} INFO - [2024-03-25T21:12:46.574+0000] {dag.py:3834} INFO - Setting next_dagrun for latest_only_with_trigger to 2024-03-25 16:00:00+00:00, run_after=2024-03-25 20:00:00+00:00
[2024-03-25T21:12:46.604+0000] {processor.py:183} INFO - Processing /home/airflow/.local/lib/python3.8/site-packages/airflow/example_dags/example_latest_only_with_trigger.py took 0.143 seconds
[2024-03-25T21:13:17.341+0000] {processor.py:161} INFO - Started process (PID=454) to work on /home/airflow/.local/lib/python3.8/site-packages/airflow/example_dags/example_latest_only_with_trigger.py
[2024-03-25T21:13:17.343+0000] {processor.py:830} INFO - Processing file /home/airflow/.local/lib/python3.8/site-packages/airflow/example_dags/example_latest_only_with_trigger.py for tasks to queue
[2024-03-25T21:13:17.347+0000] {logging_mixin.py:188} INFO - [2024-03-25T21:13:17.346+0000] {dagbag.py:540} INFO - Filling up the DagBag from /home/airflow/.local/lib/python3.8/site-packages/airflow/example_dags/example_latest_only_with_trigger.py
[2024-03-25T21:13:17.358+0000] {processor.py:840} INFO - DAG(s) 'latest_only_with_trigger' retrieved from /home/airflow/.local/lib/python3.8/site-packages/airflow/example_dags/example_latest_only_with_trigger.py
[2024-03-25T21:13:17.394+0000] {logging_mixin.py:188} INFO - [2024-03-25T21:13:17.394+0000] {dag.py:3047} INFO - Sync 1 DAGs
[2024-03-25T21:13:17.427+0000] {logging_mixin.py:188} INFO - [2024-03-25T21:13:17.427+0000] {dag.py:3834} INFO - Setting next_dagrun for latest_only_with_trigger to 2024-03-25 16:00:00+00:00, run_after=2024-03-25 20:00:00+00:00
[2024-03-25T21:13:17.458+0000] {processor.py:183} INFO - Processing /home/airflow/.local/lib/python3.8/site-packages/airflow/example_dags/example_latest_only_with_trigger.py took 0.125 seconds
[2024-03-25T21:13:47.787+0000] {processor.py:161} INFO - Started process (PID=510) to work on /home/airflow/.local/lib/python3.8/site-packages/airflow/example_dags/example_latest_only_with_trigger.py
[2024-03-25T21:13:47.789+0000] {processor.py:830} INFO - Processing file /home/airflow/.local/lib/python3.8/site-packages/airflow/example_dags/example_latest_only_with_trigger.py for tasks to queue
[2024-03-25T21:13:47.793+0000] {logging_mixin.py:188} INFO - [2024-03-25T21:13:47.792+0000] {dagbag.py:540} INFO - Filling up the DagBag from /home/airflow/.local/lib/python3.8/site-packages/airflow/example_dags/example_latest_only_with_trigger.py
[2024-03-25T21:13:47.804+0000] {processor.py:840} INFO - DAG(s) 'latest_only_with_trigger' retrieved from /home/airflow/.local/lib/python3.8/site-packages/airflow/example_dags/example_latest_only_with_trigger.py
[2024-03-25T21:13:47.840+0000] {logging_mixin.py:188} INFO - [2024-03-25T21:13:47.839+0000] {dag.py:3047} INFO - Sync 1 DAGs
[2024-03-25T21:13:47.875+0000] {logging_mixin.py:188} INFO - [2024-03-25T21:13:47.875+0000] {dag.py:3834} INFO - Setting next_dagrun for latest_only_with_trigger to 2024-03-25 16:00:00+00:00, run_after=2024-03-25 20:00:00+00:00
[2024-03-25T21:13:47.907+0000] {processor.py:183} INFO - Processing /home/airflow/.local/lib/python3.8/site-packages/airflow/example_dags/example_latest_only_with_trigger.py took 0.127 seconds
[2024-03-25T21:14:18.768+0000] {processor.py:161} INFO - Started process (PID=572) to work on /home/airflow/.local/lib/python3.8/site-packages/airflow/example_dags/example_latest_only_with_trigger.py
[2024-03-25T21:14:18.771+0000] {processor.py:830} INFO - Processing file /home/airflow/.local/lib/python3.8/site-packages/airflow/example_dags/example_latest_only_with_trigger.py for tasks to queue
[2024-03-25T21:14:18.775+0000] {logging_mixin.py:188} INFO - [2024-03-25T21:14:18.775+0000] {dagbag.py:540} INFO - Filling up the DagBag from /home/airflow/.local/lib/python3.8/site-packages/airflow/example_dags/example_latest_only_with_trigger.py
[2024-03-25T21:14:18.792+0000] {processor.py:840} INFO - DAG(s) 'latest_only_with_trigger' retrieved from /home/airflow/.local/lib/python3.8/site-packages/airflow/example_dags/example_latest_only_with_trigger.py
[2024-03-25T21:14:18.835+0000] {logging_mixin.py:188} INFO - [2024-03-25T21:14:18.834+0000] {dag.py:3047} INFO - Sync 1 DAGs
[2024-03-25T21:14:18.891+0000] {logging_mixin.py:188} INFO - [2024-03-25T21:14:18.890+0000] {dag.py:3834} INFO - Setting next_dagrun for latest_only_with_trigger to 2024-03-25 16:00:00+00:00, run_after=2024-03-25 20:00:00+00:00
[2024-03-25T21:14:18.919+0000] {processor.py:183} INFO - Processing /home/airflow/.local/lib/python3.8/site-packages/airflow/example_dags/example_latest_only_with_trigger.py took 0.166 seconds
[2024-03-25T21:14:49.447+0000] {processor.py:161} INFO - Started process (PID=628) to work on /home/airflow/.local/lib/python3.8/site-packages/airflow/example_dags/example_latest_only_with_trigger.py
[2024-03-25T21:14:49.449+0000] {processor.py:830} INFO - Processing file /home/airflow/.local/lib/python3.8/site-packages/airflow/example_dags/example_latest_only_with_trigger.py for tasks to queue
[2024-03-25T21:14:49.452+0000] {logging_mixin.py:188} INFO - [2024-03-25T21:14:49.452+0000] {dagbag.py:540} INFO - Filling up the DagBag from /home/airflow/.local/lib/python3.8/site-packages/airflow/example_dags/example_latest_only_with_trigger.py
[2024-03-25T21:14:49.463+0000] {processor.py:840} INFO - DAG(s) 'latest_only_with_trigger' retrieved from /home/airflow/.local/lib/python3.8/site-packages/airflow/example_dags/example_latest_only_with_trigger.py
[2024-03-25T21:14:49.499+0000] {logging_mixin.py:188} INFO - [2024-03-25T21:14:49.499+0000] {dag.py:3047} INFO - Sync 1 DAGs
[2024-03-25T21:14:49.535+0000] {logging_mixin.py:188} INFO - [2024-03-25T21:14:49.535+0000] {dag.py:3834} INFO - Setting next_dagrun for latest_only_with_trigger to 2024-03-25 16:00:00+00:00, run_after=2024-03-25 20:00:00+00:00
[2024-03-25T21:14:49.588+0000] {processor.py:183} INFO - Processing /home/airflow/.local/lib/python3.8/site-packages/airflow/example_dags/example_latest_only_with_trigger.py took 0.147 seconds
[2024-03-25T21:15:19.879+0000] {processor.py:161} INFO - Started process (PID=684) to work on /home/airflow/.local/lib/python3.8/site-packages/airflow/example_dags/example_latest_only_with_trigger.py
[2024-03-25T21:15:19.881+0000] {processor.py:830} INFO - Processing file /home/airflow/.local/lib/python3.8/site-packages/airflow/example_dags/example_latest_only_with_trigger.py for tasks to queue
[2024-03-25T21:15:19.884+0000] {logging_mixin.py:188} INFO - [2024-03-25T21:15:19.884+0000] {dagbag.py:540} INFO - Filling up the DagBag from /home/airflow/.local/lib/python3.8/site-packages/airflow/example_dags/example_latest_only_with_trigger.py
[2024-03-25T21:15:19.894+0000] {processor.py:840} INFO - DAG(s) 'latest_only_with_trigger' retrieved from /home/airflow/.local/lib/python3.8/site-packages/airflow/example_dags/example_latest_only_with_trigger.py
[2024-03-25T21:15:19.930+0000] {logging_mixin.py:188} INFO - [2024-03-25T21:15:19.930+0000] {dag.py:3047} INFO - Sync 1 DAGs
[2024-03-25T21:15:19.968+0000] {logging_mixin.py:188} INFO - [2024-03-25T21:15:19.967+0000] {dag.py:3834} INFO - Setting next_dagrun for latest_only_with_trigger to 2024-03-25 16:00:00+00:00, run_after=2024-03-25 20:00:00+00:00
[2024-03-25T21:15:20.002+0000] {processor.py:183} INFO - Processing /home/airflow/.local/lib/python3.8/site-packages/airflow/example_dags/example_latest_only_with_trigger.py took 0.129 seconds
[2024-03-25T21:15:50.549+0000] {processor.py:161} INFO - Started process (PID=740) to work on /home/airflow/.local/lib/python3.8/site-packages/airflow/example_dags/example_latest_only_with_trigger.py
[2024-03-25T21:15:50.550+0000] {processor.py:830} INFO - Processing file /home/airflow/.local/lib/python3.8/site-packages/airflow/example_dags/example_latest_only_with_trigger.py for tasks to queue
[2024-03-25T21:15:50.553+0000] {logging_mixin.py:188} INFO - [2024-03-25T21:15:50.553+0000] {dagbag.py:540} INFO - Filling up the DagBag from /home/airflow/.local/lib/python3.8/site-packages/airflow/example_dags/example_latest_only_with_trigger.py
[2024-03-25T21:15:50.562+0000] {processor.py:840} INFO - DAG(s) 'latest_only_with_trigger' retrieved from /home/airflow/.local/lib/python3.8/site-packages/airflow/example_dags/example_latest_only_with_trigger.py
[2024-03-25T21:15:50.596+0000] {logging_mixin.py:188} INFO - [2024-03-25T21:15:50.595+0000] {dag.py:3047} INFO - Sync 1 DAGs
[2024-03-25T21:15:50.630+0000] {logging_mixin.py:188} INFO - [2024-03-25T21:15:50.630+0000] {dag.py:3834} INFO - Setting next_dagrun for latest_only_with_trigger to 2024-03-25 16:00:00+00:00, run_after=2024-03-25 20:00:00+00:00
[2024-03-25T21:15:50.660+0000] {processor.py:183} INFO - Processing /home/airflow/.local/lib/python3.8/site-packages/airflow/example_dags/example_latest_only_with_trigger.py took 0.117 seconds
[2024-03-25T21:16:20.889+0000] {processor.py:161} INFO - Started process (PID=796) to work on /home/airflow/.local/lib/python3.8/site-packages/airflow/example_dags/example_latest_only_with_trigger.py
[2024-03-25T21:16:20.891+0000] {processor.py:830} INFO - Processing file /home/airflow/.local/lib/python3.8/site-packages/airflow/example_dags/example_latest_only_with_trigger.py for tasks to queue
[2024-03-25T21:16:20.894+0000] {logging_mixin.py:188} INFO - [2024-03-25T21:16:20.893+0000] {dagbag.py:540} INFO - Filling up the DagBag from /home/airflow/.local/lib/python3.8/site-packages/airflow/example_dags/example_latest_only_with_trigger.py
[2024-03-25T21:16:20.902+0000] {processor.py:840} INFO - DAG(s) 'latest_only_with_trigger' retrieved from /home/airflow/.local/lib/python3.8/site-packages/airflow/example_dags/example_latest_only_with_trigger.py
[2024-03-25T21:16:20.939+0000] {logging_mixin.py:188} INFO - [2024-03-25T21:16:20.939+0000] {dag.py:3047} INFO - Sync 1 DAGs
[2024-03-25T21:16:20.972+0000] {logging_mixin.py:188} INFO - [2024-03-25T21:16:20.972+0000] {dag.py:3834} INFO - Setting next_dagrun for latest_only_with_trigger to 2024-03-25 16:00:00+00:00, run_after=2024-03-25 20:00:00+00:00
[2024-03-25T21:16:20.999+0000] {processor.py:183} INFO - Processing /home/airflow/.local/lib/python3.8/site-packages/airflow/example_dags/example_latest_only_with_trigger.py took 0.116 seconds
[2024-03-25T21:16:51.053+0000] {processor.py:161} INFO - Started process (PID=851) to work on /home/airflow/.local/lib/python3.8/site-packages/airflow/example_dags/example_latest_only_with_trigger.py
[2024-03-25T21:16:51.056+0000] {processor.py:830} INFO - Processing file /home/airflow/.local/lib/python3.8/site-packages/airflow/example_dags/example_latest_only_with_trigger.py for tasks to queue
[2024-03-25T21:16:51.060+0000] {logging_mixin.py:188} INFO - [2024-03-25T21:16:51.059+0000] {dagbag.py:540} INFO - Filling up the DagBag from /home/airflow/.local/lib/python3.8/site-packages/airflow/example_dags/example_latest_only_with_trigger.py
[2024-03-25T21:16:51.073+0000] {processor.py:840} INFO - DAG(s) 'latest_only_with_trigger' retrieved from /home/airflow/.local/lib/python3.8/site-packages/airflow/example_dags/example_latest_only_with_trigger.py
[2024-03-25T21:16:51.114+0000] {logging_mixin.py:188} INFO - [2024-03-25T21:16:51.114+0000] {dag.py:3047} INFO - Sync 1 DAGs
[2024-03-25T21:16:51.162+0000] {logging_mixin.py:188} INFO - [2024-03-25T21:16:51.162+0000] {dag.py:3834} INFO - Setting next_dagrun for latest_only_with_trigger to 2024-03-25 16:00:00+00:00, run_after=2024-03-25 20:00:00+00:00
[2024-03-25T21:16:51.193+0000] {processor.py:183} INFO - Processing /home/airflow/.local/lib/python3.8/site-packages/airflow/example_dags/example_latest_only_with_trigger.py took 0.148 seconds
[2024-03-25T21:17:21.426+0000] {processor.py:161} INFO - Started process (PID=907) to work on /home/airflow/.local/lib/python3.8/site-packages/airflow/example_dags/example_latest_only_with_trigger.py
[2024-03-25T21:17:21.428+0000] {processor.py:830} INFO - Processing file /home/airflow/.local/lib/python3.8/site-packages/airflow/example_dags/example_latest_only_with_trigger.py for tasks to queue
[2024-03-25T21:17:21.431+0000] {logging_mixin.py:188} INFO - [2024-03-25T21:17:21.431+0000] {dagbag.py:540} INFO - Filling up the DagBag from /home/airflow/.local/lib/python3.8/site-packages/airflow/example_dags/example_latest_only_with_trigger.py
[2024-03-25T21:17:21.440+0000] {processor.py:840} INFO - DAG(s) 'latest_only_with_trigger' retrieved from /home/airflow/.local/lib/python3.8/site-packages/airflow/example_dags/example_latest_only_with_trigger.py
[2024-03-25T21:17:21.473+0000] {logging_mixin.py:188} INFO - [2024-03-25T21:17:21.473+0000] {dag.py:3047} INFO - Sync 1 DAGs
[2024-03-25T21:17:21.507+0000] {logging_mixin.py:188} INFO - [2024-03-25T21:17:21.506+0000] {dag.py:3834} INFO - Setting next_dagrun for latest_only_with_trigger to 2024-03-25 16:00:00+00:00, run_after=2024-03-25 20:00:00+00:00
[2024-03-25T21:17:21.535+0000] {processor.py:183} INFO - Processing /home/airflow/.local/lib/python3.8/site-packages/airflow/example_dags/example_latest_only_with_trigger.py took 0.114 seconds
[2024-03-25T21:17:51.628+0000] {processor.py:161} INFO - Started process (PID=963) to work on /home/airflow/.local/lib/python3.8/site-packages/airflow/example_dags/example_latest_only_with_trigger.py
[2024-03-25T21:17:51.630+0000] {processor.py:830} INFO - Processing file /home/airflow/.local/lib/python3.8/site-packages/airflow/example_dags/example_latest_only_with_trigger.py for tasks to queue
[2024-03-25T21:17:51.633+0000] {logging_mixin.py:188} INFO - [2024-03-25T21:17:51.633+0000] {dagbag.py:540} INFO - Filling up the DagBag from /home/airflow/.local/lib/python3.8/site-packages/airflow/example_dags/example_latest_only_with_trigger.py
[2024-03-25T21:17:51.642+0000] {processor.py:840} INFO - DAG(s) 'latest_only_with_trigger' retrieved from /home/airflow/.local/lib/python3.8/site-packages/airflow/example_dags/example_latest_only_with_trigger.py
[2024-03-25T21:17:51.676+0000] {logging_mixin.py:188} INFO - [2024-03-25T21:17:51.676+0000] {dag.py:3047} INFO - Sync 1 DAGs
[2024-03-25T21:17:51.711+0000] {logging_mixin.py:188} INFO - [2024-03-25T21:17:51.711+0000] {dag.py:3834} INFO - Setting next_dagrun for latest_only_with_trigger to 2024-03-25 16:00:00+00:00, run_after=2024-03-25 20:00:00+00:00
[2024-03-25T21:17:51.739+0000] {processor.py:183} INFO - Processing /home/airflow/.local/lib/python3.8/site-packages/airflow/example_dags/example_latest_only_with_trigger.py took 0.116 seconds
[2024-03-25T21:18:22.219+0000] {processor.py:161} INFO - Started process (PID=1019) to work on /home/airflow/.local/lib/python3.8/site-packages/airflow/example_dags/example_latest_only_with_trigger.py
[2024-03-25T21:18:22.221+0000] {processor.py:830} INFO - Processing file /home/airflow/.local/lib/python3.8/site-packages/airflow/example_dags/example_latest_only_with_trigger.py for tasks to queue
[2024-03-25T21:18:22.224+0000] {logging_mixin.py:188} INFO - [2024-03-25T21:18:22.224+0000] {dagbag.py:540} INFO - Filling up the DagBag from /home/airflow/.local/lib/python3.8/site-packages/airflow/example_dags/example_latest_only_with_trigger.py
[2024-03-25T21:18:22.235+0000] {processor.py:840} INFO - DAG(s) 'latest_only_with_trigger' retrieved from /home/airflow/.local/lib/python3.8/site-packages/airflow/example_dags/example_latest_only_with_trigger.py
[2024-03-25T21:18:22.277+0000] {logging_mixin.py:188} INFO - [2024-03-25T21:18:22.277+0000] {dag.py:3047} INFO - Sync 1 DAGs
[2024-03-25T21:18:22.318+0000] {logging_mixin.py:188} INFO - [2024-03-25T21:18:22.317+0000] {dag.py:3834} INFO - Setting next_dagrun for latest_only_with_trigger to 2024-03-25 16:00:00+00:00, run_after=2024-03-25 20:00:00+00:00
[2024-03-25T21:18:22.351+0000] {processor.py:183} INFO - Processing /home/airflow/.local/lib/python3.8/site-packages/airflow/example_dags/example_latest_only_with_trigger.py took 0.137 seconds
[2024-03-25T21:18:52.915+0000] {processor.py:161} INFO - Started process (PID=1074) to work on /home/airflow/.local/lib/python3.8/site-packages/airflow/example_dags/example_latest_only_with_trigger.py
[2024-03-25T21:18:52.917+0000] {processor.py:830} INFO - Processing file /home/airflow/.local/lib/python3.8/site-packages/airflow/example_dags/example_latest_only_with_trigger.py for tasks to queue
[2024-03-25T21:18:52.920+0000] {logging_mixin.py:188} INFO - [2024-03-25T21:18:52.919+0000] {dagbag.py:540} INFO - Filling up the DagBag from /home/airflow/.local/lib/python3.8/site-packages/airflow/example_dags/example_latest_only_with_trigger.py
[2024-03-25T21:18:52.930+0000] {processor.py:840} INFO - DAG(s) 'latest_only_with_trigger' retrieved from /home/airflow/.local/lib/python3.8/site-packages/airflow/example_dags/example_latest_only_with_trigger.py
[2024-03-25T21:18:52.968+0000] {logging_mixin.py:188} INFO - [2024-03-25T21:18:52.968+0000] {dag.py:3047} INFO - Sync 1 DAGs
[2024-03-25T21:18:53.002+0000] {logging_mixin.py:188} INFO - [2024-03-25T21:18:53.002+0000] {dag.py:3834} INFO - Setting next_dagrun for latest_only_with_trigger to 2024-03-25 16:00:00+00:00, run_after=2024-03-25 20:00:00+00:00
[2024-03-25T21:18:53.032+0000] {processor.py:183} INFO - Processing /home/airflow/.local/lib/python3.8/site-packages/airflow/example_dags/example_latest_only_with_trigger.py took 0.122 seconds
[2024-03-25T21:19:23.275+0000] {processor.py:161} INFO - Started process (PID=1130) to work on /home/airflow/.local/lib/python3.8/site-packages/airflow/example_dags/example_latest_only_with_trigger.py
[2024-03-25T21:19:23.277+0000] {processor.py:830} INFO - Processing file /home/airflow/.local/lib/python3.8/site-packages/airflow/example_dags/example_latest_only_with_trigger.py for tasks to queue
[2024-03-25T21:19:23.280+0000] {logging_mixin.py:188} INFO - [2024-03-25T21:19:23.279+0000] {dagbag.py:540} INFO - Filling up the DagBag from /home/airflow/.local/lib/python3.8/site-packages/airflow/example_dags/example_latest_only_with_trigger.py
[2024-03-25T21:19:23.289+0000] {processor.py:840} INFO - DAG(s) 'latest_only_with_trigger' retrieved from /home/airflow/.local/lib/python3.8/site-packages/airflow/example_dags/example_latest_only_with_trigger.py
[2024-03-25T21:19:23.323+0000] {logging_mixin.py:188} INFO - [2024-03-25T21:19:23.322+0000] {dag.py:3047} INFO - Sync 1 DAGs
[2024-03-25T21:19:23.358+0000] {logging_mixin.py:188} INFO - [2024-03-25T21:19:23.358+0000] {dag.py:3834} INFO - Setting next_dagrun for latest_only_with_trigger to 2024-03-25 16:00:00+00:00, run_after=2024-03-25 20:00:00+00:00
[2024-03-25T21:19:23.386+0000] {processor.py:183} INFO - Processing /home/airflow/.local/lib/python3.8/site-packages/airflow/example_dags/example_latest_only_with_trigger.py took 0.117 seconds
[2024-03-25T21:19:53.579+0000] {processor.py:161} INFO - Started process (PID=1186) to work on /home/airflow/.local/lib/python3.8/site-packages/airflow/example_dags/example_latest_only_with_trigger.py
[2024-03-25T21:19:53.581+0000] {processor.py:830} INFO - Processing file /home/airflow/.local/lib/python3.8/site-packages/airflow/example_dags/example_latest_only_with_trigger.py for tasks to queue
[2024-03-25T21:19:53.584+0000] {logging_mixin.py:188} INFO - [2024-03-25T21:19:53.584+0000] {dagbag.py:540} INFO - Filling up the DagBag from /home/airflow/.local/lib/python3.8/site-packages/airflow/example_dags/example_latest_only_with_trigger.py
[2024-03-25T21:19:53.593+0000] {processor.py:840} INFO - DAG(s) 'latest_only_with_trigger' retrieved from /home/airflow/.local/lib/python3.8/site-packages/airflow/example_dags/example_latest_only_with_trigger.py
[2024-03-25T21:19:53.628+0000] {logging_mixin.py:188} INFO - [2024-03-25T21:19:53.627+0000] {dag.py:3047} INFO - Sync 1 DAGs
[2024-03-25T21:19:53.662+0000] {logging_mixin.py:188} INFO - [2024-03-25T21:19:53.662+0000] {dag.py:3834} INFO - Setting next_dagrun for latest_only_with_trigger to 2024-03-25 16:00:00+00:00, run_after=2024-03-25 20:00:00+00:00
[2024-03-25T21:19:53.693+0000] {processor.py:183} INFO - Processing /home/airflow/.local/lib/python3.8/site-packages/airflow/example_dags/example_latest_only_with_trigger.py took 0.119 seconds
[2024-03-25T21:20:23.900+0000] {processor.py:161} INFO - Started process (PID=1242) to work on /home/airflow/.local/lib/python3.8/site-packages/airflow/example_dags/example_latest_only_with_trigger.py
[2024-03-25T21:20:23.902+0000] {processor.py:830} INFO - Processing file /home/airflow/.local/lib/python3.8/site-packages/airflow/example_dags/example_latest_only_with_trigger.py for tasks to queue
[2024-03-25T21:20:23.906+0000] {logging_mixin.py:188} INFO - [2024-03-25T21:20:23.905+0000] {dagbag.py:540} INFO - Filling up the DagBag from /home/airflow/.local/lib/python3.8/site-packages/airflow/example_dags/example_latest_only_with_trigger.py
[2024-03-25T21:20:23.915+0000] {processor.py:840} INFO - DAG(s) 'latest_only_with_trigger' retrieved from /home/airflow/.local/lib/python3.8/site-packages/airflow/example_dags/example_latest_only_with_trigger.py
[2024-03-25T21:20:23.960+0000] {logging_mixin.py:188} INFO - [2024-03-25T21:20:23.959+0000] {dag.py:3047} INFO - Sync 1 DAGs
[2024-03-25T21:20:23.999+0000] {logging_mixin.py:188} INFO - [2024-03-25T21:20:23.999+0000] {dag.py:3834} INFO - Setting next_dagrun for latest_only_with_trigger to 2024-03-25 16:00:00+00:00, run_after=2024-03-25 20:00:00+00:00
[2024-03-25T21:20:24.037+0000] {processor.py:183} INFO - Processing /home/airflow/.local/lib/python3.8/site-packages/airflow/example_dags/example_latest_only_with_trigger.py took 0.143 seconds
[2024-03-25T21:26:49.661+0000] {processor.py:161} INFO - Started process (PID=1299) to work on /home/airflow/.local/lib/python3.8/site-packages/airflow/example_dags/example_latest_only_with_trigger.py
[2024-03-25T21:26:49.663+0000] {processor.py:830} INFO - Processing file /home/airflow/.local/lib/python3.8/site-packages/airflow/example_dags/example_latest_only_with_trigger.py for tasks to queue
[2024-03-25T21:26:49.667+0000] {logging_mixin.py:188} INFO - [2024-03-25T21:26:49.666+0000] {dagbag.py:540} INFO - Filling up the DagBag from /home/airflow/.local/lib/python3.8/site-packages/airflow/example_dags/example_latest_only_with_trigger.py
[2024-03-25T21:26:49.679+0000] {processor.py:840} INFO - DAG(s) 'latest_only_with_trigger' retrieved from /home/airflow/.local/lib/python3.8/site-packages/airflow/example_dags/example_latest_only_with_trigger.py
[2024-03-25T21:26:49.718+0000] {logging_mixin.py:188} INFO - [2024-03-25T21:26:49.718+0000] {dag.py:3047} INFO - Sync 1 DAGs
[2024-03-25T21:26:49.758+0000] {logging_mixin.py:188} INFO - [2024-03-25T21:26:49.757+0000] {dag.py:3834} INFO - Setting next_dagrun for latest_only_with_trigger to 2024-03-25 16:00:00+00:00, run_after=2024-03-25 20:00:00+00:00
[2024-03-25T21:26:49.794+0000] {processor.py:183} INFO - Processing /home/airflow/.local/lib/python3.8/site-packages/airflow/example_dags/example_latest_only_with_trigger.py took 0.139 seconds
[2024-03-25T21:27:21.575+0000] {processor.py:161} INFO - Started process (PID=1355) to work on /home/airflow/.local/lib/python3.8/site-packages/airflow/example_dags/example_latest_only_with_trigger.py
[2024-03-25T21:27:21.580+0000] {processor.py:830} INFO - Processing file /home/airflow/.local/lib/python3.8/site-packages/airflow/example_dags/example_latest_only_with_trigger.py for tasks to queue
[2024-03-25T21:27:21.585+0000] {logging_mixin.py:188} INFO - [2024-03-25T21:27:21.584+0000] {dagbag.py:540} INFO - Filling up the DagBag from /home/airflow/.local/lib/python3.8/site-packages/airflow/example_dags/example_latest_only_with_trigger.py
[2024-03-25T21:27:21.603+0000] {processor.py:840} INFO - DAG(s) 'latest_only_with_trigger' retrieved from /home/airflow/.local/lib/python3.8/site-packages/airflow/example_dags/example_latest_only_with_trigger.py
[2024-03-25T21:27:21.672+0000] {logging_mixin.py:188} INFO - [2024-03-25T21:27:21.671+0000] {dag.py:3047} INFO - Sync 1 DAGs
[2024-03-25T21:27:21.728+0000] {logging_mixin.py:188} INFO - [2024-03-25T21:27:21.727+0000] {dag.py:3834} INFO - Setting next_dagrun for latest_only_with_trigger to 2024-03-25 16:00:00+00:00, run_after=2024-03-25 20:00:00+00:00
[2024-03-25T21:27:21.773+0000] {processor.py:183} INFO - Processing /home/airflow/.local/lib/python3.8/site-packages/airflow/example_dags/example_latest_only_with_trigger.py took 0.207 seconds
[2024-03-25T21:27:51.943+0000] {processor.py:161} INFO - Started process (PID=1411) to work on /home/airflow/.local/lib/python3.8/site-packages/airflow/example_dags/example_latest_only_with_trigger.py
[2024-03-25T21:27:51.944+0000] {processor.py:830} INFO - Processing file /home/airflow/.local/lib/python3.8/site-packages/airflow/example_dags/example_latest_only_with_trigger.py for tasks to queue
[2024-03-25T21:27:51.948+0000] {logging_mixin.py:188} INFO - [2024-03-25T21:27:51.947+0000] {dagbag.py:540} INFO - Filling up the DagBag from /home/airflow/.local/lib/python3.8/site-packages/airflow/example_dags/example_latest_only_with_trigger.py
[2024-03-25T21:27:51.957+0000] {processor.py:840} INFO - DAG(s) 'latest_only_with_trigger' retrieved from /home/airflow/.local/lib/python3.8/site-packages/airflow/example_dags/example_latest_only_with_trigger.py
[2024-03-25T21:27:51.990+0000] {logging_mixin.py:188} INFO - [2024-03-25T21:27:51.989+0000] {dag.py:3047} INFO - Sync 1 DAGs
[2024-03-25T21:27:52.023+0000] {logging_mixin.py:188} INFO - [2024-03-25T21:27:52.023+0000] {dag.py:3834} INFO - Setting next_dagrun for latest_only_with_trigger to 2024-03-25 16:00:00+00:00, run_after=2024-03-25 20:00:00+00:00
[2024-03-25T21:27:52.052+0000] {processor.py:183} INFO - Processing /home/airflow/.local/lib/python3.8/site-packages/airflow/example_dags/example_latest_only_with_trigger.py took 0.115 seconds
[2024-03-25T21:28:23.017+0000] {processor.py:161} INFO - Started process (PID=1467) to work on /home/airflow/.local/lib/python3.8/site-packages/airflow/example_dags/example_latest_only_with_trigger.py
[2024-03-25T21:28:23.019+0000] {processor.py:830} INFO - Processing file /home/airflow/.local/lib/python3.8/site-packages/airflow/example_dags/example_latest_only_with_trigger.py for tasks to queue
[2024-03-25T21:28:23.022+0000] {logging_mixin.py:188} INFO - [2024-03-25T21:28:23.021+0000] {dagbag.py:540} INFO - Filling up the DagBag from /home/airflow/.local/lib/python3.8/site-packages/airflow/example_dags/example_latest_only_with_trigger.py
[2024-03-25T21:28:23.031+0000] {processor.py:840} INFO - DAG(s) 'latest_only_with_trigger' retrieved from /home/airflow/.local/lib/python3.8/site-packages/airflow/example_dags/example_latest_only_with_trigger.py
[2024-03-25T21:28:23.068+0000] {logging_mixin.py:188} INFO - [2024-03-25T21:28:23.068+0000] {dag.py:3047} INFO - Sync 1 DAGs
[2024-03-25T21:28:23.103+0000] {logging_mixin.py:188} INFO - [2024-03-25T21:28:23.102+0000] {dag.py:3834} INFO - Setting next_dagrun for latest_only_with_trigger to 2024-03-25 16:00:00+00:00, run_after=2024-03-25 20:00:00+00:00
[2024-03-25T21:28:23.133+0000] {processor.py:183} INFO - Processing /home/airflow/.local/lib/python3.8/site-packages/airflow/example_dags/example_latest_only_with_trigger.py took 0.121 seconds
