[2024-03-25T21:03:49.848+0000] {processor.py:161} INFO - Started process (PID=59) to work on /home/airflow/.local/lib/python3.8/site-packages/airflow/example_dags/example_branch_labels.py
[2024-03-25T21:03:49.878+0000] {processor.py:830} INFO - Processing file /home/airflow/.local/lib/python3.8/site-packages/airflow/example_dags/example_branch_labels.py for tasks to queue
[2024-03-25T21:03:49.939+0000] {logging_mixin.py:188} INFO - [2024-03-25T21:03:49.936+0000] {dagbag.py:540} INFO - Filling up the DagBag from /home/airflow/.local/lib/python3.8/site-packages/airflow/example_dags/example_branch_labels.py
[2024-03-25T21:03:50.035+0000] {processor.py:840} INFO - DAG(s) 'example_branch_labels' retrieved from /home/airflow/.local/lib/python3.8/site-packages/airflow/example_dags/example_branch_labels.py
[2024-03-25T21:03:50.117+0000] {logging_mixin.py:188} INFO - [2024-03-25T21:03:50.116+0000] {dag.py:3047} INFO - Sync 1 DAGs
[2024-03-25T21:03:50.328+0000] {logging_mixin.py:188} INFO - [2024-03-25T21:03:50.327+0000] {dag.py:3834} INFO - Setting next_dagrun for example_branch_labels to 2024-03-24 00:00:00+00:00, run_after=2024-03-25 00:00:00+00:00
[2024-03-25T21:03:50.453+0000] {processor.py:183} INFO - Processing /home/airflow/.local/lib/python3.8/site-packages/airflow/example_dags/example_branch_labels.py took 0.618 seconds
[2024-03-25T21:04:20.795+0000] {processor.py:161} INFO - Started process (PID=114) to work on /home/airflow/.local/lib/python3.8/site-packages/airflow/example_dags/example_branch_labels.py
[2024-03-25T21:04:20.798+0000] {processor.py:830} INFO - Processing file /home/airflow/.local/lib/python3.8/site-packages/airflow/example_dags/example_branch_labels.py for tasks to queue
[2024-03-25T21:04:20.801+0000] {logging_mixin.py:188} INFO - [2024-03-25T21:04:20.800+0000] {dagbag.py:540} INFO - Filling up the DagBag from /home/airflow/.local/lib/python3.8/site-packages/airflow/example_dags/example_branch_labels.py
[2024-03-25T21:04:20.827+0000] {processor.py:840} INFO - DAG(s) 'example_branch_labels' retrieved from /home/airflow/.local/lib/python3.8/site-packages/airflow/example_dags/example_branch_labels.py
[2024-03-25T21:04:21.100+0000] {logging_mixin.py:188} INFO - [2024-03-25T21:04:21.100+0000] {dag.py:3047} INFO - Sync 1 DAGs
[2024-03-25T21:04:21.180+0000] {logging_mixin.py:188} INFO - [2024-03-25T21:04:21.180+0000] {dag.py:3834} INFO - Setting next_dagrun for example_branch_labels to 2024-03-24 00:00:00+00:00, run_after=2024-03-25 00:00:00+00:00
[2024-03-25T21:04:21.311+0000] {processor.py:183} INFO - Processing /home/airflow/.local/lib/python3.8/site-packages/airflow/example_dags/example_branch_labels.py took 0.522 seconds
[2024-03-25T21:04:51.462+0000] {processor.py:161} INFO - Started process (PID=169) to work on /home/airflow/.local/lib/python3.8/site-packages/airflow/example_dags/example_branch_labels.py
[2024-03-25T21:04:51.464+0000] {processor.py:830} INFO - Processing file /home/airflow/.local/lib/python3.8/site-packages/airflow/example_dags/example_branch_labels.py for tasks to queue
[2024-03-25T21:04:51.468+0000] {logging_mixin.py:188} INFO - [2024-03-25T21:04:51.467+0000] {dagbag.py:540} INFO - Filling up the DagBag from /home/airflow/.local/lib/python3.8/site-packages/airflow/example_dags/example_branch_labels.py
[2024-03-25T21:04:51.481+0000] {processor.py:840} INFO - DAG(s) 'example_branch_labels' retrieved from /home/airflow/.local/lib/python3.8/site-packages/airflow/example_dags/example_branch_labels.py
[2024-03-25T21:04:51.519+0000] {logging_mixin.py:188} INFO - [2024-03-25T21:04:51.518+0000] {dag.py:3047} INFO - Sync 1 DAGs
[2024-03-25T21:04:51.555+0000] {logging_mixin.py:188} INFO - [2024-03-25T21:04:51.555+0000] {dag.py:3834} INFO - Setting next_dagrun for example_branch_labels to 2024-03-24 00:00:00+00:00, run_after=2024-03-25 00:00:00+00:00
[2024-03-25T21:04:51.595+0000] {processor.py:183} INFO - Processing /home/airflow/.local/lib/python3.8/site-packages/airflow/example_dags/example_branch_labels.py took 0.138 seconds
[2024-03-25T21:05:21.697+0000] {processor.py:161} INFO - Started process (PID=224) to work on /home/airflow/.local/lib/python3.8/site-packages/airflow/example_dags/example_branch_labels.py
[2024-03-25T21:05:21.699+0000] {processor.py:830} INFO - Processing file /home/airflow/.local/lib/python3.8/site-packages/airflow/example_dags/example_branch_labels.py for tasks to queue
[2024-03-25T21:05:21.703+0000] {logging_mixin.py:188} INFO - [2024-03-25T21:05:21.702+0000] {dagbag.py:540} INFO - Filling up the DagBag from /home/airflow/.local/lib/python3.8/site-packages/airflow/example_dags/example_branch_labels.py
[2024-03-25T21:05:21.722+0000] {processor.py:840} INFO - DAG(s) 'example_branch_labels' retrieved from /home/airflow/.local/lib/python3.8/site-packages/airflow/example_dags/example_branch_labels.py
[2024-03-25T21:05:21.761+0000] {logging_mixin.py:188} INFO - [2024-03-25T21:05:21.761+0000] {dag.py:3047} INFO - Sync 1 DAGs
[2024-03-25T21:05:21.804+0000] {logging_mixin.py:188} INFO - [2024-03-25T21:05:21.804+0000] {dag.py:3834} INFO - Setting next_dagrun for example_branch_labels to 2024-03-24 00:00:00+00:00, run_after=2024-03-25 00:00:00+00:00
[2024-03-25T21:05:21.841+0000] {processor.py:183} INFO - Processing /home/airflow/.local/lib/python3.8/site-packages/airflow/example_dags/example_branch_labels.py took 0.151 seconds
[2024-03-25T21:05:52.169+0000] {processor.py:161} INFO - Started process (PID=279) to work on /home/airflow/.local/lib/python3.8/site-packages/airflow/example_dags/example_branch_labels.py
[2024-03-25T21:05:52.171+0000] {processor.py:830} INFO - Processing file /home/airflow/.local/lib/python3.8/site-packages/airflow/example_dags/example_branch_labels.py for tasks to queue
[2024-03-25T21:05:52.174+0000] {logging_mixin.py:188} INFO - [2024-03-25T21:05:52.173+0000] {dagbag.py:540} INFO - Filling up the DagBag from /home/airflow/.local/lib/python3.8/site-packages/airflow/example_dags/example_branch_labels.py
[2024-03-25T21:05:52.187+0000] {processor.py:840} INFO - DAG(s) 'example_branch_labels' retrieved from /home/airflow/.local/lib/python3.8/site-packages/airflow/example_dags/example_branch_labels.py
[2024-03-25T21:05:52.221+0000] {logging_mixin.py:188} INFO - [2024-03-25T21:05:52.220+0000] {dag.py:3047} INFO - Sync 1 DAGs
[2024-03-25T21:05:52.259+0000] {logging_mixin.py:188} INFO - [2024-03-25T21:05:52.258+0000] {dag.py:3834} INFO - Setting next_dagrun for example_branch_labels to 2024-03-24 00:00:00+00:00, run_after=2024-03-25 00:00:00+00:00
[2024-03-25T21:05:52.293+0000] {processor.py:183} INFO - Processing /home/airflow/.local/lib/python3.8/site-packages/airflow/example_dags/example_branch_labels.py took 0.130 seconds
[2024-03-25T21:06:23.049+0000] {processor.py:161} INFO - Started process (PID=334) to work on /home/airflow/.local/lib/python3.8/site-packages/airflow/example_dags/example_branch_labels.py
[2024-03-25T21:06:23.051+0000] {processor.py:830} INFO - Processing file /home/airflow/.local/lib/python3.8/site-packages/airflow/example_dags/example_branch_labels.py for tasks to queue
[2024-03-25T21:06:23.054+0000] {logging_mixin.py:188} INFO - [2024-03-25T21:06:23.054+0000] {dagbag.py:540} INFO - Filling up the DagBag from /home/airflow/.local/lib/python3.8/site-packages/airflow/example_dags/example_branch_labels.py
[2024-03-25T21:06:23.068+0000] {processor.py:840} INFO - DAG(s) 'example_branch_labels' retrieved from /home/airflow/.local/lib/python3.8/site-packages/airflow/example_dags/example_branch_labels.py
[2024-03-25T21:06:23.105+0000] {logging_mixin.py:188} INFO - [2024-03-25T21:06:23.105+0000] {dag.py:3047} INFO - Sync 1 DAGs
[2024-03-25T21:06:23.143+0000] {logging_mixin.py:188} INFO - [2024-03-25T21:06:23.142+0000] {dag.py:3834} INFO - Setting next_dagrun for example_branch_labels to 2024-03-24 00:00:00+00:00, run_after=2024-03-25 00:00:00+00:00
[2024-03-25T21:06:23.170+0000] {processor.py:183} INFO - Processing /home/airflow/.local/lib/python3.8/site-packages/airflow/example_dags/example_branch_labels.py took 0.126 seconds
[2024-03-25T21:06:53.601+0000] {processor.py:161} INFO - Started process (PID=389) to work on /home/airflow/.local/lib/python3.8/site-packages/airflow/example_dags/example_branch_labels.py
[2024-03-25T21:06:53.602+0000] {processor.py:830} INFO - Processing file /home/airflow/.local/lib/python3.8/site-packages/airflow/example_dags/example_branch_labels.py for tasks to queue
[2024-03-25T21:06:53.606+0000] {logging_mixin.py:188} INFO - [2024-03-25T21:06:53.605+0000] {dagbag.py:540} INFO - Filling up the DagBag from /home/airflow/.local/lib/python3.8/site-packages/airflow/example_dags/example_branch_labels.py
[2024-03-25T21:06:53.619+0000] {processor.py:840} INFO - DAG(s) 'example_branch_labels' retrieved from /home/airflow/.local/lib/python3.8/site-packages/airflow/example_dags/example_branch_labels.py
[2024-03-25T21:06:53.654+0000] {logging_mixin.py:188} INFO - [2024-03-25T21:06:53.653+0000] {dag.py:3047} INFO - Sync 1 DAGs
[2024-03-25T21:06:53.690+0000] {logging_mixin.py:188} INFO - [2024-03-25T21:06:53.689+0000] {dag.py:3834} INFO - Setting next_dagrun for example_branch_labels to 2024-03-24 00:00:00+00:00, run_after=2024-03-25 00:00:00+00:00
[2024-03-25T21:06:53.716+0000] {processor.py:183} INFO - Processing /home/airflow/.local/lib/python3.8/site-packages/airflow/example_dags/example_branch_labels.py took 0.121 seconds
[2024-03-25T21:07:24.583+0000] {processor.py:161} INFO - Started process (PID=444) to work on /home/airflow/.local/lib/python3.8/site-packages/airflow/example_dags/example_branch_labels.py
[2024-03-25T21:07:24.585+0000] {processor.py:830} INFO - Processing file /home/airflow/.local/lib/python3.8/site-packages/airflow/example_dags/example_branch_labels.py for tasks to queue
[2024-03-25T21:07:24.588+0000] {logging_mixin.py:188} INFO - [2024-03-25T21:07:24.588+0000] {dagbag.py:540} INFO - Filling up the DagBag from /home/airflow/.local/lib/python3.8/site-packages/airflow/example_dags/example_branch_labels.py
[2024-03-25T21:07:24.602+0000] {processor.py:840} INFO - DAG(s) 'example_branch_labels' retrieved from /home/airflow/.local/lib/python3.8/site-packages/airflow/example_dags/example_branch_labels.py
[2024-03-25T21:07:24.637+0000] {logging_mixin.py:188} INFO - [2024-03-25T21:07:24.637+0000] {dag.py:3047} INFO - Sync 1 DAGs
[2024-03-25T21:07:24.676+0000] {logging_mixin.py:188} INFO - [2024-03-25T21:07:24.675+0000] {dag.py:3834} INFO - Setting next_dagrun for example_branch_labels to 2024-03-24 00:00:00+00:00, run_after=2024-03-25 00:00:00+00:00
[2024-03-25T21:07:24.703+0000] {processor.py:183} INFO - Processing /home/airflow/.local/lib/python3.8/site-packages/airflow/example_dags/example_branch_labels.py took 0.126 seconds
[2024-03-25T21:07:54.888+0000] {processor.py:161} INFO - Started process (PID=499) to work on /home/airflow/.local/lib/python3.8/site-packages/airflow/example_dags/example_branch_labels.py
[2024-03-25T21:07:54.890+0000] {processor.py:830} INFO - Processing file /home/airflow/.local/lib/python3.8/site-packages/airflow/example_dags/example_branch_labels.py for tasks to queue
[2024-03-25T21:07:54.893+0000] {logging_mixin.py:188} INFO - [2024-03-25T21:07:54.893+0000] {dagbag.py:540} INFO - Filling up the DagBag from /home/airflow/.local/lib/python3.8/site-packages/airflow/example_dags/example_branch_labels.py
[2024-03-25T21:07:54.908+0000] {processor.py:840} INFO - DAG(s) 'example_branch_labels' retrieved from /home/airflow/.local/lib/python3.8/site-packages/airflow/example_dags/example_branch_labels.py
[2024-03-25T21:07:54.947+0000] {logging_mixin.py:188} INFO - [2024-03-25T21:07:54.947+0000] {dag.py:3047} INFO - Sync 1 DAGs
[2024-03-25T21:07:54.984+0000] {logging_mixin.py:188} INFO - [2024-03-25T21:07:54.984+0000] {dag.py:3834} INFO - Setting next_dagrun for example_branch_labels to 2024-03-24 00:00:00+00:00, run_after=2024-03-25 00:00:00+00:00
[2024-03-25T21:07:55.018+0000] {processor.py:183} INFO - Processing /home/airflow/.local/lib/python3.8/site-packages/airflow/example_dags/example_branch_labels.py took 0.137 seconds
[2024-03-25T21:08:25.915+0000] {processor.py:161} INFO - Started process (PID=554) to work on /home/airflow/.local/lib/python3.8/site-packages/airflow/example_dags/example_branch_labels.py
[2024-03-25T21:08:25.917+0000] {processor.py:830} INFO - Processing file /home/airflow/.local/lib/python3.8/site-packages/airflow/example_dags/example_branch_labels.py for tasks to queue
[2024-03-25T21:08:25.920+0000] {logging_mixin.py:188} INFO - [2024-03-25T21:08:25.919+0000] {dagbag.py:540} INFO - Filling up the DagBag from /home/airflow/.local/lib/python3.8/site-packages/airflow/example_dags/example_branch_labels.py
[2024-03-25T21:08:25.934+0000] {processor.py:840} INFO - DAG(s) 'example_branch_labels' retrieved from /home/airflow/.local/lib/python3.8/site-packages/airflow/example_dags/example_branch_labels.py
[2024-03-25T21:08:25.968+0000] {logging_mixin.py:188} INFO - [2024-03-25T21:08:25.968+0000] {dag.py:3047} INFO - Sync 1 DAGs
[2024-03-25T21:08:26.020+0000] {logging_mixin.py:188} INFO - [2024-03-25T21:08:26.020+0000] {dag.py:3834} INFO - Setting next_dagrun for example_branch_labels to 2024-03-24 00:00:00+00:00, run_after=2024-03-25 00:00:00+00:00
[2024-03-25T21:08:26.058+0000] {processor.py:183} INFO - Processing /home/airflow/.local/lib/python3.8/site-packages/airflow/example_dags/example_branch_labels.py took 0.151 seconds
[2024-03-25T21:09:41.251+0000] {processor.py:161} INFO - Started process (PID=54) to work on /home/airflow/.local/lib/python3.8/site-packages/airflow/example_dags/example_branch_labels.py
[2024-03-25T21:09:41.253+0000] {processor.py:830} INFO - Processing file /home/airflow/.local/lib/python3.8/site-packages/airflow/example_dags/example_branch_labels.py for tasks to queue
[2024-03-25T21:09:41.257+0000] {logging_mixin.py:188} INFO - [2024-03-25T21:09:41.256+0000] {dagbag.py:540} INFO - Filling up the DagBag from /home/airflow/.local/lib/python3.8/site-packages/airflow/example_dags/example_branch_labels.py
[2024-03-25T21:09:41.272+0000] {processor.py:840} INFO - DAG(s) 'example_branch_labels' retrieved from /home/airflow/.local/lib/python3.8/site-packages/airflow/example_dags/example_branch_labels.py
[2024-03-25T21:09:41.435+0000] {logging_mixin.py:188} INFO - [2024-03-25T21:09:41.435+0000] {dag.py:3047} INFO - Sync 1 DAGs
[2024-03-25T21:09:41.474+0000] {logging_mixin.py:188} INFO - [2024-03-25T21:09:41.473+0000] {dag.py:3834} INFO - Setting next_dagrun for example_branch_labels to 2024-03-24 00:00:00+00:00, run_after=2024-03-25 00:00:00+00:00
[2024-03-25T21:09:41.510+0000] {processor.py:183} INFO - Processing /home/airflow/.local/lib/python3.8/site-packages/airflow/example_dags/example_branch_labels.py took 0.263 seconds
[2024-03-25T21:10:12.049+0000] {processor.py:161} INFO - Started process (PID=110) to work on /home/airflow/.local/lib/python3.8/site-packages/airflow/example_dags/example_branch_labels.py
[2024-03-25T21:10:12.052+0000] {processor.py:830} INFO - Processing file /home/airflow/.local/lib/python3.8/site-packages/airflow/example_dags/example_branch_labels.py for tasks to queue
[2024-03-25T21:10:12.054+0000] {logging_mixin.py:188} INFO - [2024-03-25T21:10:12.054+0000] {dagbag.py:540} INFO - Filling up the DagBag from /home/airflow/.local/lib/python3.8/site-packages/airflow/example_dags/example_branch_labels.py
[2024-03-25T21:10:12.071+0000] {processor.py:840} INFO - DAG(s) 'example_branch_labels' retrieved from /home/airflow/.local/lib/python3.8/site-packages/airflow/example_dags/example_branch_labels.py
[2024-03-25T21:10:12.114+0000] {logging_mixin.py:188} INFO - [2024-03-25T21:10:12.114+0000] {dag.py:3047} INFO - Sync 1 DAGs
[2024-03-25T21:10:12.156+0000] {logging_mixin.py:188} INFO - [2024-03-25T21:10:12.155+0000] {dag.py:3834} INFO - Setting next_dagrun for example_branch_labels to 2024-03-24 00:00:00+00:00, run_after=2024-03-25 00:00:00+00:00
[2024-03-25T21:10:12.192+0000] {processor.py:183} INFO - Processing /home/airflow/.local/lib/python3.8/site-packages/airflow/example_dags/example_branch_labels.py took 0.150 seconds
[2024-03-25T21:10:42.481+0000] {processor.py:161} INFO - Started process (PID=166) to work on /home/airflow/.local/lib/python3.8/site-packages/airflow/example_dags/example_branch_labels.py
[2024-03-25T21:10:42.483+0000] {processor.py:830} INFO - Processing file /home/airflow/.local/lib/python3.8/site-packages/airflow/example_dags/example_branch_labels.py for tasks to queue
[2024-03-25T21:10:42.486+0000] {logging_mixin.py:188} INFO - [2024-03-25T21:10:42.485+0000] {dagbag.py:540} INFO - Filling up the DagBag from /home/airflow/.local/lib/python3.8/site-packages/airflow/example_dags/example_branch_labels.py
[2024-03-25T21:10:42.498+0000] {processor.py:840} INFO - DAG(s) 'example_branch_labels' retrieved from /home/airflow/.local/lib/python3.8/site-packages/airflow/example_dags/example_branch_labels.py
[2024-03-25T21:10:42.533+0000] {logging_mixin.py:188} INFO - [2024-03-25T21:10:42.533+0000] {dag.py:3047} INFO - Sync 1 DAGs
[2024-03-25T21:10:42.568+0000] {logging_mixin.py:188} INFO - [2024-03-25T21:10:42.568+0000] {dag.py:3834} INFO - Setting next_dagrun for example_branch_labels to 2024-03-24 00:00:00+00:00, run_after=2024-03-25 00:00:00+00:00
[2024-03-25T21:10:42.596+0000] {processor.py:183} INFO - Processing /home/airflow/.local/lib/python3.8/site-packages/airflow/example_dags/example_branch_labels.py took 0.120 seconds
[2024-03-25T21:11:12.749+0000] {processor.py:161} INFO - Started process (PID=222) to work on /home/airflow/.local/lib/python3.8/site-packages/airflow/example_dags/example_branch_labels.py
[2024-03-25T21:11:12.751+0000] {processor.py:830} INFO - Processing file /home/airflow/.local/lib/python3.8/site-packages/airflow/example_dags/example_branch_labels.py for tasks to queue
[2024-03-25T21:11:12.754+0000] {logging_mixin.py:188} INFO - [2024-03-25T21:11:12.753+0000] {dagbag.py:540} INFO - Filling up the DagBag from /home/airflow/.local/lib/python3.8/site-packages/airflow/example_dags/example_branch_labels.py
[2024-03-25T21:11:12.767+0000] {processor.py:840} INFO - DAG(s) 'example_branch_labels' retrieved from /home/airflow/.local/lib/python3.8/site-packages/airflow/example_dags/example_branch_labels.py
[2024-03-25T21:11:12.800+0000] {logging_mixin.py:188} INFO - [2024-03-25T21:11:12.800+0000] {dag.py:3047} INFO - Sync 1 DAGs
[2024-03-25T21:11:12.836+0000] {logging_mixin.py:188} INFO - [2024-03-25T21:11:12.836+0000] {dag.py:3834} INFO - Setting next_dagrun for example_branch_labels to 2024-03-24 00:00:00+00:00, run_after=2024-03-25 00:00:00+00:00
[2024-03-25T21:11:12.862+0000] {processor.py:183} INFO - Processing /home/airflow/.local/lib/python3.8/site-packages/airflow/example_dags/example_branch_labels.py took 0.119 seconds
[2024-03-25T21:11:42.908+0000] {processor.py:161} INFO - Started process (PID=278) to work on /home/airflow/.local/lib/python3.8/site-packages/airflow/example_dags/example_branch_labels.py
[2024-03-25T21:11:42.910+0000] {processor.py:830} INFO - Processing file /home/airflow/.local/lib/python3.8/site-packages/airflow/example_dags/example_branch_labels.py for tasks to queue
[2024-03-25T21:11:42.913+0000] {logging_mixin.py:188} INFO - [2024-03-25T21:11:42.912+0000] {dagbag.py:540} INFO - Filling up the DagBag from /home/airflow/.local/lib/python3.8/site-packages/airflow/example_dags/example_branch_labels.py
[2024-03-25T21:11:42.926+0000] {processor.py:840} INFO - DAG(s) 'example_branch_labels' retrieved from /home/airflow/.local/lib/python3.8/site-packages/airflow/example_dags/example_branch_labels.py
[2024-03-25T21:11:42.962+0000] {logging_mixin.py:188} INFO - [2024-03-25T21:11:42.962+0000] {dag.py:3047} INFO - Sync 1 DAGs
[2024-03-25T21:11:43.002+0000] {logging_mixin.py:188} INFO - [2024-03-25T21:11:43.001+0000] {dag.py:3834} INFO - Setting next_dagrun for example_branch_labels to 2024-03-24 00:00:00+00:00, run_after=2024-03-25 00:00:00+00:00
[2024-03-25T21:11:43.028+0000] {processor.py:183} INFO - Processing /home/airflow/.local/lib/python3.8/site-packages/airflow/example_dags/example_branch_labels.py took 0.126 seconds
[2024-03-25T21:12:13.242+0000] {processor.py:161} INFO - Started process (PID=334) to work on /home/airflow/.local/lib/python3.8/site-packages/airflow/example_dags/example_branch_labels.py
[2024-03-25T21:12:13.244+0000] {processor.py:830} INFO - Processing file /home/airflow/.local/lib/python3.8/site-packages/airflow/example_dags/example_branch_labels.py for tasks to queue
[2024-03-25T21:12:13.247+0000] {logging_mixin.py:188} INFO - [2024-03-25T21:12:13.247+0000] {dagbag.py:540} INFO - Filling up the DagBag from /home/airflow/.local/lib/python3.8/site-packages/airflow/example_dags/example_branch_labels.py
[2024-03-25T21:12:13.260+0000] {processor.py:840} INFO - DAG(s) 'example_branch_labels' retrieved from /home/airflow/.local/lib/python3.8/site-packages/airflow/example_dags/example_branch_labels.py
[2024-03-25T21:12:13.296+0000] {logging_mixin.py:188} INFO - [2024-03-25T21:12:13.296+0000] {dag.py:3047} INFO - Sync 1 DAGs
[2024-03-25T21:12:13.330+0000] {logging_mixin.py:188} INFO - [2024-03-25T21:12:13.330+0000] {dag.py:3834} INFO - Setting next_dagrun for example_branch_labels to 2024-03-24 00:00:00+00:00, run_after=2024-03-25 00:00:00+00:00
[2024-03-25T21:12:13.357+0000] {processor.py:183} INFO - Processing /home/airflow/.local/lib/python3.8/site-packages/airflow/example_dags/example_branch_labels.py took 0.121 seconds
[2024-03-25T21:12:43.681+0000] {processor.py:161} INFO - Started process (PID=390) to work on /home/airflow/.local/lib/python3.8/site-packages/airflow/example_dags/example_branch_labels.py
[2024-03-25T21:12:43.683+0000] {processor.py:830} INFO - Processing file /home/airflow/.local/lib/python3.8/site-packages/airflow/example_dags/example_branch_labels.py for tasks to queue
[2024-03-25T21:12:43.687+0000] {logging_mixin.py:188} INFO - [2024-03-25T21:12:43.687+0000] {dagbag.py:540} INFO - Filling up the DagBag from /home/airflow/.local/lib/python3.8/site-packages/airflow/example_dags/example_branch_labels.py
[2024-03-25T21:12:43.708+0000] {processor.py:840} INFO - DAG(s) 'example_branch_labels' retrieved from /home/airflow/.local/lib/python3.8/site-packages/airflow/example_dags/example_branch_labels.py
[2024-03-25T21:12:43.747+0000] {logging_mixin.py:188} INFO - [2024-03-25T21:12:43.747+0000] {dag.py:3047} INFO - Sync 1 DAGs
[2024-03-25T21:12:43.785+0000] {logging_mixin.py:188} INFO - [2024-03-25T21:12:43.785+0000] {dag.py:3834} INFO - Setting next_dagrun for example_branch_labels to 2024-03-24 00:00:00+00:00, run_after=2024-03-25 00:00:00+00:00
[2024-03-25T21:12:43.810+0000] {processor.py:183} INFO - Processing /home/airflow/.local/lib/python3.8/site-packages/airflow/example_dags/example_branch_labels.py took 0.138 seconds
[2024-03-25T21:13:14.489+0000] {processor.py:161} INFO - Started process (PID=446) to work on /home/airflow/.local/lib/python3.8/site-packages/airflow/example_dags/example_branch_labels.py
[2024-03-25T21:13:14.491+0000] {processor.py:830} INFO - Processing file /home/airflow/.local/lib/python3.8/site-packages/airflow/example_dags/example_branch_labels.py for tasks to queue
[2024-03-25T21:13:14.499+0000] {logging_mixin.py:188} INFO - [2024-03-25T21:13:14.495+0000] {dagbag.py:540} INFO - Filling up the DagBag from /home/airflow/.local/lib/python3.8/site-packages/airflow/example_dags/example_branch_labels.py
[2024-03-25T21:13:14.520+0000] {processor.py:840} INFO - DAG(s) 'example_branch_labels' retrieved from /home/airflow/.local/lib/python3.8/site-packages/airflow/example_dags/example_branch_labels.py
[2024-03-25T21:13:14.576+0000] {logging_mixin.py:188} INFO - [2024-03-25T21:13:14.576+0000] {dag.py:3047} INFO - Sync 1 DAGs
[2024-03-25T21:13:14.623+0000] {logging_mixin.py:188} INFO - [2024-03-25T21:13:14.622+0000] {dag.py:3834} INFO - Setting next_dagrun for example_branch_labels to 2024-03-24 00:00:00+00:00, run_after=2024-03-25 00:00:00+00:00
[2024-03-25T21:13:14.652+0000] {processor.py:183} INFO - Processing /home/airflow/.local/lib/python3.8/site-packages/airflow/example_dags/example_branch_labels.py took 0.170 seconds
[2024-03-25T21:13:44.750+0000] {processor.py:161} INFO - Started process (PID=502) to work on /home/airflow/.local/lib/python3.8/site-packages/airflow/example_dags/example_branch_labels.py
[2024-03-25T21:13:44.752+0000] {processor.py:830} INFO - Processing file /home/airflow/.local/lib/python3.8/site-packages/airflow/example_dags/example_branch_labels.py for tasks to queue
[2024-03-25T21:13:44.758+0000] {logging_mixin.py:188} INFO - [2024-03-25T21:13:44.756+0000] {dagbag.py:540} INFO - Filling up the DagBag from /home/airflow/.local/lib/python3.8/site-packages/airflow/example_dags/example_branch_labels.py
[2024-03-25T21:13:44.776+0000] {processor.py:840} INFO - DAG(s) 'example_branch_labels' retrieved from /home/airflow/.local/lib/python3.8/site-packages/airflow/example_dags/example_branch_labels.py
[2024-03-25T21:13:44.810+0000] {logging_mixin.py:188} INFO - [2024-03-25T21:13:44.809+0000] {dag.py:3047} INFO - Sync 1 DAGs
[2024-03-25T21:13:44.847+0000] {logging_mixin.py:188} INFO - [2024-03-25T21:13:44.846+0000] {dag.py:3834} INFO - Setting next_dagrun for example_branch_labels to 2024-03-24 00:00:00+00:00, run_after=2024-03-25 00:00:00+00:00
[2024-03-25T21:13:44.872+0000] {processor.py:183} INFO - Processing /home/airflow/.local/lib/python3.8/site-packages/airflow/example_dags/example_branch_labels.py took 0.129 seconds
[2024-03-25T21:14:14.934+0000] {processor.py:161} INFO - Started process (PID=558) to work on /home/airflow/.local/lib/python3.8/site-packages/airflow/example_dags/example_branch_labels.py
[2024-03-25T21:14:14.936+0000] {processor.py:830} INFO - Processing file /home/airflow/.local/lib/python3.8/site-packages/airflow/example_dags/example_branch_labels.py for tasks to queue
[2024-03-25T21:14:14.939+0000] {logging_mixin.py:188} INFO - [2024-03-25T21:14:14.938+0000] {dagbag.py:540} INFO - Filling up the DagBag from /home/airflow/.local/lib/python3.8/site-packages/airflow/example_dags/example_branch_labels.py
[2024-03-25T21:14:14.952+0000] {processor.py:840} INFO - DAG(s) 'example_branch_labels' retrieved from /home/airflow/.local/lib/python3.8/site-packages/airflow/example_dags/example_branch_labels.py
[2024-03-25T21:14:14.987+0000] {logging_mixin.py:188} INFO - [2024-03-25T21:14:14.987+0000] {dag.py:3047} INFO - Sync 1 DAGs
[2024-03-25T21:14:15.023+0000] {logging_mixin.py:188} INFO - [2024-03-25T21:14:15.023+0000] {dag.py:3834} INFO - Setting next_dagrun for example_branch_labels to 2024-03-24 00:00:00+00:00, run_after=2024-03-25 00:00:00+00:00
[2024-03-25T21:14:15.052+0000] {processor.py:183} INFO - Processing /home/airflow/.local/lib/python3.8/site-packages/airflow/example_dags/example_branch_labels.py took 0.123 seconds
[2024-03-25T21:14:45.494+0000] {processor.py:161} INFO - Started process (PID=614) to work on /home/airflow/.local/lib/python3.8/site-packages/airflow/example_dags/example_branch_labels.py
[2024-03-25T21:14:45.496+0000] {processor.py:830} INFO - Processing file /home/airflow/.local/lib/python3.8/site-packages/airflow/example_dags/example_branch_labels.py for tasks to queue
[2024-03-25T21:14:45.499+0000] {logging_mixin.py:188} INFO - [2024-03-25T21:14:45.498+0000] {dagbag.py:540} INFO - Filling up the DagBag from /home/airflow/.local/lib/python3.8/site-packages/airflow/example_dags/example_branch_labels.py
[2024-03-25T21:14:45.512+0000] {processor.py:840} INFO - DAG(s) 'example_branch_labels' retrieved from /home/airflow/.local/lib/python3.8/site-packages/airflow/example_dags/example_branch_labels.py
[2024-03-25T21:14:45.553+0000] {logging_mixin.py:188} INFO - [2024-03-25T21:14:45.552+0000] {dag.py:3047} INFO - Sync 1 DAGs
[2024-03-25T21:14:45.596+0000] {logging_mixin.py:188} INFO - [2024-03-25T21:14:45.595+0000] {dag.py:3834} INFO - Setting next_dagrun for example_branch_labels to 2024-03-24 00:00:00+00:00, run_after=2024-03-25 00:00:00+00:00
[2024-03-25T21:14:45.644+0000] {processor.py:183} INFO - Processing /home/airflow/.local/lib/python3.8/site-packages/airflow/example_dags/example_branch_labels.py took 0.156 seconds
[2024-03-25T21:15:16.008+0000] {processor.py:161} INFO - Started process (PID=670) to work on /home/airflow/.local/lib/python3.8/site-packages/airflow/example_dags/example_branch_labels.py
[2024-03-25T21:15:16.009+0000] {processor.py:830} INFO - Processing file /home/airflow/.local/lib/python3.8/site-packages/airflow/example_dags/example_branch_labels.py for tasks to queue
[2024-03-25T21:15:16.012+0000] {logging_mixin.py:188} INFO - [2024-03-25T21:15:16.012+0000] {dagbag.py:540} INFO - Filling up the DagBag from /home/airflow/.local/lib/python3.8/site-packages/airflow/example_dags/example_branch_labels.py
[2024-03-25T21:15:16.027+0000] {processor.py:840} INFO - DAG(s) 'example_branch_labels' retrieved from /home/airflow/.local/lib/python3.8/site-packages/airflow/example_dags/example_branch_labels.py
[2024-03-25T21:15:16.063+0000] {logging_mixin.py:188} INFO - [2024-03-25T21:15:16.063+0000] {dag.py:3047} INFO - Sync 1 DAGs
[2024-03-25T21:15:16.104+0000] {logging_mixin.py:188} INFO - [2024-03-25T21:15:16.104+0000] {dag.py:3834} INFO - Setting next_dagrun for example_branch_labels to 2024-03-24 00:00:00+00:00, run_after=2024-03-25 00:00:00+00:00
[2024-03-25T21:15:16.134+0000] {processor.py:183} INFO - Processing /home/airflow/.local/lib/python3.8/site-packages/airflow/example_dags/example_branch_labels.py took 0.132 seconds
[2024-03-25T21:15:46.878+0000] {processor.py:161} INFO - Started process (PID=726) to work on /home/airflow/.local/lib/python3.8/site-packages/airflow/example_dags/example_branch_labels.py
[2024-03-25T21:15:46.879+0000] {processor.py:830} INFO - Processing file /home/airflow/.local/lib/python3.8/site-packages/airflow/example_dags/example_branch_labels.py for tasks to queue
[2024-03-25T21:15:46.882+0000] {logging_mixin.py:188} INFO - [2024-03-25T21:15:46.882+0000] {dagbag.py:540} INFO - Filling up the DagBag from /home/airflow/.local/lib/python3.8/site-packages/airflow/example_dags/example_branch_labels.py
[2024-03-25T21:15:46.896+0000] {processor.py:840} INFO - DAG(s) 'example_branch_labels' retrieved from /home/airflow/.local/lib/python3.8/site-packages/airflow/example_dags/example_branch_labels.py
[2024-03-25T21:15:46.934+0000] {logging_mixin.py:188} INFO - [2024-03-25T21:15:46.933+0000] {dag.py:3047} INFO - Sync 1 DAGs
[2024-03-25T21:15:46.969+0000] {logging_mixin.py:188} INFO - [2024-03-25T21:15:46.969+0000] {dag.py:3834} INFO - Setting next_dagrun for example_branch_labels to 2024-03-24 00:00:00+00:00, run_after=2024-03-25 00:00:00+00:00
[2024-03-25T21:15:47.000+0000] {processor.py:183} INFO - Processing /home/airflow/.local/lib/python3.8/site-packages/airflow/example_dags/example_branch_labels.py took 0.127 seconds
[2024-03-25T21:16:17.064+0000] {processor.py:161} INFO - Started process (PID=782) to work on /home/airflow/.local/lib/python3.8/site-packages/airflow/example_dags/example_branch_labels.py
[2024-03-25T21:16:17.066+0000] {processor.py:830} INFO - Processing file /home/airflow/.local/lib/python3.8/site-packages/airflow/example_dags/example_branch_labels.py for tasks to queue
[2024-03-25T21:16:17.068+0000] {logging_mixin.py:188} INFO - [2024-03-25T21:16:17.068+0000] {dagbag.py:540} INFO - Filling up the DagBag from /home/airflow/.local/lib/python3.8/site-packages/airflow/example_dags/example_branch_labels.py
[2024-03-25T21:16:17.081+0000] {processor.py:840} INFO - DAG(s) 'example_branch_labels' retrieved from /home/airflow/.local/lib/python3.8/site-packages/airflow/example_dags/example_branch_labels.py
[2024-03-25T21:16:17.116+0000] {logging_mixin.py:188} INFO - [2024-03-25T21:16:17.116+0000] {dag.py:3047} INFO - Sync 1 DAGs
[2024-03-25T21:16:17.150+0000] {logging_mixin.py:188} INFO - [2024-03-25T21:16:17.149+0000] {dag.py:3834} INFO - Setting next_dagrun for example_branch_labels to 2024-03-24 00:00:00+00:00, run_after=2024-03-25 00:00:00+00:00
[2024-03-25T21:16:17.176+0000] {processor.py:183} INFO - Processing /home/airflow/.local/lib/python3.8/site-packages/airflow/example_dags/example_branch_labels.py took 0.117 seconds
[2024-03-25T21:16:47.546+0000] {processor.py:161} INFO - Started process (PID=838) to work on /home/airflow/.local/lib/python3.8/site-packages/airflow/example_dags/example_branch_labels.py
[2024-03-25T21:16:47.548+0000] {processor.py:830} INFO - Processing file /home/airflow/.local/lib/python3.8/site-packages/airflow/example_dags/example_branch_labels.py for tasks to queue
[2024-03-25T21:16:47.550+0000] {logging_mixin.py:188} INFO - [2024-03-25T21:16:47.550+0000] {dagbag.py:540} INFO - Filling up the DagBag from /home/airflow/.local/lib/python3.8/site-packages/airflow/example_dags/example_branch_labels.py
[2024-03-25T21:16:47.564+0000] {processor.py:840} INFO - DAG(s) 'example_branch_labels' retrieved from /home/airflow/.local/lib/python3.8/site-packages/airflow/example_dags/example_branch_labels.py
[2024-03-25T21:16:47.598+0000] {logging_mixin.py:188} INFO - [2024-03-25T21:16:47.598+0000] {dag.py:3047} INFO - Sync 1 DAGs
[2024-03-25T21:16:47.634+0000] {logging_mixin.py:188} INFO - [2024-03-25T21:16:47.634+0000] {dag.py:3834} INFO - Setting next_dagrun for example_branch_labels to 2024-03-24 00:00:00+00:00, run_after=2024-03-25 00:00:00+00:00
[2024-03-25T21:16:47.660+0000] {processor.py:183} INFO - Processing /home/airflow/.local/lib/python3.8/site-packages/airflow/example_dags/example_branch_labels.py took 0.120 seconds
[2024-03-25T21:17:17.699+0000] {processor.py:161} INFO - Started process (PID=894) to work on /home/airflow/.local/lib/python3.8/site-packages/airflow/example_dags/example_branch_labels.py
[2024-03-25T21:17:17.700+0000] {processor.py:830} INFO - Processing file /home/airflow/.local/lib/python3.8/site-packages/airflow/example_dags/example_branch_labels.py for tasks to queue
[2024-03-25T21:17:17.703+0000] {logging_mixin.py:188} INFO - [2024-03-25T21:17:17.703+0000] {dagbag.py:540} INFO - Filling up the DagBag from /home/airflow/.local/lib/python3.8/site-packages/airflow/example_dags/example_branch_labels.py
[2024-03-25T21:17:17.715+0000] {processor.py:840} INFO - DAG(s) 'example_branch_labels' retrieved from /home/airflow/.local/lib/python3.8/site-packages/airflow/example_dags/example_branch_labels.py
[2024-03-25T21:17:17.751+0000] {logging_mixin.py:188} INFO - [2024-03-25T21:17:17.751+0000] {dag.py:3047} INFO - Sync 1 DAGs
[2024-03-25T21:17:17.789+0000] {logging_mixin.py:188} INFO - [2024-03-25T21:17:17.789+0000] {dag.py:3834} INFO - Setting next_dagrun for example_branch_labels to 2024-03-24 00:00:00+00:00, run_after=2024-03-25 00:00:00+00:00
[2024-03-25T21:17:17.820+0000] {processor.py:183} INFO - Processing /home/airflow/.local/lib/python3.8/site-packages/airflow/example_dags/example_branch_labels.py took 0.127 seconds
[2024-03-25T21:17:48.173+0000] {processor.py:161} INFO - Started process (PID=950) to work on /home/airflow/.local/lib/python3.8/site-packages/airflow/example_dags/example_branch_labels.py
[2024-03-25T21:17:48.176+0000] {processor.py:830} INFO - Processing file /home/airflow/.local/lib/python3.8/site-packages/airflow/example_dags/example_branch_labels.py for tasks to queue
[2024-03-25T21:17:48.179+0000] {logging_mixin.py:188} INFO - [2024-03-25T21:17:48.179+0000] {dagbag.py:540} INFO - Filling up the DagBag from /home/airflow/.local/lib/python3.8/site-packages/airflow/example_dags/example_branch_labels.py
[2024-03-25T21:17:48.195+0000] {processor.py:840} INFO - DAG(s) 'example_branch_labels' retrieved from /home/airflow/.local/lib/python3.8/site-packages/airflow/example_dags/example_branch_labels.py
[2024-03-25T21:17:48.236+0000] {logging_mixin.py:188} INFO - [2024-03-25T21:17:48.235+0000] {dag.py:3047} INFO - Sync 1 DAGs
[2024-03-25T21:17:48.293+0000] {logging_mixin.py:188} INFO - [2024-03-25T21:17:48.291+0000] {dag.py:3834} INFO - Setting next_dagrun for example_branch_labels to 2024-03-24 00:00:00+00:00, run_after=2024-03-25 00:00:00+00:00
[2024-03-25T21:17:48.334+0000] {processor.py:183} INFO - Processing /home/airflow/.local/lib/python3.8/site-packages/airflow/example_dags/example_branch_labels.py took 0.166 seconds
[2024-03-25T21:18:18.771+0000] {processor.py:161} INFO - Started process (PID=1006) to work on /home/airflow/.local/lib/python3.8/site-packages/airflow/example_dags/example_branch_labels.py
[2024-03-25T21:18:18.772+0000] {processor.py:830} INFO - Processing file /home/airflow/.local/lib/python3.8/site-packages/airflow/example_dags/example_branch_labels.py for tasks to queue
[2024-03-25T21:18:18.776+0000] {logging_mixin.py:188} INFO - [2024-03-25T21:18:18.776+0000] {dagbag.py:540} INFO - Filling up the DagBag from /home/airflow/.local/lib/python3.8/site-packages/airflow/example_dags/example_branch_labels.py
[2024-03-25T21:18:18.793+0000] {processor.py:840} INFO - DAG(s) 'example_branch_labels' retrieved from /home/airflow/.local/lib/python3.8/site-packages/airflow/example_dags/example_branch_labels.py
[2024-03-25T21:18:18.828+0000] {logging_mixin.py:188} INFO - [2024-03-25T21:18:18.828+0000] {dag.py:3047} INFO - Sync 1 DAGs
[2024-03-25T21:18:18.867+0000] {logging_mixin.py:188} INFO - [2024-03-25T21:18:18.867+0000] {dag.py:3834} INFO - Setting next_dagrun for example_branch_labels to 2024-03-24 00:00:00+00:00, run_after=2024-03-25 00:00:00+00:00
[2024-03-25T21:18:18.901+0000] {processor.py:183} INFO - Processing /home/airflow/.local/lib/python3.8/site-packages/airflow/example_dags/example_branch_labels.py took 0.136 seconds
[2024-03-25T21:18:49.380+0000] {processor.py:161} INFO - Started process (PID=1062) to work on /home/airflow/.local/lib/python3.8/site-packages/airflow/example_dags/example_branch_labels.py
[2024-03-25T21:18:49.382+0000] {processor.py:830} INFO - Processing file /home/airflow/.local/lib/python3.8/site-packages/airflow/example_dags/example_branch_labels.py for tasks to queue
[2024-03-25T21:18:49.385+0000] {logging_mixin.py:188} INFO - [2024-03-25T21:18:49.385+0000] {dagbag.py:540} INFO - Filling up the DagBag from /home/airflow/.local/lib/python3.8/site-packages/airflow/example_dags/example_branch_labels.py
[2024-03-25T21:18:49.398+0000] {processor.py:840} INFO - DAG(s) 'example_branch_labels' retrieved from /home/airflow/.local/lib/python3.8/site-packages/airflow/example_dags/example_branch_labels.py
[2024-03-25T21:18:49.433+0000] {logging_mixin.py:188} INFO - [2024-03-25T21:18:49.432+0000] {dag.py:3047} INFO - Sync 1 DAGs
[2024-03-25T21:18:49.467+0000] {logging_mixin.py:188} INFO - [2024-03-25T21:18:49.467+0000] {dag.py:3834} INFO - Setting next_dagrun for example_branch_labels to 2024-03-24 00:00:00+00:00, run_after=2024-03-25 00:00:00+00:00
[2024-03-25T21:18:49.494+0000] {processor.py:183} INFO - Processing /home/airflow/.local/lib/python3.8/site-packages/airflow/example_dags/example_branch_labels.py took 0.119 seconds
[2024-03-25T21:19:19.771+0000] {processor.py:161} INFO - Started process (PID=1117) to work on /home/airflow/.local/lib/python3.8/site-packages/airflow/example_dags/example_branch_labels.py
[2024-03-25T21:19:19.773+0000] {processor.py:830} INFO - Processing file /home/airflow/.local/lib/python3.8/site-packages/airflow/example_dags/example_branch_labels.py for tasks to queue
[2024-03-25T21:19:19.776+0000] {logging_mixin.py:188} INFO - [2024-03-25T21:19:19.776+0000] {dagbag.py:540} INFO - Filling up the DagBag from /home/airflow/.local/lib/python3.8/site-packages/airflow/example_dags/example_branch_labels.py
[2024-03-25T21:19:19.789+0000] {processor.py:840} INFO - DAG(s) 'example_branch_labels' retrieved from /home/airflow/.local/lib/python3.8/site-packages/airflow/example_dags/example_branch_labels.py
[2024-03-25T21:19:19.823+0000] {logging_mixin.py:188} INFO - [2024-03-25T21:19:19.823+0000] {dag.py:3047} INFO - Sync 1 DAGs
[2024-03-25T21:19:19.859+0000] {logging_mixin.py:188} INFO - [2024-03-25T21:19:19.859+0000] {dag.py:3834} INFO - Setting next_dagrun for example_branch_labels to 2024-03-24 00:00:00+00:00, run_after=2024-03-25 00:00:00+00:00
[2024-03-25T21:19:19.886+0000] {processor.py:183} INFO - Processing /home/airflow/.local/lib/python3.8/site-packages/airflow/example_dags/example_branch_labels.py took 0.120 seconds
[2024-03-25T21:19:50.058+0000] {processor.py:161} INFO - Started process (PID=1173) to work on /home/airflow/.local/lib/python3.8/site-packages/airflow/example_dags/example_branch_labels.py
[2024-03-25T21:19:50.060+0000] {processor.py:830} INFO - Processing file /home/airflow/.local/lib/python3.8/site-packages/airflow/example_dags/example_branch_labels.py for tasks to queue
[2024-03-25T21:19:50.063+0000] {logging_mixin.py:188} INFO - [2024-03-25T21:19:50.062+0000] {dagbag.py:540} INFO - Filling up the DagBag from /home/airflow/.local/lib/python3.8/site-packages/airflow/example_dags/example_branch_labels.py
[2024-03-25T21:19:50.076+0000] {processor.py:840} INFO - DAG(s) 'example_branch_labels' retrieved from /home/airflow/.local/lib/python3.8/site-packages/airflow/example_dags/example_branch_labels.py
[2024-03-25T21:19:50.109+0000] {logging_mixin.py:188} INFO - [2024-03-25T21:19:50.109+0000] {dag.py:3047} INFO - Sync 1 DAGs
[2024-03-25T21:19:50.144+0000] {logging_mixin.py:188} INFO - [2024-03-25T21:19:50.144+0000] {dag.py:3834} INFO - Setting next_dagrun for example_branch_labels to 2024-03-24 00:00:00+00:00, run_after=2024-03-25 00:00:00+00:00
[2024-03-25T21:19:50.169+0000] {processor.py:183} INFO - Processing /home/airflow/.local/lib/python3.8/site-packages/airflow/example_dags/example_branch_labels.py took 0.116 seconds
[2024-03-25T21:20:20.395+0000] {processor.py:161} INFO - Started process (PID=1229) to work on /home/airflow/.local/lib/python3.8/site-packages/airflow/example_dags/example_branch_labels.py
[2024-03-25T21:20:20.397+0000] {processor.py:830} INFO - Processing file /home/airflow/.local/lib/python3.8/site-packages/airflow/example_dags/example_branch_labels.py for tasks to queue
[2024-03-25T21:20:20.400+0000] {logging_mixin.py:188} INFO - [2024-03-25T21:20:20.399+0000] {dagbag.py:540} INFO - Filling up the DagBag from /home/airflow/.local/lib/python3.8/site-packages/airflow/example_dags/example_branch_labels.py
[2024-03-25T21:20:20.413+0000] {processor.py:840} INFO - DAG(s) 'example_branch_labels' retrieved from /home/airflow/.local/lib/python3.8/site-packages/airflow/example_dags/example_branch_labels.py
[2024-03-25T21:20:20.448+0000] {logging_mixin.py:188} INFO - [2024-03-25T21:20:20.447+0000] {dag.py:3047} INFO - Sync 1 DAGs
[2024-03-25T21:20:20.483+0000] {logging_mixin.py:188} INFO - [2024-03-25T21:20:20.483+0000] {dag.py:3834} INFO - Setting next_dagrun for example_branch_labels to 2024-03-24 00:00:00+00:00, run_after=2024-03-25 00:00:00+00:00
[2024-03-25T21:20:20.515+0000] {processor.py:183} INFO - Processing /home/airflow/.local/lib/python3.8/site-packages/airflow/example_dags/example_branch_labels.py took 0.125 seconds
[2024-03-25T21:26:48.225+0000] {processor.py:161} INFO - Started process (PID=1291) to work on /home/airflow/.local/lib/python3.8/site-packages/airflow/example_dags/example_branch_labels.py
[2024-03-25T21:26:48.227+0000] {processor.py:830} INFO - Processing file /home/airflow/.local/lib/python3.8/site-packages/airflow/example_dags/example_branch_labels.py for tasks to queue
[2024-03-25T21:26:48.231+0000] {logging_mixin.py:188} INFO - [2024-03-25T21:26:48.230+0000] {dagbag.py:540} INFO - Filling up the DagBag from /home/airflow/.local/lib/python3.8/site-packages/airflow/example_dags/example_branch_labels.py
[2024-03-25T21:26:48.247+0000] {processor.py:840} INFO - DAG(s) 'example_branch_labels' retrieved from /home/airflow/.local/lib/python3.8/site-packages/airflow/example_dags/example_branch_labels.py
[2024-03-25T21:26:48.296+0000] {logging_mixin.py:188} INFO - [2024-03-25T21:26:48.295+0000] {dag.py:3047} INFO - Sync 1 DAGs
[2024-03-25T21:26:48.346+0000] {logging_mixin.py:188} INFO - [2024-03-25T21:26:48.346+0000] {dag.py:3834} INFO - Setting next_dagrun for example_branch_labels to 2024-03-24 00:00:00+00:00, run_after=2024-03-25 00:00:00+00:00
[2024-03-25T21:26:48.378+0000] {processor.py:183} INFO - Processing /home/airflow/.local/lib/python3.8/site-packages/airflow/example_dags/example_branch_labels.py took 0.159 seconds
[2024-03-25T21:27:20.187+0000] {processor.py:161} INFO - Started process (PID=1347) to work on /home/airflow/.local/lib/python3.8/site-packages/airflow/example_dags/example_branch_labels.py
[2024-03-25T21:27:20.189+0000] {processor.py:830} INFO - Processing file /home/airflow/.local/lib/python3.8/site-packages/airflow/example_dags/example_branch_labels.py for tasks to queue
[2024-03-25T21:27:20.194+0000] {logging_mixin.py:188} INFO - [2024-03-25T21:27:20.194+0000] {dagbag.py:540} INFO - Filling up the DagBag from /home/airflow/.local/lib/python3.8/site-packages/airflow/example_dags/example_branch_labels.py
[2024-03-25T21:27:20.224+0000] {processor.py:840} INFO - DAG(s) 'example_branch_labels' retrieved from /home/airflow/.local/lib/python3.8/site-packages/airflow/example_dags/example_branch_labels.py
[2024-03-25T21:27:20.297+0000] {logging_mixin.py:188} INFO - [2024-03-25T21:27:20.288+0000] {dag.py:3047} INFO - Sync 1 DAGs
[2024-03-25T21:27:20.368+0000] {logging_mixin.py:188} INFO - [2024-03-25T21:27:20.367+0000] {dag.py:3834} INFO - Setting next_dagrun for example_branch_labels to 2024-03-24 00:00:00+00:00, run_after=2024-03-25 00:00:00+00:00
[2024-03-25T21:27:20.434+0000] {processor.py:183} INFO - Processing /home/airflow/.local/lib/python3.8/site-packages/airflow/example_dags/example_branch_labels.py took 0.264 seconds
[2024-03-25T21:27:50.590+0000] {processor.py:161} INFO - Started process (PID=1403) to work on /home/airflow/.local/lib/python3.8/site-packages/airflow/example_dags/example_branch_labels.py
[2024-03-25T21:27:50.592+0000] {processor.py:830} INFO - Processing file /home/airflow/.local/lib/python3.8/site-packages/airflow/example_dags/example_branch_labels.py for tasks to queue
[2024-03-25T21:27:50.596+0000] {logging_mixin.py:188} INFO - [2024-03-25T21:27:50.595+0000] {dagbag.py:540} INFO - Filling up the DagBag from /home/airflow/.local/lib/python3.8/site-packages/airflow/example_dags/example_branch_labels.py
[2024-03-25T21:27:50.612+0000] {processor.py:840} INFO - DAG(s) 'example_branch_labels' retrieved from /home/airflow/.local/lib/python3.8/site-packages/airflow/example_dags/example_branch_labels.py
[2024-03-25T21:27:50.655+0000] {logging_mixin.py:188} INFO - [2024-03-25T21:27:50.654+0000] {dag.py:3047} INFO - Sync 1 DAGs
[2024-03-25T21:27:50.695+0000] {logging_mixin.py:188} INFO - [2024-03-25T21:27:50.695+0000] {dag.py:3834} INFO - Setting next_dagrun for example_branch_labels to 2024-03-24 00:00:00+00:00, run_after=2024-03-25 00:00:00+00:00
[2024-03-25T21:27:50.744+0000] {processor.py:183} INFO - Processing /home/airflow/.local/lib/python3.8/site-packages/airflow/example_dags/example_branch_labels.py took 0.159 seconds
[2024-03-25T21:28:21.115+0000] {processor.py:161} INFO - Started process (PID=1459) to work on /home/airflow/.local/lib/python3.8/site-packages/airflow/example_dags/example_branch_labels.py
[2024-03-25T21:28:21.117+0000] {processor.py:830} INFO - Processing file /home/airflow/.local/lib/python3.8/site-packages/airflow/example_dags/example_branch_labels.py for tasks to queue
[2024-03-25T21:28:21.120+0000] {logging_mixin.py:188} INFO - [2024-03-25T21:28:21.119+0000] {dagbag.py:540} INFO - Filling up the DagBag from /home/airflow/.local/lib/python3.8/site-packages/airflow/example_dags/example_branch_labels.py
[2024-03-25T21:28:21.133+0000] {processor.py:840} INFO - DAG(s) 'example_branch_labels' retrieved from /home/airflow/.local/lib/python3.8/site-packages/airflow/example_dags/example_branch_labels.py
[2024-03-25T21:28:21.168+0000] {logging_mixin.py:188} INFO - [2024-03-25T21:28:21.168+0000] {dag.py:3047} INFO - Sync 1 DAGs
[2024-03-25T21:28:21.204+0000] {logging_mixin.py:188} INFO - [2024-03-25T21:28:21.204+0000] {dag.py:3834} INFO - Setting next_dagrun for example_branch_labels to 2024-03-24 00:00:00+00:00, run_after=2024-03-25 00:00:00+00:00
[2024-03-25T21:28:21.232+0000] {processor.py:183} INFO - Processing /home/airflow/.local/lib/python3.8/site-packages/airflow/example_dags/example_branch_labels.py took 0.122 seconds
