[2024-03-25T21:03:58.873+0000] {processor.py:161} INFO - Started process (PID=75) to work on /home/airflow/.local/lib/python3.8/site-packages/airflow/example_dags/example_external_task_marker_dag.py
[2024-03-25T21:03:58.881+0000] {processor.py:830} INFO - Processing file /home/airflow/.local/lib/python3.8/site-packages/airflow/example_dags/example_external_task_marker_dag.py for tasks to queue
[2024-03-25T21:03:58.886+0000] {logging_mixin.py:188} INFO - [2024-03-25T21:03:58.885+0000] {dagbag.py:540} INFO - Filling up the DagBag from /home/airflow/.local/lib/python3.8/site-packages/airflow/example_dags/example_external_task_marker_dag.py
[2024-03-25T21:03:58.918+0000] {processor.py:840} INFO - DAG(s) 'example_external_task_marker_child', 'example_external_task_marker_parent' retrieved from /home/airflow/.local/lib/python3.8/site-packages/airflow/example_dags/example_external_task_marker_dag.py
[2024-03-25T21:03:58.988+0000] {logging_mixin.py:188} INFO - [2024-03-25T21:03:58.987+0000] {dag.py:3047} INFO - Sync 2 DAGs
[2024-03-25T21:03:59.030+0000] {logging_mixin.py:188} INFO - [2024-03-25T21:03:59.029+0000] {dag.py:3834} INFO - Setting next_dagrun for example_external_task_marker_child to None, run_after=None
[2024-03-25T21:03:59.039+0000] {logging_mixin.py:188} INFO - [2024-03-25T21:03:59.038+0000] {dag.py:3834} INFO - Setting next_dagrun for example_external_task_marker_parent to None, run_after=None
[2024-03-25T21:03:59.089+0000] {processor.py:183} INFO - Processing /home/airflow/.local/lib/python3.8/site-packages/airflow/example_dags/example_external_task_marker_dag.py took 0.225 seconds
[2024-03-25T21:04:30.051+0000] {processor.py:161} INFO - Started process (PID=130) to work on /home/airflow/.local/lib/python3.8/site-packages/airflow/example_dags/example_external_task_marker_dag.py
[2024-03-25T21:04:30.054+0000] {processor.py:830} INFO - Processing file /home/airflow/.local/lib/python3.8/site-packages/airflow/example_dags/example_external_task_marker_dag.py for tasks to queue
[2024-03-25T21:04:30.058+0000] {logging_mixin.py:188} INFO - [2024-03-25T21:04:30.057+0000] {dagbag.py:540} INFO - Filling up the DagBag from /home/airflow/.local/lib/python3.8/site-packages/airflow/example_dags/example_external_task_marker_dag.py
[2024-03-25T21:04:30.074+0000] {processor.py:840} INFO - DAG(s) 'example_external_task_marker_parent', 'example_external_task_marker_child' retrieved from /home/airflow/.local/lib/python3.8/site-packages/airflow/example_dags/example_external_task_marker_dag.py
[2024-03-25T21:04:30.409+0000] {logging_mixin.py:188} INFO - [2024-03-25T21:04:30.408+0000] {dag.py:3047} INFO - Sync 2 DAGs
[2024-03-25T21:04:30.434+0000] {logging_mixin.py:188} INFO - [2024-03-25T21:04:30.433+0000] {dag.py:3834} INFO - Setting next_dagrun for example_external_task_marker_child to None, run_after=None
[2024-03-25T21:04:30.441+0000] {logging_mixin.py:188} INFO - [2024-03-25T21:04:30.440+0000] {dag.py:3834} INFO - Setting next_dagrun for example_external_task_marker_parent to None, run_after=None
[2024-03-25T21:04:30.527+0000] {processor.py:183} INFO - Processing /home/airflow/.local/lib/python3.8/site-packages/airflow/example_dags/example_external_task_marker_dag.py took 0.484 seconds
[2024-03-25T21:05:01.495+0000] {processor.py:161} INFO - Started process (PID=185) to work on /home/airflow/.local/lib/python3.8/site-packages/airflow/example_dags/example_external_task_marker_dag.py
[2024-03-25T21:05:01.497+0000] {processor.py:830} INFO - Processing file /home/airflow/.local/lib/python3.8/site-packages/airflow/example_dags/example_external_task_marker_dag.py for tasks to queue
[2024-03-25T21:05:01.500+0000] {logging_mixin.py:188} INFO - [2024-03-25T21:05:01.500+0000] {dagbag.py:540} INFO - Filling up the DagBag from /home/airflow/.local/lib/python3.8/site-packages/airflow/example_dags/example_external_task_marker_dag.py
[2024-03-25T21:05:01.510+0000] {processor.py:840} INFO - DAG(s) 'example_external_task_marker_child', 'example_external_task_marker_parent' retrieved from /home/airflow/.local/lib/python3.8/site-packages/airflow/example_dags/example_external_task_marker_dag.py
[2024-03-25T21:05:01.549+0000] {logging_mixin.py:188} INFO - [2024-03-25T21:05:01.548+0000] {dag.py:3047} INFO - Sync 2 DAGs
[2024-03-25T21:05:01.569+0000] {logging_mixin.py:188} INFO - [2024-03-25T21:05:01.569+0000] {dag.py:3834} INFO - Setting next_dagrun for example_external_task_marker_child to None, run_after=None
[2024-03-25T21:05:01.575+0000] {logging_mixin.py:188} INFO - [2024-03-25T21:05:01.574+0000] {dag.py:3834} INFO - Setting next_dagrun for example_external_task_marker_parent to None, run_after=None
[2024-03-25T21:05:01.615+0000] {processor.py:183} INFO - Processing /home/airflow/.local/lib/python3.8/site-packages/airflow/example_dags/example_external_task_marker_dag.py took 0.125 seconds
[2024-03-25T21:05:32.213+0000] {processor.py:161} INFO - Started process (PID=240) to work on /home/airflow/.local/lib/python3.8/site-packages/airflow/example_dags/example_external_task_marker_dag.py
[2024-03-25T21:05:32.215+0000] {processor.py:830} INFO - Processing file /home/airflow/.local/lib/python3.8/site-packages/airflow/example_dags/example_external_task_marker_dag.py for tasks to queue
[2024-03-25T21:05:32.219+0000] {logging_mixin.py:188} INFO - [2024-03-25T21:05:32.219+0000] {dagbag.py:540} INFO - Filling up the DagBag from /home/airflow/.local/lib/python3.8/site-packages/airflow/example_dags/example_external_task_marker_dag.py
[2024-03-25T21:05:32.232+0000] {processor.py:840} INFO - DAG(s) 'example_external_task_marker_parent', 'example_external_task_marker_child' retrieved from /home/airflow/.local/lib/python3.8/site-packages/airflow/example_dags/example_external_task_marker_dag.py
[2024-03-25T21:05:32.289+0000] {logging_mixin.py:188} INFO - [2024-03-25T21:05:32.288+0000] {dag.py:3047} INFO - Sync 2 DAGs
[2024-03-25T21:05:32.312+0000] {logging_mixin.py:188} INFO - [2024-03-25T21:05:32.312+0000] {dag.py:3834} INFO - Setting next_dagrun for example_external_task_marker_child to None, run_after=None
[2024-03-25T21:05:32.321+0000] {logging_mixin.py:188} INFO - [2024-03-25T21:05:32.320+0000] {dag.py:3834} INFO - Setting next_dagrun for example_external_task_marker_parent to None, run_after=None
[2024-03-25T21:05:32.351+0000] {processor.py:183} INFO - Processing /home/airflow/.local/lib/python3.8/site-packages/airflow/example_dags/example_external_task_marker_dag.py took 0.143 seconds
[2024-03-25T21:06:02.660+0000] {processor.py:161} INFO - Started process (PID=295) to work on /home/airflow/.local/lib/python3.8/site-packages/airflow/example_dags/example_external_task_marker_dag.py
[2024-03-25T21:06:02.662+0000] {processor.py:830} INFO - Processing file /home/airflow/.local/lib/python3.8/site-packages/airflow/example_dags/example_external_task_marker_dag.py for tasks to queue
[2024-03-25T21:06:02.665+0000] {logging_mixin.py:188} INFO - [2024-03-25T21:06:02.664+0000] {dagbag.py:540} INFO - Filling up the DagBag from /home/airflow/.local/lib/python3.8/site-packages/airflow/example_dags/example_external_task_marker_dag.py
[2024-03-25T21:06:02.675+0000] {processor.py:840} INFO - DAG(s) 'example_external_task_marker_parent', 'example_external_task_marker_child' retrieved from /home/airflow/.local/lib/python3.8/site-packages/airflow/example_dags/example_external_task_marker_dag.py
[2024-03-25T21:06:02.713+0000] {logging_mixin.py:188} INFO - [2024-03-25T21:06:02.713+0000] {dag.py:3047} INFO - Sync 2 DAGs
[2024-03-25T21:06:02.733+0000] {logging_mixin.py:188} INFO - [2024-03-25T21:06:02.732+0000] {dag.py:3834} INFO - Setting next_dagrun for example_external_task_marker_child to None, run_after=None
[2024-03-25T21:06:02.739+0000] {logging_mixin.py:188} INFO - [2024-03-25T21:06:02.739+0000] {dag.py:3834} INFO - Setting next_dagrun for example_external_task_marker_parent to None, run_after=None
[2024-03-25T21:06:02.767+0000] {processor.py:183} INFO - Processing /home/airflow/.local/lib/python3.8/site-packages/airflow/example_dags/example_external_task_marker_dag.py took 0.112 seconds
[2024-03-25T21:06:32.922+0000] {processor.py:161} INFO - Started process (PID=350) to work on /home/airflow/.local/lib/python3.8/site-packages/airflow/example_dags/example_external_task_marker_dag.py
[2024-03-25T21:06:32.923+0000] {processor.py:830} INFO - Processing file /home/airflow/.local/lib/python3.8/site-packages/airflow/example_dags/example_external_task_marker_dag.py for tasks to queue
[2024-03-25T21:06:32.927+0000] {logging_mixin.py:188} INFO - [2024-03-25T21:06:32.926+0000] {dagbag.py:540} INFO - Filling up the DagBag from /home/airflow/.local/lib/python3.8/site-packages/airflow/example_dags/example_external_task_marker_dag.py
[2024-03-25T21:06:32.938+0000] {processor.py:840} INFO - DAG(s) 'example_external_task_marker_parent', 'example_external_task_marker_child' retrieved from /home/airflow/.local/lib/python3.8/site-packages/airflow/example_dags/example_external_task_marker_dag.py
[2024-03-25T21:06:32.986+0000] {logging_mixin.py:188} INFO - [2024-03-25T21:06:32.986+0000] {dag.py:3047} INFO - Sync 2 DAGs
[2024-03-25T21:06:33.007+0000] {logging_mixin.py:188} INFO - [2024-03-25T21:06:33.007+0000] {dag.py:3834} INFO - Setting next_dagrun for example_external_task_marker_child to None, run_after=None
[2024-03-25T21:06:33.013+0000] {logging_mixin.py:188} INFO - [2024-03-25T21:06:33.013+0000] {dag.py:3834} INFO - Setting next_dagrun for example_external_task_marker_parent to None, run_after=None
[2024-03-25T21:06:33.043+0000] {processor.py:183} INFO - Processing /home/airflow/.local/lib/python3.8/site-packages/airflow/example_dags/example_external_task_marker_dag.py took 0.126 seconds
[2024-03-25T21:07:03.220+0000] {processor.py:161} INFO - Started process (PID=405) to work on /home/airflow/.local/lib/python3.8/site-packages/airflow/example_dags/example_external_task_marker_dag.py
[2024-03-25T21:07:03.223+0000] {processor.py:830} INFO - Processing file /home/airflow/.local/lib/python3.8/site-packages/airflow/example_dags/example_external_task_marker_dag.py for tasks to queue
[2024-03-25T21:07:03.227+0000] {logging_mixin.py:188} INFO - [2024-03-25T21:07:03.226+0000] {dagbag.py:540} INFO - Filling up the DagBag from /home/airflow/.local/lib/python3.8/site-packages/airflow/example_dags/example_external_task_marker_dag.py
[2024-03-25T21:07:03.248+0000] {processor.py:840} INFO - DAG(s) 'example_external_task_marker_parent', 'example_external_task_marker_child' retrieved from /home/airflow/.local/lib/python3.8/site-packages/airflow/example_dags/example_external_task_marker_dag.py
[2024-03-25T21:07:03.289+0000] {logging_mixin.py:188} INFO - [2024-03-25T21:07:03.289+0000] {dag.py:3047} INFO - Sync 2 DAGs
[2024-03-25T21:07:03.310+0000] {logging_mixin.py:188} INFO - [2024-03-25T21:07:03.309+0000] {dag.py:3834} INFO - Setting next_dagrun for example_external_task_marker_child to None, run_after=None
[2024-03-25T21:07:03.317+0000] {logging_mixin.py:188} INFO - [2024-03-25T21:07:03.316+0000] {dag.py:3834} INFO - Setting next_dagrun for example_external_task_marker_parent to None, run_after=None
[2024-03-25T21:07:03.347+0000] {processor.py:183} INFO - Processing /home/airflow/.local/lib/python3.8/site-packages/airflow/example_dags/example_external_task_marker_dag.py took 0.140 seconds
[2024-03-25T21:07:33.454+0000] {processor.py:161} INFO - Started process (PID=460) to work on /home/airflow/.local/lib/python3.8/site-packages/airflow/example_dags/example_external_task_marker_dag.py
[2024-03-25T21:07:33.456+0000] {processor.py:830} INFO - Processing file /home/airflow/.local/lib/python3.8/site-packages/airflow/example_dags/example_external_task_marker_dag.py for tasks to queue
[2024-03-25T21:07:33.459+0000] {logging_mixin.py:188} INFO - [2024-03-25T21:07:33.459+0000] {dagbag.py:540} INFO - Filling up the DagBag from /home/airflow/.local/lib/python3.8/site-packages/airflow/example_dags/example_external_task_marker_dag.py
[2024-03-25T21:07:33.470+0000] {processor.py:840} INFO - DAG(s) 'example_external_task_marker_parent', 'example_external_task_marker_child' retrieved from /home/airflow/.local/lib/python3.8/site-packages/airflow/example_dags/example_external_task_marker_dag.py
[2024-03-25T21:07:33.510+0000] {logging_mixin.py:188} INFO - [2024-03-25T21:07:33.509+0000] {dag.py:3047} INFO - Sync 2 DAGs
[2024-03-25T21:07:33.529+0000] {logging_mixin.py:188} INFO - [2024-03-25T21:07:33.529+0000] {dag.py:3834} INFO - Setting next_dagrun for example_external_task_marker_child to None, run_after=None
[2024-03-25T21:07:33.535+0000] {logging_mixin.py:188} INFO - [2024-03-25T21:07:33.535+0000] {dag.py:3834} INFO - Setting next_dagrun for example_external_task_marker_parent to None, run_after=None
[2024-03-25T21:07:33.560+0000] {processor.py:183} INFO - Processing /home/airflow/.local/lib/python3.8/site-packages/airflow/example_dags/example_external_task_marker_dag.py took 0.112 seconds
[2024-03-25T21:08:04.424+0000] {processor.py:161} INFO - Started process (PID=515) to work on /home/airflow/.local/lib/python3.8/site-packages/airflow/example_dags/example_external_task_marker_dag.py
[2024-03-25T21:08:04.426+0000] {processor.py:830} INFO - Processing file /home/airflow/.local/lib/python3.8/site-packages/airflow/example_dags/example_external_task_marker_dag.py for tasks to queue
[2024-03-25T21:08:04.429+0000] {logging_mixin.py:188} INFO - [2024-03-25T21:08:04.429+0000] {dagbag.py:540} INFO - Filling up the DagBag from /home/airflow/.local/lib/python3.8/site-packages/airflow/example_dags/example_external_task_marker_dag.py
[2024-03-25T21:08:04.440+0000] {processor.py:840} INFO - DAG(s) 'example_external_task_marker_child', 'example_external_task_marker_parent' retrieved from /home/airflow/.local/lib/python3.8/site-packages/airflow/example_dags/example_external_task_marker_dag.py
[2024-03-25T21:08:04.482+0000] {logging_mixin.py:188} INFO - [2024-03-25T21:08:04.481+0000] {dag.py:3047} INFO - Sync 2 DAGs
[2024-03-25T21:08:04.506+0000] {logging_mixin.py:188} INFO - [2024-03-25T21:08:04.506+0000] {dag.py:3834} INFO - Setting next_dagrun for example_external_task_marker_child to None, run_after=None
[2024-03-25T21:08:04.513+0000] {logging_mixin.py:188} INFO - [2024-03-25T21:08:04.512+0000] {dag.py:3834} INFO - Setting next_dagrun for example_external_task_marker_parent to None, run_after=None
[2024-03-25T21:08:04.540+0000] {processor.py:183} INFO - Processing /home/airflow/.local/lib/python3.8/site-packages/airflow/example_dags/example_external_task_marker_dag.py took 0.121 seconds
[2024-03-25T21:09:44.278+0000] {processor.py:161} INFO - Started process (PID=70) to work on /home/airflow/.local/lib/python3.8/site-packages/airflow/example_dags/example_external_task_marker_dag.py
[2024-03-25T21:09:44.280+0000] {processor.py:830} INFO - Processing file /home/airflow/.local/lib/python3.8/site-packages/airflow/example_dags/example_external_task_marker_dag.py for tasks to queue
[2024-03-25T21:09:44.283+0000] {logging_mixin.py:188} INFO - [2024-03-25T21:09:44.282+0000] {dagbag.py:540} INFO - Filling up the DagBag from /home/airflow/.local/lib/python3.8/site-packages/airflow/example_dags/example_external_task_marker_dag.py
[2024-03-25T21:09:44.294+0000] {processor.py:840} INFO - DAG(s) 'example_external_task_marker_child', 'example_external_task_marker_parent' retrieved from /home/airflow/.local/lib/python3.8/site-packages/airflow/example_dags/example_external_task_marker_dag.py
[2024-03-25T21:09:44.470+0000] {logging_mixin.py:188} INFO - [2024-03-25T21:09:44.470+0000] {dag.py:3047} INFO - Sync 2 DAGs
[2024-03-25T21:09:44.487+0000] {logging_mixin.py:188} INFO - [2024-03-25T21:09:44.486+0000] {dag.py:3834} INFO - Setting next_dagrun for example_external_task_marker_child to None, run_after=None
[2024-03-25T21:09:44.493+0000] {logging_mixin.py:188} INFO - [2024-03-25T21:09:44.492+0000] {dag.py:3834} INFO - Setting next_dagrun for example_external_task_marker_parent to None, run_after=None
[2024-03-25T21:09:44.522+0000] {processor.py:183} INFO - Processing /home/airflow/.local/lib/python3.8/site-packages/airflow/example_dags/example_external_task_marker_dag.py took 0.250 seconds
[2024-03-25T21:10:15.193+0000] {processor.py:161} INFO - Started process (PID=126) to work on /home/airflow/.local/lib/python3.8/site-packages/airflow/example_dags/example_external_task_marker_dag.py
[2024-03-25T21:10:15.195+0000] {processor.py:830} INFO - Processing file /home/airflow/.local/lib/python3.8/site-packages/airflow/example_dags/example_external_task_marker_dag.py for tasks to queue
[2024-03-25T21:10:15.198+0000] {logging_mixin.py:188} INFO - [2024-03-25T21:10:15.198+0000] {dagbag.py:540} INFO - Filling up the DagBag from /home/airflow/.local/lib/python3.8/site-packages/airflow/example_dags/example_external_task_marker_dag.py
[2024-03-25T21:10:15.210+0000] {processor.py:840} INFO - DAG(s) 'example_external_task_marker_parent', 'example_external_task_marker_child' retrieved from /home/airflow/.local/lib/python3.8/site-packages/airflow/example_dags/example_external_task_marker_dag.py
[2024-03-25T21:10:15.259+0000] {logging_mixin.py:188} INFO - [2024-03-25T21:10:15.258+0000] {dag.py:3047} INFO - Sync 2 DAGs
[2024-03-25T21:10:15.281+0000] {logging_mixin.py:188} INFO - [2024-03-25T21:10:15.280+0000] {dag.py:3834} INFO - Setting next_dagrun for example_external_task_marker_child to None, run_after=None
[2024-03-25T21:10:15.289+0000] {logging_mixin.py:188} INFO - [2024-03-25T21:10:15.289+0000] {dag.py:3834} INFO - Setting next_dagrun for example_external_task_marker_parent to None, run_after=None
[2024-03-25T21:10:15.324+0000] {processor.py:183} INFO - Processing /home/airflow/.local/lib/python3.8/site-packages/airflow/example_dags/example_external_task_marker_dag.py took 0.137 seconds
[2024-03-25T21:10:45.395+0000] {processor.py:161} INFO - Started process (PID=182) to work on /home/airflow/.local/lib/python3.8/site-packages/airflow/example_dags/example_external_task_marker_dag.py
[2024-03-25T21:10:45.397+0000] {processor.py:830} INFO - Processing file /home/airflow/.local/lib/python3.8/site-packages/airflow/example_dags/example_external_task_marker_dag.py for tasks to queue
[2024-03-25T21:10:45.400+0000] {logging_mixin.py:188} INFO - [2024-03-25T21:10:45.400+0000] {dagbag.py:540} INFO - Filling up the DagBag from /home/airflow/.local/lib/python3.8/site-packages/airflow/example_dags/example_external_task_marker_dag.py
[2024-03-25T21:10:45.410+0000] {processor.py:840} INFO - DAG(s) 'example_external_task_marker_parent', 'example_external_task_marker_child' retrieved from /home/airflow/.local/lib/python3.8/site-packages/airflow/example_dags/example_external_task_marker_dag.py
[2024-03-25T21:10:45.448+0000] {logging_mixin.py:188} INFO - [2024-03-25T21:10:45.447+0000] {dag.py:3047} INFO - Sync 2 DAGs
[2024-03-25T21:10:45.468+0000] {logging_mixin.py:188} INFO - [2024-03-25T21:10:45.467+0000] {dag.py:3834} INFO - Setting next_dagrun for example_external_task_marker_child to None, run_after=None
[2024-03-25T21:10:45.475+0000] {logging_mixin.py:188} INFO - [2024-03-25T21:10:45.475+0000] {dag.py:3834} INFO - Setting next_dagrun for example_external_task_marker_parent to None, run_after=None
[2024-03-25T21:10:45.502+0000] {processor.py:183} INFO - Processing /home/airflow/.local/lib/python3.8/site-packages/airflow/example_dags/example_external_task_marker_dag.py took 0.112 seconds
[2024-03-25T21:11:15.650+0000] {processor.py:161} INFO - Started process (PID=238) to work on /home/airflow/.local/lib/python3.8/site-packages/airflow/example_dags/example_external_task_marker_dag.py
[2024-03-25T21:11:15.652+0000] {processor.py:830} INFO - Processing file /home/airflow/.local/lib/python3.8/site-packages/airflow/example_dags/example_external_task_marker_dag.py for tasks to queue
[2024-03-25T21:11:15.655+0000] {logging_mixin.py:188} INFO - [2024-03-25T21:11:15.654+0000] {dagbag.py:540} INFO - Filling up the DagBag from /home/airflow/.local/lib/python3.8/site-packages/airflow/example_dags/example_external_task_marker_dag.py
[2024-03-25T21:11:15.675+0000] {processor.py:840} INFO - DAG(s) 'example_external_task_marker_child', 'example_external_task_marker_parent' retrieved from /home/airflow/.local/lib/python3.8/site-packages/airflow/example_dags/example_external_task_marker_dag.py
[2024-03-25T21:11:15.718+0000] {logging_mixin.py:188} INFO - [2024-03-25T21:11:15.717+0000] {dag.py:3047} INFO - Sync 2 DAGs
[2024-03-25T21:11:15.738+0000] {logging_mixin.py:188} INFO - [2024-03-25T21:11:15.737+0000] {dag.py:3834} INFO - Setting next_dagrun for example_external_task_marker_child to None, run_after=None
[2024-03-25T21:11:15.743+0000] {logging_mixin.py:188} INFO - [2024-03-25T21:11:15.743+0000] {dag.py:3834} INFO - Setting next_dagrun for example_external_task_marker_parent to None, run_after=None
[2024-03-25T21:11:15.771+0000] {processor.py:183} INFO - Processing /home/airflow/.local/lib/python3.8/site-packages/airflow/example_dags/example_external_task_marker_dag.py took 0.127 seconds
[2024-03-25T21:11:45.877+0000] {processor.py:161} INFO - Started process (PID=294) to work on /home/airflow/.local/lib/python3.8/site-packages/airflow/example_dags/example_external_task_marker_dag.py
[2024-03-25T21:11:45.878+0000] {processor.py:830} INFO - Processing file /home/airflow/.local/lib/python3.8/site-packages/airflow/example_dags/example_external_task_marker_dag.py for tasks to queue
[2024-03-25T21:11:45.882+0000] {logging_mixin.py:188} INFO - [2024-03-25T21:11:45.881+0000] {dagbag.py:540} INFO - Filling up the DagBag from /home/airflow/.local/lib/python3.8/site-packages/airflow/example_dags/example_external_task_marker_dag.py
[2024-03-25T21:11:45.892+0000] {processor.py:840} INFO - DAG(s) 'example_external_task_marker_child', 'example_external_task_marker_parent' retrieved from /home/airflow/.local/lib/python3.8/site-packages/airflow/example_dags/example_external_task_marker_dag.py
[2024-03-25T21:11:45.933+0000] {logging_mixin.py:188} INFO - [2024-03-25T21:11:45.933+0000] {dag.py:3047} INFO - Sync 2 DAGs
[2024-03-25T21:11:45.953+0000] {logging_mixin.py:188} INFO - [2024-03-25T21:11:45.952+0000] {dag.py:3834} INFO - Setting next_dagrun for example_external_task_marker_child to None, run_after=None
[2024-03-25T21:11:45.959+0000] {logging_mixin.py:188} INFO - [2024-03-25T21:11:45.958+0000] {dag.py:3834} INFO - Setting next_dagrun for example_external_task_marker_parent to None, run_after=None
[2024-03-25T21:11:45.984+0000] {processor.py:183} INFO - Processing /home/airflow/.local/lib/python3.8/site-packages/airflow/example_dags/example_external_task_marker_dag.py took 0.112 seconds
[2024-03-25T21:12:16.757+0000] {processor.py:161} INFO - Started process (PID=350) to work on /home/airflow/.local/lib/python3.8/site-packages/airflow/example_dags/example_external_task_marker_dag.py
[2024-03-25T21:12:16.759+0000] {processor.py:830} INFO - Processing file /home/airflow/.local/lib/python3.8/site-packages/airflow/example_dags/example_external_task_marker_dag.py for tasks to queue
[2024-03-25T21:12:16.762+0000] {logging_mixin.py:188} INFO - [2024-03-25T21:12:16.761+0000] {dagbag.py:540} INFO - Filling up the DagBag from /home/airflow/.local/lib/python3.8/site-packages/airflow/example_dags/example_external_task_marker_dag.py
[2024-03-25T21:12:16.771+0000] {processor.py:840} INFO - DAG(s) 'example_external_task_marker_child', 'example_external_task_marker_parent' retrieved from /home/airflow/.local/lib/python3.8/site-packages/airflow/example_dags/example_external_task_marker_dag.py
[2024-03-25T21:12:16.811+0000] {logging_mixin.py:188} INFO - [2024-03-25T21:12:16.810+0000] {dag.py:3047} INFO - Sync 2 DAGs
[2024-03-25T21:12:16.832+0000] {logging_mixin.py:188} INFO - [2024-03-25T21:12:16.832+0000] {dag.py:3834} INFO - Setting next_dagrun for example_external_task_marker_child to None, run_after=None
[2024-03-25T21:12:16.838+0000] {logging_mixin.py:188} INFO - [2024-03-25T21:12:16.838+0000] {dag.py:3834} INFO - Setting next_dagrun for example_external_task_marker_parent to None, run_after=None
[2024-03-25T21:12:16.864+0000] {processor.py:183} INFO - Processing /home/airflow/.local/lib/python3.8/site-packages/airflow/example_dags/example_external_task_marker_dag.py took 0.112 seconds
[2024-03-25T21:12:47.290+0000] {processor.py:161} INFO - Started process (PID=406) to work on /home/airflow/.local/lib/python3.8/site-packages/airflow/example_dags/example_external_task_marker_dag.py
[2024-03-25T21:12:47.292+0000] {processor.py:830} INFO - Processing file /home/airflow/.local/lib/python3.8/site-packages/airflow/example_dags/example_external_task_marker_dag.py for tasks to queue
[2024-03-25T21:12:47.296+0000] {logging_mixin.py:188} INFO - [2024-03-25T21:12:47.295+0000] {dagbag.py:540} INFO - Filling up the DagBag from /home/airflow/.local/lib/python3.8/site-packages/airflow/example_dags/example_external_task_marker_dag.py
[2024-03-25T21:12:47.305+0000] {processor.py:840} INFO - DAG(s) 'example_external_task_marker_child', 'example_external_task_marker_parent' retrieved from /home/airflow/.local/lib/python3.8/site-packages/airflow/example_dags/example_external_task_marker_dag.py
[2024-03-25T21:12:47.342+0000] {logging_mixin.py:188} INFO - [2024-03-25T21:12:47.342+0000] {dag.py:3047} INFO - Sync 2 DAGs
[2024-03-25T21:12:47.363+0000] {logging_mixin.py:188} INFO - [2024-03-25T21:12:47.363+0000] {dag.py:3834} INFO - Setting next_dagrun for example_external_task_marker_child to None, run_after=None
[2024-03-25T21:12:47.369+0000] {logging_mixin.py:188} INFO - [2024-03-25T21:12:47.369+0000] {dag.py:3834} INFO - Setting next_dagrun for example_external_task_marker_parent to None, run_after=None
[2024-03-25T21:12:47.393+0000] {processor.py:183} INFO - Processing /home/airflow/.local/lib/python3.8/site-packages/airflow/example_dags/example_external_task_marker_dag.py took 0.108 seconds
[2024-03-25T21:13:18.008+0000] {processor.py:161} INFO - Started process (PID=462) to work on /home/airflow/.local/lib/python3.8/site-packages/airflow/example_dags/example_external_task_marker_dag.py
[2024-03-25T21:13:18.010+0000] {processor.py:830} INFO - Processing file /home/airflow/.local/lib/python3.8/site-packages/airflow/example_dags/example_external_task_marker_dag.py for tasks to queue
[2024-03-25T21:13:18.013+0000] {logging_mixin.py:188} INFO - [2024-03-25T21:13:18.012+0000] {dagbag.py:540} INFO - Filling up the DagBag from /home/airflow/.local/lib/python3.8/site-packages/airflow/example_dags/example_external_task_marker_dag.py
[2024-03-25T21:13:18.022+0000] {processor.py:840} INFO - DAG(s) 'example_external_task_marker_child', 'example_external_task_marker_parent' retrieved from /home/airflow/.local/lib/python3.8/site-packages/airflow/example_dags/example_external_task_marker_dag.py
[2024-03-25T21:13:18.059+0000] {logging_mixin.py:188} INFO - [2024-03-25T21:13:18.059+0000] {dag.py:3047} INFO - Sync 2 DAGs
[2024-03-25T21:13:18.080+0000] {logging_mixin.py:188} INFO - [2024-03-25T21:13:18.080+0000] {dag.py:3834} INFO - Setting next_dagrun for example_external_task_marker_child to None, run_after=None
[2024-03-25T21:13:18.086+0000] {logging_mixin.py:188} INFO - [2024-03-25T21:13:18.086+0000] {dag.py:3834} INFO - Setting next_dagrun for example_external_task_marker_parent to None, run_after=None
[2024-03-25T21:13:18.112+0000] {processor.py:183} INFO - Processing /home/airflow/.local/lib/python3.8/site-packages/airflow/example_dags/example_external_task_marker_dag.py took 0.109 seconds
[2024-03-25T21:13:48.664+0000] {processor.py:161} INFO - Started process (PID=524) to work on /home/airflow/.local/lib/python3.8/site-packages/airflow/example_dags/example_external_task_marker_dag.py
[2024-03-25T21:13:48.667+0000] {processor.py:830} INFO - Processing file /home/airflow/.local/lib/python3.8/site-packages/airflow/example_dags/example_external_task_marker_dag.py for tasks to queue
[2024-03-25T21:13:48.674+0000] {logging_mixin.py:188} INFO - [2024-03-25T21:13:48.672+0000] {dagbag.py:540} INFO - Filling up the DagBag from /home/airflow/.local/lib/python3.8/site-packages/airflow/example_dags/example_external_task_marker_dag.py
[2024-03-25T21:13:48.692+0000] {processor.py:840} INFO - DAG(s) 'example_external_task_marker_parent', 'example_external_task_marker_child' retrieved from /home/airflow/.local/lib/python3.8/site-packages/airflow/example_dags/example_external_task_marker_dag.py
[2024-03-25T21:13:48.743+0000] {logging_mixin.py:188} INFO - [2024-03-25T21:13:48.742+0000] {dag.py:3047} INFO - Sync 2 DAGs
[2024-03-25T21:13:48.780+0000] {logging_mixin.py:188} INFO - [2024-03-25T21:13:48.780+0000] {dag.py:3834} INFO - Setting next_dagrun for example_external_task_marker_child to None, run_after=None
[2024-03-25T21:13:48.789+0000] {logging_mixin.py:188} INFO - [2024-03-25T21:13:48.789+0000] {dag.py:3834} INFO - Setting next_dagrun for example_external_task_marker_parent to None, run_after=None
[2024-03-25T21:13:48.821+0000] {processor.py:183} INFO - Processing /home/airflow/.local/lib/python3.8/site-packages/airflow/example_dags/example_external_task_marker_dag.py took 0.172 seconds
[2024-03-25T21:14:19.565+0000] {processor.py:161} INFO - Started process (PID=580) to work on /home/airflow/.local/lib/python3.8/site-packages/airflow/example_dags/example_external_task_marker_dag.py
[2024-03-25T21:14:19.567+0000] {processor.py:830} INFO - Processing file /home/airflow/.local/lib/python3.8/site-packages/airflow/example_dags/example_external_task_marker_dag.py for tasks to queue
[2024-03-25T21:14:19.572+0000] {logging_mixin.py:188} INFO - [2024-03-25T21:14:19.571+0000] {dagbag.py:540} INFO - Filling up the DagBag from /home/airflow/.local/lib/python3.8/site-packages/airflow/example_dags/example_external_task_marker_dag.py
[2024-03-25T21:14:19.586+0000] {processor.py:840} INFO - DAG(s) 'example_external_task_marker_child', 'example_external_task_marker_parent' retrieved from /home/airflow/.local/lib/python3.8/site-packages/airflow/example_dags/example_external_task_marker_dag.py
[2024-03-25T21:14:19.635+0000] {logging_mixin.py:188} INFO - [2024-03-25T21:14:19.634+0000] {dag.py:3047} INFO - Sync 2 DAGs
[2024-03-25T21:14:19.671+0000] {logging_mixin.py:188} INFO - [2024-03-25T21:14:19.670+0000] {dag.py:3834} INFO - Setting next_dagrun for example_external_task_marker_child to None, run_after=None
[2024-03-25T21:14:19.688+0000] {logging_mixin.py:188} INFO - [2024-03-25T21:14:19.688+0000] {dag.py:3834} INFO - Setting next_dagrun for example_external_task_marker_parent to None, run_after=None
[2024-03-25T21:14:19.739+0000] {processor.py:183} INFO - Processing /home/airflow/.local/lib/python3.8/site-packages/airflow/example_dags/example_external_task_marker_dag.py took 0.182 seconds
[2024-03-25T21:14:50.413+0000] {processor.py:161} INFO - Started process (PID=636) to work on /home/airflow/.local/lib/python3.8/site-packages/airflow/example_dags/example_external_task_marker_dag.py
[2024-03-25T21:14:50.415+0000] {processor.py:830} INFO - Processing file /home/airflow/.local/lib/python3.8/site-packages/airflow/example_dags/example_external_task_marker_dag.py for tasks to queue
[2024-03-25T21:14:50.420+0000] {logging_mixin.py:188} INFO - [2024-03-25T21:14:50.419+0000] {dagbag.py:540} INFO - Filling up the DagBag from /home/airflow/.local/lib/python3.8/site-packages/airflow/example_dags/example_external_task_marker_dag.py
[2024-03-25T21:14:50.434+0000] {processor.py:840} INFO - DAG(s) 'example_external_task_marker_parent', 'example_external_task_marker_child' retrieved from /home/airflow/.local/lib/python3.8/site-packages/airflow/example_dags/example_external_task_marker_dag.py
[2024-03-25T21:14:50.491+0000] {logging_mixin.py:188} INFO - [2024-03-25T21:14:50.490+0000] {dag.py:3047} INFO - Sync 2 DAGs
[2024-03-25T21:14:50.526+0000] {logging_mixin.py:188} INFO - [2024-03-25T21:14:50.525+0000] {dag.py:3834} INFO - Setting next_dagrun for example_external_task_marker_child to None, run_after=None
[2024-03-25T21:14:50.534+0000] {logging_mixin.py:188} INFO - [2024-03-25T21:14:50.534+0000] {dag.py:3834} INFO - Setting next_dagrun for example_external_task_marker_parent to None, run_after=None
[2024-03-25T21:14:50.580+0000] {processor.py:183} INFO - Processing /home/airflow/.local/lib/python3.8/site-packages/airflow/example_dags/example_external_task_marker_dag.py took 0.174 seconds
[2024-03-25T21:15:20.906+0000] {processor.py:161} INFO - Started process (PID=692) to work on /home/airflow/.local/lib/python3.8/site-packages/airflow/example_dags/example_external_task_marker_dag.py
[2024-03-25T21:15:20.909+0000] {processor.py:830} INFO - Processing file /home/airflow/.local/lib/python3.8/site-packages/airflow/example_dags/example_external_task_marker_dag.py for tasks to queue
[2024-03-25T21:15:20.913+0000] {logging_mixin.py:188} INFO - [2024-03-25T21:15:20.913+0000] {dagbag.py:540} INFO - Filling up the DagBag from /home/airflow/.local/lib/python3.8/site-packages/airflow/example_dags/example_external_task_marker_dag.py
[2024-03-25T21:15:20.929+0000] {processor.py:840} INFO - DAG(s) 'example_external_task_marker_child', 'example_external_task_marker_parent' retrieved from /home/airflow/.local/lib/python3.8/site-packages/airflow/example_dags/example_external_task_marker_dag.py
[2024-03-25T21:15:20.988+0000] {logging_mixin.py:188} INFO - [2024-03-25T21:15:20.988+0000] {dag.py:3047} INFO - Sync 2 DAGs
[2024-03-25T21:15:21.012+0000] {logging_mixin.py:188} INFO - [2024-03-25T21:15:21.012+0000] {dag.py:3834} INFO - Setting next_dagrun for example_external_task_marker_child to None, run_after=None
[2024-03-25T21:15:21.019+0000] {logging_mixin.py:188} INFO - [2024-03-25T21:15:21.018+0000] {dag.py:3834} INFO - Setting next_dagrun for example_external_task_marker_parent to None, run_after=None
[2024-03-25T21:15:21.052+0000] {processor.py:183} INFO - Processing /home/airflow/.local/lib/python3.8/site-packages/airflow/example_dags/example_external_task_marker_dag.py took 0.152 seconds
[2024-03-25T21:15:51.340+0000] {processor.py:161} INFO - Started process (PID=748) to work on /home/airflow/.local/lib/python3.8/site-packages/airflow/example_dags/example_external_task_marker_dag.py
[2024-03-25T21:15:51.342+0000] {processor.py:830} INFO - Processing file /home/airflow/.local/lib/python3.8/site-packages/airflow/example_dags/example_external_task_marker_dag.py for tasks to queue
[2024-03-25T21:15:51.345+0000] {logging_mixin.py:188} INFO - [2024-03-25T21:15:51.345+0000] {dagbag.py:540} INFO - Filling up the DagBag from /home/airflow/.local/lib/python3.8/site-packages/airflow/example_dags/example_external_task_marker_dag.py
[2024-03-25T21:15:51.354+0000] {processor.py:840} INFO - DAG(s) 'example_external_task_marker_child', 'example_external_task_marker_parent' retrieved from /home/airflow/.local/lib/python3.8/site-packages/airflow/example_dags/example_external_task_marker_dag.py
[2024-03-25T21:15:51.391+0000] {logging_mixin.py:188} INFO - [2024-03-25T21:15:51.390+0000] {dag.py:3047} INFO - Sync 2 DAGs
[2024-03-25T21:15:51.411+0000] {logging_mixin.py:188} INFO - [2024-03-25T21:15:51.410+0000] {dag.py:3834} INFO - Setting next_dagrun for example_external_task_marker_child to None, run_after=None
[2024-03-25T21:15:51.416+0000] {logging_mixin.py:188} INFO - [2024-03-25T21:15:51.416+0000] {dag.py:3834} INFO - Setting next_dagrun for example_external_task_marker_parent to None, run_after=None
[2024-03-25T21:15:51.444+0000] {processor.py:183} INFO - Processing /home/airflow/.local/lib/python3.8/site-packages/airflow/example_dags/example_external_task_marker_dag.py took 0.108 seconds
[2024-03-25T21:16:21.731+0000] {processor.py:161} INFO - Started process (PID=804) to work on /home/airflow/.local/lib/python3.8/site-packages/airflow/example_dags/example_external_task_marker_dag.py
[2024-03-25T21:16:21.733+0000] {processor.py:830} INFO - Processing file /home/airflow/.local/lib/python3.8/site-packages/airflow/example_dags/example_external_task_marker_dag.py for tasks to queue
[2024-03-25T21:16:21.736+0000] {logging_mixin.py:188} INFO - [2024-03-25T21:16:21.736+0000] {dagbag.py:540} INFO - Filling up the DagBag from /home/airflow/.local/lib/python3.8/site-packages/airflow/example_dags/example_external_task_marker_dag.py
[2024-03-25T21:16:21.745+0000] {processor.py:840} INFO - DAG(s) 'example_external_task_marker_child', 'example_external_task_marker_parent' retrieved from /home/airflow/.local/lib/python3.8/site-packages/airflow/example_dags/example_external_task_marker_dag.py
[2024-03-25T21:16:21.781+0000] {logging_mixin.py:188} INFO - [2024-03-25T21:16:21.781+0000] {dag.py:3047} INFO - Sync 2 DAGs
[2024-03-25T21:16:21.801+0000] {logging_mixin.py:188} INFO - [2024-03-25T21:16:21.801+0000] {dag.py:3834} INFO - Setting next_dagrun for example_external_task_marker_child to None, run_after=None
[2024-03-25T21:16:21.807+0000] {logging_mixin.py:188} INFO - [2024-03-25T21:16:21.807+0000] {dag.py:3834} INFO - Setting next_dagrun for example_external_task_marker_parent to None, run_after=None
[2024-03-25T21:16:21.832+0000] {processor.py:183} INFO - Processing /home/airflow/.local/lib/python3.8/site-packages/airflow/example_dags/example_external_task_marker_dag.py took 0.106 seconds
[2024-03-25T21:16:52.150+0000] {processor.py:161} INFO - Started process (PID=860) to work on /home/airflow/.local/lib/python3.8/site-packages/airflow/example_dags/example_external_task_marker_dag.py
[2024-03-25T21:16:52.152+0000] {processor.py:830} INFO - Processing file /home/airflow/.local/lib/python3.8/site-packages/airflow/example_dags/example_external_task_marker_dag.py for tasks to queue
[2024-03-25T21:16:52.155+0000] {logging_mixin.py:188} INFO - [2024-03-25T21:16:52.154+0000] {dagbag.py:540} INFO - Filling up the DagBag from /home/airflow/.local/lib/python3.8/site-packages/airflow/example_dags/example_external_task_marker_dag.py
[2024-03-25T21:16:52.165+0000] {processor.py:840} INFO - DAG(s) 'example_external_task_marker_child', 'example_external_task_marker_parent' retrieved from /home/airflow/.local/lib/python3.8/site-packages/airflow/example_dags/example_external_task_marker_dag.py
[2024-03-25T21:16:52.210+0000] {logging_mixin.py:188} INFO - [2024-03-25T21:16:52.209+0000] {dag.py:3047} INFO - Sync 2 DAGs
[2024-03-25T21:16:52.230+0000] {logging_mixin.py:188} INFO - [2024-03-25T21:16:52.229+0000] {dag.py:3834} INFO - Setting next_dagrun for example_external_task_marker_child to None, run_after=None
[2024-03-25T21:16:52.236+0000] {logging_mixin.py:188} INFO - [2024-03-25T21:16:52.235+0000] {dag.py:3834} INFO - Setting next_dagrun for example_external_task_marker_parent to None, run_after=None
[2024-03-25T21:16:52.262+0000] {processor.py:183} INFO - Processing /home/airflow/.local/lib/python3.8/site-packages/airflow/example_dags/example_external_task_marker_dag.py took 0.118 seconds
[2024-03-25T21:17:22.599+0000] {processor.py:161} INFO - Started process (PID=916) to work on /home/airflow/.local/lib/python3.8/site-packages/airflow/example_dags/example_external_task_marker_dag.py
[2024-03-25T21:17:22.601+0000] {processor.py:830} INFO - Processing file /home/airflow/.local/lib/python3.8/site-packages/airflow/example_dags/example_external_task_marker_dag.py for tasks to queue
[2024-03-25T21:17:22.603+0000] {logging_mixin.py:188} INFO - [2024-03-25T21:17:22.603+0000] {dagbag.py:540} INFO - Filling up the DagBag from /home/airflow/.local/lib/python3.8/site-packages/airflow/example_dags/example_external_task_marker_dag.py
[2024-03-25T21:17:22.613+0000] {processor.py:840} INFO - DAG(s) 'example_external_task_marker_parent', 'example_external_task_marker_child' retrieved from /home/airflow/.local/lib/python3.8/site-packages/airflow/example_dags/example_external_task_marker_dag.py
[2024-03-25T21:17:22.653+0000] {logging_mixin.py:188} INFO - [2024-03-25T21:17:22.653+0000] {dag.py:3047} INFO - Sync 2 DAGs
[2024-03-25T21:17:22.673+0000] {logging_mixin.py:188} INFO - [2024-03-25T21:17:22.672+0000] {dag.py:3834} INFO - Setting next_dagrun for example_external_task_marker_child to None, run_after=None
[2024-03-25T21:17:22.679+0000] {logging_mixin.py:188} INFO - [2024-03-25T21:17:22.678+0000] {dag.py:3834} INFO - Setting next_dagrun for example_external_task_marker_parent to None, run_after=None
[2024-03-25T21:17:22.707+0000] {processor.py:183} INFO - Processing /home/airflow/.local/lib/python3.8/site-packages/airflow/example_dags/example_external_task_marker_dag.py took 0.113 seconds
[2024-03-25T21:17:53.485+0000] {processor.py:161} INFO - Started process (PID=972) to work on /home/airflow/.local/lib/python3.8/site-packages/airflow/example_dags/example_external_task_marker_dag.py
[2024-03-25T21:17:53.487+0000] {processor.py:830} INFO - Processing file /home/airflow/.local/lib/python3.8/site-packages/airflow/example_dags/example_external_task_marker_dag.py for tasks to queue
[2024-03-25T21:17:53.491+0000] {logging_mixin.py:188} INFO - [2024-03-25T21:17:53.490+0000] {dagbag.py:540} INFO - Filling up the DagBag from /home/airflow/.local/lib/python3.8/site-packages/airflow/example_dags/example_external_task_marker_dag.py
[2024-03-25T21:17:53.501+0000] {processor.py:840} INFO - DAG(s) 'example_external_task_marker_parent', 'example_external_task_marker_child' retrieved from /home/airflow/.local/lib/python3.8/site-packages/airflow/example_dags/example_external_task_marker_dag.py
[2024-03-25T21:17:53.555+0000] {logging_mixin.py:188} INFO - [2024-03-25T21:17:53.555+0000] {dag.py:3047} INFO - Sync 2 DAGs
[2024-03-25T21:17:53.581+0000] {logging_mixin.py:188} INFO - [2024-03-25T21:17:53.581+0000] {dag.py:3834} INFO - Setting next_dagrun for example_external_task_marker_child to None, run_after=None
[2024-03-25T21:17:53.589+0000] {logging_mixin.py:188} INFO - [2024-03-25T21:17:53.588+0000] {dag.py:3834} INFO - Setting next_dagrun for example_external_task_marker_parent to None, run_after=None
[2024-03-25T21:17:53.620+0000] {processor.py:183} INFO - Processing /home/airflow/.local/lib/python3.8/site-packages/airflow/example_dags/example_external_task_marker_dag.py took 0.141 seconds
[2024-03-25T21:18:24.118+0000] {processor.py:161} INFO - Started process (PID=1028) to work on /home/airflow/.local/lib/python3.8/site-packages/airflow/example_dags/example_external_task_marker_dag.py
[2024-03-25T21:18:24.120+0000] {processor.py:830} INFO - Processing file /home/airflow/.local/lib/python3.8/site-packages/airflow/example_dags/example_external_task_marker_dag.py for tasks to queue
[2024-03-25T21:18:24.122+0000] {logging_mixin.py:188} INFO - [2024-03-25T21:18:24.122+0000] {dagbag.py:540} INFO - Filling up the DagBag from /home/airflow/.local/lib/python3.8/site-packages/airflow/example_dags/example_external_task_marker_dag.py
[2024-03-25T21:18:24.132+0000] {processor.py:840} INFO - DAG(s) 'example_external_task_marker_child', 'example_external_task_marker_parent' retrieved from /home/airflow/.local/lib/python3.8/site-packages/airflow/example_dags/example_external_task_marker_dag.py
[2024-03-25T21:18:24.170+0000] {logging_mixin.py:188} INFO - [2024-03-25T21:18:24.169+0000] {dag.py:3047} INFO - Sync 2 DAGs
[2024-03-25T21:18:24.194+0000] {logging_mixin.py:188} INFO - [2024-03-25T21:18:24.193+0000] {dag.py:3834} INFO - Setting next_dagrun for example_external_task_marker_child to None, run_after=None
[2024-03-25T21:18:24.200+0000] {logging_mixin.py:188} INFO - [2024-03-25T21:18:24.200+0000] {dag.py:3834} INFO - Setting next_dagrun for example_external_task_marker_parent to None, run_after=None
[2024-03-25T21:18:24.226+0000] {processor.py:183} INFO - Processing /home/airflow/.local/lib/python3.8/site-packages/airflow/example_dags/example_external_task_marker_dag.py took 0.114 seconds
[2024-03-25T21:18:55.136+0000] {processor.py:161} INFO - Started process (PID=1083) to work on /home/airflow/.local/lib/python3.8/site-packages/airflow/example_dags/example_external_task_marker_dag.py
[2024-03-25T21:18:55.137+0000] {processor.py:830} INFO - Processing file /home/airflow/.local/lib/python3.8/site-packages/airflow/example_dags/example_external_task_marker_dag.py for tasks to queue
[2024-03-25T21:18:55.140+0000] {logging_mixin.py:188} INFO - [2024-03-25T21:18:55.140+0000] {dagbag.py:540} INFO - Filling up the DagBag from /home/airflow/.local/lib/python3.8/site-packages/airflow/example_dags/example_external_task_marker_dag.py
[2024-03-25T21:18:55.154+0000] {processor.py:840} INFO - DAG(s) 'example_external_task_marker_child', 'example_external_task_marker_parent' retrieved from /home/airflow/.local/lib/python3.8/site-packages/airflow/example_dags/example_external_task_marker_dag.py
[2024-03-25T21:18:55.196+0000] {logging_mixin.py:188} INFO - [2024-03-25T21:18:55.195+0000] {dag.py:3047} INFO - Sync 2 DAGs
[2024-03-25T21:18:55.216+0000] {logging_mixin.py:188} INFO - [2024-03-25T21:18:55.216+0000] {dag.py:3834} INFO - Setting next_dagrun for example_external_task_marker_child to None, run_after=None
[2024-03-25T21:18:55.221+0000] {logging_mixin.py:188} INFO - [2024-03-25T21:18:55.221+0000] {dag.py:3834} INFO - Setting next_dagrun for example_external_task_marker_parent to None, run_after=None
[2024-03-25T21:18:55.248+0000] {processor.py:183} INFO - Processing /home/airflow/.local/lib/python3.8/site-packages/airflow/example_dags/example_external_task_marker_dag.py took 0.118 seconds
[2024-03-25T21:19:25.300+0000] {processor.py:161} INFO - Started process (PID=1139) to work on /home/airflow/.local/lib/python3.8/site-packages/airflow/example_dags/example_external_task_marker_dag.py
[2024-03-25T21:19:25.302+0000] {processor.py:830} INFO - Processing file /home/airflow/.local/lib/python3.8/site-packages/airflow/example_dags/example_external_task_marker_dag.py for tasks to queue
[2024-03-25T21:19:25.307+0000] {logging_mixin.py:188} INFO - [2024-03-25T21:19:25.306+0000] {dagbag.py:540} INFO - Filling up the DagBag from /home/airflow/.local/lib/python3.8/site-packages/airflow/example_dags/example_external_task_marker_dag.py
[2024-03-25T21:19:25.318+0000] {processor.py:840} INFO - DAG(s) 'example_external_task_marker_child', 'example_external_task_marker_parent' retrieved from /home/airflow/.local/lib/python3.8/site-packages/airflow/example_dags/example_external_task_marker_dag.py
[2024-03-25T21:19:25.357+0000] {logging_mixin.py:188} INFO - [2024-03-25T21:19:25.356+0000] {dag.py:3047} INFO - Sync 2 DAGs
[2024-03-25T21:19:25.380+0000] {logging_mixin.py:188} INFO - [2024-03-25T21:19:25.380+0000] {dag.py:3834} INFO - Setting next_dagrun for example_external_task_marker_child to None, run_after=None
[2024-03-25T21:19:25.387+0000] {logging_mixin.py:188} INFO - [2024-03-25T21:19:25.386+0000] {dag.py:3834} INFO - Setting next_dagrun for example_external_task_marker_parent to None, run_after=None
[2024-03-25T21:19:25.417+0000] {processor.py:183} INFO - Processing /home/airflow/.local/lib/python3.8/site-packages/airflow/example_dags/example_external_task_marker_dag.py took 0.123 seconds
[2024-03-25T21:19:55.669+0000] {processor.py:161} INFO - Started process (PID=1195) to work on /home/airflow/.local/lib/python3.8/site-packages/airflow/example_dags/example_external_task_marker_dag.py
[2024-03-25T21:19:55.670+0000] {processor.py:830} INFO - Processing file /home/airflow/.local/lib/python3.8/site-packages/airflow/example_dags/example_external_task_marker_dag.py for tasks to queue
[2024-03-25T21:19:55.673+0000] {logging_mixin.py:188} INFO - [2024-03-25T21:19:55.673+0000] {dagbag.py:540} INFO - Filling up the DagBag from /home/airflow/.local/lib/python3.8/site-packages/airflow/example_dags/example_external_task_marker_dag.py
[2024-03-25T21:19:55.682+0000] {processor.py:840} INFO - DAG(s) 'example_external_task_marker_parent', 'example_external_task_marker_child' retrieved from /home/airflow/.local/lib/python3.8/site-packages/airflow/example_dags/example_external_task_marker_dag.py
[2024-03-25T21:19:55.720+0000] {logging_mixin.py:188} INFO - [2024-03-25T21:19:55.720+0000] {dag.py:3047} INFO - Sync 2 DAGs
[2024-03-25T21:19:55.740+0000] {logging_mixin.py:188} INFO - [2024-03-25T21:19:55.740+0000] {dag.py:3834} INFO - Setting next_dagrun for example_external_task_marker_child to None, run_after=None
[2024-03-25T21:19:55.745+0000] {logging_mixin.py:188} INFO - [2024-03-25T21:19:55.745+0000] {dag.py:3834} INFO - Setting next_dagrun for example_external_task_marker_parent to None, run_after=None
[2024-03-25T21:19:55.769+0000] {processor.py:183} INFO - Processing /home/airflow/.local/lib/python3.8/site-packages/airflow/example_dags/example_external_task_marker_dag.py took 0.106 seconds
[2024-03-25T21:20:26.181+0000] {processor.py:161} INFO - Started process (PID=1251) to work on /home/airflow/.local/lib/python3.8/site-packages/airflow/example_dags/example_external_task_marker_dag.py
[2024-03-25T21:20:26.183+0000] {processor.py:830} INFO - Processing file /home/airflow/.local/lib/python3.8/site-packages/airflow/example_dags/example_external_task_marker_dag.py for tasks to queue
[2024-03-25T21:20:26.187+0000] {logging_mixin.py:188} INFO - [2024-03-25T21:20:26.186+0000] {dagbag.py:540} INFO - Filling up the DagBag from /home/airflow/.local/lib/python3.8/site-packages/airflow/example_dags/example_external_task_marker_dag.py
[2024-03-25T21:20:26.204+0000] {processor.py:840} INFO - DAG(s) 'example_external_task_marker_child', 'example_external_task_marker_parent' retrieved from /home/airflow/.local/lib/python3.8/site-packages/airflow/example_dags/example_external_task_marker_dag.py
[2024-03-25T21:20:26.269+0000] {logging_mixin.py:188} INFO - [2024-03-25T21:20:26.268+0000] {dag.py:3047} INFO - Sync 2 DAGs
[2024-03-25T21:20:26.295+0000] {logging_mixin.py:188} INFO - [2024-03-25T21:20:26.295+0000] {dag.py:3834} INFO - Setting next_dagrun for example_external_task_marker_child to None, run_after=None
[2024-03-25T21:20:26.302+0000] {logging_mixin.py:188} INFO - [2024-03-25T21:20:26.302+0000] {dag.py:3834} INFO - Setting next_dagrun for example_external_task_marker_parent to None, run_after=None
[2024-03-25T21:20:26.348+0000] {processor.py:183} INFO - Processing /home/airflow/.local/lib/python3.8/site-packages/airflow/example_dags/example_external_task_marker_dag.py took 0.172 seconds
[2024-03-25T21:26:50.504+0000] {processor.py:161} INFO - Started process (PID=1307) to work on /home/airflow/.local/lib/python3.8/site-packages/airflow/example_dags/example_external_task_marker_dag.py
[2024-03-25T21:26:50.506+0000] {processor.py:830} INFO - Processing file /home/airflow/.local/lib/python3.8/site-packages/airflow/example_dags/example_external_task_marker_dag.py for tasks to queue
[2024-03-25T21:26:50.510+0000] {logging_mixin.py:188} INFO - [2024-03-25T21:26:50.509+0000] {dagbag.py:540} INFO - Filling up the DagBag from /home/airflow/.local/lib/python3.8/site-packages/airflow/example_dags/example_external_task_marker_dag.py
[2024-03-25T21:26:50.521+0000] {processor.py:840} INFO - DAG(s) 'example_external_task_marker_parent', 'example_external_task_marker_child' retrieved from /home/airflow/.local/lib/python3.8/site-packages/airflow/example_dags/example_external_task_marker_dag.py
[2024-03-25T21:26:50.574+0000] {logging_mixin.py:188} INFO - [2024-03-25T21:26:50.574+0000] {dag.py:3047} INFO - Sync 2 DAGs
[2024-03-25T21:26:50.608+0000] {logging_mixin.py:188} INFO - [2024-03-25T21:26:50.608+0000] {dag.py:3834} INFO - Setting next_dagrun for example_external_task_marker_child to None, run_after=None
[2024-03-25T21:26:50.617+0000] {logging_mixin.py:188} INFO - [2024-03-25T21:26:50.617+0000] {dag.py:3834} INFO - Setting next_dagrun for example_external_task_marker_parent to None, run_after=None
[2024-03-25T21:26:50.658+0000] {processor.py:183} INFO - Processing /home/airflow/.local/lib/python3.8/site-packages/airflow/example_dags/example_external_task_marker_dag.py took 0.160 seconds
[2024-03-25T21:27:22.793+0000] {processor.py:161} INFO - Started process (PID=1363) to work on /home/airflow/.local/lib/python3.8/site-packages/airflow/example_dags/example_external_task_marker_dag.py
[2024-03-25T21:27:22.796+0000] {processor.py:830} INFO - Processing file /home/airflow/.local/lib/python3.8/site-packages/airflow/example_dags/example_external_task_marker_dag.py for tasks to queue
[2024-03-25T21:27:22.801+0000] {logging_mixin.py:188} INFO - [2024-03-25T21:27:22.800+0000] {dagbag.py:540} INFO - Filling up the DagBag from /home/airflow/.local/lib/python3.8/site-packages/airflow/example_dags/example_external_task_marker_dag.py
[2024-03-25T21:27:22.823+0000] {processor.py:840} INFO - DAG(s) 'example_external_task_marker_child', 'example_external_task_marker_parent' retrieved from /home/airflow/.local/lib/python3.8/site-packages/airflow/example_dags/example_external_task_marker_dag.py
[2024-03-25T21:27:22.903+0000] {logging_mixin.py:188} INFO - [2024-03-25T21:27:22.903+0000] {dag.py:3047} INFO - Sync 2 DAGs
[2024-03-25T21:27:22.958+0000] {logging_mixin.py:188} INFO - [2024-03-25T21:27:22.958+0000] {dag.py:3834} INFO - Setting next_dagrun for example_external_task_marker_child to None, run_after=None
[2024-03-25T21:27:22.978+0000] {logging_mixin.py:188} INFO - [2024-03-25T21:27:22.977+0000] {dag.py:3834} INFO - Setting next_dagrun for example_external_task_marker_parent to None, run_after=None
[2024-03-25T21:27:23.028+0000] {processor.py:183} INFO - Processing /home/airflow/.local/lib/python3.8/site-packages/airflow/example_dags/example_external_task_marker_dag.py took 0.242 seconds
[2024-03-25T21:27:53.114+0000] {processor.py:161} INFO - Started process (PID=1419) to work on /home/airflow/.local/lib/python3.8/site-packages/airflow/example_dags/example_external_task_marker_dag.py
[2024-03-25T21:27:53.116+0000] {processor.py:830} INFO - Processing file /home/airflow/.local/lib/python3.8/site-packages/airflow/example_dags/example_external_task_marker_dag.py for tasks to queue
[2024-03-25T21:27:53.119+0000] {logging_mixin.py:188} INFO - [2024-03-25T21:27:53.118+0000] {dagbag.py:540} INFO - Filling up the DagBag from /home/airflow/.local/lib/python3.8/site-packages/airflow/example_dags/example_external_task_marker_dag.py
[2024-03-25T21:27:53.128+0000] {processor.py:840} INFO - DAG(s) 'example_external_task_marker_child', 'example_external_task_marker_parent' retrieved from /home/airflow/.local/lib/python3.8/site-packages/airflow/example_dags/example_external_task_marker_dag.py
[2024-03-25T21:27:53.166+0000] {logging_mixin.py:188} INFO - [2024-03-25T21:27:53.166+0000] {dag.py:3047} INFO - Sync 2 DAGs
[2024-03-25T21:27:53.187+0000] {logging_mixin.py:188} INFO - [2024-03-25T21:27:53.186+0000] {dag.py:3834} INFO - Setting next_dagrun for example_external_task_marker_child to None, run_after=None
[2024-03-25T21:27:53.192+0000] {logging_mixin.py:188} INFO - [2024-03-25T21:27:53.192+0000] {dag.py:3834} INFO - Setting next_dagrun for example_external_task_marker_parent to None, run_after=None
[2024-03-25T21:27:53.220+0000] {processor.py:183} INFO - Processing /home/airflow/.local/lib/python3.8/site-packages/airflow/example_dags/example_external_task_marker_dag.py took 0.111 seconds
[2024-03-25T21:28:23.881+0000] {processor.py:161} INFO - Started process (PID=1475) to work on /home/airflow/.local/lib/python3.8/site-packages/airflow/example_dags/example_external_task_marker_dag.py
[2024-03-25T21:28:23.883+0000] {processor.py:830} INFO - Processing file /home/airflow/.local/lib/python3.8/site-packages/airflow/example_dags/example_external_task_marker_dag.py for tasks to queue
[2024-03-25T21:28:23.886+0000] {logging_mixin.py:188} INFO - [2024-03-25T21:28:23.886+0000] {dagbag.py:540} INFO - Filling up the DagBag from /home/airflow/.local/lib/python3.8/site-packages/airflow/example_dags/example_external_task_marker_dag.py
[2024-03-25T21:28:23.897+0000] {processor.py:840} INFO - DAG(s) 'example_external_task_marker_parent', 'example_external_task_marker_child' retrieved from /home/airflow/.local/lib/python3.8/site-packages/airflow/example_dags/example_external_task_marker_dag.py
[2024-03-25T21:28:23.935+0000] {logging_mixin.py:188} INFO - [2024-03-25T21:28:23.934+0000] {dag.py:3047} INFO - Sync 2 DAGs
[2024-03-25T21:28:23.956+0000] {logging_mixin.py:188} INFO - [2024-03-25T21:28:23.956+0000] {dag.py:3834} INFO - Setting next_dagrun for example_external_task_marker_child to None, run_after=None
[2024-03-25T21:28:23.963+0000] {logging_mixin.py:188} INFO - [2024-03-25T21:28:23.962+0000] {dag.py:3834} INFO - Setting next_dagrun for example_external_task_marker_parent to None, run_after=None
[2024-03-25T21:28:23.989+0000] {processor.py:183} INFO - Processing /home/airflow/.local/lib/python3.8/site-packages/airflow/example_dags/example_external_task_marker_dag.py took 0.112 seconds
