[2024-03-25T21:03:48.084+0000] {processor.py:161} INFO - Started process (PID=53) to work on /home/airflow/.local/lib/python3.8/site-packages/airflow/example_dags/example_xcomargs.py
[2024-03-25T21:03:48.104+0000] {processor.py:830} INFO - Processing file /home/airflow/.local/lib/python3.8/site-packages/airflow/example_dags/example_xcomargs.py for tasks to queue
[2024-03-25T21:03:48.111+0000] {logging_mixin.py:188} INFO - [2024-03-25T21:03:48.110+0000] {dagbag.py:540} INFO - Filling up the DagBag from /home/airflow/.local/lib/python3.8/site-packages/airflow/example_dags/example_xcomargs.py
[2024-03-25T21:03:48.223+0000] {processor.py:840} INFO - DAG(s) 'example_xcom_args', 'example_xcom_args_with_operators' retrieved from /home/airflow/.local/lib/python3.8/site-packages/airflow/example_dags/example_xcomargs.py
[2024-03-25T21:03:48.275+0000] {logging_mixin.py:188} INFO - [2024-03-25T21:03:48.274+0000] {dag.py:3047} INFO - Sync 2 DAGs
[2024-03-25T21:03:48.306+0000] {logging_mixin.py:188} INFO - [2024-03-25T21:03:48.305+0000] {dag.py:3834} INFO - Setting next_dagrun for example_xcom_args to None, run_after=None
[2024-03-25T21:03:48.319+0000] {logging_mixin.py:188} INFO - [2024-03-25T21:03:48.318+0000] {dag.py:3834} INFO - Setting next_dagrun for example_xcom_args_with_operators to None, run_after=None
[2024-03-25T21:03:48.382+0000] {processor.py:183} INFO - Processing /home/airflow/.local/lib/python3.8/site-packages/airflow/example_dags/example_xcomargs.py took 0.432 seconds
[2024-03-25T21:04:18.538+0000] {processor.py:161} INFO - Started process (PID=108) to work on /home/airflow/.local/lib/python3.8/site-packages/airflow/example_dags/example_xcomargs.py
[2024-03-25T21:04:18.540+0000] {processor.py:830} INFO - Processing file /home/airflow/.local/lib/python3.8/site-packages/airflow/example_dags/example_xcomargs.py for tasks to queue
[2024-03-25T21:04:18.544+0000] {logging_mixin.py:188} INFO - [2024-03-25T21:04:18.544+0000] {dagbag.py:540} INFO - Filling up the DagBag from /home/airflow/.local/lib/python3.8/site-packages/airflow/example_dags/example_xcomargs.py
[2024-03-25T21:04:18.560+0000] {processor.py:840} INFO - DAG(s) 'example_xcom_args', 'example_xcom_args_with_operators' retrieved from /home/airflow/.local/lib/python3.8/site-packages/airflow/example_dags/example_xcomargs.py
[2024-03-25T21:04:18.839+0000] {logging_mixin.py:188} INFO - [2024-03-25T21:04:18.838+0000] {dag.py:3047} INFO - Sync 2 DAGs
[2024-03-25T21:04:18.871+0000] {logging_mixin.py:188} INFO - [2024-03-25T21:04:18.870+0000] {dag.py:3834} INFO - Setting next_dagrun for example_xcom_args to None, run_after=None
[2024-03-25T21:04:18.877+0000] {logging_mixin.py:188} INFO - [2024-03-25T21:04:18.876+0000] {dag.py:3834} INFO - Setting next_dagrun for example_xcom_args_with_operators to None, run_after=None
[2024-03-25T21:04:18.920+0000] {processor.py:183} INFO - Processing /home/airflow/.local/lib/python3.8/site-packages/airflow/example_dags/example_xcomargs.py took 0.389 seconds
[2024-03-25T21:04:49.670+0000] {processor.py:161} INFO - Started process (PID=163) to work on /home/airflow/.local/lib/python3.8/site-packages/airflow/example_dags/example_xcomargs.py
[2024-03-25T21:04:49.672+0000] {processor.py:830} INFO - Processing file /home/airflow/.local/lib/python3.8/site-packages/airflow/example_dags/example_xcomargs.py for tasks to queue
[2024-03-25T21:04:49.675+0000] {logging_mixin.py:188} INFO - [2024-03-25T21:04:49.675+0000] {dagbag.py:540} INFO - Filling up the DagBag from /home/airflow/.local/lib/python3.8/site-packages/airflow/example_dags/example_xcomargs.py
[2024-03-25T21:04:49.696+0000] {processor.py:840} INFO - DAG(s) 'example_xcom_args_with_operators', 'example_xcom_args' retrieved from /home/airflow/.local/lib/python3.8/site-packages/airflow/example_dags/example_xcomargs.py
[2024-03-25T21:04:49.773+0000] {logging_mixin.py:188} INFO - [2024-03-25T21:04:49.773+0000] {dag.py:3047} INFO - Sync 2 DAGs
[2024-03-25T21:04:49.849+0000] {logging_mixin.py:188} INFO - [2024-03-25T21:04:49.848+0000] {dag.py:3834} INFO - Setting next_dagrun for example_xcom_args to None, run_after=None
[2024-03-25T21:04:49.881+0000] {logging_mixin.py:188} INFO - [2024-03-25T21:04:49.876+0000] {dag.py:3834} INFO - Setting next_dagrun for example_xcom_args_with_operators to None, run_after=None
[2024-03-25T21:04:49.943+0000] {processor.py:183} INFO - Processing /home/airflow/.local/lib/python3.8/site-packages/airflow/example_dags/example_xcomargs.py took 0.279 seconds
[2024-03-25T21:05:20.055+0000] {processor.py:161} INFO - Started process (PID=218) to work on /home/airflow/.local/lib/python3.8/site-packages/airflow/example_dags/example_xcomargs.py
[2024-03-25T21:05:20.057+0000] {processor.py:830} INFO - Processing file /home/airflow/.local/lib/python3.8/site-packages/airflow/example_dags/example_xcomargs.py for tasks to queue
[2024-03-25T21:05:20.060+0000] {logging_mixin.py:188} INFO - [2024-03-25T21:05:20.060+0000] {dagbag.py:540} INFO - Filling up the DagBag from /home/airflow/.local/lib/python3.8/site-packages/airflow/example_dags/example_xcomargs.py
[2024-03-25T21:05:20.074+0000] {processor.py:840} INFO - DAG(s) 'example_xcom_args', 'example_xcom_args_with_operators' retrieved from /home/airflow/.local/lib/python3.8/site-packages/airflow/example_dags/example_xcomargs.py
[2024-03-25T21:05:20.117+0000] {logging_mixin.py:188} INFO - [2024-03-25T21:05:20.117+0000] {dag.py:3047} INFO - Sync 2 DAGs
[2024-03-25T21:05:20.139+0000] {logging_mixin.py:188} INFO - [2024-03-25T21:05:20.138+0000] {dag.py:3834} INFO - Setting next_dagrun for example_xcom_args to None, run_after=None
[2024-03-25T21:05:20.144+0000] {logging_mixin.py:188} INFO - [2024-03-25T21:05:20.144+0000] {dag.py:3834} INFO - Setting next_dagrun for example_xcom_args_with_operators to None, run_after=None
[2024-03-25T21:05:20.177+0000] {processor.py:183} INFO - Processing /home/airflow/.local/lib/python3.8/site-packages/airflow/example_dags/example_xcomargs.py took 0.133 seconds
[2024-03-25T21:05:51.051+0000] {processor.py:161} INFO - Started process (PID=273) to work on /home/airflow/.local/lib/python3.8/site-packages/airflow/example_dags/example_xcomargs.py
[2024-03-25T21:05:51.055+0000] {processor.py:830} INFO - Processing file /home/airflow/.local/lib/python3.8/site-packages/airflow/example_dags/example_xcomargs.py for tasks to queue
[2024-03-25T21:05:51.061+0000] {logging_mixin.py:188} INFO - [2024-03-25T21:05:51.060+0000] {dagbag.py:540} INFO - Filling up the DagBag from /home/airflow/.local/lib/python3.8/site-packages/airflow/example_dags/example_xcomargs.py
[2024-03-25T21:05:51.083+0000] {processor.py:840} INFO - DAG(s) 'example_xcom_args_with_operators', 'example_xcom_args' retrieved from /home/airflow/.local/lib/python3.8/site-packages/airflow/example_dags/example_xcomargs.py
[2024-03-25T21:05:51.123+0000] {logging_mixin.py:188} INFO - [2024-03-25T21:05:51.123+0000] {dag.py:3047} INFO - Sync 2 DAGs
[2024-03-25T21:05:51.144+0000] {logging_mixin.py:188} INFO - [2024-03-25T21:05:51.144+0000] {dag.py:3834} INFO - Setting next_dagrun for example_xcom_args to None, run_after=None
[2024-03-25T21:05:51.152+0000] {logging_mixin.py:188} INFO - [2024-03-25T21:05:51.151+0000] {dag.py:3834} INFO - Setting next_dagrun for example_xcom_args_with_operators to None, run_after=None
[2024-03-25T21:05:51.668+0000] {processor.py:183} INFO - Processing /home/airflow/.local/lib/python3.8/site-packages/airflow/example_dags/example_xcomargs.py took 0.628 seconds
[2024-03-25T21:06:22.412+0000] {processor.py:161} INFO - Started process (PID=328) to work on /home/airflow/.local/lib/python3.8/site-packages/airflow/example_dags/example_xcomargs.py
[2024-03-25T21:06:22.414+0000] {processor.py:830} INFO - Processing file /home/airflow/.local/lib/python3.8/site-packages/airflow/example_dags/example_xcomargs.py for tasks to queue
[2024-03-25T21:06:22.418+0000] {logging_mixin.py:188} INFO - [2024-03-25T21:06:22.417+0000] {dagbag.py:540} INFO - Filling up the DagBag from /home/airflow/.local/lib/python3.8/site-packages/airflow/example_dags/example_xcomargs.py
[2024-03-25T21:06:22.431+0000] {processor.py:840} INFO - DAG(s) 'example_xcom_args_with_operators', 'example_xcom_args' retrieved from /home/airflow/.local/lib/python3.8/site-packages/airflow/example_dags/example_xcomargs.py
[2024-03-25T21:06:22.473+0000] {logging_mixin.py:188} INFO - [2024-03-25T21:06:22.472+0000] {dag.py:3047} INFO - Sync 2 DAGs
[2024-03-25T21:06:22.493+0000] {logging_mixin.py:188} INFO - [2024-03-25T21:06:22.492+0000] {dag.py:3834} INFO - Setting next_dagrun for example_xcom_args to None, run_after=None
[2024-03-25T21:06:22.499+0000] {logging_mixin.py:188} INFO - [2024-03-25T21:06:22.499+0000] {dag.py:3834} INFO - Setting next_dagrun for example_xcom_args_with_operators to None, run_after=None
[2024-03-25T21:06:22.529+0000] {processor.py:183} INFO - Processing /home/airflow/.local/lib/python3.8/site-packages/airflow/example_dags/example_xcomargs.py took 0.123 seconds
[2024-03-25T21:06:52.996+0000] {processor.py:161} INFO - Started process (PID=383) to work on /home/airflow/.local/lib/python3.8/site-packages/airflow/example_dags/example_xcomargs.py
[2024-03-25T21:06:52.998+0000] {processor.py:830} INFO - Processing file /home/airflow/.local/lib/python3.8/site-packages/airflow/example_dags/example_xcomargs.py for tasks to queue
[2024-03-25T21:06:53.001+0000] {logging_mixin.py:188} INFO - [2024-03-25T21:06:53.001+0000] {dagbag.py:540} INFO - Filling up the DagBag from /home/airflow/.local/lib/python3.8/site-packages/airflow/example_dags/example_xcomargs.py
[2024-03-25T21:06:53.014+0000] {processor.py:840} INFO - DAG(s) 'example_xcom_args_with_operators', 'example_xcom_args' retrieved from /home/airflow/.local/lib/python3.8/site-packages/airflow/example_dags/example_xcomargs.py
[2024-03-25T21:06:53.056+0000] {logging_mixin.py:188} INFO - [2024-03-25T21:06:53.056+0000] {dag.py:3047} INFO - Sync 2 DAGs
[2024-03-25T21:06:53.076+0000] {logging_mixin.py:188} INFO - [2024-03-25T21:06:53.075+0000] {dag.py:3834} INFO - Setting next_dagrun for example_xcom_args to None, run_after=None
[2024-03-25T21:06:53.082+0000] {logging_mixin.py:188} INFO - [2024-03-25T21:06:53.081+0000] {dag.py:3834} INFO - Setting next_dagrun for example_xcom_args_with_operators to None, run_after=None
[2024-03-25T21:06:53.108+0000] {processor.py:183} INFO - Processing /home/airflow/.local/lib/python3.8/site-packages/airflow/example_dags/example_xcomargs.py took 0.117 seconds
[2024-03-25T21:07:23.939+0000] {processor.py:161} INFO - Started process (PID=438) to work on /home/airflow/.local/lib/python3.8/site-packages/airflow/example_dags/example_xcomargs.py
[2024-03-25T21:07:23.941+0000] {processor.py:830} INFO - Processing file /home/airflow/.local/lib/python3.8/site-packages/airflow/example_dags/example_xcomargs.py for tasks to queue
[2024-03-25T21:07:23.944+0000] {logging_mixin.py:188} INFO - [2024-03-25T21:07:23.943+0000] {dagbag.py:540} INFO - Filling up the DagBag from /home/airflow/.local/lib/python3.8/site-packages/airflow/example_dags/example_xcomargs.py
[2024-03-25T21:07:23.958+0000] {processor.py:840} INFO - DAG(s) 'example_xcom_args', 'example_xcom_args_with_operators' retrieved from /home/airflow/.local/lib/python3.8/site-packages/airflow/example_dags/example_xcomargs.py
[2024-03-25T21:07:23.998+0000] {logging_mixin.py:188} INFO - [2024-03-25T21:07:23.998+0000] {dag.py:3047} INFO - Sync 2 DAGs
[2024-03-25T21:07:24.018+0000] {logging_mixin.py:188} INFO - [2024-03-25T21:07:24.018+0000] {dag.py:3834} INFO - Setting next_dagrun for example_xcom_args to None, run_after=None
[2024-03-25T21:07:24.026+0000] {logging_mixin.py:188} INFO - [2024-03-25T21:07:24.025+0000] {dag.py:3834} INFO - Setting next_dagrun for example_xcom_args_with_operators to None, run_after=None
[2024-03-25T21:07:24.053+0000] {processor.py:183} INFO - Processing /home/airflow/.local/lib/python3.8/site-packages/airflow/example_dags/example_xcomargs.py took 0.121 seconds
[2024-03-25T21:07:54.217+0000] {processor.py:161} INFO - Started process (PID=493) to work on /home/airflow/.local/lib/python3.8/site-packages/airflow/example_dags/example_xcomargs.py
[2024-03-25T21:07:54.220+0000] {processor.py:830} INFO - Processing file /home/airflow/.local/lib/python3.8/site-packages/airflow/example_dags/example_xcomargs.py for tasks to queue
[2024-03-25T21:07:54.223+0000] {logging_mixin.py:188} INFO - [2024-03-25T21:07:54.223+0000] {dagbag.py:540} INFO - Filling up the DagBag from /home/airflow/.local/lib/python3.8/site-packages/airflow/example_dags/example_xcomargs.py
[2024-03-25T21:07:54.239+0000] {processor.py:840} INFO - DAG(s) 'example_xcom_args_with_operators', 'example_xcom_args' retrieved from /home/airflow/.local/lib/python3.8/site-packages/airflow/example_dags/example_xcomargs.py
[2024-03-25T21:07:54.285+0000] {logging_mixin.py:188} INFO - [2024-03-25T21:07:54.285+0000] {dag.py:3047} INFO - Sync 2 DAGs
[2024-03-25T21:07:54.311+0000] {logging_mixin.py:188} INFO - [2024-03-25T21:07:54.310+0000] {dag.py:3834} INFO - Setting next_dagrun for example_xcom_args to None, run_after=None
[2024-03-25T21:07:54.320+0000] {logging_mixin.py:188} INFO - [2024-03-25T21:07:54.319+0000] {dag.py:3834} INFO - Setting next_dagrun for example_xcom_args_with_operators to None, run_after=None
[2024-03-25T21:07:54.348+0000] {processor.py:183} INFO - Processing /home/airflow/.local/lib/python3.8/site-packages/airflow/example_dags/example_xcomargs.py took 0.137 seconds
[2024-03-25T21:08:24.983+0000] {processor.py:161} INFO - Started process (PID=548) to work on /home/airflow/.local/lib/python3.8/site-packages/airflow/example_dags/example_xcomargs.py
[2024-03-25T21:08:25.005+0000] {processor.py:830} INFO - Processing file /home/airflow/.local/lib/python3.8/site-packages/airflow/example_dags/example_xcomargs.py for tasks to queue
[2024-03-25T21:08:25.022+0000] {logging_mixin.py:188} INFO - [2024-03-25T21:08:25.022+0000] {dagbag.py:540} INFO - Filling up the DagBag from /home/airflow/.local/lib/python3.8/site-packages/airflow/example_dags/example_xcomargs.py
[2024-03-25T21:08:25.048+0000] {processor.py:840} INFO - DAG(s) 'example_xcom_args_with_operators', 'example_xcom_args' retrieved from /home/airflow/.local/lib/python3.8/site-packages/airflow/example_dags/example_xcomargs.py
[2024-03-25T21:08:25.101+0000] {logging_mixin.py:188} INFO - [2024-03-25T21:08:25.100+0000] {dag.py:3047} INFO - Sync 2 DAGs
[2024-03-25T21:08:25.128+0000] {logging_mixin.py:188} INFO - [2024-03-25T21:08:25.127+0000] {dag.py:3834} INFO - Setting next_dagrun for example_xcom_args to None, run_after=None
[2024-03-25T21:08:25.135+0000] {logging_mixin.py:188} INFO - [2024-03-25T21:08:25.134+0000] {dag.py:3834} INFO - Setting next_dagrun for example_xcom_args_with_operators to None, run_after=None
[2024-03-25T21:08:25.164+0000] {processor.py:183} INFO - Processing /home/airflow/.local/lib/python3.8/site-packages/airflow/example_dags/example_xcomargs.py took 0.189 seconds
[2024-03-25T21:09:40.236+0000] {processor.py:161} INFO - Started process (PID=48) to work on /home/airflow/.local/lib/python3.8/site-packages/airflow/example_dags/example_xcomargs.py
[2024-03-25T21:09:40.239+0000] {processor.py:830} INFO - Processing file /home/airflow/.local/lib/python3.8/site-packages/airflow/example_dags/example_xcomargs.py for tasks to queue
[2024-03-25T21:09:40.244+0000] {logging_mixin.py:188} INFO - [2024-03-25T21:09:40.243+0000] {dagbag.py:540} INFO - Filling up the DagBag from /home/airflow/.local/lib/python3.8/site-packages/airflow/example_dags/example_xcomargs.py
[2024-03-25T21:09:40.264+0000] {processor.py:840} INFO - DAG(s) 'example_xcom_args', 'example_xcom_args_with_operators' retrieved from /home/airflow/.local/lib/python3.8/site-packages/airflow/example_dags/example_xcomargs.py
[2024-03-25T21:09:40.519+0000] {logging_mixin.py:188} INFO - [2024-03-25T21:09:40.519+0000] {dag.py:3047} INFO - Sync 2 DAGs
[2024-03-25T21:09:40.539+0000] {logging_mixin.py:188} INFO - [2024-03-25T21:09:40.538+0000] {dag.py:3834} INFO - Setting next_dagrun for example_xcom_args to None, run_after=None
[2024-03-25T21:09:40.544+0000] {logging_mixin.py:188} INFO - [2024-03-25T21:09:40.544+0000] {dag.py:3834} INFO - Setting next_dagrun for example_xcom_args_with_operators to None, run_after=None
[2024-03-25T21:09:40.572+0000] {processor.py:183} INFO - Processing /home/airflow/.local/lib/python3.8/site-packages/airflow/example_dags/example_xcomargs.py took 0.343 seconds
[2024-03-25T21:10:11.178+0000] {processor.py:161} INFO - Started process (PID=104) to work on /home/airflow/.local/lib/python3.8/site-packages/airflow/example_dags/example_xcomargs.py
[2024-03-25T21:10:11.180+0000] {processor.py:830} INFO - Processing file /home/airflow/.local/lib/python3.8/site-packages/airflow/example_dags/example_xcomargs.py for tasks to queue
[2024-03-25T21:10:11.183+0000] {logging_mixin.py:188} INFO - [2024-03-25T21:10:11.183+0000] {dagbag.py:540} INFO - Filling up the DagBag from /home/airflow/.local/lib/python3.8/site-packages/airflow/example_dags/example_xcomargs.py
[2024-03-25T21:10:11.201+0000] {processor.py:840} INFO - DAG(s) 'example_xcom_args', 'example_xcom_args_with_operators' retrieved from /home/airflow/.local/lib/python3.8/site-packages/airflow/example_dags/example_xcomargs.py
[2024-03-25T21:10:11.252+0000] {logging_mixin.py:188} INFO - [2024-03-25T21:10:11.251+0000] {dag.py:3047} INFO - Sync 2 DAGs
[2024-03-25T21:10:11.280+0000] {logging_mixin.py:188} INFO - [2024-03-25T21:10:11.280+0000] {dag.py:3834} INFO - Setting next_dagrun for example_xcom_args to None, run_after=None
[2024-03-25T21:10:11.288+0000] {logging_mixin.py:188} INFO - [2024-03-25T21:10:11.288+0000] {dag.py:3834} INFO - Setting next_dagrun for example_xcom_args_with_operators to None, run_after=None
[2024-03-25T21:10:11.333+0000] {processor.py:183} INFO - Processing /home/airflow/.local/lib/python3.8/site-packages/airflow/example_dags/example_xcomargs.py took 0.162 seconds
[2024-03-25T21:10:41.786+0000] {processor.py:161} INFO - Started process (PID=160) to work on /home/airflow/.local/lib/python3.8/site-packages/airflow/example_dags/example_xcomargs.py
[2024-03-25T21:10:41.787+0000] {processor.py:830} INFO - Processing file /home/airflow/.local/lib/python3.8/site-packages/airflow/example_dags/example_xcomargs.py for tasks to queue
[2024-03-25T21:10:41.791+0000] {logging_mixin.py:188} INFO - [2024-03-25T21:10:41.790+0000] {dagbag.py:540} INFO - Filling up the DagBag from /home/airflow/.local/lib/python3.8/site-packages/airflow/example_dags/example_xcomargs.py
[2024-03-25T21:10:41.805+0000] {processor.py:840} INFO - DAG(s) 'example_xcom_args', 'example_xcom_args_with_operators' retrieved from /home/airflow/.local/lib/python3.8/site-packages/airflow/example_dags/example_xcomargs.py
[2024-03-25T21:10:41.843+0000] {logging_mixin.py:188} INFO - [2024-03-25T21:10:41.843+0000] {dag.py:3047} INFO - Sync 2 DAGs
[2024-03-25T21:10:41.863+0000] {logging_mixin.py:188} INFO - [2024-03-25T21:10:41.863+0000] {dag.py:3834} INFO - Setting next_dagrun for example_xcom_args to None, run_after=None
[2024-03-25T21:10:41.869+0000] {logging_mixin.py:188} INFO - [2024-03-25T21:10:41.869+0000] {dag.py:3834} INFO - Setting next_dagrun for example_xcom_args_with_operators to None, run_after=None
[2024-03-25T21:10:41.894+0000] {processor.py:183} INFO - Processing /home/airflow/.local/lib/python3.8/site-packages/airflow/example_dags/example_xcomargs.py took 0.114 seconds
[2024-03-25T21:11:12.034+0000] {processor.py:161} INFO - Started process (PID=216) to work on /home/airflow/.local/lib/python3.8/site-packages/airflow/example_dags/example_xcomargs.py
[2024-03-25T21:11:12.036+0000] {processor.py:830} INFO - Processing file /home/airflow/.local/lib/python3.8/site-packages/airflow/example_dags/example_xcomargs.py for tasks to queue
[2024-03-25T21:11:12.039+0000] {logging_mixin.py:188} INFO - [2024-03-25T21:11:12.039+0000] {dagbag.py:540} INFO - Filling up the DagBag from /home/airflow/.local/lib/python3.8/site-packages/airflow/example_dags/example_xcomargs.py
[2024-03-25T21:11:12.053+0000] {processor.py:840} INFO - DAG(s) 'example_xcom_args_with_operators', 'example_xcom_args' retrieved from /home/airflow/.local/lib/python3.8/site-packages/airflow/example_dags/example_xcomargs.py
[2024-03-25T21:11:12.090+0000] {logging_mixin.py:188} INFO - [2024-03-25T21:11:12.090+0000] {dag.py:3047} INFO - Sync 2 DAGs
[2024-03-25T21:11:12.111+0000] {logging_mixin.py:188} INFO - [2024-03-25T21:11:12.110+0000] {dag.py:3834} INFO - Setting next_dagrun for example_xcom_args to None, run_after=None
[2024-03-25T21:11:12.117+0000] {logging_mixin.py:188} INFO - [2024-03-25T21:11:12.117+0000] {dag.py:3834} INFO - Setting next_dagrun for example_xcom_args_with_operators to None, run_after=None
[2024-03-25T21:11:12.141+0000] {processor.py:183} INFO - Processing /home/airflow/.local/lib/python3.8/site-packages/airflow/example_dags/example_xcomargs.py took 0.114 seconds
[2024-03-25T21:11:42.411+0000] {processor.py:161} INFO - Started process (PID=272) to work on /home/airflow/.local/lib/python3.8/site-packages/airflow/example_dags/example_xcomargs.py
[2024-03-25T21:11:42.412+0000] {processor.py:830} INFO - Processing file /home/airflow/.local/lib/python3.8/site-packages/airflow/example_dags/example_xcomargs.py for tasks to queue
[2024-03-25T21:11:42.416+0000] {logging_mixin.py:188} INFO - [2024-03-25T21:11:42.415+0000] {dagbag.py:540} INFO - Filling up the DagBag from /home/airflow/.local/lib/python3.8/site-packages/airflow/example_dags/example_xcomargs.py
[2024-03-25T21:11:42.428+0000] {processor.py:840} INFO - DAG(s) 'example_xcom_args_with_operators', 'example_xcom_args' retrieved from /home/airflow/.local/lib/python3.8/site-packages/airflow/example_dags/example_xcomargs.py
[2024-03-25T21:11:42.474+0000] {logging_mixin.py:188} INFO - [2024-03-25T21:11:42.473+0000] {dag.py:3047} INFO - Sync 2 DAGs
[2024-03-25T21:11:42.494+0000] {logging_mixin.py:188} INFO - [2024-03-25T21:11:42.493+0000] {dag.py:3834} INFO - Setting next_dagrun for example_xcom_args to None, run_after=None
[2024-03-25T21:11:42.500+0000] {logging_mixin.py:188} INFO - [2024-03-25T21:11:42.499+0000] {dag.py:3834} INFO - Setting next_dagrun for example_xcom_args_with_operators to None, run_after=None
[2024-03-25T21:11:42.524+0000] {processor.py:183} INFO - Processing /home/airflow/.local/lib/python3.8/site-packages/airflow/example_dags/example_xcomargs.py took 0.119 seconds
[2024-03-25T21:12:12.769+0000] {processor.py:161} INFO - Started process (PID=328) to work on /home/airflow/.local/lib/python3.8/site-packages/airflow/example_dags/example_xcomargs.py
[2024-03-25T21:12:12.771+0000] {processor.py:830} INFO - Processing file /home/airflow/.local/lib/python3.8/site-packages/airflow/example_dags/example_xcomargs.py for tasks to queue
[2024-03-25T21:12:12.775+0000] {logging_mixin.py:188} INFO - [2024-03-25T21:12:12.775+0000] {dagbag.py:540} INFO - Filling up the DagBag from /home/airflow/.local/lib/python3.8/site-packages/airflow/example_dags/example_xcomargs.py
[2024-03-25T21:12:12.789+0000] {processor.py:840} INFO - DAG(s) 'example_xcom_args', 'example_xcom_args_with_operators' retrieved from /home/airflow/.local/lib/python3.8/site-packages/airflow/example_dags/example_xcomargs.py
[2024-03-25T21:12:12.826+0000] {logging_mixin.py:188} INFO - [2024-03-25T21:12:12.826+0000] {dag.py:3047} INFO - Sync 2 DAGs
[2024-03-25T21:12:12.846+0000] {logging_mixin.py:188} INFO - [2024-03-25T21:12:12.846+0000] {dag.py:3834} INFO - Setting next_dagrun for example_xcom_args to None, run_after=None
[2024-03-25T21:12:12.852+0000] {logging_mixin.py:188} INFO - [2024-03-25T21:12:12.852+0000] {dag.py:3834} INFO - Setting next_dagrun for example_xcom_args_with_operators to None, run_after=None
[2024-03-25T21:12:12.877+0000] {processor.py:183} INFO - Processing /home/airflow/.local/lib/python3.8/site-packages/airflow/example_dags/example_xcomargs.py took 0.114 seconds
[2024-03-25T21:12:43.166+0000] {processor.py:161} INFO - Started process (PID=384) to work on /home/airflow/.local/lib/python3.8/site-packages/airflow/example_dags/example_xcomargs.py
[2024-03-25T21:12:43.168+0000] {processor.py:830} INFO - Processing file /home/airflow/.local/lib/python3.8/site-packages/airflow/example_dags/example_xcomargs.py for tasks to queue
[2024-03-25T21:12:43.171+0000] {logging_mixin.py:188} INFO - [2024-03-25T21:12:43.171+0000] {dagbag.py:540} INFO - Filling up the DagBag from /home/airflow/.local/lib/python3.8/site-packages/airflow/example_dags/example_xcomargs.py
[2024-03-25T21:12:43.184+0000] {processor.py:840} INFO - DAG(s) 'example_xcom_args_with_operators', 'example_xcom_args' retrieved from /home/airflow/.local/lib/python3.8/site-packages/airflow/example_dags/example_xcomargs.py
[2024-03-25T21:12:43.222+0000] {logging_mixin.py:188} INFO - [2024-03-25T21:12:43.222+0000] {dag.py:3047} INFO - Sync 2 DAGs
[2024-03-25T21:12:43.243+0000] {logging_mixin.py:188} INFO - [2024-03-25T21:12:43.243+0000] {dag.py:3834} INFO - Setting next_dagrun for example_xcom_args to None, run_after=None
[2024-03-25T21:12:43.251+0000] {logging_mixin.py:188} INFO - [2024-03-25T21:12:43.250+0000] {dag.py:3834} INFO - Setting next_dagrun for example_xcom_args_with_operators to None, run_after=None
[2024-03-25T21:12:43.276+0000] {processor.py:183} INFO - Processing /home/airflow/.local/lib/python3.8/site-packages/airflow/example_dags/example_xcomargs.py took 0.116 seconds
[2024-03-25T21:13:13.925+0000] {processor.py:161} INFO - Started process (PID=440) to work on /home/airflow/.local/lib/python3.8/site-packages/airflow/example_dags/example_xcomargs.py
[2024-03-25T21:13:13.927+0000] {processor.py:830} INFO - Processing file /home/airflow/.local/lib/python3.8/site-packages/airflow/example_dags/example_xcomargs.py for tasks to queue
[2024-03-25T21:13:13.931+0000] {logging_mixin.py:188} INFO - [2024-03-25T21:13:13.930+0000] {dagbag.py:540} INFO - Filling up the DagBag from /home/airflow/.local/lib/python3.8/site-packages/airflow/example_dags/example_xcomargs.py
[2024-03-25T21:13:13.948+0000] {processor.py:840} INFO - DAG(s) 'example_xcom_args_with_operators', 'example_xcom_args' retrieved from /home/airflow/.local/lib/python3.8/site-packages/airflow/example_dags/example_xcomargs.py
[2024-03-25T21:13:13.993+0000] {logging_mixin.py:188} INFO - [2024-03-25T21:13:13.993+0000] {dag.py:3047} INFO - Sync 2 DAGs
[2024-03-25T21:13:14.017+0000] {logging_mixin.py:188} INFO - [2024-03-25T21:13:14.017+0000] {dag.py:3834} INFO - Setting next_dagrun for example_xcom_args to None, run_after=None
[2024-03-25T21:13:14.024+0000] {logging_mixin.py:188} INFO - [2024-03-25T21:13:14.024+0000] {dag.py:3834} INFO - Setting next_dagrun for example_xcom_args_with_operators to None, run_after=None
[2024-03-25T21:13:14.054+0000] {processor.py:183} INFO - Processing /home/airflow/.local/lib/python3.8/site-packages/airflow/example_dags/example_xcomargs.py took 0.135 seconds
[2024-03-25T21:13:44.128+0000] {processor.py:161} INFO - Started process (PID=496) to work on /home/airflow/.local/lib/python3.8/site-packages/airflow/example_dags/example_xcomargs.py
[2024-03-25T21:13:44.130+0000] {processor.py:830} INFO - Processing file /home/airflow/.local/lib/python3.8/site-packages/airflow/example_dags/example_xcomargs.py for tasks to queue
[2024-03-25T21:13:44.133+0000] {logging_mixin.py:188} INFO - [2024-03-25T21:13:44.133+0000] {dagbag.py:540} INFO - Filling up the DagBag from /home/airflow/.local/lib/python3.8/site-packages/airflow/example_dags/example_xcomargs.py
[2024-03-25T21:13:44.145+0000] {processor.py:840} INFO - DAG(s) 'example_xcom_args', 'example_xcom_args_with_operators' retrieved from /home/airflow/.local/lib/python3.8/site-packages/airflow/example_dags/example_xcomargs.py
[2024-03-25T21:13:44.185+0000] {logging_mixin.py:188} INFO - [2024-03-25T21:13:44.185+0000] {dag.py:3047} INFO - Sync 2 DAGs
[2024-03-25T21:13:44.205+0000] {logging_mixin.py:188} INFO - [2024-03-25T21:13:44.205+0000] {dag.py:3834} INFO - Setting next_dagrun for example_xcom_args to None, run_after=None
[2024-03-25T21:13:44.211+0000] {logging_mixin.py:188} INFO - [2024-03-25T21:13:44.211+0000] {dag.py:3834} INFO - Setting next_dagrun for example_xcom_args_with_operators to None, run_after=None
[2024-03-25T21:13:44.237+0000] {processor.py:183} INFO - Processing /home/airflow/.local/lib/python3.8/site-packages/airflow/example_dags/example_xcomargs.py took 0.114 seconds
[2024-03-25T21:14:14.482+0000] {processor.py:161} INFO - Started process (PID=552) to work on /home/airflow/.local/lib/python3.8/site-packages/airflow/example_dags/example_xcomargs.py
[2024-03-25T21:14:14.483+0000] {processor.py:830} INFO - Processing file /home/airflow/.local/lib/python3.8/site-packages/airflow/example_dags/example_xcomargs.py for tasks to queue
[2024-03-25T21:14:14.487+0000] {logging_mixin.py:188} INFO - [2024-03-25T21:14:14.486+0000] {dagbag.py:540} INFO - Filling up the DagBag from /home/airflow/.local/lib/python3.8/site-packages/airflow/example_dags/example_xcomargs.py
[2024-03-25T21:14:14.500+0000] {processor.py:840} INFO - DAG(s) 'example_xcom_args', 'example_xcom_args_with_operators' retrieved from /home/airflow/.local/lib/python3.8/site-packages/airflow/example_dags/example_xcomargs.py
[2024-03-25T21:14:14.540+0000] {logging_mixin.py:188} INFO - [2024-03-25T21:14:14.539+0000] {dag.py:3047} INFO - Sync 2 DAGs
[2024-03-25T21:14:14.560+0000] {logging_mixin.py:188} INFO - [2024-03-25T21:14:14.560+0000] {dag.py:3834} INFO - Setting next_dagrun for example_xcom_args to None, run_after=None
[2024-03-25T21:14:14.567+0000] {logging_mixin.py:188} INFO - [2024-03-25T21:14:14.566+0000] {dag.py:3834} INFO - Setting next_dagrun for example_xcom_args_with_operators to None, run_after=None
[2024-03-25T21:14:14.593+0000] {processor.py:183} INFO - Processing /home/airflow/.local/lib/python3.8/site-packages/airflow/example_dags/example_xcomargs.py took 0.117 seconds
[2024-03-25T21:14:45.024+0000] {processor.py:161} INFO - Started process (PID=608) to work on /home/airflow/.local/lib/python3.8/site-packages/airflow/example_dags/example_xcomargs.py
[2024-03-25T21:14:45.026+0000] {processor.py:830} INFO - Processing file /home/airflow/.local/lib/python3.8/site-packages/airflow/example_dags/example_xcomargs.py for tasks to queue
[2024-03-25T21:14:45.030+0000] {logging_mixin.py:188} INFO - [2024-03-25T21:14:45.029+0000] {dagbag.py:540} INFO - Filling up the DagBag from /home/airflow/.local/lib/python3.8/site-packages/airflow/example_dags/example_xcomargs.py
[2024-03-25T21:14:45.044+0000] {processor.py:840} INFO - DAG(s) 'example_xcom_args', 'example_xcom_args_with_operators' retrieved from /home/airflow/.local/lib/python3.8/site-packages/airflow/example_dags/example_xcomargs.py
[2024-03-25T21:14:45.083+0000] {logging_mixin.py:188} INFO - [2024-03-25T21:14:45.083+0000] {dag.py:3047} INFO - Sync 2 DAGs
[2024-03-25T21:14:45.104+0000] {logging_mixin.py:188} INFO - [2024-03-25T21:14:45.103+0000] {dag.py:3834} INFO - Setting next_dagrun for example_xcom_args to None, run_after=None
[2024-03-25T21:14:45.110+0000] {logging_mixin.py:188} INFO - [2024-03-25T21:14:45.109+0000] {dag.py:3834} INFO - Setting next_dagrun for example_xcom_args_with_operators to None, run_after=None
[2024-03-25T21:14:45.137+0000] {processor.py:183} INFO - Processing /home/airflow/.local/lib/python3.8/site-packages/airflow/example_dags/example_xcomargs.py took 0.118 seconds
[2024-03-25T21:15:15.540+0000] {processor.py:161} INFO - Started process (PID=664) to work on /home/airflow/.local/lib/python3.8/site-packages/airflow/example_dags/example_xcomargs.py
[2024-03-25T21:15:15.542+0000] {processor.py:830} INFO - Processing file /home/airflow/.local/lib/python3.8/site-packages/airflow/example_dags/example_xcomargs.py for tasks to queue
[2024-03-25T21:15:15.545+0000] {logging_mixin.py:188} INFO - [2024-03-25T21:15:15.545+0000] {dagbag.py:540} INFO - Filling up the DagBag from /home/airflow/.local/lib/python3.8/site-packages/airflow/example_dags/example_xcomargs.py
[2024-03-25T21:15:15.562+0000] {processor.py:840} INFO - DAG(s) 'example_xcom_args', 'example_xcom_args_with_operators' retrieved from /home/airflow/.local/lib/python3.8/site-packages/airflow/example_dags/example_xcomargs.py
[2024-03-25T21:15:15.602+0000] {logging_mixin.py:188} INFO - [2024-03-25T21:15:15.602+0000] {dag.py:3047} INFO - Sync 2 DAGs
[2024-03-25T21:15:15.623+0000] {logging_mixin.py:188} INFO - [2024-03-25T21:15:15.623+0000] {dag.py:3834} INFO - Setting next_dagrun for example_xcom_args to None, run_after=None
[2024-03-25T21:15:15.631+0000] {logging_mixin.py:188} INFO - [2024-03-25T21:15:15.630+0000] {dag.py:3834} INFO - Setting next_dagrun for example_xcom_args_with_operators to None, run_after=None
[2024-03-25T21:15:15.657+0000] {processor.py:183} INFO - Processing /home/airflow/.local/lib/python3.8/site-packages/airflow/example_dags/example_xcomargs.py took 0.124 seconds
[2024-03-25T21:15:46.291+0000] {processor.py:161} INFO - Started process (PID=720) to work on /home/airflow/.local/lib/python3.8/site-packages/airflow/example_dags/example_xcomargs.py
[2024-03-25T21:15:46.293+0000] {processor.py:830} INFO - Processing file /home/airflow/.local/lib/python3.8/site-packages/airflow/example_dags/example_xcomargs.py for tasks to queue
[2024-03-25T21:15:46.296+0000] {logging_mixin.py:188} INFO - [2024-03-25T21:15:46.296+0000] {dagbag.py:540} INFO - Filling up the DagBag from /home/airflow/.local/lib/python3.8/site-packages/airflow/example_dags/example_xcomargs.py
[2024-03-25T21:15:46.309+0000] {processor.py:840} INFO - DAG(s) 'example_xcom_args', 'example_xcom_args_with_operators' retrieved from /home/airflow/.local/lib/python3.8/site-packages/airflow/example_dags/example_xcomargs.py
[2024-03-25T21:15:46.349+0000] {logging_mixin.py:188} INFO - [2024-03-25T21:15:46.349+0000] {dag.py:3047} INFO - Sync 2 DAGs
[2024-03-25T21:15:46.369+0000] {logging_mixin.py:188} INFO - [2024-03-25T21:15:46.368+0000] {dag.py:3834} INFO - Setting next_dagrun for example_xcom_args to None, run_after=None
[2024-03-25T21:15:46.374+0000] {logging_mixin.py:188} INFO - [2024-03-25T21:15:46.374+0000] {dag.py:3834} INFO - Setting next_dagrun for example_xcom_args_with_operators to None, run_after=None
[2024-03-25T21:15:46.409+0000] {processor.py:183} INFO - Processing /home/airflow/.local/lib/python3.8/site-packages/airflow/example_dags/example_xcomargs.py took 0.123 seconds
[2024-03-25T21:16:16.566+0000] {processor.py:161} INFO - Started process (PID=776) to work on /home/airflow/.local/lib/python3.8/site-packages/airflow/example_dags/example_xcomargs.py
[2024-03-25T21:16:16.568+0000] {processor.py:830} INFO - Processing file /home/airflow/.local/lib/python3.8/site-packages/airflow/example_dags/example_xcomargs.py for tasks to queue
[2024-03-25T21:16:16.571+0000] {logging_mixin.py:188} INFO - [2024-03-25T21:16:16.571+0000] {dagbag.py:540} INFO - Filling up the DagBag from /home/airflow/.local/lib/python3.8/site-packages/airflow/example_dags/example_xcomargs.py
[2024-03-25T21:16:16.589+0000] {processor.py:840} INFO - DAG(s) 'example_xcom_args', 'example_xcom_args_with_operators' retrieved from /home/airflow/.local/lib/python3.8/site-packages/airflow/example_dags/example_xcomargs.py
[2024-03-25T21:16:16.639+0000] {logging_mixin.py:188} INFO - [2024-03-25T21:16:16.639+0000] {dag.py:3047} INFO - Sync 2 DAGs
[2024-03-25T21:16:16.659+0000] {logging_mixin.py:188} INFO - [2024-03-25T21:16:16.659+0000] {dag.py:3834} INFO - Setting next_dagrun for example_xcom_args to None, run_after=None
[2024-03-25T21:16:16.666+0000] {logging_mixin.py:188} INFO - [2024-03-25T21:16:16.665+0000] {dag.py:3834} INFO - Setting next_dagrun for example_xcom_args_with_operators to None, run_after=None
[2024-03-25T21:16:16.693+0000] {processor.py:183} INFO - Processing /home/airflow/.local/lib/python3.8/site-packages/airflow/example_dags/example_xcomargs.py took 0.132 seconds
[2024-03-25T21:16:46.929+0000] {processor.py:161} INFO - Started process (PID=832) to work on /home/airflow/.local/lib/python3.8/site-packages/airflow/example_dags/example_xcomargs.py
[2024-03-25T21:16:46.931+0000] {processor.py:830} INFO - Processing file /home/airflow/.local/lib/python3.8/site-packages/airflow/example_dags/example_xcomargs.py for tasks to queue
[2024-03-25T21:16:46.934+0000] {logging_mixin.py:188} INFO - [2024-03-25T21:16:46.933+0000] {dagbag.py:540} INFO - Filling up the DagBag from /home/airflow/.local/lib/python3.8/site-packages/airflow/example_dags/example_xcomargs.py
[2024-03-25T21:16:46.947+0000] {processor.py:840} INFO - DAG(s) 'example_xcom_args_with_operators', 'example_xcom_args' retrieved from /home/airflow/.local/lib/python3.8/site-packages/airflow/example_dags/example_xcomargs.py
[2024-03-25T21:16:46.986+0000] {logging_mixin.py:188} INFO - [2024-03-25T21:16:46.985+0000] {dag.py:3047} INFO - Sync 2 DAGs
[2024-03-25T21:16:47.005+0000] {logging_mixin.py:188} INFO - [2024-03-25T21:16:47.005+0000] {dag.py:3834} INFO - Setting next_dagrun for example_xcom_args to None, run_after=None
[2024-03-25T21:16:47.011+0000] {logging_mixin.py:188} INFO - [2024-03-25T21:16:47.011+0000] {dag.py:3834} INFO - Setting next_dagrun for example_xcom_args_with_operators to None, run_after=None
[2024-03-25T21:16:47.036+0000] {processor.py:183} INFO - Processing /home/airflow/.local/lib/python3.8/site-packages/airflow/example_dags/example_xcomargs.py took 0.113 seconds
[2024-03-25T21:17:17.255+0000] {processor.py:161} INFO - Started process (PID=888) to work on /home/airflow/.local/lib/python3.8/site-packages/airflow/example_dags/example_xcomargs.py
[2024-03-25T21:17:17.257+0000] {processor.py:830} INFO - Processing file /home/airflow/.local/lib/python3.8/site-packages/airflow/example_dags/example_xcomargs.py for tasks to queue
[2024-03-25T21:17:17.260+0000] {logging_mixin.py:188} INFO - [2024-03-25T21:17:17.259+0000] {dagbag.py:540} INFO - Filling up the DagBag from /home/airflow/.local/lib/python3.8/site-packages/airflow/example_dags/example_xcomargs.py
[2024-03-25T21:17:17.279+0000] {processor.py:840} INFO - DAG(s) 'example_xcom_args', 'example_xcom_args_with_operators' retrieved from /home/airflow/.local/lib/python3.8/site-packages/airflow/example_dags/example_xcomargs.py
[2024-03-25T21:17:17.317+0000] {logging_mixin.py:188} INFO - [2024-03-25T21:17:17.317+0000] {dag.py:3047} INFO - Sync 2 DAGs
[2024-03-25T21:17:17.338+0000] {logging_mixin.py:188} INFO - [2024-03-25T21:17:17.338+0000] {dag.py:3834} INFO - Setting next_dagrun for example_xcom_args to None, run_after=None
[2024-03-25T21:17:17.345+0000] {logging_mixin.py:188} INFO - [2024-03-25T21:17:17.344+0000] {dag.py:3834} INFO - Setting next_dagrun for example_xcom_args_with_operators to None, run_after=None
[2024-03-25T21:17:17.369+0000] {processor.py:183} INFO - Processing /home/airflow/.local/lib/python3.8/site-packages/airflow/example_dags/example_xcomargs.py took 0.120 seconds
[2024-03-25T21:17:47.636+0000] {processor.py:161} INFO - Started process (PID=944) to work on /home/airflow/.local/lib/python3.8/site-packages/airflow/example_dags/example_xcomargs.py
[2024-03-25T21:17:47.638+0000] {processor.py:830} INFO - Processing file /home/airflow/.local/lib/python3.8/site-packages/airflow/example_dags/example_xcomargs.py for tasks to queue
[2024-03-25T21:17:47.641+0000] {logging_mixin.py:188} INFO - [2024-03-25T21:17:47.640+0000] {dagbag.py:540} INFO - Filling up the DagBag from /home/airflow/.local/lib/python3.8/site-packages/airflow/example_dags/example_xcomargs.py
[2024-03-25T21:17:47.656+0000] {processor.py:840} INFO - DAG(s) 'example_xcom_args_with_operators', 'example_xcom_args' retrieved from /home/airflow/.local/lib/python3.8/site-packages/airflow/example_dags/example_xcomargs.py
[2024-03-25T21:17:47.694+0000] {logging_mixin.py:188} INFO - [2024-03-25T21:17:47.694+0000] {dag.py:3047} INFO - Sync 2 DAGs
[2024-03-25T21:17:47.714+0000] {logging_mixin.py:188} INFO - [2024-03-25T21:17:47.713+0000] {dag.py:3834} INFO - Setting next_dagrun for example_xcom_args to None, run_after=None
[2024-03-25T21:17:47.720+0000] {logging_mixin.py:188} INFO - [2024-03-25T21:17:47.719+0000] {dag.py:3834} INFO - Setting next_dagrun for example_xcom_args_with_operators to None, run_after=None
[2024-03-25T21:17:47.749+0000] {processor.py:183} INFO - Processing /home/airflow/.local/lib/python3.8/site-packages/airflow/example_dags/example_xcomargs.py took 0.120 seconds
[2024-03-25T21:18:18.190+0000] {processor.py:161} INFO - Started process (PID=1000) to work on /home/airflow/.local/lib/python3.8/site-packages/airflow/example_dags/example_xcomargs.py
[2024-03-25T21:18:18.192+0000] {processor.py:830} INFO - Processing file /home/airflow/.local/lib/python3.8/site-packages/airflow/example_dags/example_xcomargs.py for tasks to queue
[2024-03-25T21:18:18.194+0000] {logging_mixin.py:188} INFO - [2024-03-25T21:18:18.194+0000] {dagbag.py:540} INFO - Filling up the DagBag from /home/airflow/.local/lib/python3.8/site-packages/airflow/example_dags/example_xcomargs.py
[2024-03-25T21:18:18.207+0000] {processor.py:840} INFO - DAG(s) 'example_xcom_args_with_operators', 'example_xcom_args' retrieved from /home/airflow/.local/lib/python3.8/site-packages/airflow/example_dags/example_xcomargs.py
[2024-03-25T21:18:18.247+0000] {logging_mixin.py:188} INFO - [2024-03-25T21:18:18.246+0000] {dag.py:3047} INFO - Sync 2 DAGs
[2024-03-25T21:18:18.267+0000] {logging_mixin.py:188} INFO - [2024-03-25T21:18:18.266+0000] {dag.py:3834} INFO - Setting next_dagrun for example_xcom_args to None, run_after=None
[2024-03-25T21:18:18.272+0000] {logging_mixin.py:188} INFO - [2024-03-25T21:18:18.272+0000] {dag.py:3834} INFO - Setting next_dagrun for example_xcom_args_with_operators to None, run_after=None
[2024-03-25T21:18:18.297+0000] {processor.py:183} INFO - Processing /home/airflow/.local/lib/python3.8/site-packages/airflow/example_dags/example_xcomargs.py took 0.116 seconds
[2024-03-25T21:18:48.887+0000] {processor.py:161} INFO - Started process (PID=1056) to work on /home/airflow/.local/lib/python3.8/site-packages/airflow/example_dags/example_xcomargs.py
[2024-03-25T21:18:48.889+0000] {processor.py:830} INFO - Processing file /home/airflow/.local/lib/python3.8/site-packages/airflow/example_dags/example_xcomargs.py for tasks to queue
[2024-03-25T21:18:48.892+0000] {logging_mixin.py:188} INFO - [2024-03-25T21:18:48.891+0000] {dagbag.py:540} INFO - Filling up the DagBag from /home/airflow/.local/lib/python3.8/site-packages/airflow/example_dags/example_xcomargs.py
[2024-03-25T21:18:48.904+0000] {processor.py:840} INFO - DAG(s) 'example_xcom_args', 'example_xcom_args_with_operators' retrieved from /home/airflow/.local/lib/python3.8/site-packages/airflow/example_dags/example_xcomargs.py
[2024-03-25T21:18:48.942+0000] {logging_mixin.py:188} INFO - [2024-03-25T21:18:48.942+0000] {dag.py:3047} INFO - Sync 2 DAGs
[2024-03-25T21:18:48.962+0000] {logging_mixin.py:188} INFO - [2024-03-25T21:18:48.962+0000] {dag.py:3834} INFO - Setting next_dagrun for example_xcom_args to None, run_after=None
[2024-03-25T21:18:48.968+0000] {logging_mixin.py:188} INFO - [2024-03-25T21:18:48.968+0000] {dag.py:3834} INFO - Setting next_dagrun for example_xcom_args_with_operators to None, run_after=None
[2024-03-25T21:18:48.995+0000] {processor.py:183} INFO - Processing /home/airflow/.local/lib/python3.8/site-packages/airflow/example_dags/example_xcomargs.py took 0.114 seconds
[2024-03-25T21:19:19.277+0000] {processor.py:161} INFO - Started process (PID=1111) to work on /home/airflow/.local/lib/python3.8/site-packages/airflow/example_dags/example_xcomargs.py
[2024-03-25T21:19:19.279+0000] {processor.py:830} INFO - Processing file /home/airflow/.local/lib/python3.8/site-packages/airflow/example_dags/example_xcomargs.py for tasks to queue
[2024-03-25T21:19:19.282+0000] {logging_mixin.py:188} INFO - [2024-03-25T21:19:19.282+0000] {dagbag.py:540} INFO - Filling up the DagBag from /home/airflow/.local/lib/python3.8/site-packages/airflow/example_dags/example_xcomargs.py
[2024-03-25T21:19:19.294+0000] {processor.py:840} INFO - DAG(s) 'example_xcom_args', 'example_xcom_args_with_operators' retrieved from /home/airflow/.local/lib/python3.8/site-packages/airflow/example_dags/example_xcomargs.py
[2024-03-25T21:19:19.332+0000] {logging_mixin.py:188} INFO - [2024-03-25T21:19:19.332+0000] {dag.py:3047} INFO - Sync 2 DAGs
[2024-03-25T21:19:19.353+0000] {logging_mixin.py:188} INFO - [2024-03-25T21:19:19.353+0000] {dag.py:3834} INFO - Setting next_dagrun for example_xcom_args to None, run_after=None
[2024-03-25T21:19:19.359+0000] {logging_mixin.py:188} INFO - [2024-03-25T21:19:19.359+0000] {dag.py:3834} INFO - Setting next_dagrun for example_xcom_args_with_operators to None, run_after=None
[2024-03-25T21:19:19.385+0000] {processor.py:183} INFO - Processing /home/airflow/.local/lib/python3.8/site-packages/airflow/example_dags/example_xcomargs.py took 0.113 seconds
[2024-03-25T21:19:49.574+0000] {processor.py:161} INFO - Started process (PID=1167) to work on /home/airflow/.local/lib/python3.8/site-packages/airflow/example_dags/example_xcomargs.py
[2024-03-25T21:19:49.576+0000] {processor.py:830} INFO - Processing file /home/airflow/.local/lib/python3.8/site-packages/airflow/example_dags/example_xcomargs.py for tasks to queue
[2024-03-25T21:19:49.579+0000] {logging_mixin.py:188} INFO - [2024-03-25T21:19:49.579+0000] {dagbag.py:540} INFO - Filling up the DagBag from /home/airflow/.local/lib/python3.8/site-packages/airflow/example_dags/example_xcomargs.py
[2024-03-25T21:19:49.592+0000] {processor.py:840} INFO - DAG(s) 'example_xcom_args', 'example_xcom_args_with_operators' retrieved from /home/airflow/.local/lib/python3.8/site-packages/airflow/example_dags/example_xcomargs.py
[2024-03-25T21:19:49.629+0000] {logging_mixin.py:188} INFO - [2024-03-25T21:19:49.628+0000] {dag.py:3047} INFO - Sync 2 DAGs
[2024-03-25T21:19:49.648+0000] {logging_mixin.py:188} INFO - [2024-03-25T21:19:49.648+0000] {dag.py:3834} INFO - Setting next_dagrun for example_xcom_args to None, run_after=None
[2024-03-25T21:19:49.655+0000] {logging_mixin.py:188} INFO - [2024-03-25T21:19:49.654+0000] {dag.py:3834} INFO - Setting next_dagrun for example_xcom_args_with_operators to None, run_after=None
[2024-03-25T21:19:49.681+0000] {processor.py:183} INFO - Processing /home/airflow/.local/lib/python3.8/site-packages/airflow/example_dags/example_xcomargs.py took 0.112 seconds
[2024-03-25T21:20:19.888+0000] {processor.py:161} INFO - Started process (PID=1223) to work on /home/airflow/.local/lib/python3.8/site-packages/airflow/example_dags/example_xcomargs.py
[2024-03-25T21:20:19.890+0000] {processor.py:830} INFO - Processing file /home/airflow/.local/lib/python3.8/site-packages/airflow/example_dags/example_xcomargs.py for tasks to queue
[2024-03-25T21:20:19.893+0000] {logging_mixin.py:188} INFO - [2024-03-25T21:20:19.892+0000] {dagbag.py:540} INFO - Filling up the DagBag from /home/airflow/.local/lib/python3.8/site-packages/airflow/example_dags/example_xcomargs.py
[2024-03-25T21:20:19.906+0000] {processor.py:840} INFO - DAG(s) 'example_xcom_args', 'example_xcom_args_with_operators' retrieved from /home/airflow/.local/lib/python3.8/site-packages/airflow/example_dags/example_xcomargs.py
[2024-03-25T21:20:19.945+0000] {logging_mixin.py:188} INFO - [2024-03-25T21:20:19.945+0000] {dag.py:3047} INFO - Sync 2 DAGs
[2024-03-25T21:20:19.965+0000] {logging_mixin.py:188} INFO - [2024-03-25T21:20:19.964+0000] {dag.py:3834} INFO - Setting next_dagrun for example_xcom_args to None, run_after=None
[2024-03-25T21:20:19.970+0000] {logging_mixin.py:188} INFO - [2024-03-25T21:20:19.970+0000] {dag.py:3834} INFO - Setting next_dagrun for example_xcom_args_with_operators to None, run_after=None
[2024-03-25T21:20:19.997+0000] {processor.py:183} INFO - Processing /home/airflow/.local/lib/python3.8/site-packages/airflow/example_dags/example_xcomargs.py took 0.115 seconds
[2024-03-25T21:26:47.463+0000] {processor.py:161} INFO - Started process (PID=1285) to work on /home/airflow/.local/lib/python3.8/site-packages/airflow/example_dags/example_xcomargs.py
[2024-03-25T21:26:47.465+0000] {processor.py:830} INFO - Processing file /home/airflow/.local/lib/python3.8/site-packages/airflow/example_dags/example_xcomargs.py for tasks to queue
[2024-03-25T21:26:47.470+0000] {logging_mixin.py:188} INFO - [2024-03-25T21:26:47.469+0000] {dagbag.py:540} INFO - Filling up the DagBag from /home/airflow/.local/lib/python3.8/site-packages/airflow/example_dags/example_xcomargs.py
[2024-03-25T21:26:47.491+0000] {processor.py:840} INFO - DAG(s) 'example_xcom_args_with_operators', 'example_xcom_args' retrieved from /home/airflow/.local/lib/python3.8/site-packages/airflow/example_dags/example_xcomargs.py
[2024-03-25T21:26:47.546+0000] {logging_mixin.py:188} INFO - [2024-03-25T21:26:47.546+0000] {dag.py:3047} INFO - Sync 2 DAGs
[2024-03-25T21:26:47.591+0000] {logging_mixin.py:188} INFO - [2024-03-25T21:26:47.587+0000] {dag.py:3834} INFO - Setting next_dagrun for example_xcom_args to None, run_after=None
[2024-03-25T21:26:47.603+0000] {logging_mixin.py:188} INFO - [2024-03-25T21:26:47.602+0000] {dag.py:3834} INFO - Setting next_dagrun for example_xcom_args_with_operators to None, run_after=None
[2024-03-25T21:26:47.680+0000] {processor.py:183} INFO - Processing /home/airflow/.local/lib/python3.8/site-packages/airflow/example_dags/example_xcomargs.py took 0.224 seconds
[2024-03-25T21:27:18.336+0000] {processor.py:161} INFO - Started process (PID=1341) to work on /home/airflow/.local/lib/python3.8/site-packages/airflow/example_dags/example_xcomargs.py
[2024-03-25T21:27:18.349+0000] {processor.py:830} INFO - Processing file /home/airflow/.local/lib/python3.8/site-packages/airflow/example_dags/example_xcomargs.py for tasks to queue
[2024-03-25T21:27:18.357+0000] {logging_mixin.py:188} INFO - [2024-03-25T21:27:18.356+0000] {dagbag.py:540} INFO - Filling up the DagBag from /home/airflow/.local/lib/python3.8/site-packages/airflow/example_dags/example_xcomargs.py
[2024-03-25T21:27:18.396+0000] {processor.py:840} INFO - DAG(s) 'example_xcom_args_with_operators', 'example_xcom_args' retrieved from /home/airflow/.local/lib/python3.8/site-packages/airflow/example_dags/example_xcomargs.py
[2024-03-25T21:27:18.470+0000] {logging_mixin.py:188} INFO - [2024-03-25T21:27:18.469+0000] {dag.py:3047} INFO - Sync 2 DAGs
[2024-03-25T21:27:18.532+0000] {logging_mixin.py:188} INFO - [2024-03-25T21:27:18.532+0000] {dag.py:3834} INFO - Setting next_dagrun for example_xcom_args to None, run_after=None
[2024-03-25T21:27:18.541+0000] {logging_mixin.py:188} INFO - [2024-03-25T21:27:18.540+0000] {dag.py:3834} INFO - Setting next_dagrun for example_xcom_args_with_operators to None, run_after=None
[2024-03-25T21:27:18.606+0000] {processor.py:183} INFO - Processing /home/airflow/.local/lib/python3.8/site-packages/airflow/example_dags/example_xcomargs.py took 0.277 seconds
[2024-03-25T21:27:49.118+0000] {processor.py:161} INFO - Started process (PID=1397) to work on /home/airflow/.local/lib/python3.8/site-packages/airflow/example_dags/example_xcomargs.py
[2024-03-25T21:27:49.120+0000] {processor.py:830} INFO - Processing file /home/airflow/.local/lib/python3.8/site-packages/airflow/example_dags/example_xcomargs.py for tasks to queue
[2024-03-25T21:27:49.123+0000] {logging_mixin.py:188} INFO - [2024-03-25T21:27:49.122+0000] {dagbag.py:540} INFO - Filling up the DagBag from /home/airflow/.local/lib/python3.8/site-packages/airflow/example_dags/example_xcomargs.py
[2024-03-25T21:27:49.136+0000] {processor.py:840} INFO - DAG(s) 'example_xcom_args', 'example_xcom_args_with_operators' retrieved from /home/airflow/.local/lib/python3.8/site-packages/airflow/example_dags/example_xcomargs.py
[2024-03-25T21:27:49.174+0000] {logging_mixin.py:188} INFO - [2024-03-25T21:27:49.173+0000] {dag.py:3047} INFO - Sync 2 DAGs
[2024-03-25T21:27:49.194+0000] {logging_mixin.py:188} INFO - [2024-03-25T21:27:49.193+0000] {dag.py:3834} INFO - Setting next_dagrun for example_xcom_args to None, run_after=None
[2024-03-25T21:27:49.199+0000] {logging_mixin.py:188} INFO - [2024-03-25T21:27:49.199+0000] {dag.py:3834} INFO - Setting next_dagrun for example_xcom_args_with_operators to None, run_after=None
[2024-03-25T21:27:49.225+0000] {processor.py:183} INFO - Processing /home/airflow/.local/lib/python3.8/site-packages/airflow/example_dags/example_xcomargs.py took 0.112 seconds
[2024-03-25T21:28:19.556+0000] {processor.py:161} INFO - Started process (PID=1453) to work on /home/airflow/.local/lib/python3.8/site-packages/airflow/example_dags/example_xcomargs.py
[2024-03-25T21:28:19.558+0000] {processor.py:830} INFO - Processing file /home/airflow/.local/lib/python3.8/site-packages/airflow/example_dags/example_xcomargs.py for tasks to queue
[2024-03-25T21:28:19.560+0000] {logging_mixin.py:188} INFO - [2024-03-25T21:28:19.560+0000] {dagbag.py:540} INFO - Filling up the DagBag from /home/airflow/.local/lib/python3.8/site-packages/airflow/example_dags/example_xcomargs.py
[2024-03-25T21:28:19.573+0000] {processor.py:840} INFO - DAG(s) 'example_xcom_args_with_operators', 'example_xcom_args' retrieved from /home/airflow/.local/lib/python3.8/site-packages/airflow/example_dags/example_xcomargs.py
[2024-03-25T21:28:19.618+0000] {logging_mixin.py:188} INFO - [2024-03-25T21:28:19.618+0000] {dag.py:3047} INFO - Sync 2 DAGs
[2024-03-25T21:28:19.639+0000] {logging_mixin.py:188} INFO - [2024-03-25T21:28:19.639+0000] {dag.py:3834} INFO - Setting next_dagrun for example_xcom_args to None, run_after=None
[2024-03-25T21:28:19.646+0000] {logging_mixin.py:188} INFO - [2024-03-25T21:28:19.646+0000] {dag.py:3834} INFO - Setting next_dagrun for example_xcom_args_with_operators to None, run_after=None
[2024-03-25T21:28:19.677+0000] {processor.py:183} INFO - Processing /home/airflow/.local/lib/python3.8/site-packages/airflow/example_dags/example_xcomargs.py took 0.126 seconds
