[2024-03-25T21:03:45.523+0000] {processor.py:161} INFO - Started process (PID=49) to work on /home/airflow/.local/lib/python3.8/site-packages/airflow/example_dags/example_short_circuit_decorator.py
[2024-03-25T21:03:45.526+0000] {processor.py:830} INFO - Processing file /home/airflow/.local/lib/python3.8/site-packages/airflow/example_dags/example_short_circuit_decorator.py for tasks to queue
[2024-03-25T21:03:45.533+0000] {logging_mixin.py:188} INFO - [2024-03-25T21:03:45.531+0000] {dagbag.py:540} INFO - Filling up the DagBag from /home/airflow/.local/lib/python3.8/site-packages/airflow/example_dags/example_short_circuit_decorator.py
[2024-03-25T21:03:45.564+0000] {processor.py:840} INFO - DAG(s) 'example_short_circuit_decorator' retrieved from /home/airflow/.local/lib/python3.8/site-packages/airflow/example_dags/example_short_circuit_decorator.py
[2024-03-25T21:03:45.607+0000] {logging_mixin.py:188} INFO - [2024-03-25T21:03:45.606+0000] {dag.py:3047} INFO - Sync 1 DAGs
[2024-03-25T21:03:46.071+0000] {logging_mixin.py:188} INFO - [2024-03-25T21:03:46.071+0000] {dag.py:3834} INFO - Setting next_dagrun for example_short_circuit_decorator to 2024-03-24 00:00:00+00:00, run_after=2024-03-25 00:00:00+00:00
[2024-03-25T21:03:47.104+0000] {processor.py:183} INFO - Processing /home/airflow/.local/lib/python3.8/site-packages/airflow/example_dags/example_short_circuit_decorator.py took 1.590 seconds
[2024-03-25T21:04:17.523+0000] {processor.py:161} INFO - Started process (PID=104) to work on /home/airflow/.local/lib/python3.8/site-packages/airflow/example_dags/example_short_circuit_decorator.py
[2024-03-25T21:04:17.525+0000] {processor.py:830} INFO - Processing file /home/airflow/.local/lib/python3.8/site-packages/airflow/example_dags/example_short_circuit_decorator.py for tasks to queue
[2024-03-25T21:04:17.528+0000] {logging_mixin.py:188} INFO - [2024-03-25T21:04:17.528+0000] {dagbag.py:540} INFO - Filling up the DagBag from /home/airflow/.local/lib/python3.8/site-packages/airflow/example_dags/example_short_circuit_decorator.py
[2024-03-25T21:04:17.545+0000] {processor.py:840} INFO - DAG(s) 'example_short_circuit_decorator' retrieved from /home/airflow/.local/lib/python3.8/site-packages/airflow/example_dags/example_short_circuit_decorator.py
[2024-03-25T21:04:17.738+0000] {logging_mixin.py:188} INFO - [2024-03-25T21:04:17.738+0000] {dag.py:3047} INFO - Sync 1 DAGs
[2024-03-25T21:04:17.770+0000] {logging_mixin.py:188} INFO - [2024-03-25T21:04:17.770+0000] {dag.py:3834} INFO - Setting next_dagrun for example_short_circuit_decorator to 2024-03-24 00:00:00+00:00, run_after=2024-03-25 00:00:00+00:00
[2024-03-25T21:04:17.807+0000] {processor.py:183} INFO - Processing /home/airflow/.local/lib/python3.8/site-packages/airflow/example_dags/example_short_circuit_decorator.py took 0.290 seconds
[2024-03-25T21:04:47.937+0000] {processor.py:161} INFO - Started process (PID=159) to work on /home/airflow/.local/lib/python3.8/site-packages/airflow/example_dags/example_short_circuit_decorator.py
[2024-03-25T21:04:47.939+0000] {processor.py:830} INFO - Processing file /home/airflow/.local/lib/python3.8/site-packages/airflow/example_dags/example_short_circuit_decorator.py for tasks to queue
[2024-03-25T21:04:47.942+0000] {logging_mixin.py:188} INFO - [2024-03-25T21:04:47.941+0000] {dagbag.py:540} INFO - Filling up the DagBag from /home/airflow/.local/lib/python3.8/site-packages/airflow/example_dags/example_short_circuit_decorator.py
[2024-03-25T21:04:47.960+0000] {processor.py:840} INFO - DAG(s) 'example_short_circuit_decorator' retrieved from /home/airflow/.local/lib/python3.8/site-packages/airflow/example_dags/example_short_circuit_decorator.py
[2024-03-25T21:04:48.001+0000] {logging_mixin.py:188} INFO - [2024-03-25T21:04:48.001+0000] {dag.py:3047} INFO - Sync 1 DAGs
[2024-03-25T21:04:48.037+0000] {logging_mixin.py:188} INFO - [2024-03-25T21:04:48.037+0000] {dag.py:3834} INFO - Setting next_dagrun for example_short_circuit_decorator to 2024-03-24 00:00:00+00:00, run_after=2024-03-25 00:00:00+00:00
[2024-03-25T21:04:48.364+0000] {processor.py:183} INFO - Processing /home/airflow/.local/lib/python3.8/site-packages/airflow/example_dags/example_short_circuit_decorator.py took 0.435 seconds
[2024-03-25T21:05:18.568+0000] {processor.py:161} INFO - Started process (PID=214) to work on /home/airflow/.local/lib/python3.8/site-packages/airflow/example_dags/example_short_circuit_decorator.py
[2024-03-25T21:05:18.570+0000] {processor.py:830} INFO - Processing file /home/airflow/.local/lib/python3.8/site-packages/airflow/example_dags/example_short_circuit_decorator.py for tasks to queue
[2024-03-25T21:05:18.583+0000] {logging_mixin.py:188} INFO - [2024-03-25T21:05:18.582+0000] {dagbag.py:540} INFO - Filling up the DagBag from /home/airflow/.local/lib/python3.8/site-packages/airflow/example_dags/example_short_circuit_decorator.py
[2024-03-25T21:05:18.607+0000] {processor.py:840} INFO - DAG(s) 'example_short_circuit_decorator' retrieved from /home/airflow/.local/lib/python3.8/site-packages/airflow/example_dags/example_short_circuit_decorator.py
[2024-03-25T21:05:18.669+0000] {logging_mixin.py:188} INFO - [2024-03-25T21:05:18.668+0000] {dag.py:3047} INFO - Sync 1 DAGs
[2024-03-25T21:05:18.720+0000] {logging_mixin.py:188} INFO - [2024-03-25T21:05:18.719+0000] {dag.py:3834} INFO - Setting next_dagrun for example_short_circuit_decorator to 2024-03-24 00:00:00+00:00, run_after=2024-03-25 00:00:00+00:00
[2024-03-25T21:05:18.762+0000] {processor.py:183} INFO - Processing /home/airflow/.local/lib/python3.8/site-packages/airflow/example_dags/example_short_circuit_decorator.py took 0.209 seconds
[2024-03-25T21:05:48.841+0000] {processor.py:161} INFO - Started process (PID=269) to work on /home/airflow/.local/lib/python3.8/site-packages/airflow/example_dags/example_short_circuit_decorator.py
[2024-03-25T21:05:48.843+0000] {processor.py:830} INFO - Processing file /home/airflow/.local/lib/python3.8/site-packages/airflow/example_dags/example_short_circuit_decorator.py for tasks to queue
[2024-03-25T21:05:48.846+0000] {logging_mixin.py:188} INFO - [2024-03-25T21:05:48.846+0000] {dagbag.py:540} INFO - Filling up the DagBag from /home/airflow/.local/lib/python3.8/site-packages/airflow/example_dags/example_short_circuit_decorator.py
[2024-03-25T21:05:48.862+0000] {processor.py:840} INFO - DAG(s) 'example_short_circuit_decorator' retrieved from /home/airflow/.local/lib/python3.8/site-packages/airflow/example_dags/example_short_circuit_decorator.py
[2024-03-25T21:05:48.900+0000] {logging_mixin.py:188} INFO - [2024-03-25T21:05:48.900+0000] {dag.py:3047} INFO - Sync 1 DAGs
[2024-03-25T21:05:48.933+0000] {logging_mixin.py:188} INFO - [2024-03-25T21:05:48.933+0000] {dag.py:3834} INFO - Setting next_dagrun for example_short_circuit_decorator to 2024-03-24 00:00:00+00:00, run_after=2024-03-25 00:00:00+00:00
[2024-03-25T21:05:48.968+0000] {processor.py:183} INFO - Processing /home/airflow/.local/lib/python3.8/site-packages/airflow/example_dags/example_short_circuit_decorator.py took 0.132 seconds
[2024-03-25T21:06:19.209+0000] {processor.py:161} INFO - Started process (PID=324) to work on /home/airflow/.local/lib/python3.8/site-packages/airflow/example_dags/example_short_circuit_decorator.py
[2024-03-25T21:06:19.211+0000] {processor.py:830} INFO - Processing file /home/airflow/.local/lib/python3.8/site-packages/airflow/example_dags/example_short_circuit_decorator.py for tasks to queue
[2024-03-25T21:06:19.214+0000] {logging_mixin.py:188} INFO - [2024-03-25T21:06:19.214+0000] {dagbag.py:540} INFO - Filling up the DagBag from /home/airflow/.local/lib/python3.8/site-packages/airflow/example_dags/example_short_circuit_decorator.py
[2024-03-25T21:06:19.229+0000] {processor.py:840} INFO - DAG(s) 'example_short_circuit_decorator' retrieved from /home/airflow/.local/lib/python3.8/site-packages/airflow/example_dags/example_short_circuit_decorator.py
[2024-03-25T21:06:19.267+0000] {logging_mixin.py:188} INFO - [2024-03-25T21:06:19.267+0000] {dag.py:3047} INFO - Sync 1 DAGs
[2024-03-25T21:06:19.302+0000] {logging_mixin.py:188} INFO - [2024-03-25T21:06:19.301+0000] {dag.py:3834} INFO - Setting next_dagrun for example_short_circuit_decorator to 2024-03-24 00:00:00+00:00, run_after=2024-03-25 00:00:00+00:00
[2024-03-25T21:06:19.333+0000] {processor.py:183} INFO - Processing /home/airflow/.local/lib/python3.8/site-packages/airflow/example_dags/example_short_circuit_decorator.py took 0.129 seconds
[2024-03-25T21:06:49.809+0000] {processor.py:161} INFO - Started process (PID=379) to work on /home/airflow/.local/lib/python3.8/site-packages/airflow/example_dags/example_short_circuit_decorator.py
[2024-03-25T21:06:49.811+0000] {processor.py:830} INFO - Processing file /home/airflow/.local/lib/python3.8/site-packages/airflow/example_dags/example_short_circuit_decorator.py for tasks to queue
[2024-03-25T21:06:49.814+0000] {logging_mixin.py:188} INFO - [2024-03-25T21:06:49.814+0000] {dagbag.py:540} INFO - Filling up the DagBag from /home/airflow/.local/lib/python3.8/site-packages/airflow/example_dags/example_short_circuit_decorator.py
[2024-03-25T21:06:49.830+0000] {processor.py:840} INFO - DAG(s) 'example_short_circuit_decorator' retrieved from /home/airflow/.local/lib/python3.8/site-packages/airflow/example_dags/example_short_circuit_decorator.py
[2024-03-25T21:06:49.868+0000] {logging_mixin.py:188} INFO - [2024-03-25T21:06:49.867+0000] {dag.py:3047} INFO - Sync 1 DAGs
[2024-03-25T21:06:49.901+0000] {logging_mixin.py:188} INFO - [2024-03-25T21:06:49.900+0000] {dag.py:3834} INFO - Setting next_dagrun for example_short_circuit_decorator to 2024-03-24 00:00:00+00:00, run_after=2024-03-25 00:00:00+00:00
[2024-03-25T21:06:49.929+0000] {processor.py:183} INFO - Processing /home/airflow/.local/lib/python3.8/site-packages/airflow/example_dags/example_short_circuit_decorator.py took 0.125 seconds
[2024-03-25T21:07:20.716+0000] {processor.py:161} INFO - Started process (PID=434) to work on /home/airflow/.local/lib/python3.8/site-packages/airflow/example_dags/example_short_circuit_decorator.py
[2024-03-25T21:07:20.718+0000] {processor.py:830} INFO - Processing file /home/airflow/.local/lib/python3.8/site-packages/airflow/example_dags/example_short_circuit_decorator.py for tasks to queue
[2024-03-25T21:07:20.721+0000] {logging_mixin.py:188} INFO - [2024-03-25T21:07:20.720+0000] {dagbag.py:540} INFO - Filling up the DagBag from /home/airflow/.local/lib/python3.8/site-packages/airflow/example_dags/example_short_circuit_decorator.py
[2024-03-25T21:07:20.736+0000] {processor.py:840} INFO - DAG(s) 'example_short_circuit_decorator' retrieved from /home/airflow/.local/lib/python3.8/site-packages/airflow/example_dags/example_short_circuit_decorator.py
[2024-03-25T21:07:20.785+0000] {logging_mixin.py:188} INFO - [2024-03-25T21:07:20.785+0000] {dag.py:3047} INFO - Sync 1 DAGs
[2024-03-25T21:07:20.826+0000] {logging_mixin.py:188} INFO - [2024-03-25T21:07:20.826+0000] {dag.py:3834} INFO - Setting next_dagrun for example_short_circuit_decorator to 2024-03-24 00:00:00+00:00, run_after=2024-03-25 00:00:00+00:00
[2024-03-25T21:07:20.861+0000] {processor.py:183} INFO - Processing /home/airflow/.local/lib/python3.8/site-packages/airflow/example_dags/example_short_circuit_decorator.py took 0.151 seconds
[2024-03-25T21:07:51.018+0000] {processor.py:161} INFO - Started process (PID=489) to work on /home/airflow/.local/lib/python3.8/site-packages/airflow/example_dags/example_short_circuit_decorator.py
[2024-03-25T21:07:51.021+0000] {processor.py:830} INFO - Processing file /home/airflow/.local/lib/python3.8/site-packages/airflow/example_dags/example_short_circuit_decorator.py for tasks to queue
[2024-03-25T21:07:51.024+0000] {logging_mixin.py:188} INFO - [2024-03-25T21:07:51.023+0000] {dagbag.py:540} INFO - Filling up the DagBag from /home/airflow/.local/lib/python3.8/site-packages/airflow/example_dags/example_short_circuit_decorator.py
[2024-03-25T21:07:51.039+0000] {processor.py:840} INFO - DAG(s) 'example_short_circuit_decorator' retrieved from /home/airflow/.local/lib/python3.8/site-packages/airflow/example_dags/example_short_circuit_decorator.py
[2024-03-25T21:07:51.079+0000] {logging_mixin.py:188} INFO - [2024-03-25T21:07:51.079+0000] {dag.py:3047} INFO - Sync 1 DAGs
[2024-03-25T21:07:51.114+0000] {logging_mixin.py:188} INFO - [2024-03-25T21:07:51.113+0000] {dag.py:3834} INFO - Setting next_dagrun for example_short_circuit_decorator to 2024-03-24 00:00:00+00:00, run_after=2024-03-25 00:00:00+00:00
[2024-03-25T21:07:51.143+0000] {processor.py:183} INFO - Processing /home/airflow/.local/lib/python3.8/site-packages/airflow/example_dags/example_short_circuit_decorator.py took 0.130 seconds
[2024-03-25T21:08:21.696+0000] {processor.py:161} INFO - Started process (PID=544) to work on /home/airflow/.local/lib/python3.8/site-packages/airflow/example_dags/example_short_circuit_decorator.py
[2024-03-25T21:08:21.698+0000] {processor.py:830} INFO - Processing file /home/airflow/.local/lib/python3.8/site-packages/airflow/example_dags/example_short_circuit_decorator.py for tasks to queue
[2024-03-25T21:08:21.702+0000] {logging_mixin.py:188} INFO - [2024-03-25T21:08:21.701+0000] {dagbag.py:540} INFO - Filling up the DagBag from /home/airflow/.local/lib/python3.8/site-packages/airflow/example_dags/example_short_circuit_decorator.py
[2024-03-25T21:08:21.720+0000] {processor.py:840} INFO - DAG(s) 'example_short_circuit_decorator' retrieved from /home/airflow/.local/lib/python3.8/site-packages/airflow/example_dags/example_short_circuit_decorator.py
[2024-03-25T21:08:21.771+0000] {logging_mixin.py:188} INFO - [2024-03-25T21:08:21.770+0000] {dag.py:3047} INFO - Sync 1 DAGs
[2024-03-25T21:08:21.815+0000] {logging_mixin.py:188} INFO - [2024-03-25T21:08:21.815+0000] {dag.py:3834} INFO - Setting next_dagrun for example_short_circuit_decorator to 2024-03-24 00:00:00+00:00, run_after=2024-03-25 00:00:00+00:00
[2024-03-25T21:08:21.857+0000] {processor.py:183} INFO - Processing /home/airflow/.local/lib/python3.8/site-packages/airflow/example_dags/example_short_circuit_decorator.py took 0.167 seconds
[2024-03-25T21:09:39.528+0000] {processor.py:161} INFO - Started process (PID=44) to work on /home/airflow/.local/lib/python3.8/site-packages/airflow/example_dags/example_short_circuit_decorator.py
[2024-03-25T21:09:39.530+0000] {processor.py:830} INFO - Processing file /home/airflow/.local/lib/python3.8/site-packages/airflow/example_dags/example_short_circuit_decorator.py for tasks to queue
[2024-03-25T21:09:39.533+0000] {logging_mixin.py:188} INFO - [2024-03-25T21:09:39.533+0000] {dagbag.py:540} INFO - Filling up the DagBag from /home/airflow/.local/lib/python3.8/site-packages/airflow/example_dags/example_short_circuit_decorator.py
[2024-03-25T21:09:39.552+0000] {processor.py:840} INFO - DAG(s) 'example_short_circuit_decorator' retrieved from /home/airflow/.local/lib/python3.8/site-packages/airflow/example_dags/example_short_circuit_decorator.py
[2024-03-25T21:09:39.765+0000] {logging_mixin.py:188} INFO - [2024-03-25T21:09:39.765+0000] {dag.py:3047} INFO - Sync 1 DAGs
[2024-03-25T21:09:39.804+0000] {logging_mixin.py:188} INFO - [2024-03-25T21:09:39.804+0000] {dag.py:3834} INFO - Setting next_dagrun for example_short_circuit_decorator to 2024-03-24 00:00:00+00:00, run_after=2024-03-25 00:00:00+00:00
[2024-03-25T21:09:39.838+0000] {processor.py:183} INFO - Processing /home/airflow/.local/lib/python3.8/site-packages/airflow/example_dags/example_short_circuit_decorator.py took 0.316 seconds
[2024-03-25T21:10:10.553+0000] {processor.py:161} INFO - Started process (PID=100) to work on /home/airflow/.local/lib/python3.8/site-packages/airflow/example_dags/example_short_circuit_decorator.py
[2024-03-25T21:10:10.555+0000] {processor.py:830} INFO - Processing file /home/airflow/.local/lib/python3.8/site-packages/airflow/example_dags/example_short_circuit_decorator.py for tasks to queue
[2024-03-25T21:10:10.558+0000] {logging_mixin.py:188} INFO - [2024-03-25T21:10:10.558+0000] {dagbag.py:540} INFO - Filling up the DagBag from /home/airflow/.local/lib/python3.8/site-packages/airflow/example_dags/example_short_circuit_decorator.py
[2024-03-25T21:10:10.584+0000] {processor.py:840} INFO - DAG(s) 'example_short_circuit_decorator' retrieved from /home/airflow/.local/lib/python3.8/site-packages/airflow/example_dags/example_short_circuit_decorator.py
[2024-03-25T21:10:10.634+0000] {logging_mixin.py:188} INFO - [2024-03-25T21:10:10.633+0000] {dag.py:3047} INFO - Sync 1 DAGs
[2024-03-25T21:10:10.672+0000] {logging_mixin.py:188} INFO - [2024-03-25T21:10:10.671+0000] {dag.py:3834} INFO - Setting next_dagrun for example_short_circuit_decorator to 2024-03-24 00:00:00+00:00, run_after=2024-03-25 00:00:00+00:00
[2024-03-25T21:10:10.709+0000] {processor.py:183} INFO - Processing /home/airflow/.local/lib/python3.8/site-packages/airflow/example_dags/example_short_circuit_decorator.py took 0.162 seconds
[2024-03-25T21:10:41.465+0000] {processor.py:161} INFO - Started process (PID=156) to work on /home/airflow/.local/lib/python3.8/site-packages/airflow/example_dags/example_short_circuit_decorator.py
[2024-03-25T21:10:41.467+0000] {processor.py:830} INFO - Processing file /home/airflow/.local/lib/python3.8/site-packages/airflow/example_dags/example_short_circuit_decorator.py for tasks to queue
[2024-03-25T21:10:41.470+0000] {logging_mixin.py:188} INFO - [2024-03-25T21:10:41.469+0000] {dagbag.py:540} INFO - Filling up the DagBag from /home/airflow/.local/lib/python3.8/site-packages/airflow/example_dags/example_short_circuit_decorator.py
[2024-03-25T21:10:41.485+0000] {processor.py:840} INFO - DAG(s) 'example_short_circuit_decorator' retrieved from /home/airflow/.local/lib/python3.8/site-packages/airflow/example_dags/example_short_circuit_decorator.py
[2024-03-25T21:10:41.523+0000] {logging_mixin.py:188} INFO - [2024-03-25T21:10:41.523+0000] {dag.py:3047} INFO - Sync 1 DAGs
[2024-03-25T21:10:41.557+0000] {logging_mixin.py:188} INFO - [2024-03-25T21:10:41.557+0000] {dag.py:3834} INFO - Setting next_dagrun for example_short_circuit_decorator to 2024-03-24 00:00:00+00:00, run_after=2024-03-25 00:00:00+00:00
[2024-03-25T21:10:41.587+0000] {processor.py:183} INFO - Processing /home/airflow/.local/lib/python3.8/site-packages/airflow/example_dags/example_short_circuit_decorator.py took 0.127 seconds
[2024-03-25T21:11:11.708+0000] {processor.py:161} INFO - Started process (PID=212) to work on /home/airflow/.local/lib/python3.8/site-packages/airflow/example_dags/example_short_circuit_decorator.py
[2024-03-25T21:11:11.710+0000] {processor.py:830} INFO - Processing file /home/airflow/.local/lib/python3.8/site-packages/airflow/example_dags/example_short_circuit_decorator.py for tasks to queue
[2024-03-25T21:11:11.713+0000] {logging_mixin.py:188} INFO - [2024-03-25T21:11:11.713+0000] {dagbag.py:540} INFO - Filling up the DagBag from /home/airflow/.local/lib/python3.8/site-packages/airflow/example_dags/example_short_circuit_decorator.py
[2024-03-25T21:11:11.729+0000] {processor.py:840} INFO - DAG(s) 'example_short_circuit_decorator' retrieved from /home/airflow/.local/lib/python3.8/site-packages/airflow/example_dags/example_short_circuit_decorator.py
[2024-03-25T21:11:11.767+0000] {logging_mixin.py:188} INFO - [2024-03-25T21:11:11.767+0000] {dag.py:3047} INFO - Sync 1 DAGs
[2024-03-25T21:11:11.800+0000] {logging_mixin.py:188} INFO - [2024-03-25T21:11:11.800+0000] {dag.py:3834} INFO - Setting next_dagrun for example_short_circuit_decorator to 2024-03-24 00:00:00+00:00, run_after=2024-03-25 00:00:00+00:00
[2024-03-25T21:11:11.827+0000] {processor.py:183} INFO - Processing /home/airflow/.local/lib/python3.8/site-packages/airflow/example_dags/example_short_circuit_decorator.py took 0.124 seconds
[2024-03-25T21:11:42.082+0000] {processor.py:161} INFO - Started process (PID=268) to work on /home/airflow/.local/lib/python3.8/site-packages/airflow/example_dags/example_short_circuit_decorator.py
[2024-03-25T21:11:42.084+0000] {processor.py:830} INFO - Processing file /home/airflow/.local/lib/python3.8/site-packages/airflow/example_dags/example_short_circuit_decorator.py for tasks to queue
[2024-03-25T21:11:42.087+0000] {logging_mixin.py:188} INFO - [2024-03-25T21:11:42.086+0000] {dagbag.py:540} INFO - Filling up the DagBag from /home/airflow/.local/lib/python3.8/site-packages/airflow/example_dags/example_short_circuit_decorator.py
[2024-03-25T21:11:42.103+0000] {processor.py:840} INFO - DAG(s) 'example_short_circuit_decorator' retrieved from /home/airflow/.local/lib/python3.8/site-packages/airflow/example_dags/example_short_circuit_decorator.py
[2024-03-25T21:11:42.142+0000] {logging_mixin.py:188} INFO - [2024-03-25T21:11:42.142+0000] {dag.py:3047} INFO - Sync 1 DAGs
[2024-03-25T21:11:42.176+0000] {logging_mixin.py:188} INFO - [2024-03-25T21:11:42.176+0000] {dag.py:3834} INFO - Setting next_dagrun for example_short_circuit_decorator to 2024-03-24 00:00:00+00:00, run_after=2024-03-25 00:00:00+00:00
[2024-03-25T21:11:42.204+0000] {processor.py:183} INFO - Processing /home/airflow/.local/lib/python3.8/site-packages/airflow/example_dags/example_short_circuit_decorator.py took 0.127 seconds
[2024-03-25T21:12:12.443+0000] {processor.py:161} INFO - Started process (PID=324) to work on /home/airflow/.local/lib/python3.8/site-packages/airflow/example_dags/example_short_circuit_decorator.py
[2024-03-25T21:12:12.445+0000] {processor.py:830} INFO - Processing file /home/airflow/.local/lib/python3.8/site-packages/airflow/example_dags/example_short_circuit_decorator.py for tasks to queue
[2024-03-25T21:12:12.448+0000] {logging_mixin.py:188} INFO - [2024-03-25T21:12:12.448+0000] {dagbag.py:540} INFO - Filling up the DagBag from /home/airflow/.local/lib/python3.8/site-packages/airflow/example_dags/example_short_circuit_decorator.py
[2024-03-25T21:12:12.464+0000] {processor.py:840} INFO - DAG(s) 'example_short_circuit_decorator' retrieved from /home/airflow/.local/lib/python3.8/site-packages/airflow/example_dags/example_short_circuit_decorator.py
[2024-03-25T21:12:12.504+0000] {logging_mixin.py:188} INFO - [2024-03-25T21:12:12.504+0000] {dag.py:3047} INFO - Sync 1 DAGs
[2024-03-25T21:12:12.537+0000] {logging_mixin.py:188} INFO - [2024-03-25T21:12:12.536+0000] {dag.py:3834} INFO - Setting next_dagrun for example_short_circuit_decorator to 2024-03-24 00:00:00+00:00, run_after=2024-03-25 00:00:00+00:00
[2024-03-25T21:12:12.565+0000] {processor.py:183} INFO - Processing /home/airflow/.local/lib/python3.8/site-packages/airflow/example_dags/example_short_circuit_decorator.py took 0.127 seconds
[2024-03-25T21:12:42.843+0000] {processor.py:161} INFO - Started process (PID=380) to work on /home/airflow/.local/lib/python3.8/site-packages/airflow/example_dags/example_short_circuit_decorator.py
[2024-03-25T21:12:42.845+0000] {processor.py:830} INFO - Processing file /home/airflow/.local/lib/python3.8/site-packages/airflow/example_dags/example_short_circuit_decorator.py for tasks to queue
[2024-03-25T21:12:42.848+0000] {logging_mixin.py:188} INFO - [2024-03-25T21:12:42.848+0000] {dagbag.py:540} INFO - Filling up the DagBag from /home/airflow/.local/lib/python3.8/site-packages/airflow/example_dags/example_short_circuit_decorator.py
[2024-03-25T21:12:42.865+0000] {processor.py:840} INFO - DAG(s) 'example_short_circuit_decorator' retrieved from /home/airflow/.local/lib/python3.8/site-packages/airflow/example_dags/example_short_circuit_decorator.py
[2024-03-25T21:12:42.902+0000] {logging_mixin.py:188} INFO - [2024-03-25T21:12:42.902+0000] {dag.py:3047} INFO - Sync 1 DAGs
[2024-03-25T21:12:42.937+0000] {logging_mixin.py:188} INFO - [2024-03-25T21:12:42.936+0000] {dag.py:3834} INFO - Setting next_dagrun for example_short_circuit_decorator to 2024-03-24 00:00:00+00:00, run_after=2024-03-25 00:00:00+00:00
[2024-03-25T21:12:42.964+0000] {processor.py:183} INFO - Processing /home/airflow/.local/lib/python3.8/site-packages/airflow/example_dags/example_short_circuit_decorator.py took 0.127 seconds
[2024-03-25T21:13:13.410+0000] {processor.py:161} INFO - Started process (PID=436) to work on /home/airflow/.local/lib/python3.8/site-packages/airflow/example_dags/example_short_circuit_decorator.py
[2024-03-25T21:13:13.412+0000] {processor.py:830} INFO - Processing file /home/airflow/.local/lib/python3.8/site-packages/airflow/example_dags/example_short_circuit_decorator.py for tasks to queue
[2024-03-25T21:13:13.416+0000] {logging_mixin.py:188} INFO - [2024-03-25T21:13:13.416+0000] {dagbag.py:540} INFO - Filling up the DagBag from /home/airflow/.local/lib/python3.8/site-packages/airflow/example_dags/example_short_circuit_decorator.py
[2024-03-25T21:13:13.437+0000] {processor.py:840} INFO - DAG(s) 'example_short_circuit_decorator' retrieved from /home/airflow/.local/lib/python3.8/site-packages/airflow/example_dags/example_short_circuit_decorator.py
[2024-03-25T21:13:13.500+0000] {logging_mixin.py:188} INFO - [2024-03-25T21:13:13.499+0000] {dag.py:3047} INFO - Sync 1 DAGs
[2024-03-25T21:13:13.566+0000] {logging_mixin.py:188} INFO - [2024-03-25T21:13:13.565+0000] {dag.py:3834} INFO - Setting next_dagrun for example_short_circuit_decorator to 2024-03-24 00:00:00+00:00, run_after=2024-03-25 00:00:00+00:00
[2024-03-25T21:13:13.626+0000] {processor.py:183} INFO - Processing /home/airflow/.local/lib/python3.8/site-packages/airflow/example_dags/example_short_circuit_decorator.py took 0.224 seconds
[2024-03-25T21:13:43.780+0000] {processor.py:161} INFO - Started process (PID=492) to work on /home/airflow/.local/lib/python3.8/site-packages/airflow/example_dags/example_short_circuit_decorator.py
[2024-03-25T21:13:43.782+0000] {processor.py:830} INFO - Processing file /home/airflow/.local/lib/python3.8/site-packages/airflow/example_dags/example_short_circuit_decorator.py for tasks to queue
[2024-03-25T21:13:43.787+0000] {logging_mixin.py:188} INFO - [2024-03-25T21:13:43.787+0000] {dagbag.py:540} INFO - Filling up the DagBag from /home/airflow/.local/lib/python3.8/site-packages/airflow/example_dags/example_short_circuit_decorator.py
[2024-03-25T21:13:43.806+0000] {processor.py:840} INFO - DAG(s) 'example_short_circuit_decorator' retrieved from /home/airflow/.local/lib/python3.8/site-packages/airflow/example_dags/example_short_circuit_decorator.py
[2024-03-25T21:13:43.844+0000] {logging_mixin.py:188} INFO - [2024-03-25T21:13:43.844+0000] {dag.py:3047} INFO - Sync 1 DAGs
[2024-03-25T21:13:43.877+0000] {logging_mixin.py:188} INFO - [2024-03-25T21:13:43.876+0000] {dag.py:3834} INFO - Setting next_dagrun for example_short_circuit_decorator to 2024-03-24 00:00:00+00:00, run_after=2024-03-25 00:00:00+00:00
[2024-03-25T21:13:43.906+0000] {processor.py:183} INFO - Processing /home/airflow/.local/lib/python3.8/site-packages/airflow/example_dags/example_short_circuit_decorator.py took 0.133 seconds
[2024-03-25T21:14:14.116+0000] {processor.py:161} INFO - Started process (PID=548) to work on /home/airflow/.local/lib/python3.8/site-packages/airflow/example_dags/example_short_circuit_decorator.py
[2024-03-25T21:14:14.118+0000] {processor.py:830} INFO - Processing file /home/airflow/.local/lib/python3.8/site-packages/airflow/example_dags/example_short_circuit_decorator.py for tasks to queue
[2024-03-25T21:14:14.121+0000] {logging_mixin.py:188} INFO - [2024-03-25T21:14:14.120+0000] {dagbag.py:540} INFO - Filling up the DagBag from /home/airflow/.local/lib/python3.8/site-packages/airflow/example_dags/example_short_circuit_decorator.py
[2024-03-25T21:14:14.136+0000] {processor.py:840} INFO - DAG(s) 'example_short_circuit_decorator' retrieved from /home/airflow/.local/lib/python3.8/site-packages/airflow/example_dags/example_short_circuit_decorator.py
[2024-03-25T21:14:14.175+0000] {logging_mixin.py:188} INFO - [2024-03-25T21:14:14.175+0000] {dag.py:3047} INFO - Sync 1 DAGs
[2024-03-25T21:14:14.216+0000] {logging_mixin.py:188} INFO - [2024-03-25T21:14:14.216+0000] {dag.py:3834} INFO - Setting next_dagrun for example_short_circuit_decorator to 2024-03-24 00:00:00+00:00, run_after=2024-03-25 00:00:00+00:00
[2024-03-25T21:14:14.255+0000] {processor.py:183} INFO - Processing /home/airflow/.local/lib/python3.8/site-packages/airflow/example_dags/example_short_circuit_decorator.py took 0.145 seconds
[2024-03-25T21:14:44.650+0000] {processor.py:161} INFO - Started process (PID=604) to work on /home/airflow/.local/lib/python3.8/site-packages/airflow/example_dags/example_short_circuit_decorator.py
[2024-03-25T21:14:44.652+0000] {processor.py:830} INFO - Processing file /home/airflow/.local/lib/python3.8/site-packages/airflow/example_dags/example_short_circuit_decorator.py for tasks to queue
[2024-03-25T21:14:44.655+0000] {logging_mixin.py:188} INFO - [2024-03-25T21:14:44.655+0000] {dagbag.py:540} INFO - Filling up the DagBag from /home/airflow/.local/lib/python3.8/site-packages/airflow/example_dags/example_short_circuit_decorator.py
[2024-03-25T21:14:44.672+0000] {processor.py:840} INFO - DAG(s) 'example_short_circuit_decorator' retrieved from /home/airflow/.local/lib/python3.8/site-packages/airflow/example_dags/example_short_circuit_decorator.py
[2024-03-25T21:14:44.714+0000] {logging_mixin.py:188} INFO - [2024-03-25T21:14:44.714+0000] {dag.py:3047} INFO - Sync 1 DAGs
[2024-03-25T21:14:44.754+0000] {logging_mixin.py:188} INFO - [2024-03-25T21:14:44.753+0000] {dag.py:3834} INFO - Setting next_dagrun for example_short_circuit_decorator to 2024-03-24 00:00:00+00:00, run_after=2024-03-25 00:00:00+00:00
[2024-03-25T21:14:44.786+0000] {processor.py:183} INFO - Processing /home/airflow/.local/lib/python3.8/site-packages/airflow/example_dags/example_short_circuit_decorator.py took 0.142 seconds
[2024-03-25T21:15:15.193+0000] {processor.py:161} INFO - Started process (PID=660) to work on /home/airflow/.local/lib/python3.8/site-packages/airflow/example_dags/example_short_circuit_decorator.py
[2024-03-25T21:15:15.195+0000] {processor.py:830} INFO - Processing file /home/airflow/.local/lib/python3.8/site-packages/airflow/example_dags/example_short_circuit_decorator.py for tasks to queue
[2024-03-25T21:15:15.198+0000] {logging_mixin.py:188} INFO - [2024-03-25T21:15:15.198+0000] {dagbag.py:540} INFO - Filling up the DagBag from /home/airflow/.local/lib/python3.8/site-packages/airflow/example_dags/example_short_circuit_decorator.py
[2024-03-25T21:15:15.216+0000] {processor.py:840} INFO - DAG(s) 'example_short_circuit_decorator' retrieved from /home/airflow/.local/lib/python3.8/site-packages/airflow/example_dags/example_short_circuit_decorator.py
[2024-03-25T21:15:15.259+0000] {logging_mixin.py:188} INFO - [2024-03-25T21:15:15.258+0000] {dag.py:3047} INFO - Sync 1 DAGs
[2024-03-25T21:15:15.295+0000] {logging_mixin.py:188} INFO - [2024-03-25T21:15:15.295+0000] {dag.py:3834} INFO - Setting next_dagrun for example_short_circuit_decorator to 2024-03-24 00:00:00+00:00, run_after=2024-03-25 00:00:00+00:00
[2024-03-25T21:15:15.324+0000] {processor.py:183} INFO - Processing /home/airflow/.local/lib/python3.8/site-packages/airflow/example_dags/example_short_circuit_decorator.py took 0.136 seconds
[2024-03-25T21:15:45.949+0000] {processor.py:161} INFO - Started process (PID=716) to work on /home/airflow/.local/lib/python3.8/site-packages/airflow/example_dags/example_short_circuit_decorator.py
[2024-03-25T21:15:45.951+0000] {processor.py:830} INFO - Processing file /home/airflow/.local/lib/python3.8/site-packages/airflow/example_dags/example_short_circuit_decorator.py for tasks to queue
[2024-03-25T21:15:45.954+0000] {logging_mixin.py:188} INFO - [2024-03-25T21:15:45.953+0000] {dagbag.py:540} INFO - Filling up the DagBag from /home/airflow/.local/lib/python3.8/site-packages/airflow/example_dags/example_short_circuit_decorator.py
[2024-03-25T21:15:45.969+0000] {processor.py:840} INFO - DAG(s) 'example_short_circuit_decorator' retrieved from /home/airflow/.local/lib/python3.8/site-packages/airflow/example_dags/example_short_circuit_decorator.py
[2024-03-25T21:15:46.014+0000] {logging_mixin.py:188} INFO - [2024-03-25T21:15:46.013+0000] {dag.py:3047} INFO - Sync 1 DAGs
[2024-03-25T21:15:46.050+0000] {logging_mixin.py:188} INFO - [2024-03-25T21:15:46.050+0000] {dag.py:3834} INFO - Setting next_dagrun for example_short_circuit_decorator to 2024-03-24 00:00:00+00:00, run_after=2024-03-25 00:00:00+00:00
[2024-03-25T21:15:46.083+0000] {processor.py:183} INFO - Processing /home/airflow/.local/lib/python3.8/site-packages/airflow/example_dags/example_short_circuit_decorator.py took 0.139 seconds
[2024-03-25T21:16:16.218+0000] {processor.py:161} INFO - Started process (PID=772) to work on /home/airflow/.local/lib/python3.8/site-packages/airflow/example_dags/example_short_circuit_decorator.py
[2024-03-25T21:16:16.219+0000] {processor.py:830} INFO - Processing file /home/airflow/.local/lib/python3.8/site-packages/airflow/example_dags/example_short_circuit_decorator.py for tasks to queue
[2024-03-25T21:16:16.223+0000] {logging_mixin.py:188} INFO - [2024-03-25T21:16:16.222+0000] {dagbag.py:540} INFO - Filling up the DagBag from /home/airflow/.local/lib/python3.8/site-packages/airflow/example_dags/example_short_circuit_decorator.py
[2024-03-25T21:16:16.239+0000] {processor.py:840} INFO - DAG(s) 'example_short_circuit_decorator' retrieved from /home/airflow/.local/lib/python3.8/site-packages/airflow/example_dags/example_short_circuit_decorator.py
[2024-03-25T21:16:16.280+0000] {logging_mixin.py:188} INFO - [2024-03-25T21:16:16.279+0000] {dag.py:3047} INFO - Sync 1 DAGs
[2024-03-25T21:16:16.315+0000] {logging_mixin.py:188} INFO - [2024-03-25T21:16:16.314+0000] {dag.py:3834} INFO - Setting next_dagrun for example_short_circuit_decorator to 2024-03-24 00:00:00+00:00, run_after=2024-03-25 00:00:00+00:00
[2024-03-25T21:16:16.342+0000] {processor.py:183} INFO - Processing /home/airflow/.local/lib/python3.8/site-packages/airflow/example_dags/example_short_circuit_decorator.py took 0.130 seconds
[2024-03-25T21:16:46.406+0000] {processor.py:161} INFO - Started process (PID=828) to work on /home/airflow/.local/lib/python3.8/site-packages/airflow/example_dags/example_short_circuit_decorator.py
[2024-03-25T21:16:46.407+0000] {processor.py:830} INFO - Processing file /home/airflow/.local/lib/python3.8/site-packages/airflow/example_dags/example_short_circuit_decorator.py for tasks to queue
[2024-03-25T21:16:46.410+0000] {logging_mixin.py:188} INFO - [2024-03-25T21:16:46.410+0000] {dagbag.py:540} INFO - Filling up the DagBag from /home/airflow/.local/lib/python3.8/site-packages/airflow/example_dags/example_short_circuit_decorator.py
[2024-03-25T21:16:46.425+0000] {processor.py:840} INFO - DAG(s) 'example_short_circuit_decorator' retrieved from /home/airflow/.local/lib/python3.8/site-packages/airflow/example_dags/example_short_circuit_decorator.py
[2024-03-25T21:16:46.469+0000] {logging_mixin.py:188} INFO - [2024-03-25T21:16:46.469+0000] {dag.py:3047} INFO - Sync 1 DAGs
[2024-03-25T21:16:46.504+0000] {logging_mixin.py:188} INFO - [2024-03-25T21:16:46.504+0000] {dag.py:3834} INFO - Setting next_dagrun for example_short_circuit_decorator to 2024-03-24 00:00:00+00:00, run_after=2024-03-25 00:00:00+00:00
[2024-03-25T21:16:46.535+0000] {processor.py:183} INFO - Processing /home/airflow/.local/lib/python3.8/site-packages/airflow/example_dags/example_short_circuit_decorator.py took 0.134 seconds
[2024-03-25T21:17:16.897+0000] {processor.py:161} INFO - Started process (PID=884) to work on /home/airflow/.local/lib/python3.8/site-packages/airflow/example_dags/example_short_circuit_decorator.py
[2024-03-25T21:17:16.899+0000] {processor.py:830} INFO - Processing file /home/airflow/.local/lib/python3.8/site-packages/airflow/example_dags/example_short_circuit_decorator.py for tasks to queue
[2024-03-25T21:17:16.902+0000] {logging_mixin.py:188} INFO - [2024-03-25T21:17:16.901+0000] {dagbag.py:540} INFO - Filling up the DagBag from /home/airflow/.local/lib/python3.8/site-packages/airflow/example_dags/example_short_circuit_decorator.py
[2024-03-25T21:17:16.918+0000] {processor.py:840} INFO - DAG(s) 'example_short_circuit_decorator' retrieved from /home/airflow/.local/lib/python3.8/site-packages/airflow/example_dags/example_short_circuit_decorator.py
[2024-03-25T21:17:16.959+0000] {logging_mixin.py:188} INFO - [2024-03-25T21:17:16.958+0000] {dag.py:3047} INFO - Sync 1 DAGs
[2024-03-25T21:17:16.991+0000] {logging_mixin.py:188} INFO - [2024-03-25T21:17:16.991+0000] {dag.py:3834} INFO - Setting next_dagrun for example_short_circuit_decorator to 2024-03-24 00:00:00+00:00, run_after=2024-03-25 00:00:00+00:00
[2024-03-25T21:17:17.019+0000] {processor.py:183} INFO - Processing /home/airflow/.local/lib/python3.8/site-packages/airflow/example_dags/example_short_circuit_decorator.py took 0.128 seconds
[2024-03-25T21:17:47.296+0000] {processor.py:161} INFO - Started process (PID=940) to work on /home/airflow/.local/lib/python3.8/site-packages/airflow/example_dags/example_short_circuit_decorator.py
[2024-03-25T21:17:47.298+0000] {processor.py:830} INFO - Processing file /home/airflow/.local/lib/python3.8/site-packages/airflow/example_dags/example_short_circuit_decorator.py for tasks to queue
[2024-03-25T21:17:47.301+0000] {logging_mixin.py:188} INFO - [2024-03-25T21:17:47.301+0000] {dagbag.py:540} INFO - Filling up the DagBag from /home/airflow/.local/lib/python3.8/site-packages/airflow/example_dags/example_short_circuit_decorator.py
[2024-03-25T21:17:47.317+0000] {processor.py:840} INFO - DAG(s) 'example_short_circuit_decorator' retrieved from /home/airflow/.local/lib/python3.8/site-packages/airflow/example_dags/example_short_circuit_decorator.py
[2024-03-25T21:17:47.359+0000] {logging_mixin.py:188} INFO - [2024-03-25T21:17:47.358+0000] {dag.py:3047} INFO - Sync 1 DAGs
[2024-03-25T21:17:47.393+0000] {logging_mixin.py:188} INFO - [2024-03-25T21:17:47.392+0000] {dag.py:3834} INFO - Setting next_dagrun for example_short_circuit_decorator to 2024-03-24 00:00:00+00:00, run_after=2024-03-25 00:00:00+00:00
[2024-03-25T21:17:47.420+0000] {processor.py:183} INFO - Processing /home/airflow/.local/lib/python3.8/site-packages/airflow/example_dags/example_short_circuit_decorator.py took 0.130 seconds
[2024-03-25T21:18:17.691+0000] {processor.py:161} INFO - Started process (PID=996) to work on /home/airflow/.local/lib/python3.8/site-packages/airflow/example_dags/example_short_circuit_decorator.py
[2024-03-25T21:18:17.693+0000] {processor.py:830} INFO - Processing file /home/airflow/.local/lib/python3.8/site-packages/airflow/example_dags/example_short_circuit_decorator.py for tasks to queue
[2024-03-25T21:18:17.696+0000] {logging_mixin.py:188} INFO - [2024-03-25T21:18:17.695+0000] {dagbag.py:540} INFO - Filling up the DagBag from /home/airflow/.local/lib/python3.8/site-packages/airflow/example_dags/example_short_circuit_decorator.py
[2024-03-25T21:18:17.710+0000] {processor.py:840} INFO - DAG(s) 'example_short_circuit_decorator' retrieved from /home/airflow/.local/lib/python3.8/site-packages/airflow/example_dags/example_short_circuit_decorator.py
[2024-03-25T21:18:17.750+0000] {logging_mixin.py:188} INFO - [2024-03-25T21:18:17.749+0000] {dag.py:3047} INFO - Sync 1 DAGs
[2024-03-25T21:18:17.783+0000] {logging_mixin.py:188} INFO - [2024-03-25T21:18:17.783+0000] {dag.py:3834} INFO - Setting next_dagrun for example_short_circuit_decorator to 2024-03-24 00:00:00+00:00, run_after=2024-03-25 00:00:00+00:00
[2024-03-25T21:18:17.811+0000] {processor.py:183} INFO - Processing /home/airflow/.local/lib/python3.8/site-packages/airflow/example_dags/example_short_circuit_decorator.py took 0.125 seconds
[2024-03-25T21:18:48.524+0000] {processor.py:161} INFO - Started process (PID=1052) to work on /home/airflow/.local/lib/python3.8/site-packages/airflow/example_dags/example_short_circuit_decorator.py
[2024-03-25T21:18:48.526+0000] {processor.py:830} INFO - Processing file /home/airflow/.local/lib/python3.8/site-packages/airflow/example_dags/example_short_circuit_decorator.py for tasks to queue
[2024-03-25T21:18:48.529+0000] {logging_mixin.py:188} INFO - [2024-03-25T21:18:48.528+0000] {dagbag.py:540} INFO - Filling up the DagBag from /home/airflow/.local/lib/python3.8/site-packages/airflow/example_dags/example_short_circuit_decorator.py
[2024-03-25T21:18:48.543+0000] {processor.py:840} INFO - DAG(s) 'example_short_circuit_decorator' retrieved from /home/airflow/.local/lib/python3.8/site-packages/airflow/example_dags/example_short_circuit_decorator.py
[2024-03-25T21:18:48.587+0000] {logging_mixin.py:188} INFO - [2024-03-25T21:18:48.586+0000] {dag.py:3047} INFO - Sync 1 DAGs
[2024-03-25T21:18:48.624+0000] {logging_mixin.py:188} INFO - [2024-03-25T21:18:48.624+0000] {dag.py:3834} INFO - Setting next_dagrun for example_short_circuit_decorator to 2024-03-24 00:00:00+00:00, run_after=2024-03-25 00:00:00+00:00
[2024-03-25T21:18:48.652+0000] {processor.py:183} INFO - Processing /home/airflow/.local/lib/python3.8/site-packages/airflow/example_dags/example_short_circuit_decorator.py took 0.133 seconds
[2024-03-25T21:19:18.928+0000] {processor.py:161} INFO - Started process (PID=1107) to work on /home/airflow/.local/lib/python3.8/site-packages/airflow/example_dags/example_short_circuit_decorator.py
[2024-03-25T21:19:18.930+0000] {processor.py:830} INFO - Processing file /home/airflow/.local/lib/python3.8/site-packages/airflow/example_dags/example_short_circuit_decorator.py for tasks to queue
[2024-03-25T21:19:18.933+0000] {logging_mixin.py:188} INFO - [2024-03-25T21:19:18.932+0000] {dagbag.py:540} INFO - Filling up the DagBag from /home/airflow/.local/lib/python3.8/site-packages/airflow/example_dags/example_short_circuit_decorator.py
[2024-03-25T21:19:18.947+0000] {processor.py:840} INFO - DAG(s) 'example_short_circuit_decorator' retrieved from /home/airflow/.local/lib/python3.8/site-packages/airflow/example_dags/example_short_circuit_decorator.py
[2024-03-25T21:19:18.990+0000] {logging_mixin.py:188} INFO - [2024-03-25T21:19:18.989+0000] {dag.py:3047} INFO - Sync 1 DAGs
[2024-03-25T21:19:19.023+0000] {logging_mixin.py:188} INFO - [2024-03-25T21:19:19.022+0000] {dag.py:3834} INFO - Setting next_dagrun for example_short_circuit_decorator to 2024-03-24 00:00:00+00:00, run_after=2024-03-25 00:00:00+00:00
[2024-03-25T21:19:19.050+0000] {processor.py:183} INFO - Processing /home/airflow/.local/lib/python3.8/site-packages/airflow/example_dags/example_short_circuit_decorator.py took 0.127 seconds
[2024-03-25T21:19:49.226+0000] {processor.py:161} INFO - Started process (PID=1163) to work on /home/airflow/.local/lib/python3.8/site-packages/airflow/example_dags/example_short_circuit_decorator.py
[2024-03-25T21:19:49.228+0000] {processor.py:830} INFO - Processing file /home/airflow/.local/lib/python3.8/site-packages/airflow/example_dags/example_short_circuit_decorator.py for tasks to queue
[2024-03-25T21:19:49.231+0000] {logging_mixin.py:188} INFO - [2024-03-25T21:19:49.231+0000] {dagbag.py:540} INFO - Filling up the DagBag from /home/airflow/.local/lib/python3.8/site-packages/airflow/example_dags/example_short_circuit_decorator.py
[2024-03-25T21:19:49.246+0000] {processor.py:840} INFO - DAG(s) 'example_short_circuit_decorator' retrieved from /home/airflow/.local/lib/python3.8/site-packages/airflow/example_dags/example_short_circuit_decorator.py
[2024-03-25T21:19:49.285+0000] {logging_mixin.py:188} INFO - [2024-03-25T21:19:49.285+0000] {dag.py:3047} INFO - Sync 1 DAGs
[2024-03-25T21:19:49.318+0000] {logging_mixin.py:188} INFO - [2024-03-25T21:19:49.318+0000] {dag.py:3834} INFO - Setting next_dagrun for example_short_circuit_decorator to 2024-03-24 00:00:00+00:00, run_after=2024-03-25 00:00:00+00:00
[2024-03-25T21:19:49.347+0000] {processor.py:183} INFO - Processing /home/airflow/.local/lib/python3.8/site-packages/airflow/example_dags/example_short_circuit_decorator.py took 0.126 seconds
[2024-03-25T21:20:19.542+0000] {processor.py:161} INFO - Started process (PID=1219) to work on /home/airflow/.local/lib/python3.8/site-packages/airflow/example_dags/example_short_circuit_decorator.py
[2024-03-25T21:20:19.544+0000] {processor.py:830} INFO - Processing file /home/airflow/.local/lib/python3.8/site-packages/airflow/example_dags/example_short_circuit_decorator.py for tasks to queue
[2024-03-25T21:20:19.547+0000] {logging_mixin.py:188} INFO - [2024-03-25T21:20:19.546+0000] {dagbag.py:540} INFO - Filling up the DagBag from /home/airflow/.local/lib/python3.8/site-packages/airflow/example_dags/example_short_circuit_decorator.py
[2024-03-25T21:20:19.561+0000] {processor.py:840} INFO - DAG(s) 'example_short_circuit_decorator' retrieved from /home/airflow/.local/lib/python3.8/site-packages/airflow/example_dags/example_short_circuit_decorator.py
[2024-03-25T21:20:19.602+0000] {logging_mixin.py:188} INFO - [2024-03-25T21:20:19.602+0000] {dag.py:3047} INFO - Sync 1 DAGs
[2024-03-25T21:20:19.634+0000] {logging_mixin.py:188} INFO - [2024-03-25T21:20:19.634+0000] {dag.py:3834} INFO - Setting next_dagrun for example_short_circuit_decorator to 2024-03-24 00:00:00+00:00, run_after=2024-03-25 00:00:00+00:00
[2024-03-25T21:20:19.663+0000] {processor.py:183} INFO - Processing /home/airflow/.local/lib/python3.8/site-packages/airflow/example_dags/example_short_circuit_decorator.py took 0.126 seconds
[2024-03-25T21:26:46.973+0000] {processor.py:161} INFO - Started process (PID=1281) to work on /home/airflow/.local/lib/python3.8/site-packages/airflow/example_dags/example_short_circuit_decorator.py
[2024-03-25T21:26:46.975+0000] {processor.py:830} INFO - Processing file /home/airflow/.local/lib/python3.8/site-packages/airflow/example_dags/example_short_circuit_decorator.py for tasks to queue
[2024-03-25T21:26:46.986+0000] {logging_mixin.py:188} INFO - [2024-03-25T21:26:46.984+0000] {dagbag.py:540} INFO - Filling up the DagBag from /home/airflow/.local/lib/python3.8/site-packages/airflow/example_dags/example_short_circuit_decorator.py
[2024-03-25T21:26:47.025+0000] {processor.py:840} INFO - DAG(s) 'example_short_circuit_decorator' retrieved from /home/airflow/.local/lib/python3.8/site-packages/airflow/example_dags/example_short_circuit_decorator.py
[2024-03-25T21:26:47.110+0000] {logging_mixin.py:188} INFO - [2024-03-25T21:26:47.109+0000] {dag.py:3047} INFO - Sync 1 DAGs
[2024-03-25T21:26:47.164+0000] {logging_mixin.py:188} INFO - [2024-03-25T21:26:47.164+0000] {dag.py:3834} INFO - Setting next_dagrun for example_short_circuit_decorator to 2024-03-24 00:00:00+00:00, run_after=2024-03-25 00:00:00+00:00
[2024-03-25T21:26:47.217+0000] {processor.py:183} INFO - Processing /home/airflow/.local/lib/python3.8/site-packages/airflow/example_dags/example_short_circuit_decorator.py took 0.258 seconds
[2024-03-25T21:27:17.890+0000] {processor.py:161} INFO - Started process (PID=1337) to work on /home/airflow/.local/lib/python3.8/site-packages/airflow/example_dags/example_short_circuit_decorator.py
[2024-03-25T21:27:17.892+0000] {processor.py:830} INFO - Processing file /home/airflow/.local/lib/python3.8/site-packages/airflow/example_dags/example_short_circuit_decorator.py for tasks to queue
[2024-03-25T21:27:17.895+0000] {logging_mixin.py:188} INFO - [2024-03-25T21:27:17.895+0000] {dagbag.py:540} INFO - Filling up the DagBag from /home/airflow/.local/lib/python3.8/site-packages/airflow/example_dags/example_short_circuit_decorator.py
[2024-03-25T21:27:17.911+0000] {processor.py:840} INFO - DAG(s) 'example_short_circuit_decorator' retrieved from /home/airflow/.local/lib/python3.8/site-packages/airflow/example_dags/example_short_circuit_decorator.py
[2024-03-25T21:27:17.958+0000] {logging_mixin.py:188} INFO - [2024-03-25T21:27:17.957+0000] {dag.py:3047} INFO - Sync 1 DAGs
[2024-03-25T21:27:17.997+0000] {logging_mixin.py:188} INFO - [2024-03-25T21:27:17.997+0000] {dag.py:3834} INFO - Setting next_dagrun for example_short_circuit_decorator to 2024-03-24 00:00:00+00:00, run_after=2024-03-25 00:00:00+00:00
[2024-03-25T21:27:18.032+0000] {processor.py:183} INFO - Processing /home/airflow/.local/lib/python3.8/site-packages/airflow/example_dags/example_short_circuit_decorator.py took 0.149 seconds
[2024-03-25T21:27:48.757+0000] {processor.py:161} INFO - Started process (PID=1393) to work on /home/airflow/.local/lib/python3.8/site-packages/airflow/example_dags/example_short_circuit_decorator.py
[2024-03-25T21:27:48.759+0000] {processor.py:830} INFO - Processing file /home/airflow/.local/lib/python3.8/site-packages/airflow/example_dags/example_short_circuit_decorator.py for tasks to queue
[2024-03-25T21:27:48.763+0000] {logging_mixin.py:188} INFO - [2024-03-25T21:27:48.762+0000] {dagbag.py:540} INFO - Filling up the DagBag from /home/airflow/.local/lib/python3.8/site-packages/airflow/example_dags/example_short_circuit_decorator.py
[2024-03-25T21:27:48.778+0000] {processor.py:840} INFO - DAG(s) 'example_short_circuit_decorator' retrieved from /home/airflow/.local/lib/python3.8/site-packages/airflow/example_dags/example_short_circuit_decorator.py
[2024-03-25T21:27:48.826+0000] {logging_mixin.py:188} INFO - [2024-03-25T21:27:48.825+0000] {dag.py:3047} INFO - Sync 1 DAGs
[2024-03-25T21:27:48.864+0000] {logging_mixin.py:188} INFO - [2024-03-25T21:27:48.864+0000] {dag.py:3834} INFO - Setting next_dagrun for example_short_circuit_decorator to 2024-03-24 00:00:00+00:00, run_after=2024-03-25 00:00:00+00:00
[2024-03-25T21:27:48.893+0000] {processor.py:183} INFO - Processing /home/airflow/.local/lib/python3.8/site-packages/airflow/example_dags/example_short_circuit_decorator.py took 0.142 seconds
[2024-03-25T21:28:19.227+0000] {processor.py:161} INFO - Started process (PID=1449) to work on /home/airflow/.local/lib/python3.8/site-packages/airflow/example_dags/example_short_circuit_decorator.py
[2024-03-25T21:28:19.228+0000] {processor.py:830} INFO - Processing file /home/airflow/.local/lib/python3.8/site-packages/airflow/example_dags/example_short_circuit_decorator.py for tasks to queue
[2024-03-25T21:28:19.231+0000] {logging_mixin.py:188} INFO - [2024-03-25T21:28:19.231+0000] {dagbag.py:540} INFO - Filling up the DagBag from /home/airflow/.local/lib/python3.8/site-packages/airflow/example_dags/example_short_circuit_decorator.py
[2024-03-25T21:28:19.246+0000] {processor.py:840} INFO - DAG(s) 'example_short_circuit_decorator' retrieved from /home/airflow/.local/lib/python3.8/site-packages/airflow/example_dags/example_short_circuit_decorator.py
[2024-03-25T21:28:19.288+0000] {logging_mixin.py:188} INFO - [2024-03-25T21:28:19.287+0000] {dag.py:3047} INFO - Sync 1 DAGs
[2024-03-25T21:28:19.322+0000] {logging_mixin.py:188} INFO - [2024-03-25T21:28:19.321+0000] {dag.py:3834} INFO - Setting next_dagrun for example_short_circuit_decorator to 2024-03-24 00:00:00+00:00, run_after=2024-03-25 00:00:00+00:00
[2024-03-25T21:28:19.350+0000] {processor.py:183} INFO - Processing /home/airflow/.local/lib/python3.8/site-packages/airflow/example_dags/example_short_circuit_decorator.py took 0.128 seconds
