[2024-03-25T21:03:48.940+0000] {processor.py:161} INFO - Started process (PID=56) to work on /home/airflow/.local/lib/python3.8/site-packages/airflow/example_dags/example_sensors.py
[2024-03-25T21:03:48.964+0000] {processor.py:830} INFO - Processing file /home/airflow/.local/lib/python3.8/site-packages/airflow/example_dags/example_sensors.py for tasks to queue
[2024-03-25T21:03:48.991+0000] {logging_mixin.py:188} INFO - [2024-03-25T21:03:48.988+0000] {dagbag.py:540} INFO - Filling up the DagBag from /home/airflow/.local/lib/python3.8/site-packages/airflow/example_dags/example_sensors.py
[2024-03-25T21:03:49.039+0000] {processor.py:840} INFO - DAG(s) 'example_sensors' retrieved from /home/airflow/.local/lib/python3.8/site-packages/airflow/example_dags/example_sensors.py
[2024-03-25T21:03:49.132+0000] {logging_mixin.py:188} INFO - [2024-03-25T21:03:49.132+0000] {dag.py:3047} INFO - Sync 1 DAGs
[2024-03-25T21:03:49.225+0000] {logging_mixin.py:188} INFO - [2024-03-25T21:03:49.224+0000] {dag.py:3834} INFO - Setting next_dagrun for example_sensors to None, run_after=None
[2024-03-25T21:03:49.360+0000] {processor.py:183} INFO - Processing /home/airflow/.local/lib/python3.8/site-packages/airflow/example_dags/example_sensors.py took 0.524 seconds
[2024-03-25T21:04:19.558+0000] {processor.py:161} INFO - Started process (PID=111) to work on /home/airflow/.local/lib/python3.8/site-packages/airflow/example_dags/example_sensors.py
[2024-03-25T21:04:19.560+0000] {processor.py:830} INFO - Processing file /home/airflow/.local/lib/python3.8/site-packages/airflow/example_dags/example_sensors.py for tasks to queue
[2024-03-25T21:04:19.563+0000] {logging_mixin.py:188} INFO - [2024-03-25T21:04:19.562+0000] {dagbag.py:540} INFO - Filling up the DagBag from /home/airflow/.local/lib/python3.8/site-packages/airflow/example_dags/example_sensors.py
[2024-03-25T21:04:19.608+0000] {processor.py:840} INFO - DAG(s) 'example_sensors' retrieved from /home/airflow/.local/lib/python3.8/site-packages/airflow/example_dags/example_sensors.py
[2024-03-25T21:04:20.077+0000] {logging_mixin.py:188} INFO - [2024-03-25T21:04:20.077+0000] {dag.py:3047} INFO - Sync 1 DAGs
[2024-03-25T21:04:20.121+0000] {logging_mixin.py:188} INFO - [2024-03-25T21:04:20.120+0000] {dag.py:3834} INFO - Setting next_dagrun for example_sensors to None, run_after=None
[2024-03-25T21:04:20.183+0000] {processor.py:183} INFO - Processing /home/airflow/.local/lib/python3.8/site-packages/airflow/example_dags/example_sensors.py took 0.631 seconds
[2024-03-25T21:04:50.258+0000] {processor.py:161} INFO - Started process (PID=165) to work on /home/airflow/.local/lib/python3.8/site-packages/airflow/example_dags/example_sensors.py
[2024-03-25T21:04:50.260+0000] {processor.py:830} INFO - Processing file /home/airflow/.local/lib/python3.8/site-packages/airflow/example_dags/example_sensors.py for tasks to queue
[2024-03-25T21:04:50.263+0000] {logging_mixin.py:188} INFO - [2024-03-25T21:04:50.263+0000] {dagbag.py:540} INFO - Filling up the DagBag from /home/airflow/.local/lib/python3.8/site-packages/airflow/example_dags/example_sensors.py
[2024-03-25T21:04:50.279+0000] {processor.py:840} INFO - DAG(s) 'example_sensors' retrieved from /home/airflow/.local/lib/python3.8/site-packages/airflow/example_dags/example_sensors.py
[2024-03-25T21:04:50.319+0000] {logging_mixin.py:188} INFO - [2024-03-25T21:04:50.318+0000] {dag.py:3047} INFO - Sync 1 DAGs
[2024-03-25T21:04:50.339+0000] {logging_mixin.py:188} INFO - [2024-03-25T21:04:50.338+0000] {dag.py:3834} INFO - Setting next_dagrun for example_sensors to None, run_after=None
[2024-03-25T21:04:51.063+0000] {processor.py:183} INFO - Processing /home/airflow/.local/lib/python3.8/site-packages/airflow/example_dags/example_sensors.py took 0.810 seconds
[2024-03-25T21:05:21.232+0000] {processor.py:161} INFO - Started process (PID=220) to work on /home/airflow/.local/lib/python3.8/site-packages/airflow/example_dags/example_sensors.py
[2024-03-25T21:05:21.234+0000] {processor.py:830} INFO - Processing file /home/airflow/.local/lib/python3.8/site-packages/airflow/example_dags/example_sensors.py for tasks to queue
[2024-03-25T21:05:21.238+0000] {logging_mixin.py:188} INFO - [2024-03-25T21:05:21.237+0000] {dagbag.py:540} INFO - Filling up the DagBag from /home/airflow/.local/lib/python3.8/site-packages/airflow/example_dags/example_sensors.py
[2024-03-25T21:05:21.256+0000] {processor.py:840} INFO - DAG(s) 'example_sensors' retrieved from /home/airflow/.local/lib/python3.8/site-packages/airflow/example_dags/example_sensors.py
[2024-03-25T21:05:21.301+0000] {logging_mixin.py:188} INFO - [2024-03-25T21:05:21.300+0000] {dag.py:3047} INFO - Sync 1 DAGs
[2024-03-25T21:05:21.320+0000] {logging_mixin.py:188} INFO - [2024-03-25T21:05:21.320+0000] {dag.py:3834} INFO - Setting next_dagrun for example_sensors to None, run_after=None
[2024-03-25T21:05:21.351+0000] {processor.py:183} INFO - Processing /home/airflow/.local/lib/python3.8/site-packages/airflow/example_dags/example_sensors.py took 0.125 seconds
[2024-03-25T21:05:51.923+0000] {processor.py:161} INFO - Started process (PID=276) to work on /home/airflow/.local/lib/python3.8/site-packages/airflow/example_dags/example_sensors.py
[2024-03-25T21:05:51.925+0000] {processor.py:830} INFO - Processing file /home/airflow/.local/lib/python3.8/site-packages/airflow/example_dags/example_sensors.py for tasks to queue
[2024-03-25T21:05:51.928+0000] {logging_mixin.py:188} INFO - [2024-03-25T21:05:51.928+0000] {dagbag.py:540} INFO - Filling up the DagBag from /home/airflow/.local/lib/python3.8/site-packages/airflow/example_dags/example_sensors.py
[2024-03-25T21:05:51.943+0000] {processor.py:840} INFO - DAG(s) 'example_sensors' retrieved from /home/airflow/.local/lib/python3.8/site-packages/airflow/example_dags/example_sensors.py
[2024-03-25T21:05:51.990+0000] {logging_mixin.py:188} INFO - [2024-03-25T21:05:51.989+0000] {dag.py:3047} INFO - Sync 1 DAGs
[2024-03-25T21:05:52.011+0000] {logging_mixin.py:188} INFO - [2024-03-25T21:05:52.010+0000] {dag.py:3834} INFO - Setting next_dagrun for example_sensors to None, run_after=None
[2024-03-25T21:05:52.065+0000] {processor.py:183} INFO - Processing /home/airflow/.local/lib/python3.8/site-packages/airflow/example_dags/example_sensors.py took 0.147 seconds
[2024-03-25T21:06:22.752+0000] {processor.py:161} INFO - Started process (PID=331) to work on /home/airflow/.local/lib/python3.8/site-packages/airflow/example_dags/example_sensors.py
[2024-03-25T21:06:22.754+0000] {processor.py:830} INFO - Processing file /home/airflow/.local/lib/python3.8/site-packages/airflow/example_dags/example_sensors.py for tasks to queue
[2024-03-25T21:06:22.757+0000] {logging_mixin.py:188} INFO - [2024-03-25T21:06:22.756+0000] {dagbag.py:540} INFO - Filling up the DagBag from /home/airflow/.local/lib/python3.8/site-packages/airflow/example_dags/example_sensors.py
[2024-03-25T21:06:22.773+0000] {processor.py:840} INFO - DAG(s) 'example_sensors' retrieved from /home/airflow/.local/lib/python3.8/site-packages/airflow/example_dags/example_sensors.py
[2024-03-25T21:06:22.817+0000] {logging_mixin.py:188} INFO - [2024-03-25T21:06:22.817+0000] {dag.py:3047} INFO - Sync 1 DAGs
[2024-03-25T21:06:22.836+0000] {logging_mixin.py:188} INFO - [2024-03-25T21:06:22.836+0000] {dag.py:3834} INFO - Setting next_dagrun for example_sensors to None, run_after=None
[2024-03-25T21:06:22.868+0000] {processor.py:183} INFO - Processing /home/airflow/.local/lib/python3.8/site-packages/airflow/example_dags/example_sensors.py took 0.121 seconds
[2024-03-25T21:06:53.313+0000] {processor.py:161} INFO - Started process (PID=386) to work on /home/airflow/.local/lib/python3.8/site-packages/airflow/example_dags/example_sensors.py
[2024-03-25T21:06:53.315+0000] {processor.py:830} INFO - Processing file /home/airflow/.local/lib/python3.8/site-packages/airflow/example_dags/example_sensors.py for tasks to queue
[2024-03-25T21:06:53.318+0000] {logging_mixin.py:188} INFO - [2024-03-25T21:06:53.318+0000] {dagbag.py:540} INFO - Filling up the DagBag from /home/airflow/.local/lib/python3.8/site-packages/airflow/example_dags/example_sensors.py
[2024-03-25T21:06:53.333+0000] {processor.py:840} INFO - DAG(s) 'example_sensors' retrieved from /home/airflow/.local/lib/python3.8/site-packages/airflow/example_dags/example_sensors.py
[2024-03-25T21:06:53.375+0000] {logging_mixin.py:188} INFO - [2024-03-25T21:06:53.375+0000] {dag.py:3047} INFO - Sync 1 DAGs
[2024-03-25T21:06:53.398+0000] {logging_mixin.py:188} INFO - [2024-03-25T21:06:53.397+0000] {dag.py:3834} INFO - Setting next_dagrun for example_sensors to None, run_after=None
[2024-03-25T21:06:53.425+0000] {processor.py:183} INFO - Processing /home/airflow/.local/lib/python3.8/site-packages/airflow/example_dags/example_sensors.py took 0.116 seconds
[2024-03-25T21:07:24.287+0000] {processor.py:161} INFO - Started process (PID=441) to work on /home/airflow/.local/lib/python3.8/site-packages/airflow/example_dags/example_sensors.py
[2024-03-25T21:07:24.289+0000] {processor.py:830} INFO - Processing file /home/airflow/.local/lib/python3.8/site-packages/airflow/example_dags/example_sensors.py for tasks to queue
[2024-03-25T21:07:24.292+0000] {logging_mixin.py:188} INFO - [2024-03-25T21:07:24.291+0000] {dagbag.py:540} INFO - Filling up the DagBag from /home/airflow/.local/lib/python3.8/site-packages/airflow/example_dags/example_sensors.py
[2024-03-25T21:07:24.308+0000] {processor.py:840} INFO - DAG(s) 'example_sensors' retrieved from /home/airflow/.local/lib/python3.8/site-packages/airflow/example_dags/example_sensors.py
[2024-03-25T21:07:24.353+0000] {logging_mixin.py:188} INFO - [2024-03-25T21:07:24.353+0000] {dag.py:3047} INFO - Sync 1 DAGs
[2024-03-25T21:07:24.375+0000] {logging_mixin.py:188} INFO - [2024-03-25T21:07:24.374+0000] {dag.py:3834} INFO - Setting next_dagrun for example_sensors to None, run_after=None
[2024-03-25T21:07:24.403+0000] {processor.py:183} INFO - Processing /home/airflow/.local/lib/python3.8/site-packages/airflow/example_dags/example_sensors.py took 0.123 seconds
[2024-03-25T21:07:54.577+0000] {processor.py:161} INFO - Started process (PID=496) to work on /home/airflow/.local/lib/python3.8/site-packages/airflow/example_dags/example_sensors.py
[2024-03-25T21:07:54.579+0000] {processor.py:830} INFO - Processing file /home/airflow/.local/lib/python3.8/site-packages/airflow/example_dags/example_sensors.py for tasks to queue
[2024-03-25T21:07:54.582+0000] {logging_mixin.py:188} INFO - [2024-03-25T21:07:54.581+0000] {dagbag.py:540} INFO - Filling up the DagBag from /home/airflow/.local/lib/python3.8/site-packages/airflow/example_dags/example_sensors.py
[2024-03-25T21:07:54.597+0000] {processor.py:840} INFO - DAG(s) 'example_sensors' retrieved from /home/airflow/.local/lib/python3.8/site-packages/airflow/example_dags/example_sensors.py
[2024-03-25T21:07:54.649+0000] {logging_mixin.py:188} INFO - [2024-03-25T21:07:54.648+0000] {dag.py:3047} INFO - Sync 1 DAGs
[2024-03-25T21:07:54.670+0000] {logging_mixin.py:188} INFO - [2024-03-25T21:07:54.670+0000] {dag.py:3834} INFO - Setting next_dagrun for example_sensors to None, run_after=None
[2024-03-25T21:07:54.700+0000] {processor.py:183} INFO - Processing /home/airflow/.local/lib/python3.8/site-packages/airflow/example_dags/example_sensors.py took 0.129 seconds
[2024-03-25T21:08:25.452+0000] {processor.py:161} INFO - Started process (PID=551) to work on /home/airflow/.local/lib/python3.8/site-packages/airflow/example_dags/example_sensors.py
[2024-03-25T21:08:25.454+0000] {processor.py:830} INFO - Processing file /home/airflow/.local/lib/python3.8/site-packages/airflow/example_dags/example_sensors.py for tasks to queue
[2024-03-25T21:08:25.458+0000] {logging_mixin.py:188} INFO - [2024-03-25T21:08:25.457+0000] {dagbag.py:540} INFO - Filling up the DagBag from /home/airflow/.local/lib/python3.8/site-packages/airflow/example_dags/example_sensors.py
[2024-03-25T21:08:25.482+0000] {processor.py:840} INFO - DAG(s) 'example_sensors' retrieved from /home/airflow/.local/lib/python3.8/site-packages/airflow/example_dags/example_sensors.py
[2024-03-25T21:08:25.551+0000] {logging_mixin.py:188} INFO - [2024-03-25T21:08:25.550+0000] {dag.py:3047} INFO - Sync 1 DAGs
[2024-03-25T21:08:25.601+0000] {logging_mixin.py:188} INFO - [2024-03-25T21:08:25.600+0000] {dag.py:3834} INFO - Setting next_dagrun for example_sensors to None, run_after=None
[2024-03-25T21:08:25.670+0000] {processor.py:183} INFO - Processing /home/airflow/.local/lib/python3.8/site-packages/airflow/example_dags/example_sensors.py took 0.225 seconds
[2024-03-25T21:09:40.675+0000] {processor.py:161} INFO - Started process (PID=51) to work on /home/airflow/.local/lib/python3.8/site-packages/airflow/example_dags/example_sensors.py
[2024-03-25T21:09:40.677+0000] {processor.py:830} INFO - Processing file /home/airflow/.local/lib/python3.8/site-packages/airflow/example_dags/example_sensors.py for tasks to queue
[2024-03-25T21:09:40.680+0000] {logging_mixin.py:188} INFO - [2024-03-25T21:09:40.679+0000] {dagbag.py:540} INFO - Filling up the DagBag from /home/airflow/.local/lib/python3.8/site-packages/airflow/example_dags/example_sensors.py
[2024-03-25T21:09:40.695+0000] {processor.py:840} INFO - DAG(s) 'example_sensors' retrieved from /home/airflow/.local/lib/python3.8/site-packages/airflow/example_dags/example_sensors.py
[2024-03-25T21:09:40.872+0000] {logging_mixin.py:188} INFO - [2024-03-25T21:09:40.871+0000] {dag.py:3047} INFO - Sync 1 DAGs
[2024-03-25T21:09:40.889+0000] {logging_mixin.py:188} INFO - [2024-03-25T21:09:40.888+0000] {dag.py:3834} INFO - Setting next_dagrun for example_sensors to None, run_after=None
[2024-03-25T21:09:40.918+0000] {processor.py:183} INFO - Processing /home/airflow/.local/lib/python3.8/site-packages/airflow/example_dags/example_sensors.py took 0.248 seconds
[2024-03-25T21:10:11.677+0000] {processor.py:161} INFO - Started process (PID=107) to work on /home/airflow/.local/lib/python3.8/site-packages/airflow/example_dags/example_sensors.py
[2024-03-25T21:10:11.679+0000] {processor.py:830} INFO - Processing file /home/airflow/.local/lib/python3.8/site-packages/airflow/example_dags/example_sensors.py for tasks to queue
[2024-03-25T21:10:11.682+0000] {logging_mixin.py:188} INFO - [2024-03-25T21:10:11.682+0000] {dagbag.py:540} INFO - Filling up the DagBag from /home/airflow/.local/lib/python3.8/site-packages/airflow/example_dags/example_sensors.py
[2024-03-25T21:10:11.699+0000] {processor.py:840} INFO - DAG(s) 'example_sensors' retrieved from /home/airflow/.local/lib/python3.8/site-packages/airflow/example_dags/example_sensors.py
[2024-03-25T21:10:11.745+0000] {logging_mixin.py:188} INFO - [2024-03-25T21:10:11.745+0000] {dag.py:3047} INFO - Sync 1 DAGs
[2024-03-25T21:10:11.766+0000] {logging_mixin.py:188} INFO - [2024-03-25T21:10:11.766+0000] {dag.py:3834} INFO - Setting next_dagrun for example_sensors to None, run_after=None
[2024-03-25T21:10:11.807+0000] {processor.py:183} INFO - Processing /home/airflow/.local/lib/python3.8/site-packages/airflow/example_dags/example_sensors.py took 0.137 seconds
[2024-03-25T21:10:41.992+0000] {processor.py:161} INFO - Started process (PID=163) to work on /home/airflow/.local/lib/python3.8/site-packages/airflow/example_dags/example_sensors.py
[2024-03-25T21:10:41.994+0000] {processor.py:830} INFO - Processing file /home/airflow/.local/lib/python3.8/site-packages/airflow/example_dags/example_sensors.py for tasks to queue
[2024-03-25T21:10:41.997+0000] {logging_mixin.py:188} INFO - [2024-03-25T21:10:41.996+0000] {dagbag.py:540} INFO - Filling up the DagBag from /home/airflow/.local/lib/python3.8/site-packages/airflow/example_dags/example_sensors.py
[2024-03-25T21:10:42.015+0000] {processor.py:840} INFO - DAG(s) 'example_sensors' retrieved from /home/airflow/.local/lib/python3.8/site-packages/airflow/example_dags/example_sensors.py
[2024-03-25T21:10:42.057+0000] {logging_mixin.py:188} INFO - [2024-03-25T21:10:42.057+0000] {dag.py:3047} INFO - Sync 1 DAGs
[2024-03-25T21:10:42.076+0000] {logging_mixin.py:188} INFO - [2024-03-25T21:10:42.076+0000] {dag.py:3834} INFO - Setting next_dagrun for example_sensors to None, run_after=None
[2024-03-25T21:10:42.105+0000] {processor.py:183} INFO - Processing /home/airflow/.local/lib/python3.8/site-packages/airflow/example_dags/example_sensors.py took 0.118 seconds
[2024-03-25T21:11:12.237+0000] {processor.py:161} INFO - Started process (PID=219) to work on /home/airflow/.local/lib/python3.8/site-packages/airflow/example_dags/example_sensors.py
[2024-03-25T21:11:12.239+0000] {processor.py:830} INFO - Processing file /home/airflow/.local/lib/python3.8/site-packages/airflow/example_dags/example_sensors.py for tasks to queue
[2024-03-25T21:11:12.246+0000] {logging_mixin.py:188} INFO - [2024-03-25T21:11:12.244+0000] {dagbag.py:540} INFO - Filling up the DagBag from /home/airflow/.local/lib/python3.8/site-packages/airflow/example_dags/example_sensors.py
[2024-03-25T21:11:12.268+0000] {processor.py:840} INFO - DAG(s) 'example_sensors' retrieved from /home/airflow/.local/lib/python3.8/site-packages/airflow/example_dags/example_sensors.py
[2024-03-25T21:11:12.318+0000] {logging_mixin.py:188} INFO - [2024-03-25T21:11:12.318+0000] {dag.py:3047} INFO - Sync 1 DAGs
[2024-03-25T21:11:12.342+0000] {logging_mixin.py:188} INFO - [2024-03-25T21:11:12.342+0000] {dag.py:3834} INFO - Setting next_dagrun for example_sensors to None, run_after=None
[2024-03-25T21:11:12.375+0000] {processor.py:183} INFO - Processing /home/airflow/.local/lib/python3.8/site-packages/airflow/example_dags/example_sensors.py took 0.146 seconds
[2024-03-25T21:11:42.610+0000] {processor.py:161} INFO - Started process (PID=275) to work on /home/airflow/.local/lib/python3.8/site-packages/airflow/example_dags/example_sensors.py
[2024-03-25T21:11:42.611+0000] {processor.py:830} INFO - Processing file /home/airflow/.local/lib/python3.8/site-packages/airflow/example_dags/example_sensors.py for tasks to queue
[2024-03-25T21:11:42.614+0000] {logging_mixin.py:188} INFO - [2024-03-25T21:11:42.614+0000] {dagbag.py:540} INFO - Filling up the DagBag from /home/airflow/.local/lib/python3.8/site-packages/airflow/example_dags/example_sensors.py
[2024-03-25T21:11:42.629+0000] {processor.py:840} INFO - DAG(s) 'example_sensors' retrieved from /home/airflow/.local/lib/python3.8/site-packages/airflow/example_dags/example_sensors.py
[2024-03-25T21:11:42.671+0000] {logging_mixin.py:188} INFO - [2024-03-25T21:11:42.671+0000] {dag.py:3047} INFO - Sync 1 DAGs
[2024-03-25T21:11:42.690+0000] {logging_mixin.py:188} INFO - [2024-03-25T21:11:42.690+0000] {dag.py:3834} INFO - Setting next_dagrun for example_sensors to None, run_after=None
[2024-03-25T21:11:42.719+0000] {processor.py:183} INFO - Processing /home/airflow/.local/lib/python3.8/site-packages/airflow/example_dags/example_sensors.py took 0.115 seconds
[2024-03-25T21:12:12.964+0000] {processor.py:161} INFO - Started process (PID=331) to work on /home/airflow/.local/lib/python3.8/site-packages/airflow/example_dags/example_sensors.py
[2024-03-25T21:12:12.965+0000] {processor.py:830} INFO - Processing file /home/airflow/.local/lib/python3.8/site-packages/airflow/example_dags/example_sensors.py for tasks to queue
[2024-03-25T21:12:12.968+0000] {logging_mixin.py:188} INFO - [2024-03-25T21:12:12.968+0000] {dagbag.py:540} INFO - Filling up the DagBag from /home/airflow/.local/lib/python3.8/site-packages/airflow/example_dags/example_sensors.py
[2024-03-25T21:12:12.983+0000] {processor.py:840} INFO - DAG(s) 'example_sensors' retrieved from /home/airflow/.local/lib/python3.8/site-packages/airflow/example_dags/example_sensors.py
[2024-03-25T21:12:13.024+0000] {logging_mixin.py:188} INFO - [2024-03-25T21:12:13.024+0000] {dag.py:3047} INFO - Sync 1 DAGs
[2024-03-25T21:12:13.043+0000] {logging_mixin.py:188} INFO - [2024-03-25T21:12:13.043+0000] {dag.py:3834} INFO - Setting next_dagrun for example_sensors to None, run_after=None
[2024-03-25T21:12:13.071+0000] {processor.py:183} INFO - Processing /home/airflow/.local/lib/python3.8/site-packages/airflow/example_dags/example_sensors.py took 0.113 seconds
[2024-03-25T21:12:43.361+0000] {processor.py:161} INFO - Started process (PID=387) to work on /home/airflow/.local/lib/python3.8/site-packages/airflow/example_dags/example_sensors.py
[2024-03-25T21:12:43.363+0000] {processor.py:830} INFO - Processing file /home/airflow/.local/lib/python3.8/site-packages/airflow/example_dags/example_sensors.py for tasks to queue
[2024-03-25T21:12:43.366+0000] {logging_mixin.py:188} INFO - [2024-03-25T21:12:43.365+0000] {dagbag.py:540} INFO - Filling up the DagBag from /home/airflow/.local/lib/python3.8/site-packages/airflow/example_dags/example_sensors.py
[2024-03-25T21:12:43.381+0000] {processor.py:840} INFO - DAG(s) 'example_sensors' retrieved from /home/airflow/.local/lib/python3.8/site-packages/airflow/example_dags/example_sensors.py
[2024-03-25T21:12:43.423+0000] {logging_mixin.py:188} INFO - [2024-03-25T21:12:43.423+0000] {dag.py:3047} INFO - Sync 1 DAGs
[2024-03-25T21:12:43.442+0000] {logging_mixin.py:188} INFO - [2024-03-25T21:12:43.442+0000] {dag.py:3834} INFO - Setting next_dagrun for example_sensors to None, run_after=None
[2024-03-25T21:12:43.474+0000] {processor.py:183} INFO - Processing /home/airflow/.local/lib/python3.8/site-packages/airflow/example_dags/example_sensors.py took 0.119 seconds
[2024-03-25T21:13:14.148+0000] {processor.py:161} INFO - Started process (PID=443) to work on /home/airflow/.local/lib/python3.8/site-packages/airflow/example_dags/example_sensors.py
[2024-03-25T21:13:14.150+0000] {processor.py:830} INFO - Processing file /home/airflow/.local/lib/python3.8/site-packages/airflow/example_dags/example_sensors.py for tasks to queue
[2024-03-25T21:13:14.153+0000] {logging_mixin.py:188} INFO - [2024-03-25T21:13:14.153+0000] {dagbag.py:540} INFO - Filling up the DagBag from /home/airflow/.local/lib/python3.8/site-packages/airflow/example_dags/example_sensors.py
[2024-03-25T21:13:14.168+0000] {processor.py:840} INFO - DAG(s) 'example_sensors' retrieved from /home/airflow/.local/lib/python3.8/site-packages/airflow/example_dags/example_sensors.py
[2024-03-25T21:13:14.217+0000] {logging_mixin.py:188} INFO - [2024-03-25T21:13:14.216+0000] {dag.py:3047} INFO - Sync 1 DAGs
[2024-03-25T21:13:14.242+0000] {logging_mixin.py:188} INFO - [2024-03-25T21:13:14.241+0000] {dag.py:3834} INFO - Setting next_dagrun for example_sensors to None, run_after=None
[2024-03-25T21:13:14.278+0000] {processor.py:183} INFO - Processing /home/airflow/.local/lib/python3.8/site-packages/airflow/example_dags/example_sensors.py took 0.135 seconds
[2024-03-25T21:13:44.459+0000] {processor.py:161} INFO - Started process (PID=499) to work on /home/airflow/.local/lib/python3.8/site-packages/airflow/example_dags/example_sensors.py
[2024-03-25T21:13:44.460+0000] {processor.py:830} INFO - Processing file /home/airflow/.local/lib/python3.8/site-packages/airflow/example_dags/example_sensors.py for tasks to queue
[2024-03-25T21:13:44.463+0000] {logging_mixin.py:188} INFO - [2024-03-25T21:13:44.463+0000] {dagbag.py:540} INFO - Filling up the DagBag from /home/airflow/.local/lib/python3.8/site-packages/airflow/example_dags/example_sensors.py
[2024-03-25T21:13:44.482+0000] {processor.py:840} INFO - DAG(s) 'example_sensors' retrieved from /home/airflow/.local/lib/python3.8/site-packages/airflow/example_dags/example_sensors.py
[2024-03-25T21:13:44.524+0000] {logging_mixin.py:188} INFO - [2024-03-25T21:13:44.524+0000] {dag.py:3047} INFO - Sync 1 DAGs
[2024-03-25T21:13:44.543+0000] {logging_mixin.py:188} INFO - [2024-03-25T21:13:44.543+0000] {dag.py:3834} INFO - Setting next_dagrun for example_sensors to None, run_after=None
[2024-03-25T21:13:44.571+0000] {processor.py:183} INFO - Processing /home/airflow/.local/lib/python3.8/site-packages/airflow/example_dags/example_sensors.py took 0.118 seconds
[2024-03-25T21:14:14.639+0000] {processor.py:161} INFO - Started process (PID=554) to work on /home/airflow/.local/lib/python3.8/site-packages/airflow/example_dags/example_sensors.py
[2024-03-25T21:14:14.641+0000] {processor.py:830} INFO - Processing file /home/airflow/.local/lib/python3.8/site-packages/airflow/example_dags/example_sensors.py for tasks to queue
[2024-03-25T21:14:14.644+0000] {logging_mixin.py:188} INFO - [2024-03-25T21:14:14.644+0000] {dagbag.py:540} INFO - Filling up the DagBag from /home/airflow/.local/lib/python3.8/site-packages/airflow/example_dags/example_sensors.py
[2024-03-25T21:14:14.661+0000] {processor.py:840} INFO - DAG(s) 'example_sensors' retrieved from /home/airflow/.local/lib/python3.8/site-packages/airflow/example_dags/example_sensors.py
[2024-03-25T21:14:14.704+0000] {logging_mixin.py:188} INFO - [2024-03-25T21:14:14.703+0000] {dag.py:3047} INFO - Sync 1 DAGs
[2024-03-25T21:14:14.723+0000] {logging_mixin.py:188} INFO - [2024-03-25T21:14:14.723+0000] {dag.py:3834} INFO - Setting next_dagrun for example_sensors to None, run_after=None
[2024-03-25T21:14:14.751+0000] {processor.py:183} INFO - Processing /home/airflow/.local/lib/python3.8/site-packages/airflow/example_dags/example_sensors.py took 0.117 seconds
[2024-03-25T21:14:45.180+0000] {processor.py:161} INFO - Started process (PID=610) to work on /home/airflow/.local/lib/python3.8/site-packages/airflow/example_dags/example_sensors.py
[2024-03-25T21:14:45.183+0000] {processor.py:830} INFO - Processing file /home/airflow/.local/lib/python3.8/site-packages/airflow/example_dags/example_sensors.py for tasks to queue
[2024-03-25T21:14:45.186+0000] {logging_mixin.py:188} INFO - [2024-03-25T21:14:45.185+0000] {dagbag.py:540} INFO - Filling up the DagBag from /home/airflow/.local/lib/python3.8/site-packages/airflow/example_dags/example_sensors.py
[2024-03-25T21:14:45.203+0000] {processor.py:840} INFO - DAG(s) 'example_sensors' retrieved from /home/airflow/.local/lib/python3.8/site-packages/airflow/example_dags/example_sensors.py
[2024-03-25T21:14:45.248+0000] {logging_mixin.py:188} INFO - [2024-03-25T21:14:45.248+0000] {dag.py:3047} INFO - Sync 1 DAGs
[2024-03-25T21:14:45.269+0000] {logging_mixin.py:188} INFO - [2024-03-25T21:14:45.269+0000] {dag.py:3834} INFO - Setting next_dagrun for example_sensors to None, run_after=None
[2024-03-25T21:14:45.301+0000] {processor.py:183} INFO - Processing /home/airflow/.local/lib/python3.8/site-packages/airflow/example_dags/example_sensors.py took 0.127 seconds
[2024-03-25T21:15:15.699+0000] {processor.py:161} INFO - Started process (PID=666) to work on /home/airflow/.local/lib/python3.8/site-packages/airflow/example_dags/example_sensors.py
[2024-03-25T21:15:15.700+0000] {processor.py:830} INFO - Processing file /home/airflow/.local/lib/python3.8/site-packages/airflow/example_dags/example_sensors.py for tasks to queue
[2024-03-25T21:15:15.704+0000] {logging_mixin.py:188} INFO - [2024-03-25T21:15:15.703+0000] {dagbag.py:540} INFO - Filling up the DagBag from /home/airflow/.local/lib/python3.8/site-packages/airflow/example_dags/example_sensors.py
[2024-03-25T21:15:15.721+0000] {processor.py:840} INFO - DAG(s) 'example_sensors' retrieved from /home/airflow/.local/lib/python3.8/site-packages/airflow/example_dags/example_sensors.py
[2024-03-25T21:15:15.765+0000] {logging_mixin.py:188} INFO - [2024-03-25T21:15:15.764+0000] {dag.py:3047} INFO - Sync 1 DAGs
[2024-03-25T21:15:15.786+0000] {logging_mixin.py:188} INFO - [2024-03-25T21:15:15.786+0000] {dag.py:3834} INFO - Setting next_dagrun for example_sensors to None, run_after=None
[2024-03-25T21:15:15.814+0000] {processor.py:183} INFO - Processing /home/airflow/.local/lib/python3.8/site-packages/airflow/example_dags/example_sensors.py took 0.120 seconds
[2024-03-25T21:15:46.512+0000] {processor.py:161} INFO - Started process (PID=723) to work on /home/airflow/.local/lib/python3.8/site-packages/airflow/example_dags/example_sensors.py
[2024-03-25T21:15:46.514+0000] {processor.py:830} INFO - Processing file /home/airflow/.local/lib/python3.8/site-packages/airflow/example_dags/example_sensors.py for tasks to queue
[2024-03-25T21:15:46.518+0000] {logging_mixin.py:188} INFO - [2024-03-25T21:15:46.518+0000] {dagbag.py:540} INFO - Filling up the DagBag from /home/airflow/.local/lib/python3.8/site-packages/airflow/example_dags/example_sensors.py
[2024-03-25T21:15:46.534+0000] {processor.py:840} INFO - DAG(s) 'example_sensors' retrieved from /home/airflow/.local/lib/python3.8/site-packages/airflow/example_dags/example_sensors.py
[2024-03-25T21:15:46.579+0000] {logging_mixin.py:188} INFO - [2024-03-25T21:15:46.579+0000] {dag.py:3047} INFO - Sync 1 DAGs
[2024-03-25T21:15:46.599+0000] {logging_mixin.py:188} INFO - [2024-03-25T21:15:46.599+0000] {dag.py:3834} INFO - Setting next_dagrun for example_sensors to None, run_after=None
[2024-03-25T21:15:46.662+0000] {processor.py:183} INFO - Processing /home/airflow/.local/lib/python3.8/site-packages/airflow/example_dags/example_sensors.py took 0.155 seconds
[2024-03-25T21:16:16.777+0000] {processor.py:161} INFO - Started process (PID=779) to work on /home/airflow/.local/lib/python3.8/site-packages/airflow/example_dags/example_sensors.py
[2024-03-25T21:16:16.778+0000] {processor.py:830} INFO - Processing file /home/airflow/.local/lib/python3.8/site-packages/airflow/example_dags/example_sensors.py for tasks to queue
[2024-03-25T21:16:16.781+0000] {logging_mixin.py:188} INFO - [2024-03-25T21:16:16.781+0000] {dagbag.py:540} INFO - Filling up the DagBag from /home/airflow/.local/lib/python3.8/site-packages/airflow/example_dags/example_sensors.py
[2024-03-25T21:16:16.796+0000] {processor.py:840} INFO - DAG(s) 'example_sensors' retrieved from /home/airflow/.local/lib/python3.8/site-packages/airflow/example_dags/example_sensors.py
[2024-03-25T21:16:16.839+0000] {logging_mixin.py:188} INFO - [2024-03-25T21:16:16.839+0000] {dag.py:3047} INFO - Sync 1 DAGs
[2024-03-25T21:16:16.858+0000] {logging_mixin.py:188} INFO - [2024-03-25T21:16:16.858+0000] {dag.py:3834} INFO - Setting next_dagrun for example_sensors to None, run_after=None
[2024-03-25T21:16:16.887+0000] {processor.py:183} INFO - Processing /home/airflow/.local/lib/python3.8/site-packages/airflow/example_dags/example_sensors.py took 0.116 seconds
[2024-03-25T21:16:47.254+0000] {processor.py:161} INFO - Started process (PID=835) to work on /home/airflow/.local/lib/python3.8/site-packages/airflow/example_dags/example_sensors.py
[2024-03-25T21:16:47.255+0000] {processor.py:830} INFO - Processing file /home/airflow/.local/lib/python3.8/site-packages/airflow/example_dags/example_sensors.py for tasks to queue
[2024-03-25T21:16:47.260+0000] {logging_mixin.py:188} INFO - [2024-03-25T21:16:47.259+0000] {dagbag.py:540} INFO - Filling up the DagBag from /home/airflow/.local/lib/python3.8/site-packages/airflow/example_dags/example_sensors.py
[2024-03-25T21:16:47.277+0000] {processor.py:840} INFO - DAG(s) 'example_sensors' retrieved from /home/airflow/.local/lib/python3.8/site-packages/airflow/example_dags/example_sensors.py
[2024-03-25T21:16:47.321+0000] {logging_mixin.py:188} INFO - [2024-03-25T21:16:47.321+0000] {dag.py:3047} INFO - Sync 1 DAGs
[2024-03-25T21:16:47.342+0000] {logging_mixin.py:188} INFO - [2024-03-25T21:16:47.342+0000] {dag.py:3834} INFO - Setting next_dagrun for example_sensors to None, run_after=None
[2024-03-25T21:16:47.371+0000] {processor.py:183} INFO - Processing /home/airflow/.local/lib/python3.8/site-packages/airflow/example_dags/example_sensors.py took 0.123 seconds
[2024-03-25T21:17:17.411+0000] {processor.py:161} INFO - Started process (PID=890) to work on /home/airflow/.local/lib/python3.8/site-packages/airflow/example_dags/example_sensors.py
[2024-03-25T21:17:17.413+0000] {processor.py:830} INFO - Processing file /home/airflow/.local/lib/python3.8/site-packages/airflow/example_dags/example_sensors.py for tasks to queue
[2024-03-25T21:17:17.416+0000] {logging_mixin.py:188} INFO - [2024-03-25T21:17:17.415+0000] {dagbag.py:540} INFO - Filling up the DagBag from /home/airflow/.local/lib/python3.8/site-packages/airflow/example_dags/example_sensors.py
[2024-03-25T21:17:17.431+0000] {processor.py:840} INFO - DAG(s) 'example_sensors' retrieved from /home/airflow/.local/lib/python3.8/site-packages/airflow/example_dags/example_sensors.py
[2024-03-25T21:17:17.474+0000] {logging_mixin.py:188} INFO - [2024-03-25T21:17:17.474+0000] {dag.py:3047} INFO - Sync 1 DAGs
[2024-03-25T21:17:17.493+0000] {logging_mixin.py:188} INFO - [2024-03-25T21:17:17.492+0000] {dag.py:3834} INFO - Setting next_dagrun for example_sensors to None, run_after=None
[2024-03-25T21:17:17.521+0000] {processor.py:183} INFO - Processing /home/airflow/.local/lib/python3.8/site-packages/airflow/example_dags/example_sensors.py took 0.115 seconds
[2024-03-25T21:17:47.842+0000] {processor.py:161} INFO - Started process (PID=947) to work on /home/airflow/.local/lib/python3.8/site-packages/airflow/example_dags/example_sensors.py
[2024-03-25T21:17:47.843+0000] {processor.py:830} INFO - Processing file /home/airflow/.local/lib/python3.8/site-packages/airflow/example_dags/example_sensors.py for tasks to queue
[2024-03-25T21:17:47.846+0000] {logging_mixin.py:188} INFO - [2024-03-25T21:17:47.846+0000] {dagbag.py:540} INFO - Filling up the DagBag from /home/airflow/.local/lib/python3.8/site-packages/airflow/example_dags/example_sensors.py
[2024-03-25T21:17:47.862+0000] {processor.py:840} INFO - DAG(s) 'example_sensors' retrieved from /home/airflow/.local/lib/python3.8/site-packages/airflow/example_dags/example_sensors.py
[2024-03-25T21:17:47.909+0000] {logging_mixin.py:188} INFO - [2024-03-25T21:17:47.908+0000] {dag.py:3047} INFO - Sync 1 DAGs
[2024-03-25T21:17:47.929+0000] {logging_mixin.py:188} INFO - [2024-03-25T21:17:47.928+0000] {dag.py:3834} INFO - Setting next_dagrun for example_sensors to None, run_after=None
[2024-03-25T21:17:47.957+0000] {processor.py:183} INFO - Processing /home/airflow/.local/lib/python3.8/site-packages/airflow/example_dags/example_sensors.py took 0.121 seconds
[2024-03-25T21:18:18.596+0000] {processor.py:161} INFO - Started process (PID=1003) to work on /home/airflow/.local/lib/python3.8/site-packages/airflow/example_dags/example_sensors.py
[2024-03-25T21:18:18.598+0000] {processor.py:830} INFO - Processing file /home/airflow/.local/lib/python3.8/site-packages/airflow/example_dags/example_sensors.py for tasks to queue
[2024-03-25T21:18:18.602+0000] {logging_mixin.py:188} INFO - [2024-03-25T21:18:18.601+0000] {dagbag.py:540} INFO - Filling up the DagBag from /home/airflow/.local/lib/python3.8/site-packages/airflow/example_dags/example_sensors.py
[2024-03-25T21:18:18.620+0000] {processor.py:840} INFO - DAG(s) 'example_sensors' retrieved from /home/airflow/.local/lib/python3.8/site-packages/airflow/example_dags/example_sensors.py
[2024-03-25T21:18:18.668+0000] {logging_mixin.py:188} INFO - [2024-03-25T21:18:18.668+0000] {dag.py:3047} INFO - Sync 1 DAGs
[2024-03-25T21:18:18.689+0000] {logging_mixin.py:188} INFO - [2024-03-25T21:18:18.689+0000] {dag.py:3834} INFO - Setting next_dagrun for example_sensors to None, run_after=None
[2024-03-25T21:18:18.724+0000] {processor.py:183} INFO - Processing /home/airflow/.local/lib/python3.8/site-packages/airflow/example_dags/example_sensors.py took 0.135 seconds
[2024-03-25T21:18:49.142+0000] {processor.py:161} INFO - Started process (PID=1059) to work on /home/airflow/.local/lib/python3.8/site-packages/airflow/example_dags/example_sensors.py
[2024-03-25T21:18:49.144+0000] {processor.py:830} INFO - Processing file /home/airflow/.local/lib/python3.8/site-packages/airflow/example_dags/example_sensors.py for tasks to queue
[2024-03-25T21:18:49.147+0000] {logging_mixin.py:188} INFO - [2024-03-25T21:18:49.147+0000] {dagbag.py:540} INFO - Filling up the DagBag from /home/airflow/.local/lib/python3.8/site-packages/airflow/example_dags/example_sensors.py
[2024-03-25T21:18:49.162+0000] {processor.py:840} INFO - DAG(s) 'example_sensors' retrieved from /home/airflow/.local/lib/python3.8/site-packages/airflow/example_dags/example_sensors.py
[2024-03-25T21:18:49.203+0000] {logging_mixin.py:188} INFO - [2024-03-25T21:18:49.203+0000] {dag.py:3047} INFO - Sync 1 DAGs
[2024-03-25T21:18:49.223+0000] {logging_mixin.py:188} INFO - [2024-03-25T21:18:49.222+0000] {dag.py:3834} INFO - Setting next_dagrun for example_sensors to None, run_after=None
[2024-03-25T21:18:49.252+0000] {processor.py:183} INFO - Processing /home/airflow/.local/lib/python3.8/site-packages/airflow/example_dags/example_sensors.py took 0.115 seconds
[2024-03-25T21:19:19.544+0000] {processor.py:161} INFO - Started process (PID=1114) to work on /home/airflow/.local/lib/python3.8/site-packages/airflow/example_dags/example_sensors.py
[2024-03-25T21:19:19.546+0000] {processor.py:830} INFO - Processing file /home/airflow/.local/lib/python3.8/site-packages/airflow/example_dags/example_sensors.py for tasks to queue
[2024-03-25T21:19:19.549+0000] {logging_mixin.py:188} INFO - [2024-03-25T21:19:19.548+0000] {dagbag.py:540} INFO - Filling up the DagBag from /home/airflow/.local/lib/python3.8/site-packages/airflow/example_dags/example_sensors.py
[2024-03-25T21:19:19.564+0000] {processor.py:840} INFO - DAG(s) 'example_sensors' retrieved from /home/airflow/.local/lib/python3.8/site-packages/airflow/example_dags/example_sensors.py
[2024-03-25T21:19:19.606+0000] {logging_mixin.py:188} INFO - [2024-03-25T21:19:19.605+0000] {dag.py:3047} INFO - Sync 1 DAGs
[2024-03-25T21:19:19.625+0000] {logging_mixin.py:188} INFO - [2024-03-25T21:19:19.625+0000] {dag.py:3834} INFO - Setting next_dagrun for example_sensors to None, run_after=None
[2024-03-25T21:19:19.657+0000] {processor.py:183} INFO - Processing /home/airflow/.local/lib/python3.8/site-packages/airflow/example_dags/example_sensors.py took 0.118 seconds
[2024-03-25T21:19:49.846+0000] {processor.py:161} INFO - Started process (PID=1170) to work on /home/airflow/.local/lib/python3.8/site-packages/airflow/example_dags/example_sensors.py
[2024-03-25T21:19:49.848+0000] {processor.py:830} INFO - Processing file /home/airflow/.local/lib/python3.8/site-packages/airflow/example_dags/example_sensors.py for tasks to queue
[2024-03-25T21:19:49.851+0000] {logging_mixin.py:188} INFO - [2024-03-25T21:19:49.851+0000] {dagbag.py:540} INFO - Filling up the DagBag from /home/airflow/.local/lib/python3.8/site-packages/airflow/example_dags/example_sensors.py
[2024-03-25T21:19:49.866+0000] {processor.py:840} INFO - DAG(s) 'example_sensors' retrieved from /home/airflow/.local/lib/python3.8/site-packages/airflow/example_dags/example_sensors.py
[2024-03-25T21:19:49.908+0000] {logging_mixin.py:188} INFO - [2024-03-25T21:19:49.907+0000] {dag.py:3047} INFO - Sync 1 DAGs
[2024-03-25T21:19:49.928+0000] {logging_mixin.py:188} INFO - [2024-03-25T21:19:49.927+0000] {dag.py:3834} INFO - Setting next_dagrun for example_sensors to None, run_after=None
[2024-03-25T21:19:49.957+0000] {processor.py:183} INFO - Processing /home/airflow/.local/lib/python3.8/site-packages/airflow/example_dags/example_sensors.py took 0.116 seconds
[2024-03-25T21:20:20.159+0000] {processor.py:161} INFO - Started process (PID=1226) to work on /home/airflow/.local/lib/python3.8/site-packages/airflow/example_dags/example_sensors.py
[2024-03-25T21:20:20.161+0000] {processor.py:830} INFO - Processing file /home/airflow/.local/lib/python3.8/site-packages/airflow/example_dags/example_sensors.py for tasks to queue
[2024-03-25T21:20:20.164+0000] {logging_mixin.py:188} INFO - [2024-03-25T21:20:20.164+0000] {dagbag.py:540} INFO - Filling up the DagBag from /home/airflow/.local/lib/python3.8/site-packages/airflow/example_dags/example_sensors.py
[2024-03-25T21:20:20.180+0000] {processor.py:840} INFO - DAG(s) 'example_sensors' retrieved from /home/airflow/.local/lib/python3.8/site-packages/airflow/example_dags/example_sensors.py
[2024-03-25T21:20:20.221+0000] {logging_mixin.py:188} INFO - [2024-03-25T21:20:20.221+0000] {dag.py:3047} INFO - Sync 1 DAGs
[2024-03-25T21:20:20.243+0000] {logging_mixin.py:188} INFO - [2024-03-25T21:20:20.242+0000] {dag.py:3834} INFO - Setting next_dagrun for example_sensors to None, run_after=None
[2024-03-25T21:20:20.271+0000] {processor.py:183} INFO - Processing /home/airflow/.local/lib/python3.8/site-packages/airflow/example_dags/example_sensors.py took 0.117 seconds
[2024-03-25T21:26:47.905+0000] {processor.py:161} INFO - Started process (PID=1288) to work on /home/airflow/.local/lib/python3.8/site-packages/airflow/example_dags/example_sensors.py
[2024-03-25T21:26:47.908+0000] {processor.py:830} INFO - Processing file /home/airflow/.local/lib/python3.8/site-packages/airflow/example_dags/example_sensors.py for tasks to queue
[2024-03-25T21:26:47.912+0000] {logging_mixin.py:188} INFO - [2024-03-25T21:26:47.912+0000] {dagbag.py:540} INFO - Filling up the DagBag from /home/airflow/.local/lib/python3.8/site-packages/airflow/example_dags/example_sensors.py
[2024-03-25T21:26:47.935+0000] {processor.py:840} INFO - DAG(s) 'example_sensors' retrieved from /home/airflow/.local/lib/python3.8/site-packages/airflow/example_dags/example_sensors.py
[2024-03-25T21:26:47.983+0000] {logging_mixin.py:188} INFO - [2024-03-25T21:26:47.983+0000] {dag.py:3047} INFO - Sync 1 DAGs
[2024-03-25T21:26:48.006+0000] {logging_mixin.py:188} INFO - [2024-03-25T21:26:48.006+0000] {dag.py:3834} INFO - Setting next_dagrun for example_sensors to None, run_after=None
[2024-03-25T21:26:48.041+0000] {processor.py:183} INFO - Processing /home/airflow/.local/lib/python3.8/site-packages/airflow/example_dags/example_sensors.py took 0.142 seconds
[2024-03-25T21:27:18.907+0000] {processor.py:161} INFO - Started process (PID=1344) to work on /home/airflow/.local/lib/python3.8/site-packages/airflow/example_dags/example_sensors.py
[2024-03-25T21:27:18.919+0000] {processor.py:830} INFO - Processing file /home/airflow/.local/lib/python3.8/site-packages/airflow/example_dags/example_sensors.py for tasks to queue
[2024-03-25T21:27:18.959+0000] {logging_mixin.py:188} INFO - [2024-03-25T21:27:18.958+0000] {dagbag.py:540} INFO - Filling up the DagBag from /home/airflow/.local/lib/python3.8/site-packages/airflow/example_dags/example_sensors.py
[2024-03-25T21:27:19.020+0000] {processor.py:840} INFO - DAG(s) 'example_sensors' retrieved from /home/airflow/.local/lib/python3.8/site-packages/airflow/example_dags/example_sensors.py
[2024-03-25T21:27:19.137+0000] {logging_mixin.py:188} INFO - [2024-03-25T21:27:19.136+0000] {dag.py:3047} INFO - Sync 1 DAGs
[2024-03-25T21:27:19.203+0000] {logging_mixin.py:188} INFO - [2024-03-25T21:27:19.203+0000] {dag.py:3834} INFO - Setting next_dagrun for example_sensors to None, run_after=None
[2024-03-25T21:27:19.302+0000] {processor.py:183} INFO - Processing /home/airflow/.local/lib/python3.8/site-packages/airflow/example_dags/example_sensors.py took 0.403 seconds
[2024-03-25T21:27:50.288+0000] {processor.py:161} INFO - Started process (PID=1400) to work on /home/airflow/.local/lib/python3.8/site-packages/airflow/example_dags/example_sensors.py
[2024-03-25T21:27:50.290+0000] {processor.py:830} INFO - Processing file /home/airflow/.local/lib/python3.8/site-packages/airflow/example_dags/example_sensors.py for tasks to queue
[2024-03-25T21:27:50.293+0000] {logging_mixin.py:188} INFO - [2024-03-25T21:27:50.293+0000] {dagbag.py:540} INFO - Filling up the DagBag from /home/airflow/.local/lib/python3.8/site-packages/airflow/example_dags/example_sensors.py
[2024-03-25T21:27:50.310+0000] {processor.py:840} INFO - DAG(s) 'example_sensors' retrieved from /home/airflow/.local/lib/python3.8/site-packages/airflow/example_dags/example_sensors.py
[2024-03-25T21:27:50.354+0000] {logging_mixin.py:188} INFO - [2024-03-25T21:27:50.354+0000] {dag.py:3047} INFO - Sync 1 DAGs
[2024-03-25T21:27:50.372+0000] {logging_mixin.py:188} INFO - [2024-03-25T21:27:50.372+0000] {dag.py:3834} INFO - Setting next_dagrun for example_sensors to None, run_after=None
[2024-03-25T21:27:50.400+0000] {processor.py:183} INFO - Processing /home/airflow/.local/lib/python3.8/site-packages/airflow/example_dags/example_sensors.py took 0.117 seconds
[2024-03-25T21:28:20.748+0000] {processor.py:161} INFO - Started process (PID=1456) to work on /home/airflow/.local/lib/python3.8/site-packages/airflow/example_dags/example_sensors.py
[2024-03-25T21:28:20.750+0000] {processor.py:830} INFO - Processing file /home/airflow/.local/lib/python3.8/site-packages/airflow/example_dags/example_sensors.py for tasks to queue
[2024-03-25T21:28:20.752+0000] {logging_mixin.py:188} INFO - [2024-03-25T21:28:20.752+0000] {dagbag.py:540} INFO - Filling up the DagBag from /home/airflow/.local/lib/python3.8/site-packages/airflow/example_dags/example_sensors.py
[2024-03-25T21:28:20.770+0000] {processor.py:840} INFO - DAG(s) 'example_sensors' retrieved from /home/airflow/.local/lib/python3.8/site-packages/airflow/example_dags/example_sensors.py
[2024-03-25T21:28:20.818+0000] {logging_mixin.py:188} INFO - [2024-03-25T21:28:20.818+0000] {dag.py:3047} INFO - Sync 1 DAGs
[2024-03-25T21:28:20.839+0000] {logging_mixin.py:188} INFO - [2024-03-25T21:28:20.839+0000] {dag.py:3834} INFO - Setting next_dagrun for example_sensors to None, run_after=None
[2024-03-25T21:28:20.884+0000] {processor.py:183} INFO - Processing /home/airflow/.local/lib/python3.8/site-packages/airflow/example_dags/example_sensors.py took 0.144 seconds
