[2024-03-25T21:03:55.181+0000] {processor.py:161} INFO - Started process (PID=71) to work on /home/airflow/.local/lib/python3.8/site-packages/airflow/example_dags/example_setup_teardown.py
[2024-03-25T21:03:55.183+0000] {processor.py:830} INFO - Processing file /home/airflow/.local/lib/python3.8/site-packages/airflow/example_dags/example_setup_teardown.py for tasks to queue
[2024-03-25T21:03:55.188+0000] {logging_mixin.py:188} INFO - [2024-03-25T21:03:55.187+0000] {dagbag.py:540} INFO - Filling up the DagBag from /home/airflow/.local/lib/python3.8/site-packages/airflow/example_dags/example_setup_teardown.py
[2024-03-25T21:03:55.208+0000] {processor.py:840} INFO - DAG(s) 'example_setup_teardown' retrieved from /home/airflow/.local/lib/python3.8/site-packages/airflow/example_dags/example_setup_teardown.py
[2024-03-25T21:03:55.231+0000] {logging_mixin.py:188} INFO - [2024-03-25T21:03:55.231+0000] {dag.py:3047} INFO - Sync 1 DAGs
[2024-03-25T21:03:55.316+0000] {logging_mixin.py:188} INFO - [2024-03-25T21:03:55.316+0000] {dag.py:3834} INFO - Setting next_dagrun for example_setup_teardown to 2024-03-24 00:00:00+00:00, run_after=2024-03-25 00:00:00+00:00
[2024-03-25T21:03:55.359+0000] {processor.py:183} INFO - Processing /home/airflow/.local/lib/python3.8/site-packages/airflow/example_dags/example_setup_teardown.py took 0.185 seconds
[2024-03-25T21:04:26.519+0000] {processor.py:161} INFO - Started process (PID=126) to work on /home/airflow/.local/lib/python3.8/site-packages/airflow/example_dags/example_setup_teardown.py
[2024-03-25T21:04:26.521+0000] {processor.py:830} INFO - Processing file /home/airflow/.local/lib/python3.8/site-packages/airflow/example_dags/example_setup_teardown.py for tasks to queue
[2024-03-25T21:04:26.524+0000] {logging_mixin.py:188} INFO - [2024-03-25T21:04:26.524+0000] {dagbag.py:540} INFO - Filling up the DagBag from /home/airflow/.local/lib/python3.8/site-packages/airflow/example_dags/example_setup_teardown.py
[2024-03-25T21:04:26.536+0000] {processor.py:840} INFO - DAG(s) 'example_setup_teardown' retrieved from /home/airflow/.local/lib/python3.8/site-packages/airflow/example_dags/example_setup_teardown.py
[2024-03-25T21:04:26.835+0000] {logging_mixin.py:188} INFO - [2024-03-25T21:04:26.834+0000] {dag.py:3047} INFO - Sync 1 DAGs
[2024-03-25T21:04:26.952+0000] {logging_mixin.py:188} INFO - [2024-03-25T21:04:26.952+0000] {dag.py:3834} INFO - Setting next_dagrun for example_setup_teardown to 2024-03-24 00:00:00+00:00, run_after=2024-03-25 00:00:00+00:00
[2024-03-25T21:04:27.016+0000] {processor.py:183} INFO - Processing /home/airflow/.local/lib/python3.8/site-packages/airflow/example_dags/example_setup_teardown.py took 0.504 seconds
[2024-03-25T21:04:57.118+0000] {processor.py:161} INFO - Started process (PID=181) to work on /home/airflow/.local/lib/python3.8/site-packages/airflow/example_dags/example_setup_teardown.py
[2024-03-25T21:04:57.119+0000] {processor.py:830} INFO - Processing file /home/airflow/.local/lib/python3.8/site-packages/airflow/example_dags/example_setup_teardown.py for tasks to queue
[2024-03-25T21:04:57.122+0000] {logging_mixin.py:188} INFO - [2024-03-25T21:04:57.122+0000] {dagbag.py:540} INFO - Filling up the DagBag from /home/airflow/.local/lib/python3.8/site-packages/airflow/example_dags/example_setup_teardown.py
[2024-03-25T21:04:57.133+0000] {processor.py:840} INFO - DAG(s) 'example_setup_teardown' retrieved from /home/airflow/.local/lib/python3.8/site-packages/airflow/example_dags/example_setup_teardown.py
[2024-03-25T21:04:57.166+0000] {logging_mixin.py:188} INFO - [2024-03-25T21:04:57.166+0000] {dag.py:3047} INFO - Sync 1 DAGs
[2024-03-25T21:04:57.201+0000] {logging_mixin.py:188} INFO - [2024-03-25T21:04:57.201+0000] {dag.py:3834} INFO - Setting next_dagrun for example_setup_teardown to 2024-03-24 00:00:00+00:00, run_after=2024-03-25 00:00:00+00:00
[2024-03-25T21:04:57.230+0000] {processor.py:183} INFO - Processing /home/airflow/.local/lib/python3.8/site-packages/airflow/example_dags/example_setup_teardown.py took 0.118 seconds
[2024-03-25T21:05:27.838+0000] {processor.py:161} INFO - Started process (PID=236) to work on /home/airflow/.local/lib/python3.8/site-packages/airflow/example_dags/example_setup_teardown.py
[2024-03-25T21:05:27.840+0000] {processor.py:830} INFO - Processing file /home/airflow/.local/lib/python3.8/site-packages/airflow/example_dags/example_setup_teardown.py for tasks to queue
[2024-03-25T21:05:27.843+0000] {logging_mixin.py:188} INFO - [2024-03-25T21:05:27.842+0000] {dagbag.py:540} INFO - Filling up the DagBag from /home/airflow/.local/lib/python3.8/site-packages/airflow/example_dags/example_setup_teardown.py
[2024-03-25T21:05:27.854+0000] {processor.py:840} INFO - DAG(s) 'example_setup_teardown' retrieved from /home/airflow/.local/lib/python3.8/site-packages/airflow/example_dags/example_setup_teardown.py
[2024-03-25T21:05:27.890+0000] {logging_mixin.py:188} INFO - [2024-03-25T21:05:27.889+0000] {dag.py:3047} INFO - Sync 1 DAGs
[2024-03-25T21:05:27.931+0000] {logging_mixin.py:188} INFO - [2024-03-25T21:05:27.931+0000] {dag.py:3834} INFO - Setting next_dagrun for example_setup_teardown to 2024-03-24 00:00:00+00:00, run_after=2024-03-25 00:00:00+00:00
[2024-03-25T21:05:27.970+0000] {processor.py:183} INFO - Processing /home/airflow/.local/lib/python3.8/site-packages/airflow/example_dags/example_setup_teardown.py took 0.137 seconds
[2024-03-25T21:05:58.290+0000] {processor.py:161} INFO - Started process (PID=291) to work on /home/airflow/.local/lib/python3.8/site-packages/airflow/example_dags/example_setup_teardown.py
[2024-03-25T21:05:58.292+0000] {processor.py:830} INFO - Processing file /home/airflow/.local/lib/python3.8/site-packages/airflow/example_dags/example_setup_teardown.py for tasks to queue
[2024-03-25T21:05:58.295+0000] {logging_mixin.py:188} INFO - [2024-03-25T21:05:58.294+0000] {dagbag.py:540} INFO - Filling up the DagBag from /home/airflow/.local/lib/python3.8/site-packages/airflow/example_dags/example_setup_teardown.py
[2024-03-25T21:05:58.310+0000] {processor.py:840} INFO - DAG(s) 'example_setup_teardown' retrieved from /home/airflow/.local/lib/python3.8/site-packages/airflow/example_dags/example_setup_teardown.py
[2024-03-25T21:05:58.348+0000] {logging_mixin.py:188} INFO - [2024-03-25T21:05:58.347+0000] {dag.py:3047} INFO - Sync 1 DAGs
[2024-03-25T21:05:58.397+0000] {logging_mixin.py:188} INFO - [2024-03-25T21:05:58.396+0000] {dag.py:3834} INFO - Setting next_dagrun for example_setup_teardown to 2024-03-24 00:00:00+00:00, run_after=2024-03-25 00:00:00+00:00
[2024-03-25T21:05:58.428+0000] {processor.py:183} INFO - Processing /home/airflow/.local/lib/python3.8/site-packages/airflow/example_dags/example_setup_teardown.py took 0.145 seconds
[2024-03-25T21:06:29.335+0000] {processor.py:161} INFO - Started process (PID=346) to work on /home/airflow/.local/lib/python3.8/site-packages/airflow/example_dags/example_setup_teardown.py
[2024-03-25T21:06:29.339+0000] {processor.py:830} INFO - Processing file /home/airflow/.local/lib/python3.8/site-packages/airflow/example_dags/example_setup_teardown.py for tasks to queue
[2024-03-25T21:06:29.343+0000] {logging_mixin.py:188} INFO - [2024-03-25T21:06:29.342+0000] {dagbag.py:540} INFO - Filling up the DagBag from /home/airflow/.local/lib/python3.8/site-packages/airflow/example_dags/example_setup_teardown.py
[2024-03-25T21:06:29.372+0000] {processor.py:840} INFO - DAG(s) 'example_setup_teardown' retrieved from /home/airflow/.local/lib/python3.8/site-packages/airflow/example_dags/example_setup_teardown.py
[2024-03-25T21:06:29.436+0000] {logging_mixin.py:188} INFO - [2024-03-25T21:06:29.435+0000] {dag.py:3047} INFO - Sync 1 DAGs
[2024-03-25T21:06:29.523+0000] {logging_mixin.py:188} INFO - [2024-03-25T21:06:29.522+0000] {dag.py:3834} INFO - Setting next_dagrun for example_setup_teardown to 2024-03-24 00:00:00+00:00, run_after=2024-03-25 00:00:00+00:00
[2024-03-25T21:06:29.577+0000] {processor.py:183} INFO - Processing /home/airflow/.local/lib/python3.8/site-packages/airflow/example_dags/example_setup_teardown.py took 0.249 seconds
[2024-03-25T21:06:59.634+0000] {processor.py:161} INFO - Started process (PID=401) to work on /home/airflow/.local/lib/python3.8/site-packages/airflow/example_dags/example_setup_teardown.py
[2024-03-25T21:06:59.637+0000] {processor.py:830} INFO - Processing file /home/airflow/.local/lib/python3.8/site-packages/airflow/example_dags/example_setup_teardown.py for tasks to queue
[2024-03-25T21:06:59.640+0000] {logging_mixin.py:188} INFO - [2024-03-25T21:06:59.639+0000] {dagbag.py:540} INFO - Filling up the DagBag from /home/airflow/.local/lib/python3.8/site-packages/airflow/example_dags/example_setup_teardown.py
[2024-03-25T21:06:59.653+0000] {processor.py:840} INFO - DAG(s) 'example_setup_teardown' retrieved from /home/airflow/.local/lib/python3.8/site-packages/airflow/example_dags/example_setup_teardown.py
[2024-03-25T21:06:59.694+0000] {logging_mixin.py:188} INFO - [2024-03-25T21:06:59.694+0000] {dag.py:3047} INFO - Sync 1 DAGs
[2024-03-25T21:06:59.729+0000] {logging_mixin.py:188} INFO - [2024-03-25T21:06:59.729+0000] {dag.py:3834} INFO - Setting next_dagrun for example_setup_teardown to 2024-03-24 00:00:00+00:00, run_after=2024-03-25 00:00:00+00:00
[2024-03-25T21:06:59.758+0000] {processor.py:183} INFO - Processing /home/airflow/.local/lib/python3.8/site-packages/airflow/example_dags/example_setup_teardown.py took 0.129 seconds
[2024-03-25T21:07:29.901+0000] {processor.py:161} INFO - Started process (PID=456) to work on /home/airflow/.local/lib/python3.8/site-packages/airflow/example_dags/example_setup_teardown.py
[2024-03-25T21:07:29.903+0000] {processor.py:830} INFO - Processing file /home/airflow/.local/lib/python3.8/site-packages/airflow/example_dags/example_setup_teardown.py for tasks to queue
[2024-03-25T21:07:29.906+0000] {logging_mixin.py:188} INFO - [2024-03-25T21:07:29.906+0000] {dagbag.py:540} INFO - Filling up the DagBag from /home/airflow/.local/lib/python3.8/site-packages/airflow/example_dags/example_setup_teardown.py
[2024-03-25T21:07:29.917+0000] {processor.py:840} INFO - DAG(s) 'example_setup_teardown' retrieved from /home/airflow/.local/lib/python3.8/site-packages/airflow/example_dags/example_setup_teardown.py
[2024-03-25T21:07:29.951+0000] {logging_mixin.py:188} INFO - [2024-03-25T21:07:29.950+0000] {dag.py:3047} INFO - Sync 1 DAGs
[2024-03-25T21:07:29.984+0000] {logging_mixin.py:188} INFO - [2024-03-25T21:07:29.984+0000] {dag.py:3834} INFO - Setting next_dagrun for example_setup_teardown to 2024-03-24 00:00:00+00:00, run_after=2024-03-25 00:00:00+00:00
[2024-03-25T21:07:30.012+0000] {processor.py:183} INFO - Processing /home/airflow/.local/lib/python3.8/site-packages/airflow/example_dags/example_setup_teardown.py took 0.116 seconds
[2024-03-25T21:08:00.094+0000] {processor.py:161} INFO - Started process (PID=511) to work on /home/airflow/.local/lib/python3.8/site-packages/airflow/example_dags/example_setup_teardown.py
[2024-03-25T21:08:00.096+0000] {processor.py:830} INFO - Processing file /home/airflow/.local/lib/python3.8/site-packages/airflow/example_dags/example_setup_teardown.py for tasks to queue
[2024-03-25T21:08:00.099+0000] {logging_mixin.py:188} INFO - [2024-03-25T21:08:00.098+0000] {dagbag.py:540} INFO - Filling up the DagBag from /home/airflow/.local/lib/python3.8/site-packages/airflow/example_dags/example_setup_teardown.py
[2024-03-25T21:08:00.111+0000] {processor.py:840} INFO - DAG(s) 'example_setup_teardown' retrieved from /home/airflow/.local/lib/python3.8/site-packages/airflow/example_dags/example_setup_teardown.py
[2024-03-25T21:08:00.144+0000] {logging_mixin.py:188} INFO - [2024-03-25T21:08:00.144+0000] {dag.py:3047} INFO - Sync 1 DAGs
[2024-03-25T21:08:00.178+0000] {logging_mixin.py:188} INFO - [2024-03-25T21:08:00.178+0000] {dag.py:3834} INFO - Setting next_dagrun for example_setup_teardown to 2024-03-24 00:00:00+00:00, run_after=2024-03-25 00:00:00+00:00
[2024-03-25T21:08:00.207+0000] {processor.py:183} INFO - Processing /home/airflow/.local/lib/python3.8/site-packages/airflow/example_dags/example_setup_teardown.py took 0.119 seconds
[2024-03-25T21:09:43.546+0000] {processor.py:161} INFO - Started process (PID=66) to work on /home/airflow/.local/lib/python3.8/site-packages/airflow/example_dags/example_setup_teardown.py
[2024-03-25T21:09:43.548+0000] {processor.py:830} INFO - Processing file /home/airflow/.local/lib/python3.8/site-packages/airflow/example_dags/example_setup_teardown.py for tasks to queue
[2024-03-25T21:09:43.552+0000] {logging_mixin.py:188} INFO - [2024-03-25T21:09:43.551+0000] {dagbag.py:540} INFO - Filling up the DagBag from /home/airflow/.local/lib/python3.8/site-packages/airflow/example_dags/example_setup_teardown.py
[2024-03-25T21:09:43.574+0000] {processor.py:840} INFO - DAG(s) 'example_setup_teardown' retrieved from /home/airflow/.local/lib/python3.8/site-packages/airflow/example_dags/example_setup_teardown.py
[2024-03-25T21:09:43.802+0000] {logging_mixin.py:188} INFO - [2024-03-25T21:09:43.802+0000] {dag.py:3047} INFO - Sync 1 DAGs
[2024-03-25T21:09:43.832+0000] {logging_mixin.py:188} INFO - [2024-03-25T21:09:43.832+0000] {dag.py:3834} INFO - Setting next_dagrun for example_setup_teardown to 2024-03-24 00:00:00+00:00, run_after=2024-03-25 00:00:00+00:00
[2024-03-25T21:09:43.861+0000] {processor.py:183} INFO - Processing /home/airflow/.local/lib/python3.8/site-packages/airflow/example_dags/example_setup_teardown.py took 0.323 seconds
[2024-03-25T21:10:14.627+0000] {processor.py:161} INFO - Started process (PID=122) to work on /home/airflow/.local/lib/python3.8/site-packages/airflow/example_dags/example_setup_teardown.py
[2024-03-25T21:10:14.629+0000] {processor.py:830} INFO - Processing file /home/airflow/.local/lib/python3.8/site-packages/airflow/example_dags/example_setup_teardown.py for tasks to queue
[2024-03-25T21:10:14.632+0000] {logging_mixin.py:188} INFO - [2024-03-25T21:10:14.632+0000] {dagbag.py:540} INFO - Filling up the DagBag from /home/airflow/.local/lib/python3.8/site-packages/airflow/example_dags/example_setup_teardown.py
[2024-03-25T21:10:14.643+0000] {processor.py:840} INFO - DAG(s) 'example_setup_teardown' retrieved from /home/airflow/.local/lib/python3.8/site-packages/airflow/example_dags/example_setup_teardown.py
[2024-03-25T21:10:14.675+0000] {logging_mixin.py:188} INFO - [2024-03-25T21:10:14.674+0000] {dag.py:3047} INFO - Sync 1 DAGs
[2024-03-25T21:10:14.713+0000] {logging_mixin.py:188} INFO - [2024-03-25T21:10:14.713+0000] {dag.py:3834} INFO - Setting next_dagrun for example_setup_teardown to 2024-03-24 00:00:00+00:00, run_after=2024-03-25 00:00:00+00:00
[2024-03-25T21:10:14.755+0000] {processor.py:183} INFO - Processing /home/airflow/.local/lib/python3.8/site-packages/airflow/example_dags/example_setup_teardown.py took 0.133 seconds
[2024-03-25T21:10:44.905+0000] {processor.py:161} INFO - Started process (PID=178) to work on /home/airflow/.local/lib/python3.8/site-packages/airflow/example_dags/example_setup_teardown.py
[2024-03-25T21:10:44.906+0000] {processor.py:830} INFO - Processing file /home/airflow/.local/lib/python3.8/site-packages/airflow/example_dags/example_setup_teardown.py for tasks to queue
[2024-03-25T21:10:44.911+0000] {logging_mixin.py:188} INFO - [2024-03-25T21:10:44.910+0000] {dagbag.py:540} INFO - Filling up the DagBag from /home/airflow/.local/lib/python3.8/site-packages/airflow/example_dags/example_setup_teardown.py
[2024-03-25T21:10:44.923+0000] {processor.py:840} INFO - DAG(s) 'example_setup_teardown' retrieved from /home/airflow/.local/lib/python3.8/site-packages/airflow/example_dags/example_setup_teardown.py
[2024-03-25T21:10:44.956+0000] {logging_mixin.py:188} INFO - [2024-03-25T21:10:44.955+0000] {dag.py:3047} INFO - Sync 1 DAGs
[2024-03-25T21:10:45.001+0000] {logging_mixin.py:188} INFO - [2024-03-25T21:10:45.001+0000] {dag.py:3834} INFO - Setting next_dagrun for example_setup_teardown to 2024-03-24 00:00:00+00:00, run_after=2024-03-25 00:00:00+00:00
[2024-03-25T21:10:45.028+0000] {processor.py:183} INFO - Processing /home/airflow/.local/lib/python3.8/site-packages/airflow/example_dags/example_setup_teardown.py took 0.130 seconds
[2024-03-25T21:11:15.287+0000] {processor.py:161} INFO - Started process (PID=234) to work on /home/airflow/.local/lib/python3.8/site-packages/airflow/example_dags/example_setup_teardown.py
[2024-03-25T21:11:15.289+0000] {processor.py:830} INFO - Processing file /home/airflow/.local/lib/python3.8/site-packages/airflow/example_dags/example_setup_teardown.py for tasks to queue
[2024-03-25T21:11:15.292+0000] {logging_mixin.py:188} INFO - [2024-03-25T21:11:15.291+0000] {dagbag.py:540} INFO - Filling up the DagBag from /home/airflow/.local/lib/python3.8/site-packages/airflow/example_dags/example_setup_teardown.py
[2024-03-25T21:11:15.303+0000] {processor.py:840} INFO - DAG(s) 'example_setup_teardown' retrieved from /home/airflow/.local/lib/python3.8/site-packages/airflow/example_dags/example_setup_teardown.py
[2024-03-25T21:11:15.352+0000] {logging_mixin.py:188} INFO - [2024-03-25T21:11:15.352+0000] {dag.py:3047} INFO - Sync 1 DAGs
[2024-03-25T21:11:15.395+0000] {logging_mixin.py:188} INFO - [2024-03-25T21:11:15.395+0000] {dag.py:3834} INFO - Setting next_dagrun for example_setup_teardown to 2024-03-24 00:00:00+00:00, run_after=2024-03-25 00:00:00+00:00
[2024-03-25T21:11:15.423+0000] {processor.py:183} INFO - Processing /home/airflow/.local/lib/python3.8/site-packages/airflow/example_dags/example_setup_teardown.py took 0.142 seconds
[2024-03-25T21:11:45.486+0000] {processor.py:161} INFO - Started process (PID=290) to work on /home/airflow/.local/lib/python3.8/site-packages/airflow/example_dags/example_setup_teardown.py
[2024-03-25T21:11:45.488+0000] {processor.py:830} INFO - Processing file /home/airflow/.local/lib/python3.8/site-packages/airflow/example_dags/example_setup_teardown.py for tasks to queue
[2024-03-25T21:11:45.490+0000] {logging_mixin.py:188} INFO - [2024-03-25T21:11:45.490+0000] {dagbag.py:540} INFO - Filling up the DagBag from /home/airflow/.local/lib/python3.8/site-packages/airflow/example_dags/example_setup_teardown.py
[2024-03-25T21:11:45.502+0000] {processor.py:840} INFO - DAG(s) 'example_setup_teardown' retrieved from /home/airflow/.local/lib/python3.8/site-packages/airflow/example_dags/example_setup_teardown.py
[2024-03-25T21:11:45.536+0000] {logging_mixin.py:188} INFO - [2024-03-25T21:11:45.535+0000] {dag.py:3047} INFO - Sync 1 DAGs
[2024-03-25T21:11:45.584+0000] {logging_mixin.py:188} INFO - [2024-03-25T21:11:45.584+0000] {dag.py:3834} INFO - Setting next_dagrun for example_setup_teardown to 2024-03-24 00:00:00+00:00, run_after=2024-03-25 00:00:00+00:00
[2024-03-25T21:11:45.622+0000] {processor.py:183} INFO - Processing /home/airflow/.local/lib/python3.8/site-packages/airflow/example_dags/example_setup_teardown.py took 0.142 seconds
[2024-03-25T21:12:16.390+0000] {processor.py:161} INFO - Started process (PID=346) to work on /home/airflow/.local/lib/python3.8/site-packages/airflow/example_dags/example_setup_teardown.py
[2024-03-25T21:12:16.392+0000] {processor.py:830} INFO - Processing file /home/airflow/.local/lib/python3.8/site-packages/airflow/example_dags/example_setup_teardown.py for tasks to queue
[2024-03-25T21:12:16.395+0000] {logging_mixin.py:188} INFO - [2024-03-25T21:12:16.395+0000] {dagbag.py:540} INFO - Filling up the DagBag from /home/airflow/.local/lib/python3.8/site-packages/airflow/example_dags/example_setup_teardown.py
[2024-03-25T21:12:16.416+0000] {processor.py:840} INFO - DAG(s) 'example_setup_teardown' retrieved from /home/airflow/.local/lib/python3.8/site-packages/airflow/example_dags/example_setup_teardown.py
[2024-03-25T21:12:16.460+0000] {logging_mixin.py:188} INFO - [2024-03-25T21:12:16.459+0000] {dag.py:3047} INFO - Sync 1 DAGs
[2024-03-25T21:12:16.502+0000] {logging_mixin.py:188} INFO - [2024-03-25T21:12:16.502+0000] {dag.py:3834} INFO - Setting next_dagrun for example_setup_teardown to 2024-03-24 00:00:00+00:00, run_after=2024-03-25 00:00:00+00:00
[2024-03-25T21:12:16.532+0000] {processor.py:183} INFO - Processing /home/airflow/.local/lib/python3.8/site-packages/airflow/example_dags/example_setup_teardown.py took 0.149 seconds
[2024-03-25T21:12:46.968+0000] {processor.py:161} INFO - Started process (PID=402) to work on /home/airflow/.local/lib/python3.8/site-packages/airflow/example_dags/example_setup_teardown.py
[2024-03-25T21:12:46.970+0000] {processor.py:830} INFO - Processing file /home/airflow/.local/lib/python3.8/site-packages/airflow/example_dags/example_setup_teardown.py for tasks to queue
[2024-03-25T21:12:46.973+0000] {logging_mixin.py:188} INFO - [2024-03-25T21:12:46.972+0000] {dagbag.py:540} INFO - Filling up the DagBag from /home/airflow/.local/lib/python3.8/site-packages/airflow/example_dags/example_setup_teardown.py
[2024-03-25T21:12:46.985+0000] {processor.py:840} INFO - DAG(s) 'example_setup_teardown' retrieved from /home/airflow/.local/lib/python3.8/site-packages/airflow/example_dags/example_setup_teardown.py
[2024-03-25T21:12:47.020+0000] {logging_mixin.py:188} INFO - [2024-03-25T21:12:47.020+0000] {dag.py:3047} INFO - Sync 1 DAGs
[2024-03-25T21:12:47.054+0000] {logging_mixin.py:188} INFO - [2024-03-25T21:12:47.054+0000] {dag.py:3834} INFO - Setting next_dagrun for example_setup_teardown to 2024-03-24 00:00:00+00:00, run_after=2024-03-25 00:00:00+00:00
[2024-03-25T21:12:47.082+0000] {processor.py:183} INFO - Processing /home/airflow/.local/lib/python3.8/site-packages/airflow/example_dags/example_setup_teardown.py took 0.119 seconds
[2024-03-25T21:13:17.661+0000] {processor.py:161} INFO - Started process (PID=458) to work on /home/airflow/.local/lib/python3.8/site-packages/airflow/example_dags/example_setup_teardown.py
[2024-03-25T21:13:17.663+0000] {processor.py:830} INFO - Processing file /home/airflow/.local/lib/python3.8/site-packages/airflow/example_dags/example_setup_teardown.py for tasks to queue
[2024-03-25T21:13:17.666+0000] {logging_mixin.py:188} INFO - [2024-03-25T21:13:17.666+0000] {dagbag.py:540} INFO - Filling up the DagBag from /home/airflow/.local/lib/python3.8/site-packages/airflow/example_dags/example_setup_teardown.py
[2024-03-25T21:13:17.677+0000] {processor.py:840} INFO - DAG(s) 'example_setup_teardown' retrieved from /home/airflow/.local/lib/python3.8/site-packages/airflow/example_dags/example_setup_teardown.py
[2024-03-25T21:13:17.710+0000] {logging_mixin.py:188} INFO - [2024-03-25T21:13:17.710+0000] {dag.py:3047} INFO - Sync 1 DAGs
[2024-03-25T21:13:17.744+0000] {logging_mixin.py:188} INFO - [2024-03-25T21:13:17.744+0000] {dag.py:3834} INFO - Setting next_dagrun for example_setup_teardown to 2024-03-24 00:00:00+00:00, run_after=2024-03-25 00:00:00+00:00
[2024-03-25T21:13:17.779+0000] {processor.py:183} INFO - Processing /home/airflow/.local/lib/python3.8/site-packages/airflow/example_dags/example_setup_teardown.py took 0.122 seconds
[2024-03-25T21:13:48.185+0000] {processor.py:161} INFO - Started process (PID=514) to work on /home/airflow/.local/lib/python3.8/site-packages/airflow/example_dags/example_setup_teardown.py
[2024-03-25T21:13:48.187+0000] {processor.py:830} INFO - Processing file /home/airflow/.local/lib/python3.8/site-packages/airflow/example_dags/example_setup_teardown.py for tasks to queue
[2024-03-25T21:13:48.192+0000] {logging_mixin.py:188} INFO - [2024-03-25T21:13:48.191+0000] {dagbag.py:540} INFO - Filling up the DagBag from /home/airflow/.local/lib/python3.8/site-packages/airflow/example_dags/example_setup_teardown.py
[2024-03-25T21:13:48.214+0000] {processor.py:840} INFO - DAG(s) 'example_setup_teardown' retrieved from /home/airflow/.local/lib/python3.8/site-packages/airflow/example_dags/example_setup_teardown.py
[2024-03-25T21:13:48.261+0000] {logging_mixin.py:188} INFO - [2024-03-25T21:13:48.260+0000] {dag.py:3047} INFO - Sync 1 DAGs
[2024-03-25T21:13:48.311+0000] {logging_mixin.py:188} INFO - [2024-03-25T21:13:48.310+0000] {dag.py:3834} INFO - Setting next_dagrun for example_setup_teardown to 2024-03-24 00:00:00+00:00, run_after=2024-03-25 00:00:00+00:00
[2024-03-25T21:13:48.354+0000] {processor.py:183} INFO - Processing /home/airflow/.local/lib/python3.8/site-packages/airflow/example_dags/example_setup_teardown.py took 0.177 seconds
[2024-03-25T21:14:19.131+0000] {processor.py:161} INFO - Started process (PID=576) to work on /home/airflow/.local/lib/python3.8/site-packages/airflow/example_dags/example_setup_teardown.py
[2024-03-25T21:14:19.132+0000] {processor.py:830} INFO - Processing file /home/airflow/.local/lib/python3.8/site-packages/airflow/example_dags/example_setup_teardown.py for tasks to queue
[2024-03-25T21:14:19.136+0000] {logging_mixin.py:188} INFO - [2024-03-25T21:14:19.135+0000] {dagbag.py:540} INFO - Filling up the DagBag from /home/airflow/.local/lib/python3.8/site-packages/airflow/example_dags/example_setup_teardown.py
[2024-03-25T21:14:19.147+0000] {processor.py:840} INFO - DAG(s) 'example_setup_teardown' retrieved from /home/airflow/.local/lib/python3.8/site-packages/airflow/example_dags/example_setup_teardown.py
[2024-03-25T21:14:19.183+0000] {logging_mixin.py:188} INFO - [2024-03-25T21:14:19.182+0000] {dag.py:3047} INFO - Sync 1 DAGs
[2024-03-25T21:14:19.218+0000] {logging_mixin.py:188} INFO - [2024-03-25T21:14:19.218+0000] {dag.py:3834} INFO - Setting next_dagrun for example_setup_teardown to 2024-03-24 00:00:00+00:00, run_after=2024-03-25 00:00:00+00:00
[2024-03-25T21:14:19.249+0000] {processor.py:183} INFO - Processing /home/airflow/.local/lib/python3.8/site-packages/airflow/example_dags/example_setup_teardown.py took 0.124 seconds
[2024-03-25T21:14:49.953+0000] {processor.py:161} INFO - Started process (PID=632) to work on /home/airflow/.local/lib/python3.8/site-packages/airflow/example_dags/example_setup_teardown.py
[2024-03-25T21:14:49.955+0000] {processor.py:830} INFO - Processing file /home/airflow/.local/lib/python3.8/site-packages/airflow/example_dags/example_setup_teardown.py for tasks to queue
[2024-03-25T21:14:49.959+0000] {logging_mixin.py:188} INFO - [2024-03-25T21:14:49.958+0000] {dagbag.py:540} INFO - Filling up the DagBag from /home/airflow/.local/lib/python3.8/site-packages/airflow/example_dags/example_setup_teardown.py
[2024-03-25T21:14:49.973+0000] {processor.py:840} INFO - DAG(s) 'example_setup_teardown' retrieved from /home/airflow/.local/lib/python3.8/site-packages/airflow/example_dags/example_setup_teardown.py
[2024-03-25T21:14:50.022+0000] {logging_mixin.py:188} INFO - [2024-03-25T21:14:50.022+0000] {dag.py:3047} INFO - Sync 1 DAGs
[2024-03-25T21:14:50.064+0000] {logging_mixin.py:188} INFO - [2024-03-25T21:14:50.063+0000] {dag.py:3834} INFO - Setting next_dagrun for example_setup_teardown to 2024-03-24 00:00:00+00:00, run_after=2024-03-25 00:00:00+00:00
[2024-03-25T21:14:50.109+0000] {processor.py:183} INFO - Processing /home/airflow/.local/lib/python3.8/site-packages/airflow/example_dags/example_setup_teardown.py took 0.163 seconds
[2024-03-25T21:15:20.507+0000] {processor.py:161} INFO - Started process (PID=688) to work on /home/airflow/.local/lib/python3.8/site-packages/airflow/example_dags/example_setup_teardown.py
[2024-03-25T21:15:20.509+0000] {processor.py:830} INFO - Processing file /home/airflow/.local/lib/python3.8/site-packages/airflow/example_dags/example_setup_teardown.py for tasks to queue
[2024-03-25T21:15:20.513+0000] {logging_mixin.py:188} INFO - [2024-03-25T21:15:20.513+0000] {dagbag.py:540} INFO - Filling up the DagBag from /home/airflow/.local/lib/python3.8/site-packages/airflow/example_dags/example_setup_teardown.py
[2024-03-25T21:15:20.525+0000] {processor.py:840} INFO - DAG(s) 'example_setup_teardown' retrieved from /home/airflow/.local/lib/python3.8/site-packages/airflow/example_dags/example_setup_teardown.py
[2024-03-25T21:15:20.561+0000] {logging_mixin.py:188} INFO - [2024-03-25T21:15:20.561+0000] {dag.py:3047} INFO - Sync 1 DAGs
[2024-03-25T21:15:20.597+0000] {logging_mixin.py:188} INFO - [2024-03-25T21:15:20.597+0000] {dag.py:3834} INFO - Setting next_dagrun for example_setup_teardown to 2024-03-24 00:00:00+00:00, run_after=2024-03-25 00:00:00+00:00
[2024-03-25T21:15:20.631+0000] {processor.py:183} INFO - Processing /home/airflow/.local/lib/python3.8/site-packages/airflow/example_dags/example_setup_teardown.py took 0.131 seconds
[2024-03-25T21:15:51.017+0000] {processor.py:161} INFO - Started process (PID=744) to work on /home/airflow/.local/lib/python3.8/site-packages/airflow/example_dags/example_setup_teardown.py
[2024-03-25T21:15:51.018+0000] {processor.py:830} INFO - Processing file /home/airflow/.local/lib/python3.8/site-packages/airflow/example_dags/example_setup_teardown.py for tasks to queue
[2024-03-25T21:15:51.021+0000] {logging_mixin.py:188} INFO - [2024-03-25T21:15:51.021+0000] {dagbag.py:540} INFO - Filling up the DagBag from /home/airflow/.local/lib/python3.8/site-packages/airflow/example_dags/example_setup_teardown.py
[2024-03-25T21:15:51.033+0000] {processor.py:840} INFO - DAG(s) 'example_setup_teardown' retrieved from /home/airflow/.local/lib/python3.8/site-packages/airflow/example_dags/example_setup_teardown.py
[2024-03-25T21:15:51.068+0000] {logging_mixin.py:188} INFO - [2024-03-25T21:15:51.067+0000] {dag.py:3047} INFO - Sync 1 DAGs
[2024-03-25T21:15:51.101+0000] {logging_mixin.py:188} INFO - [2024-03-25T21:15:51.101+0000] {dag.py:3834} INFO - Setting next_dagrun for example_setup_teardown to 2024-03-24 00:00:00+00:00, run_after=2024-03-25 00:00:00+00:00
[2024-03-25T21:15:51.127+0000] {processor.py:183} INFO - Processing /home/airflow/.local/lib/python3.8/site-packages/airflow/example_dags/example_setup_teardown.py took 0.116 seconds
[2024-03-25T21:16:21.420+0000] {processor.py:161} INFO - Started process (PID=800) to work on /home/airflow/.local/lib/python3.8/site-packages/airflow/example_dags/example_setup_teardown.py
[2024-03-25T21:16:21.421+0000] {processor.py:830} INFO - Processing file /home/airflow/.local/lib/python3.8/site-packages/airflow/example_dags/example_setup_teardown.py for tasks to queue
[2024-03-25T21:16:21.424+0000] {logging_mixin.py:188} INFO - [2024-03-25T21:16:21.424+0000] {dagbag.py:540} INFO - Filling up the DagBag from /home/airflow/.local/lib/python3.8/site-packages/airflow/example_dags/example_setup_teardown.py
[2024-03-25T21:16:21.435+0000] {processor.py:840} INFO - DAG(s) 'example_setup_teardown' retrieved from /home/airflow/.local/lib/python3.8/site-packages/airflow/example_dags/example_setup_teardown.py
[2024-03-25T21:16:21.469+0000] {logging_mixin.py:188} INFO - [2024-03-25T21:16:21.468+0000] {dag.py:3047} INFO - Sync 1 DAGs
[2024-03-25T21:16:21.502+0000] {logging_mixin.py:188} INFO - [2024-03-25T21:16:21.502+0000] {dag.py:3834} INFO - Setting next_dagrun for example_setup_teardown to 2024-03-24 00:00:00+00:00, run_after=2024-03-25 00:00:00+00:00
[2024-03-25T21:16:21.531+0000] {processor.py:183} INFO - Processing /home/airflow/.local/lib/python3.8/site-packages/airflow/example_dags/example_setup_teardown.py took 0.117 seconds
[2024-03-25T21:16:51.805+0000] {processor.py:161} INFO - Started process (PID=856) to work on /home/airflow/.local/lib/python3.8/site-packages/airflow/example_dags/example_setup_teardown.py
[2024-03-25T21:16:51.807+0000] {processor.py:830} INFO - Processing file /home/airflow/.local/lib/python3.8/site-packages/airflow/example_dags/example_setup_teardown.py for tasks to queue
[2024-03-25T21:16:51.810+0000] {logging_mixin.py:188} INFO - [2024-03-25T21:16:51.810+0000] {dagbag.py:540} INFO - Filling up the DagBag from /home/airflow/.local/lib/python3.8/site-packages/airflow/example_dags/example_setup_teardown.py
[2024-03-25T21:16:51.821+0000] {processor.py:840} INFO - DAG(s) 'example_setup_teardown' retrieved from /home/airflow/.local/lib/python3.8/site-packages/airflow/example_dags/example_setup_teardown.py
[2024-03-25T21:16:51.857+0000] {logging_mixin.py:188} INFO - [2024-03-25T21:16:51.857+0000] {dag.py:3047} INFO - Sync 1 DAGs
[2024-03-25T21:16:51.893+0000] {logging_mixin.py:188} INFO - [2024-03-25T21:16:51.892+0000] {dag.py:3834} INFO - Setting next_dagrun for example_setup_teardown to 2024-03-24 00:00:00+00:00, run_after=2024-03-25 00:00:00+00:00
[2024-03-25T21:16:51.921+0000] {processor.py:183} INFO - Processing /home/airflow/.local/lib/python3.8/site-packages/airflow/example_dags/example_setup_teardown.py took 0.121 seconds
[2024-03-25T21:17:22.213+0000] {processor.py:161} INFO - Started process (PID=912) to work on /home/airflow/.local/lib/python3.8/site-packages/airflow/example_dags/example_setup_teardown.py
[2024-03-25T21:17:22.214+0000] {processor.py:830} INFO - Processing file /home/airflow/.local/lib/python3.8/site-packages/airflow/example_dags/example_setup_teardown.py for tasks to queue
[2024-03-25T21:17:22.217+0000] {logging_mixin.py:188} INFO - [2024-03-25T21:17:22.217+0000] {dagbag.py:540} INFO - Filling up the DagBag from /home/airflow/.local/lib/python3.8/site-packages/airflow/example_dags/example_setup_teardown.py
[2024-03-25T21:17:22.229+0000] {processor.py:840} INFO - DAG(s) 'example_setup_teardown' retrieved from /home/airflow/.local/lib/python3.8/site-packages/airflow/example_dags/example_setup_teardown.py
[2024-03-25T21:17:22.268+0000] {logging_mixin.py:188} INFO - [2024-03-25T21:17:22.267+0000] {dag.py:3047} INFO - Sync 1 DAGs
[2024-03-25T21:17:22.318+0000] {logging_mixin.py:188} INFO - [2024-03-25T21:17:22.318+0000] {dag.py:3834} INFO - Setting next_dagrun for example_setup_teardown to 2024-03-24 00:00:00+00:00, run_after=2024-03-25 00:00:00+00:00
[2024-03-25T21:17:22.358+0000] {processor.py:183} INFO - Processing /home/airflow/.local/lib/python3.8/site-packages/airflow/example_dags/example_setup_teardown.py took 0.151 seconds
[2024-03-25T21:17:53.130+0000] {processor.py:161} INFO - Started process (PID=968) to work on /home/airflow/.local/lib/python3.8/site-packages/airflow/example_dags/example_setup_teardown.py
[2024-03-25T21:17:53.132+0000] {processor.py:830} INFO - Processing file /home/airflow/.local/lib/python3.8/site-packages/airflow/example_dags/example_setup_teardown.py for tasks to queue
[2024-03-25T21:17:53.136+0000] {logging_mixin.py:188} INFO - [2024-03-25T21:17:53.135+0000] {dagbag.py:540} INFO - Filling up the DagBag from /home/airflow/.local/lib/python3.8/site-packages/airflow/example_dags/example_setup_teardown.py
[2024-03-25T21:17:53.147+0000] {processor.py:840} INFO - DAG(s) 'example_setup_teardown' retrieved from /home/airflow/.local/lib/python3.8/site-packages/airflow/example_dags/example_setup_teardown.py
[2024-03-25T21:17:53.181+0000] {logging_mixin.py:188} INFO - [2024-03-25T21:17:53.180+0000] {dag.py:3047} INFO - Sync 1 DAGs
[2024-03-25T21:17:53.215+0000] {logging_mixin.py:188} INFO - [2024-03-25T21:17:53.215+0000] {dag.py:3834} INFO - Setting next_dagrun for example_setup_teardown to 2024-03-24 00:00:00+00:00, run_after=2024-03-25 00:00:00+00:00
[2024-03-25T21:17:53.245+0000] {processor.py:183} INFO - Processing /home/airflow/.local/lib/python3.8/site-packages/airflow/example_dags/example_setup_teardown.py took 0.120 seconds
[2024-03-25T21:18:23.739+0000] {processor.py:161} INFO - Started process (PID=1024) to work on /home/airflow/.local/lib/python3.8/site-packages/airflow/example_dags/example_setup_teardown.py
[2024-03-25T21:18:23.741+0000] {processor.py:830} INFO - Processing file /home/airflow/.local/lib/python3.8/site-packages/airflow/example_dags/example_setup_teardown.py for tasks to queue
[2024-03-25T21:18:23.744+0000] {logging_mixin.py:188} INFO - [2024-03-25T21:18:23.744+0000] {dagbag.py:540} INFO - Filling up the DagBag from /home/airflow/.local/lib/python3.8/site-packages/airflow/example_dags/example_setup_teardown.py
[2024-03-25T21:18:23.756+0000] {processor.py:840} INFO - DAG(s) 'example_setup_teardown' retrieved from /home/airflow/.local/lib/python3.8/site-packages/airflow/example_dags/example_setup_teardown.py
[2024-03-25T21:18:23.796+0000] {logging_mixin.py:188} INFO - [2024-03-25T21:18:23.796+0000] {dag.py:3047} INFO - Sync 1 DAGs
[2024-03-25T21:18:23.831+0000] {logging_mixin.py:188} INFO - [2024-03-25T21:18:23.831+0000] {dag.py:3834} INFO - Setting next_dagrun for example_setup_teardown to 2024-03-24 00:00:00+00:00, run_after=2024-03-25 00:00:00+00:00
[2024-03-25T21:18:23.863+0000] {processor.py:183} INFO - Processing /home/airflow/.local/lib/python3.8/site-packages/airflow/example_dags/example_setup_teardown.py took 0.130 seconds
[2024-03-25T21:18:54.628+0000] {processor.py:161} INFO - Started process (PID=1079) to work on /home/airflow/.local/lib/python3.8/site-packages/airflow/example_dags/example_setup_teardown.py
[2024-03-25T21:18:54.629+0000] {processor.py:830} INFO - Processing file /home/airflow/.local/lib/python3.8/site-packages/airflow/example_dags/example_setup_teardown.py for tasks to queue
[2024-03-25T21:18:54.632+0000] {logging_mixin.py:188} INFO - [2024-03-25T21:18:54.632+0000] {dagbag.py:540} INFO - Filling up the DagBag from /home/airflow/.local/lib/python3.8/site-packages/airflow/example_dags/example_setup_teardown.py
[2024-03-25T21:18:54.644+0000] {processor.py:840} INFO - DAG(s) 'example_setup_teardown' retrieved from /home/airflow/.local/lib/python3.8/site-packages/airflow/example_dags/example_setup_teardown.py
[2024-03-25T21:18:54.677+0000] {logging_mixin.py:188} INFO - [2024-03-25T21:18:54.677+0000] {dag.py:3047} INFO - Sync 1 DAGs
[2024-03-25T21:18:54.712+0000] {logging_mixin.py:188} INFO - [2024-03-25T21:18:54.712+0000] {dag.py:3834} INFO - Setting next_dagrun for example_setup_teardown to 2024-03-24 00:00:00+00:00, run_after=2024-03-25 00:00:00+00:00
[2024-03-25T21:18:54.741+0000] {processor.py:183} INFO - Processing /home/airflow/.local/lib/python3.8/site-packages/airflow/example_dags/example_setup_teardown.py took 0.119 seconds
[2024-03-25T21:19:24.936+0000] {processor.py:161} INFO - Started process (PID=1135) to work on /home/airflow/.local/lib/python3.8/site-packages/airflow/example_dags/example_setup_teardown.py
[2024-03-25T21:19:24.938+0000] {processor.py:830} INFO - Processing file /home/airflow/.local/lib/python3.8/site-packages/airflow/example_dags/example_setup_teardown.py for tasks to queue
[2024-03-25T21:19:24.941+0000] {logging_mixin.py:188} INFO - [2024-03-25T21:19:24.940+0000] {dagbag.py:540} INFO - Filling up the DagBag from /home/airflow/.local/lib/python3.8/site-packages/airflow/example_dags/example_setup_teardown.py
[2024-03-25T21:19:24.951+0000] {processor.py:840} INFO - DAG(s) 'example_setup_teardown' retrieved from /home/airflow/.local/lib/python3.8/site-packages/airflow/example_dags/example_setup_teardown.py
[2024-03-25T21:19:24.983+0000] {logging_mixin.py:188} INFO - [2024-03-25T21:19:24.983+0000] {dag.py:3047} INFO - Sync 1 DAGs
[2024-03-25T21:19:25.029+0000] {logging_mixin.py:188} INFO - [2024-03-25T21:19:25.028+0000] {dag.py:3834} INFO - Setting next_dagrun for example_setup_teardown to 2024-03-24 00:00:00+00:00, run_after=2024-03-25 00:00:00+00:00
[2024-03-25T21:19:25.062+0000] {processor.py:183} INFO - Processing /home/airflow/.local/lib/python3.8/site-packages/airflow/example_dags/example_setup_teardown.py took 0.132 seconds
[2024-03-25T21:19:55.229+0000] {processor.py:161} INFO - Started process (PID=1191) to work on /home/airflow/.local/lib/python3.8/site-packages/airflow/example_dags/example_setup_teardown.py
[2024-03-25T21:19:55.231+0000] {processor.py:830} INFO - Processing file /home/airflow/.local/lib/python3.8/site-packages/airflow/example_dags/example_setup_teardown.py for tasks to queue
[2024-03-25T21:19:55.235+0000] {logging_mixin.py:188} INFO - [2024-03-25T21:19:55.234+0000] {dagbag.py:540} INFO - Filling up the DagBag from /home/airflow/.local/lib/python3.8/site-packages/airflow/example_dags/example_setup_teardown.py
[2024-03-25T21:19:55.246+0000] {processor.py:840} INFO - DAG(s) 'example_setup_teardown' retrieved from /home/airflow/.local/lib/python3.8/site-packages/airflow/example_dags/example_setup_teardown.py
[2024-03-25T21:19:55.278+0000] {logging_mixin.py:188} INFO - [2024-03-25T21:19:55.278+0000] {dag.py:3047} INFO - Sync 1 DAGs
[2024-03-25T21:19:55.312+0000] {logging_mixin.py:188} INFO - [2024-03-25T21:19:55.311+0000] {dag.py:3834} INFO - Setting next_dagrun for example_setup_teardown to 2024-03-24 00:00:00+00:00, run_after=2024-03-25 00:00:00+00:00
[2024-03-25T21:19:55.340+0000] {processor.py:183} INFO - Processing /home/airflow/.local/lib/python3.8/site-packages/airflow/example_dags/example_setup_teardown.py took 0.117 seconds
[2024-03-25T21:20:25.454+0000] {processor.py:161} INFO - Started process (PID=1246) to work on /home/airflow/.local/lib/python3.8/site-packages/airflow/example_dags/example_setup_teardown.py
[2024-03-25T21:20:25.456+0000] {processor.py:830} INFO - Processing file /home/airflow/.local/lib/python3.8/site-packages/airflow/example_dags/example_setup_teardown.py for tasks to queue
[2024-03-25T21:20:25.459+0000] {logging_mixin.py:188} INFO - [2024-03-25T21:20:25.458+0000] {dagbag.py:540} INFO - Filling up the DagBag from /home/airflow/.local/lib/python3.8/site-packages/airflow/example_dags/example_setup_teardown.py
[2024-03-25T21:20:25.470+0000] {processor.py:840} INFO - DAG(s) 'example_setup_teardown' retrieved from /home/airflow/.local/lib/python3.8/site-packages/airflow/example_dags/example_setup_teardown.py
[2024-03-25T21:20:25.507+0000] {logging_mixin.py:188} INFO - [2024-03-25T21:20:25.507+0000] {dag.py:3047} INFO - Sync 1 DAGs
[2024-03-25T21:20:25.551+0000] {logging_mixin.py:188} INFO - [2024-03-25T21:20:25.550+0000] {dag.py:3834} INFO - Setting next_dagrun for example_setup_teardown to 2024-03-24 00:00:00+00:00, run_after=2024-03-25 00:00:00+00:00
[2024-03-25T21:20:25.583+0000] {processor.py:183} INFO - Processing /home/airflow/.local/lib/python3.8/site-packages/airflow/example_dags/example_setup_teardown.py took 0.135 seconds
[2024-03-25T21:26:50.085+0000] {processor.py:161} INFO - Started process (PID=1303) to work on /home/airflow/.local/lib/python3.8/site-packages/airflow/example_dags/example_setup_teardown.py
[2024-03-25T21:26:50.088+0000] {processor.py:830} INFO - Processing file /home/airflow/.local/lib/python3.8/site-packages/airflow/example_dags/example_setup_teardown.py for tasks to queue
[2024-03-25T21:26:50.092+0000] {logging_mixin.py:188} INFO - [2024-03-25T21:26:50.091+0000] {dagbag.py:540} INFO - Filling up the DagBag from /home/airflow/.local/lib/python3.8/site-packages/airflow/example_dags/example_setup_teardown.py
[2024-03-25T21:26:50.103+0000] {processor.py:840} INFO - DAG(s) 'example_setup_teardown' retrieved from /home/airflow/.local/lib/python3.8/site-packages/airflow/example_dags/example_setup_teardown.py
[2024-03-25T21:26:50.167+0000] {logging_mixin.py:188} INFO - [2024-03-25T21:26:50.166+0000] {dag.py:3047} INFO - Sync 1 DAGs
[2024-03-25T21:26:50.219+0000] {logging_mixin.py:188} INFO - [2024-03-25T21:26:50.219+0000] {dag.py:3834} INFO - Setting next_dagrun for example_setup_teardown to 2024-03-24 00:00:00+00:00, run_after=2024-03-25 00:00:00+00:00
[2024-03-25T21:26:50.252+0000] {processor.py:183} INFO - Processing /home/airflow/.local/lib/python3.8/site-packages/airflow/example_dags/example_setup_teardown.py took 0.174 seconds
[2024-03-25T21:27:22.238+0000] {processor.py:161} INFO - Started process (PID=1359) to work on /home/airflow/.local/lib/python3.8/site-packages/airflow/example_dags/example_setup_teardown.py
[2024-03-25T21:27:22.241+0000] {processor.py:830} INFO - Processing file /home/airflow/.local/lib/python3.8/site-packages/airflow/example_dags/example_setup_teardown.py for tasks to queue
[2024-03-25T21:27:22.246+0000] {logging_mixin.py:188} INFO - [2024-03-25T21:27:22.245+0000] {dagbag.py:540} INFO - Filling up the DagBag from /home/airflow/.local/lib/python3.8/site-packages/airflow/example_dags/example_setup_teardown.py
[2024-03-25T21:27:22.262+0000] {processor.py:840} INFO - DAG(s) 'example_setup_teardown' retrieved from /home/airflow/.local/lib/python3.8/site-packages/airflow/example_dags/example_setup_teardown.py
[2024-03-25T21:27:22.316+0000] {logging_mixin.py:188} INFO - [2024-03-25T21:27:22.315+0000] {dag.py:3047} INFO - Sync 1 DAGs
[2024-03-25T21:27:22.366+0000] {logging_mixin.py:188} INFO - [2024-03-25T21:27:22.366+0000] {dag.py:3834} INFO - Setting next_dagrun for example_setup_teardown to 2024-03-24 00:00:00+00:00, run_after=2024-03-25 00:00:00+00:00
[2024-03-25T21:27:22.421+0000] {processor.py:183} INFO - Processing /home/airflow/.local/lib/python3.8/site-packages/airflow/example_dags/example_setup_teardown.py took 0.192 seconds
[2024-03-25T21:27:52.565+0000] {processor.py:161} INFO - Started process (PID=1415) to work on /home/airflow/.local/lib/python3.8/site-packages/airflow/example_dags/example_setup_teardown.py
[2024-03-25T21:27:52.567+0000] {processor.py:830} INFO - Processing file /home/airflow/.local/lib/python3.8/site-packages/airflow/example_dags/example_setup_teardown.py for tasks to queue
[2024-03-25T21:27:52.569+0000] {logging_mixin.py:188} INFO - [2024-03-25T21:27:52.569+0000] {dagbag.py:540} INFO - Filling up the DagBag from /home/airflow/.local/lib/python3.8/site-packages/airflow/example_dags/example_setup_teardown.py
[2024-03-25T21:27:52.580+0000] {processor.py:840} INFO - DAG(s) 'example_setup_teardown' retrieved from /home/airflow/.local/lib/python3.8/site-packages/airflow/example_dags/example_setup_teardown.py
[2024-03-25T21:27:52.611+0000] {logging_mixin.py:188} INFO - [2024-03-25T21:27:52.610+0000] {dag.py:3047} INFO - Sync 1 DAGs
[2024-03-25T21:27:52.645+0000] {logging_mixin.py:188} INFO - [2024-03-25T21:27:52.644+0000] {dag.py:3834} INFO - Setting next_dagrun for example_setup_teardown to 2024-03-24 00:00:00+00:00, run_after=2024-03-25 00:00:00+00:00
[2024-03-25T21:27:52.676+0000] {processor.py:183} INFO - Processing /home/airflow/.local/lib/python3.8/site-packages/airflow/example_dags/example_setup_teardown.py took 0.115 seconds
[2024-03-25T21:28:23.527+0000] {processor.py:161} INFO - Started process (PID=1471) to work on /home/airflow/.local/lib/python3.8/site-packages/airflow/example_dags/example_setup_teardown.py
[2024-03-25T21:28:23.529+0000] {processor.py:830} INFO - Processing file /home/airflow/.local/lib/python3.8/site-packages/airflow/example_dags/example_setup_teardown.py for tasks to queue
[2024-03-25T21:28:23.531+0000] {logging_mixin.py:188} INFO - [2024-03-25T21:28:23.531+0000] {dagbag.py:540} INFO - Filling up the DagBag from /home/airflow/.local/lib/python3.8/site-packages/airflow/example_dags/example_setup_teardown.py
[2024-03-25T21:28:23.542+0000] {processor.py:840} INFO - DAG(s) 'example_setup_teardown' retrieved from /home/airflow/.local/lib/python3.8/site-packages/airflow/example_dags/example_setup_teardown.py
[2024-03-25T21:28:23.576+0000] {logging_mixin.py:188} INFO - [2024-03-25T21:28:23.575+0000] {dag.py:3047} INFO - Sync 1 DAGs
[2024-03-25T21:28:23.608+0000] {logging_mixin.py:188} INFO - [2024-03-25T21:28:23.608+0000] {dag.py:3834} INFO - Setting next_dagrun for example_setup_teardown to 2024-03-24 00:00:00+00:00, run_after=2024-03-25 00:00:00+00:00
[2024-03-25T21:28:23.640+0000] {processor.py:183} INFO - Processing /home/airflow/.local/lib/python3.8/site-packages/airflow/example_dags/example_setup_teardown.py took 0.118 seconds
