[2024-03-25T21:04:00.110+0000] {processor.py:161} INFO - Started process (PID=83) to work on /home/airflow/.local/lib/python3.8/site-packages/airflow/example_dags/example_nested_branch_dag.py
[2024-03-25T21:04:00.112+0000] {processor.py:830} INFO - Processing file /home/airflow/.local/lib/python3.8/site-packages/airflow/example_dags/example_nested_branch_dag.py for tasks to queue
[2024-03-25T21:04:00.117+0000] {logging_mixin.py:188} INFO - [2024-03-25T21:04:00.117+0000] {dagbag.py:540} INFO - Filling up the DagBag from /home/airflow/.local/lib/python3.8/site-packages/airflow/example_dags/example_nested_branch_dag.py
[2024-03-25T21:04:00.138+0000] {processor.py:840} INFO - DAG(s) 'example_nested_branch_dag' retrieved from /home/airflow/.local/lib/python3.8/site-packages/airflow/example_dags/example_nested_branch_dag.py
[2024-03-25T21:04:00.162+0000] {logging_mixin.py:188} INFO - [2024-03-25T21:04:00.162+0000] {dag.py:3047} INFO - Sync 1 DAGs
[2024-03-25T21:04:00.212+0000] {logging_mixin.py:188} INFO - [2024-03-25T21:04:00.211+0000] {dag.py:3834} INFO - Setting next_dagrun for example_nested_branch_dag to 2024-03-24 00:00:00+00:00, run_after=2024-03-25 00:00:00+00:00
[2024-03-25T21:04:00.255+0000] {processor.py:183} INFO - Processing /home/airflow/.local/lib/python3.8/site-packages/airflow/example_dags/example_nested_branch_dag.py took 0.152 seconds
[2024-03-25T21:04:31.813+0000] {processor.py:161} INFO - Started process (PID=138) to work on /home/airflow/.local/lib/python3.8/site-packages/airflow/example_dags/example_nested_branch_dag.py
[2024-03-25T21:04:31.815+0000] {processor.py:830} INFO - Processing file /home/airflow/.local/lib/python3.8/site-packages/airflow/example_dags/example_nested_branch_dag.py for tasks to queue
[2024-03-25T21:04:31.818+0000] {logging_mixin.py:188} INFO - [2024-03-25T21:04:31.817+0000] {dagbag.py:540} INFO - Filling up the DagBag from /home/airflow/.local/lib/python3.8/site-packages/airflow/example_dags/example_nested_branch_dag.py
[2024-03-25T21:04:31.834+0000] {processor.py:840} INFO - DAG(s) 'example_nested_branch_dag' retrieved from /home/airflow/.local/lib/python3.8/site-packages/airflow/example_dags/example_nested_branch_dag.py
[2024-03-25T21:04:31.996+0000] {logging_mixin.py:188} INFO - [2024-03-25T21:04:31.996+0000] {dag.py:3047} INFO - Sync 1 DAGs
[2024-03-25T21:04:32.030+0000] {logging_mixin.py:188} INFO - [2024-03-25T21:04:32.029+0000] {dag.py:3834} INFO - Setting next_dagrun for example_nested_branch_dag to 2024-03-24 00:00:00+00:00, run_after=2024-03-25 00:00:00+00:00
[2024-03-25T21:04:32.080+0000] {processor.py:183} INFO - Processing /home/airflow/.local/lib/python3.8/site-packages/airflow/example_dags/example_nested_branch_dag.py took 0.272 seconds
[2024-03-25T21:05:02.249+0000] {processor.py:161} INFO - Started process (PID=193) to work on /home/airflow/.local/lib/python3.8/site-packages/airflow/example_dags/example_nested_branch_dag.py
[2024-03-25T21:05:02.251+0000] {processor.py:830} INFO - Processing file /home/airflow/.local/lib/python3.8/site-packages/airflow/example_dags/example_nested_branch_dag.py for tasks to queue
[2024-03-25T21:05:02.257+0000] {logging_mixin.py:188} INFO - [2024-03-25T21:05:02.255+0000] {dagbag.py:540} INFO - Filling up the DagBag from /home/airflow/.local/lib/python3.8/site-packages/airflow/example_dags/example_nested_branch_dag.py
[2024-03-25T21:05:02.281+0000] {processor.py:840} INFO - DAG(s) 'example_nested_branch_dag' retrieved from /home/airflow/.local/lib/python3.8/site-packages/airflow/example_dags/example_nested_branch_dag.py
[2024-03-25T21:05:02.322+0000] {logging_mixin.py:188} INFO - [2024-03-25T21:05:02.322+0000] {dag.py:3047} INFO - Sync 1 DAGs
[2024-03-25T21:05:02.363+0000] {logging_mixin.py:188} INFO - [2024-03-25T21:05:02.363+0000] {dag.py:3834} INFO - Setting next_dagrun for example_nested_branch_dag to 2024-03-24 00:00:00+00:00, run_after=2024-03-25 00:00:00+00:00
[2024-03-25T21:05:02.406+0000] {processor.py:183} INFO - Processing /home/airflow/.local/lib/python3.8/site-packages/airflow/example_dags/example_nested_branch_dag.py took 0.161 seconds
[2024-03-25T21:05:32.979+0000] {processor.py:161} INFO - Started process (PID=248) to work on /home/airflow/.local/lib/python3.8/site-packages/airflow/example_dags/example_nested_branch_dag.py
[2024-03-25T21:05:32.981+0000] {processor.py:830} INFO - Processing file /home/airflow/.local/lib/python3.8/site-packages/airflow/example_dags/example_nested_branch_dag.py for tasks to queue
[2024-03-25T21:05:32.984+0000] {logging_mixin.py:188} INFO - [2024-03-25T21:05:32.984+0000] {dagbag.py:540} INFO - Filling up the DagBag from /home/airflow/.local/lib/python3.8/site-packages/airflow/example_dags/example_nested_branch_dag.py
[2024-03-25T21:05:33.000+0000] {processor.py:840} INFO - DAG(s) 'example_nested_branch_dag' retrieved from /home/airflow/.local/lib/python3.8/site-packages/airflow/example_dags/example_nested_branch_dag.py
[2024-03-25T21:05:33.036+0000] {logging_mixin.py:188} INFO - [2024-03-25T21:05:33.036+0000] {dag.py:3047} INFO - Sync 1 DAGs
[2024-03-25T21:05:33.072+0000] {logging_mixin.py:188} INFO - [2024-03-25T21:05:33.072+0000] {dag.py:3834} INFO - Setting next_dagrun for example_nested_branch_dag to 2024-03-24 00:00:00+00:00, run_after=2024-03-25 00:00:00+00:00
[2024-03-25T21:05:33.102+0000] {processor.py:183} INFO - Processing /home/airflow/.local/lib/python3.8/site-packages/airflow/example_dags/example_nested_branch_dag.py took 0.128 seconds
[2024-03-25T21:06:03.335+0000] {processor.py:161} INFO - Started process (PID=303) to work on /home/airflow/.local/lib/python3.8/site-packages/airflow/example_dags/example_nested_branch_dag.py
[2024-03-25T21:06:03.338+0000] {processor.py:830} INFO - Processing file /home/airflow/.local/lib/python3.8/site-packages/airflow/example_dags/example_nested_branch_dag.py for tasks to queue
[2024-03-25T21:06:03.341+0000] {logging_mixin.py:188} INFO - [2024-03-25T21:06:03.341+0000] {dagbag.py:540} INFO - Filling up the DagBag from /home/airflow/.local/lib/python3.8/site-packages/airflow/example_dags/example_nested_branch_dag.py
[2024-03-25T21:06:03.360+0000] {processor.py:840} INFO - DAG(s) 'example_nested_branch_dag' retrieved from /home/airflow/.local/lib/python3.8/site-packages/airflow/example_dags/example_nested_branch_dag.py
[2024-03-25T21:06:03.402+0000] {logging_mixin.py:188} INFO - [2024-03-25T21:06:03.402+0000] {dag.py:3047} INFO - Sync 1 DAGs
[2024-03-25T21:06:03.445+0000] {logging_mixin.py:188} INFO - [2024-03-25T21:06:03.444+0000] {dag.py:3834} INFO - Setting next_dagrun for example_nested_branch_dag to 2024-03-24 00:00:00+00:00, run_after=2024-03-25 00:00:00+00:00
[2024-03-25T21:06:03.478+0000] {processor.py:183} INFO - Processing /home/airflow/.local/lib/python3.8/site-packages/airflow/example_dags/example_nested_branch_dag.py took 0.149 seconds
[2024-03-25T21:06:33.582+0000] {processor.py:161} INFO - Started process (PID=357) to work on /home/airflow/.local/lib/python3.8/site-packages/airflow/example_dags/example_nested_branch_dag.py
[2024-03-25T21:06:33.586+0000] {processor.py:830} INFO - Processing file /home/airflow/.local/lib/python3.8/site-packages/airflow/example_dags/example_nested_branch_dag.py for tasks to queue
[2024-03-25T21:06:33.589+0000] {logging_mixin.py:188} INFO - [2024-03-25T21:06:33.589+0000] {dagbag.py:540} INFO - Filling up the DagBag from /home/airflow/.local/lib/python3.8/site-packages/airflow/example_dags/example_nested_branch_dag.py
[2024-03-25T21:06:33.607+0000] {processor.py:840} INFO - DAG(s) 'example_nested_branch_dag' retrieved from /home/airflow/.local/lib/python3.8/site-packages/airflow/example_dags/example_nested_branch_dag.py
[2024-03-25T21:06:33.644+0000] {logging_mixin.py:188} INFO - [2024-03-25T21:06:33.643+0000] {dag.py:3047} INFO - Sync 1 DAGs
[2024-03-25T21:06:33.680+0000] {logging_mixin.py:188} INFO - [2024-03-25T21:06:33.679+0000] {dag.py:3834} INFO - Setting next_dagrun for example_nested_branch_dag to 2024-03-24 00:00:00+00:00, run_after=2024-03-25 00:00:00+00:00
[2024-03-25T21:06:33.708+0000] {processor.py:183} INFO - Processing /home/airflow/.local/lib/python3.8/site-packages/airflow/example_dags/example_nested_branch_dag.py took 0.133 seconds
[2024-03-25T21:07:03.778+0000] {processor.py:161} INFO - Started process (PID=412) to work on /home/airflow/.local/lib/python3.8/site-packages/airflow/example_dags/example_nested_branch_dag.py
[2024-03-25T21:07:03.780+0000] {processor.py:830} INFO - Processing file /home/airflow/.local/lib/python3.8/site-packages/airflow/example_dags/example_nested_branch_dag.py for tasks to queue
[2024-03-25T21:07:03.782+0000] {logging_mixin.py:188} INFO - [2024-03-25T21:07:03.782+0000] {dagbag.py:540} INFO - Filling up the DagBag from /home/airflow/.local/lib/python3.8/site-packages/airflow/example_dags/example_nested_branch_dag.py
[2024-03-25T21:07:03.800+0000] {processor.py:840} INFO - DAG(s) 'example_nested_branch_dag' retrieved from /home/airflow/.local/lib/python3.8/site-packages/airflow/example_dags/example_nested_branch_dag.py
[2024-03-25T21:07:03.837+0000] {logging_mixin.py:188} INFO - [2024-03-25T21:07:03.836+0000] {dag.py:3047} INFO - Sync 1 DAGs
[2024-03-25T21:07:03.877+0000] {logging_mixin.py:188} INFO - [2024-03-25T21:07:03.876+0000] {dag.py:3834} INFO - Setting next_dagrun for example_nested_branch_dag to 2024-03-24 00:00:00+00:00, run_after=2024-03-25 00:00:00+00:00
[2024-03-25T21:07:03.909+0000] {processor.py:183} INFO - Processing /home/airflow/.local/lib/python3.8/site-packages/airflow/example_dags/example_nested_branch_dag.py took 0.136 seconds
[2024-03-25T21:07:35.134+0000] {processor.py:161} INFO - Started process (PID=468) to work on /home/airflow/.local/lib/python3.8/site-packages/airflow/example_dags/example_nested_branch_dag.py
[2024-03-25T21:07:35.136+0000] {processor.py:830} INFO - Processing file /home/airflow/.local/lib/python3.8/site-packages/airflow/example_dags/example_nested_branch_dag.py for tasks to queue
[2024-03-25T21:07:35.140+0000] {logging_mixin.py:188} INFO - [2024-03-25T21:07:35.139+0000] {dagbag.py:540} INFO - Filling up the DagBag from /home/airflow/.local/lib/python3.8/site-packages/airflow/example_dags/example_nested_branch_dag.py
[2024-03-25T21:07:35.157+0000] {processor.py:840} INFO - DAG(s) 'example_nested_branch_dag' retrieved from /home/airflow/.local/lib/python3.8/site-packages/airflow/example_dags/example_nested_branch_dag.py
[2024-03-25T21:07:35.193+0000] {logging_mixin.py:188} INFO - [2024-03-25T21:07:35.193+0000] {dag.py:3047} INFO - Sync 1 DAGs
[2024-03-25T21:07:35.230+0000] {logging_mixin.py:188} INFO - [2024-03-25T21:07:35.230+0000] {dag.py:3834} INFO - Setting next_dagrun for example_nested_branch_dag to 2024-03-24 00:00:00+00:00, run_after=2024-03-25 00:00:00+00:00
[2024-03-25T21:07:35.265+0000] {processor.py:183} INFO - Processing /home/airflow/.local/lib/python3.8/site-packages/airflow/example_dags/example_nested_branch_dag.py took 0.136 seconds
[2024-03-25T21:08:06.199+0000] {processor.py:161} INFO - Started process (PID=523) to work on /home/airflow/.local/lib/python3.8/site-packages/airflow/example_dags/example_nested_branch_dag.py
[2024-03-25T21:08:06.201+0000] {processor.py:830} INFO - Processing file /home/airflow/.local/lib/python3.8/site-packages/airflow/example_dags/example_nested_branch_dag.py for tasks to queue
[2024-03-25T21:08:06.204+0000] {logging_mixin.py:188} INFO - [2024-03-25T21:08:06.204+0000] {dagbag.py:540} INFO - Filling up the DagBag from /home/airflow/.local/lib/python3.8/site-packages/airflow/example_dags/example_nested_branch_dag.py
[2024-03-25T21:08:06.230+0000] {processor.py:840} INFO - DAG(s) 'example_nested_branch_dag' retrieved from /home/airflow/.local/lib/python3.8/site-packages/airflow/example_dags/example_nested_branch_dag.py
[2024-03-25T21:08:06.300+0000] {logging_mixin.py:188} INFO - [2024-03-25T21:08:06.299+0000] {dag.py:3047} INFO - Sync 1 DAGs
[2024-03-25T21:08:06.376+0000] {logging_mixin.py:188} INFO - [2024-03-25T21:08:06.376+0000] {dag.py:3834} INFO - Setting next_dagrun for example_nested_branch_dag to 2024-03-24 00:00:00+00:00, run_after=2024-03-25 00:00:00+00:00
[2024-03-25T21:08:06.417+0000] {processor.py:183} INFO - Processing /home/airflow/.local/lib/python3.8/site-packages/airflow/example_dags/example_nested_branch_dag.py took 0.225 seconds
[2024-03-25T21:09:45.471+0000] {processor.py:161} INFO - Started process (PID=78) to work on /home/airflow/.local/lib/python3.8/site-packages/airflow/example_dags/example_nested_branch_dag.py
[2024-03-25T21:09:45.473+0000] {processor.py:830} INFO - Processing file /home/airflow/.local/lib/python3.8/site-packages/airflow/example_dags/example_nested_branch_dag.py for tasks to queue
[2024-03-25T21:09:45.476+0000] {logging_mixin.py:188} INFO - [2024-03-25T21:09:45.476+0000] {dagbag.py:540} INFO - Filling up the DagBag from /home/airflow/.local/lib/python3.8/site-packages/airflow/example_dags/example_nested_branch_dag.py
[2024-03-25T21:09:45.493+0000] {processor.py:840} INFO - DAG(s) 'example_nested_branch_dag' retrieved from /home/airflow/.local/lib/python3.8/site-packages/airflow/example_dags/example_nested_branch_dag.py
[2024-03-25T21:09:45.693+0000] {logging_mixin.py:188} INFO - [2024-03-25T21:09:45.693+0000] {dag.py:3047} INFO - Sync 1 DAGs
[2024-03-25T21:09:45.728+0000] {logging_mixin.py:188} INFO - [2024-03-25T21:09:45.728+0000] {dag.py:3834} INFO - Setting next_dagrun for example_nested_branch_dag to 2024-03-24 00:00:00+00:00, run_after=2024-03-25 00:00:00+00:00
[2024-03-25T21:09:45.756+0000] {processor.py:183} INFO - Processing /home/airflow/.local/lib/python3.8/site-packages/airflow/example_dags/example_nested_branch_dag.py took 0.290 seconds
[2024-03-25T21:10:16.083+0000] {processor.py:161} INFO - Started process (PID=134) to work on /home/airflow/.local/lib/python3.8/site-packages/airflow/example_dags/example_nested_branch_dag.py
[2024-03-25T21:10:16.085+0000] {processor.py:830} INFO - Processing file /home/airflow/.local/lib/python3.8/site-packages/airflow/example_dags/example_nested_branch_dag.py for tasks to queue
[2024-03-25T21:10:16.088+0000] {logging_mixin.py:188} INFO - [2024-03-25T21:10:16.087+0000] {dagbag.py:540} INFO - Filling up the DagBag from /home/airflow/.local/lib/python3.8/site-packages/airflow/example_dags/example_nested_branch_dag.py
[2024-03-25T21:10:16.104+0000] {processor.py:840} INFO - DAG(s) 'example_nested_branch_dag' retrieved from /home/airflow/.local/lib/python3.8/site-packages/airflow/example_dags/example_nested_branch_dag.py
[2024-03-25T21:10:16.140+0000] {logging_mixin.py:188} INFO - [2024-03-25T21:10:16.140+0000] {dag.py:3047} INFO - Sync 1 DAGs
[2024-03-25T21:10:16.177+0000] {logging_mixin.py:188} INFO - [2024-03-25T21:10:16.177+0000] {dag.py:3834} INFO - Setting next_dagrun for example_nested_branch_dag to 2024-03-24 00:00:00+00:00, run_after=2024-03-25 00:00:00+00:00
[2024-03-25T21:10:16.206+0000] {processor.py:183} INFO - Processing /home/airflow/.local/lib/python3.8/site-packages/airflow/example_dags/example_nested_branch_dag.py took 0.129 seconds
[2024-03-25T21:10:47.095+0000] {processor.py:161} INFO - Started process (PID=190) to work on /home/airflow/.local/lib/python3.8/site-packages/airflow/example_dags/example_nested_branch_dag.py
[2024-03-25T21:10:47.097+0000] {processor.py:830} INFO - Processing file /home/airflow/.local/lib/python3.8/site-packages/airflow/example_dags/example_nested_branch_dag.py for tasks to queue
[2024-03-25T21:10:47.099+0000] {logging_mixin.py:188} INFO - [2024-03-25T21:10:47.099+0000] {dagbag.py:540} INFO - Filling up the DagBag from /home/airflow/.local/lib/python3.8/site-packages/airflow/example_dags/example_nested_branch_dag.py
[2024-03-25T21:10:47.116+0000] {processor.py:840} INFO - DAG(s) 'example_nested_branch_dag' retrieved from /home/airflow/.local/lib/python3.8/site-packages/airflow/example_dags/example_nested_branch_dag.py
[2024-03-25T21:10:47.152+0000] {logging_mixin.py:188} INFO - [2024-03-25T21:10:47.151+0000] {dag.py:3047} INFO - Sync 1 DAGs
[2024-03-25T21:10:47.187+0000] {logging_mixin.py:188} INFO - [2024-03-25T21:10:47.187+0000] {dag.py:3834} INFO - Setting next_dagrun for example_nested_branch_dag to 2024-03-24 00:00:00+00:00, run_after=2024-03-25 00:00:00+00:00
[2024-03-25T21:10:47.216+0000] {processor.py:183} INFO - Processing /home/airflow/.local/lib/python3.8/site-packages/airflow/example_dags/example_nested_branch_dag.py took 0.127 seconds
[2024-03-25T21:11:17.451+0000] {processor.py:161} INFO - Started process (PID=246) to work on /home/airflow/.local/lib/python3.8/site-packages/airflow/example_dags/example_nested_branch_dag.py
[2024-03-25T21:11:17.455+0000] {processor.py:830} INFO - Processing file /home/airflow/.local/lib/python3.8/site-packages/airflow/example_dags/example_nested_branch_dag.py for tasks to queue
[2024-03-25T21:11:17.460+0000] {logging_mixin.py:188} INFO - [2024-03-25T21:11:17.460+0000] {dagbag.py:540} INFO - Filling up the DagBag from /home/airflow/.local/lib/python3.8/site-packages/airflow/example_dags/example_nested_branch_dag.py
[2024-03-25T21:11:17.496+0000] {processor.py:840} INFO - DAG(s) 'example_nested_branch_dag' retrieved from /home/airflow/.local/lib/python3.8/site-packages/airflow/example_dags/example_nested_branch_dag.py
[2024-03-25T21:11:17.539+0000] {logging_mixin.py:188} INFO - [2024-03-25T21:11:17.539+0000] {dag.py:3047} INFO - Sync 1 DAGs
[2024-03-25T21:11:17.580+0000] {logging_mixin.py:188} INFO - [2024-03-25T21:11:17.580+0000] {dag.py:3834} INFO - Setting next_dagrun for example_nested_branch_dag to 2024-03-24 00:00:00+00:00, run_after=2024-03-25 00:00:00+00:00
[2024-03-25T21:11:17.617+0000] {processor.py:183} INFO - Processing /home/airflow/.local/lib/python3.8/site-packages/airflow/example_dags/example_nested_branch_dag.py took 0.175 seconds
[2024-03-25T21:11:47.719+0000] {processor.py:161} INFO - Started process (PID=302) to work on /home/airflow/.local/lib/python3.8/site-packages/airflow/example_dags/example_nested_branch_dag.py
[2024-03-25T21:11:47.720+0000] {processor.py:830} INFO - Processing file /home/airflow/.local/lib/python3.8/site-packages/airflow/example_dags/example_nested_branch_dag.py for tasks to queue
[2024-03-25T21:11:47.723+0000] {logging_mixin.py:188} INFO - [2024-03-25T21:11:47.723+0000] {dagbag.py:540} INFO - Filling up the DagBag from /home/airflow/.local/lib/python3.8/site-packages/airflow/example_dags/example_nested_branch_dag.py
[2024-03-25T21:11:47.741+0000] {processor.py:840} INFO - DAG(s) 'example_nested_branch_dag' retrieved from /home/airflow/.local/lib/python3.8/site-packages/airflow/example_dags/example_nested_branch_dag.py
[2024-03-25T21:11:47.777+0000] {logging_mixin.py:188} INFO - [2024-03-25T21:11:47.777+0000] {dag.py:3047} INFO - Sync 1 DAGs
[2024-03-25T21:11:47.813+0000] {logging_mixin.py:188} INFO - [2024-03-25T21:11:47.813+0000] {dag.py:3834} INFO - Setting next_dagrun for example_nested_branch_dag to 2024-03-24 00:00:00+00:00, run_after=2024-03-25 00:00:00+00:00
[2024-03-25T21:11:47.841+0000] {processor.py:183} INFO - Processing /home/airflow/.local/lib/python3.8/site-packages/airflow/example_dags/example_nested_branch_dag.py took 0.128 seconds
[2024-03-25T21:12:18.446+0000] {processor.py:161} INFO - Started process (PID=364) to work on /home/airflow/.local/lib/python3.8/site-packages/airflow/example_dags/example_nested_branch_dag.py
[2024-03-25T21:12:18.449+0000] {processor.py:830} INFO - Processing file /home/airflow/.local/lib/python3.8/site-packages/airflow/example_dags/example_nested_branch_dag.py for tasks to queue
[2024-03-25T21:12:18.452+0000] {logging_mixin.py:188} INFO - [2024-03-25T21:12:18.452+0000] {dagbag.py:540} INFO - Filling up the DagBag from /home/airflow/.local/lib/python3.8/site-packages/airflow/example_dags/example_nested_branch_dag.py
[2024-03-25T21:12:18.476+0000] {processor.py:840} INFO - DAG(s) 'example_nested_branch_dag' retrieved from /home/airflow/.local/lib/python3.8/site-packages/airflow/example_dags/example_nested_branch_dag.py
[2024-03-25T21:12:18.513+0000] {logging_mixin.py:188} INFO - [2024-03-25T21:12:18.513+0000] {dag.py:3047} INFO - Sync 1 DAGs
[2024-03-25T21:12:18.549+0000] {logging_mixin.py:188} INFO - [2024-03-25T21:12:18.548+0000] {dag.py:3834} INFO - Setting next_dagrun for example_nested_branch_dag to 2024-03-24 00:00:00+00:00, run_after=2024-03-25 00:00:00+00:00
[2024-03-25T21:12:18.581+0000] {processor.py:183} INFO - Processing /home/airflow/.local/lib/python3.8/site-packages/airflow/example_dags/example_nested_branch_dag.py took 0.148 seconds
[2024-03-25T21:12:48.939+0000] {processor.py:161} INFO - Started process (PID=420) to work on /home/airflow/.local/lib/python3.8/site-packages/airflow/example_dags/example_nested_branch_dag.py
[2024-03-25T21:12:48.941+0000] {processor.py:830} INFO - Processing file /home/airflow/.local/lib/python3.8/site-packages/airflow/example_dags/example_nested_branch_dag.py for tasks to queue
[2024-03-25T21:12:48.944+0000] {logging_mixin.py:188} INFO - [2024-03-25T21:12:48.943+0000] {dagbag.py:540} INFO - Filling up the DagBag from /home/airflow/.local/lib/python3.8/site-packages/airflow/example_dags/example_nested_branch_dag.py
[2024-03-25T21:12:48.962+0000] {processor.py:840} INFO - DAG(s) 'example_nested_branch_dag' retrieved from /home/airflow/.local/lib/python3.8/site-packages/airflow/example_dags/example_nested_branch_dag.py
[2024-03-25T21:12:49.002+0000] {logging_mixin.py:188} INFO - [2024-03-25T21:12:49.001+0000] {dag.py:3047} INFO - Sync 1 DAGs
[2024-03-25T21:12:49.038+0000] {logging_mixin.py:188} INFO - [2024-03-25T21:12:49.038+0000] {dag.py:3834} INFO - Setting next_dagrun for example_nested_branch_dag to 2024-03-24 00:00:00+00:00, run_after=2024-03-25 00:00:00+00:00
[2024-03-25T21:12:49.070+0000] {processor.py:183} INFO - Processing /home/airflow/.local/lib/python3.8/site-packages/airflow/example_dags/example_nested_branch_dag.py took 0.136 seconds
[2024-03-25T21:13:19.704+0000] {processor.py:161} INFO - Started process (PID=476) to work on /home/airflow/.local/lib/python3.8/site-packages/airflow/example_dags/example_nested_branch_dag.py
[2024-03-25T21:13:19.705+0000] {processor.py:830} INFO - Processing file /home/airflow/.local/lib/python3.8/site-packages/airflow/example_dags/example_nested_branch_dag.py for tasks to queue
[2024-03-25T21:13:19.708+0000] {logging_mixin.py:188} INFO - [2024-03-25T21:13:19.708+0000] {dagbag.py:540} INFO - Filling up the DagBag from /home/airflow/.local/lib/python3.8/site-packages/airflow/example_dags/example_nested_branch_dag.py
[2024-03-25T21:13:19.728+0000] {processor.py:840} INFO - DAG(s) 'example_nested_branch_dag' retrieved from /home/airflow/.local/lib/python3.8/site-packages/airflow/example_dags/example_nested_branch_dag.py
[2024-03-25T21:13:19.764+0000] {logging_mixin.py:188} INFO - [2024-03-25T21:13:19.764+0000] {dag.py:3047} INFO - Sync 1 DAGs
[2024-03-25T21:13:19.801+0000] {logging_mixin.py:188} INFO - [2024-03-25T21:13:19.801+0000] {dag.py:3834} INFO - Setting next_dagrun for example_nested_branch_dag to 2024-03-24 00:00:00+00:00, run_after=2024-03-25 00:00:00+00:00
[2024-03-25T21:13:19.830+0000] {processor.py:183} INFO - Processing /home/airflow/.local/lib/python3.8/site-packages/airflow/example_dags/example_nested_branch_dag.py took 0.132 seconds
[2024-03-25T21:13:50.433+0000] {processor.py:161} INFO - Started process (PID=532) to work on /home/airflow/.local/lib/python3.8/site-packages/airflow/example_dags/example_nested_branch_dag.py
[2024-03-25T21:13:50.435+0000] {processor.py:830} INFO - Processing file /home/airflow/.local/lib/python3.8/site-packages/airflow/example_dags/example_nested_branch_dag.py for tasks to queue
[2024-03-25T21:13:50.438+0000] {logging_mixin.py:188} INFO - [2024-03-25T21:13:50.437+0000] {dagbag.py:540} INFO - Filling up the DagBag from /home/airflow/.local/lib/python3.8/site-packages/airflow/example_dags/example_nested_branch_dag.py
[2024-03-25T21:13:50.455+0000] {processor.py:840} INFO - DAG(s) 'example_nested_branch_dag' retrieved from /home/airflow/.local/lib/python3.8/site-packages/airflow/example_dags/example_nested_branch_dag.py
[2024-03-25T21:13:50.490+0000] {logging_mixin.py:188} INFO - [2024-03-25T21:13:50.490+0000] {dag.py:3047} INFO - Sync 1 DAGs
[2024-03-25T21:13:50.526+0000] {logging_mixin.py:188} INFO - [2024-03-25T21:13:50.526+0000] {dag.py:3834} INFO - Setting next_dagrun for example_nested_branch_dag to 2024-03-24 00:00:00+00:00, run_after=2024-03-25 00:00:00+00:00
[2024-03-25T21:13:50.556+0000] {processor.py:183} INFO - Processing /home/airflow/.local/lib/python3.8/site-packages/airflow/example_dags/example_nested_branch_dag.py took 0.128 seconds
[2024-03-25T21:14:21.384+0000] {processor.py:161} INFO - Started process (PID=588) to work on /home/airflow/.local/lib/python3.8/site-packages/airflow/example_dags/example_nested_branch_dag.py
[2024-03-25T21:14:21.386+0000] {processor.py:830} INFO - Processing file /home/airflow/.local/lib/python3.8/site-packages/airflow/example_dags/example_nested_branch_dag.py for tasks to queue
[2024-03-25T21:14:21.389+0000] {logging_mixin.py:188} INFO - [2024-03-25T21:14:21.389+0000] {dagbag.py:540} INFO - Filling up the DagBag from /home/airflow/.local/lib/python3.8/site-packages/airflow/example_dags/example_nested_branch_dag.py
[2024-03-25T21:14:21.405+0000] {processor.py:840} INFO - DAG(s) 'example_nested_branch_dag' retrieved from /home/airflow/.local/lib/python3.8/site-packages/airflow/example_dags/example_nested_branch_dag.py
[2024-03-25T21:14:21.444+0000] {logging_mixin.py:188} INFO - [2024-03-25T21:14:21.443+0000] {dag.py:3047} INFO - Sync 1 DAGs
[2024-03-25T21:14:21.482+0000] {logging_mixin.py:188} INFO - [2024-03-25T21:14:21.482+0000] {dag.py:3834} INFO - Setting next_dagrun for example_nested_branch_dag to 2024-03-24 00:00:00+00:00, run_after=2024-03-25 00:00:00+00:00
[2024-03-25T21:14:21.519+0000] {processor.py:183} INFO - Processing /home/airflow/.local/lib/python3.8/site-packages/airflow/example_dags/example_nested_branch_dag.py took 0.141 seconds
[2024-03-25T21:14:52.300+0000] {processor.py:161} INFO - Started process (PID=644) to work on /home/airflow/.local/lib/python3.8/site-packages/airflow/example_dags/example_nested_branch_dag.py
[2024-03-25T21:14:52.302+0000] {processor.py:830} INFO - Processing file /home/airflow/.local/lib/python3.8/site-packages/airflow/example_dags/example_nested_branch_dag.py for tasks to queue
[2024-03-25T21:14:52.307+0000] {logging_mixin.py:188} INFO - [2024-03-25T21:14:52.306+0000] {dagbag.py:540} INFO - Filling up the DagBag from /home/airflow/.local/lib/python3.8/site-packages/airflow/example_dags/example_nested_branch_dag.py
[2024-03-25T21:14:52.327+0000] {processor.py:840} INFO - DAG(s) 'example_nested_branch_dag' retrieved from /home/airflow/.local/lib/python3.8/site-packages/airflow/example_dags/example_nested_branch_dag.py
[2024-03-25T21:14:52.367+0000] {logging_mixin.py:188} INFO - [2024-03-25T21:14:52.366+0000] {dag.py:3047} INFO - Sync 1 DAGs
[2024-03-25T21:14:52.413+0000] {logging_mixin.py:188} INFO - [2024-03-25T21:14:52.412+0000] {dag.py:3834} INFO - Setting next_dagrun for example_nested_branch_dag to 2024-03-24 00:00:00+00:00, run_after=2024-03-25 00:00:00+00:00
[2024-03-25T21:14:52.445+0000] {processor.py:183} INFO - Processing /home/airflow/.local/lib/python3.8/site-packages/airflow/example_dags/example_nested_branch_dag.py took 0.152 seconds
[2024-03-25T21:15:22.922+0000] {processor.py:161} INFO - Started process (PID=700) to work on /home/airflow/.local/lib/python3.8/site-packages/airflow/example_dags/example_nested_branch_dag.py
[2024-03-25T21:15:22.924+0000] {processor.py:830} INFO - Processing file /home/airflow/.local/lib/python3.8/site-packages/airflow/example_dags/example_nested_branch_dag.py for tasks to queue
[2024-03-25T21:15:22.927+0000] {logging_mixin.py:188} INFO - [2024-03-25T21:15:22.927+0000] {dagbag.py:540} INFO - Filling up the DagBag from /home/airflow/.local/lib/python3.8/site-packages/airflow/example_dags/example_nested_branch_dag.py
[2024-03-25T21:15:22.945+0000] {processor.py:840} INFO - DAG(s) 'example_nested_branch_dag' retrieved from /home/airflow/.local/lib/python3.8/site-packages/airflow/example_dags/example_nested_branch_dag.py
[2024-03-25T21:15:22.988+0000] {logging_mixin.py:188} INFO - [2024-03-25T21:15:22.988+0000] {dag.py:3047} INFO - Sync 1 DAGs
[2024-03-25T21:15:23.031+0000] {logging_mixin.py:188} INFO - [2024-03-25T21:15:23.031+0000] {dag.py:3834} INFO - Setting next_dagrun for example_nested_branch_dag to 2024-03-24 00:00:00+00:00, run_after=2024-03-25 00:00:00+00:00
[2024-03-25T21:15:23.065+0000] {processor.py:183} INFO - Processing /home/airflow/.local/lib/python3.8/site-packages/airflow/example_dags/example_nested_branch_dag.py took 0.149 seconds
[2024-03-25T21:15:53.993+0000] {processor.py:161} INFO - Started process (PID=756) to work on /home/airflow/.local/lib/python3.8/site-packages/airflow/example_dags/example_nested_branch_dag.py
[2024-03-25T21:15:53.995+0000] {processor.py:830} INFO - Processing file /home/airflow/.local/lib/python3.8/site-packages/airflow/example_dags/example_nested_branch_dag.py for tasks to queue
[2024-03-25T21:15:53.998+0000] {logging_mixin.py:188} INFO - [2024-03-25T21:15:53.998+0000] {dagbag.py:540} INFO - Filling up the DagBag from /home/airflow/.local/lib/python3.8/site-packages/airflow/example_dags/example_nested_branch_dag.py
[2024-03-25T21:15:54.017+0000] {processor.py:840} INFO - DAG(s) 'example_nested_branch_dag' retrieved from /home/airflow/.local/lib/python3.8/site-packages/airflow/example_dags/example_nested_branch_dag.py
[2024-03-25T21:15:54.054+0000] {logging_mixin.py:188} INFO - [2024-03-25T21:15:54.054+0000] {dag.py:3047} INFO - Sync 1 DAGs
[2024-03-25T21:15:54.090+0000] {logging_mixin.py:188} INFO - [2024-03-25T21:15:54.090+0000] {dag.py:3834} INFO - Setting next_dagrun for example_nested_branch_dag to 2024-03-24 00:00:00+00:00, run_after=2024-03-25 00:00:00+00:00
[2024-03-25T21:15:54.122+0000] {processor.py:183} INFO - Processing /home/airflow/.local/lib/python3.8/site-packages/airflow/example_dags/example_nested_branch_dag.py took 0.135 seconds
[2024-03-25T21:16:24.350+0000] {processor.py:161} INFO - Started process (PID=813) to work on /home/airflow/.local/lib/python3.8/site-packages/airflow/example_dags/example_nested_branch_dag.py
[2024-03-25T21:16:24.352+0000] {processor.py:830} INFO - Processing file /home/airflow/.local/lib/python3.8/site-packages/airflow/example_dags/example_nested_branch_dag.py for tasks to queue
[2024-03-25T21:16:24.355+0000] {logging_mixin.py:188} INFO - [2024-03-25T21:16:24.354+0000] {dagbag.py:540} INFO - Filling up the DagBag from /home/airflow/.local/lib/python3.8/site-packages/airflow/example_dags/example_nested_branch_dag.py
[2024-03-25T21:16:24.372+0000] {processor.py:840} INFO - DAG(s) 'example_nested_branch_dag' retrieved from /home/airflow/.local/lib/python3.8/site-packages/airflow/example_dags/example_nested_branch_dag.py
[2024-03-25T21:16:24.406+0000] {logging_mixin.py:188} INFO - [2024-03-25T21:16:24.406+0000] {dag.py:3047} INFO - Sync 1 DAGs
[2024-03-25T21:16:24.442+0000] {logging_mixin.py:188} INFO - [2024-03-25T21:16:24.442+0000] {dag.py:3834} INFO - Setting next_dagrun for example_nested_branch_dag to 2024-03-24 00:00:00+00:00, run_after=2024-03-25 00:00:00+00:00
[2024-03-25T21:16:24.472+0000] {processor.py:183} INFO - Processing /home/airflow/.local/lib/python3.8/site-packages/airflow/example_dags/example_nested_branch_dag.py took 0.127 seconds
[2024-03-25T21:16:54.759+0000] {processor.py:161} INFO - Started process (PID=868) to work on /home/airflow/.local/lib/python3.8/site-packages/airflow/example_dags/example_nested_branch_dag.py
[2024-03-25T21:16:54.760+0000] {processor.py:830} INFO - Processing file /home/airflow/.local/lib/python3.8/site-packages/airflow/example_dags/example_nested_branch_dag.py for tasks to queue
[2024-03-25T21:16:54.763+0000] {logging_mixin.py:188} INFO - [2024-03-25T21:16:54.763+0000] {dagbag.py:540} INFO - Filling up the DagBag from /home/airflow/.local/lib/python3.8/site-packages/airflow/example_dags/example_nested_branch_dag.py
[2024-03-25T21:16:54.779+0000] {processor.py:840} INFO - DAG(s) 'example_nested_branch_dag' retrieved from /home/airflow/.local/lib/python3.8/site-packages/airflow/example_dags/example_nested_branch_dag.py
[2024-03-25T21:16:54.814+0000] {logging_mixin.py:188} INFO - [2024-03-25T21:16:54.814+0000] {dag.py:3047} INFO - Sync 1 DAGs
[2024-03-25T21:16:54.850+0000] {logging_mixin.py:188} INFO - [2024-03-25T21:16:54.850+0000] {dag.py:3834} INFO - Setting next_dagrun for example_nested_branch_dag to 2024-03-24 00:00:00+00:00, run_after=2024-03-25 00:00:00+00:00
[2024-03-25T21:16:54.883+0000] {processor.py:183} INFO - Processing /home/airflow/.local/lib/python3.8/site-packages/airflow/example_dags/example_nested_branch_dag.py took 0.130 seconds
[2024-03-25T21:17:25.249+0000] {processor.py:161} INFO - Started process (PID=924) to work on /home/airflow/.local/lib/python3.8/site-packages/airflow/example_dags/example_nested_branch_dag.py
[2024-03-25T21:17:25.251+0000] {processor.py:830} INFO - Processing file /home/airflow/.local/lib/python3.8/site-packages/airflow/example_dags/example_nested_branch_dag.py for tasks to queue
[2024-03-25T21:17:25.254+0000] {logging_mixin.py:188} INFO - [2024-03-25T21:17:25.253+0000] {dagbag.py:540} INFO - Filling up the DagBag from /home/airflow/.local/lib/python3.8/site-packages/airflow/example_dags/example_nested_branch_dag.py
[2024-03-25T21:17:25.271+0000] {processor.py:840} INFO - DAG(s) 'example_nested_branch_dag' retrieved from /home/airflow/.local/lib/python3.8/site-packages/airflow/example_dags/example_nested_branch_dag.py
[2024-03-25T21:17:25.308+0000] {logging_mixin.py:188} INFO - [2024-03-25T21:17:25.307+0000] {dag.py:3047} INFO - Sync 1 DAGs
[2024-03-25T21:17:25.346+0000] {logging_mixin.py:188} INFO - [2024-03-25T21:17:25.346+0000] {dag.py:3834} INFO - Setting next_dagrun for example_nested_branch_dag to 2024-03-24 00:00:00+00:00, run_after=2024-03-25 00:00:00+00:00
[2024-03-25T21:17:25.375+0000] {processor.py:183} INFO - Processing /home/airflow/.local/lib/python3.8/site-packages/airflow/example_dags/example_nested_branch_dag.py took 0.131 seconds
[2024-03-25T21:17:56.199+0000] {processor.py:161} INFO - Started process (PID=980) to work on /home/airflow/.local/lib/python3.8/site-packages/airflow/example_dags/example_nested_branch_dag.py
[2024-03-25T21:17:56.201+0000] {processor.py:830} INFO - Processing file /home/airflow/.local/lib/python3.8/site-packages/airflow/example_dags/example_nested_branch_dag.py for tasks to queue
[2024-03-25T21:17:56.205+0000] {logging_mixin.py:188} INFO - [2024-03-25T21:17:56.204+0000] {dagbag.py:540} INFO - Filling up the DagBag from /home/airflow/.local/lib/python3.8/site-packages/airflow/example_dags/example_nested_branch_dag.py
[2024-03-25T21:17:56.221+0000] {processor.py:840} INFO - DAG(s) 'example_nested_branch_dag' retrieved from /home/airflow/.local/lib/python3.8/site-packages/airflow/example_dags/example_nested_branch_dag.py
[2024-03-25T21:17:56.257+0000] {logging_mixin.py:188} INFO - [2024-03-25T21:17:56.257+0000] {dag.py:3047} INFO - Sync 1 DAGs
[2024-03-25T21:17:56.295+0000] {logging_mixin.py:188} INFO - [2024-03-25T21:17:56.295+0000] {dag.py:3834} INFO - Setting next_dagrun for example_nested_branch_dag to 2024-03-24 00:00:00+00:00, run_after=2024-03-25 00:00:00+00:00
[2024-03-25T21:17:56.323+0000] {processor.py:183} INFO - Processing /home/airflow/.local/lib/python3.8/site-packages/airflow/example_dags/example_nested_branch_dag.py took 0.129 seconds
[2024-03-25T21:18:26.792+0000] {processor.py:161} INFO - Started process (PID=1036) to work on /home/airflow/.local/lib/python3.8/site-packages/airflow/example_dags/example_nested_branch_dag.py
[2024-03-25T21:18:26.794+0000] {processor.py:830} INFO - Processing file /home/airflow/.local/lib/python3.8/site-packages/airflow/example_dags/example_nested_branch_dag.py for tasks to queue
[2024-03-25T21:18:26.797+0000] {logging_mixin.py:188} INFO - [2024-03-25T21:18:26.797+0000] {dagbag.py:540} INFO - Filling up the DagBag from /home/airflow/.local/lib/python3.8/site-packages/airflow/example_dags/example_nested_branch_dag.py
[2024-03-25T21:18:26.814+0000] {processor.py:840} INFO - DAG(s) 'example_nested_branch_dag' retrieved from /home/airflow/.local/lib/python3.8/site-packages/airflow/example_dags/example_nested_branch_dag.py
[2024-03-25T21:18:26.850+0000] {logging_mixin.py:188} INFO - [2024-03-25T21:18:26.850+0000] {dag.py:3047} INFO - Sync 1 DAGs
[2024-03-25T21:18:26.886+0000] {logging_mixin.py:188} INFO - [2024-03-25T21:18:26.886+0000] {dag.py:3834} INFO - Setting next_dagrun for example_nested_branch_dag to 2024-03-24 00:00:00+00:00, run_after=2024-03-25 00:00:00+00:00
[2024-03-25T21:18:26.915+0000] {processor.py:183} INFO - Processing /home/airflow/.local/lib/python3.8/site-packages/airflow/example_dags/example_nested_branch_dag.py took 0.128 seconds
[2024-03-25T21:18:57.707+0000] {processor.py:161} INFO - Started process (PID=1091) to work on /home/airflow/.local/lib/python3.8/site-packages/airflow/example_dags/example_nested_branch_dag.py
[2024-03-25T21:18:57.709+0000] {processor.py:830} INFO - Processing file /home/airflow/.local/lib/python3.8/site-packages/airflow/example_dags/example_nested_branch_dag.py for tasks to queue
[2024-03-25T21:18:57.712+0000] {logging_mixin.py:188} INFO - [2024-03-25T21:18:57.711+0000] {dagbag.py:540} INFO - Filling up the DagBag from /home/airflow/.local/lib/python3.8/site-packages/airflow/example_dags/example_nested_branch_dag.py
[2024-03-25T21:18:57.730+0000] {processor.py:840} INFO - DAG(s) 'example_nested_branch_dag' retrieved from /home/airflow/.local/lib/python3.8/site-packages/airflow/example_dags/example_nested_branch_dag.py
[2024-03-25T21:18:57.771+0000] {logging_mixin.py:188} INFO - [2024-03-25T21:18:57.770+0000] {dag.py:3047} INFO - Sync 1 DAGs
[2024-03-25T21:18:57.808+0000] {logging_mixin.py:188} INFO - [2024-03-25T21:18:57.808+0000] {dag.py:3834} INFO - Setting next_dagrun for example_nested_branch_dag to 2024-03-24 00:00:00+00:00, run_after=2024-03-25 00:00:00+00:00
[2024-03-25T21:18:57.837+0000] {processor.py:183} INFO - Processing /home/airflow/.local/lib/python3.8/site-packages/airflow/example_dags/example_nested_branch_dag.py took 0.135 seconds
[2024-03-25T21:19:28.034+0000] {processor.py:161} INFO - Started process (PID=1147) to work on /home/airflow/.local/lib/python3.8/site-packages/airflow/example_dags/example_nested_branch_dag.py
[2024-03-25T21:19:28.036+0000] {processor.py:830} INFO - Processing file /home/airflow/.local/lib/python3.8/site-packages/airflow/example_dags/example_nested_branch_dag.py for tasks to queue
[2024-03-25T21:19:28.040+0000] {logging_mixin.py:188} INFO - [2024-03-25T21:19:28.039+0000] {dagbag.py:540} INFO - Filling up the DagBag from /home/airflow/.local/lib/python3.8/site-packages/airflow/example_dags/example_nested_branch_dag.py
[2024-03-25T21:19:28.060+0000] {processor.py:840} INFO - DAG(s) 'example_nested_branch_dag' retrieved from /home/airflow/.local/lib/python3.8/site-packages/airflow/example_dags/example_nested_branch_dag.py
[2024-03-25T21:19:28.099+0000] {logging_mixin.py:188} INFO - [2024-03-25T21:19:28.099+0000] {dag.py:3047} INFO - Sync 1 DAGs
[2024-03-25T21:19:28.147+0000] {logging_mixin.py:188} INFO - [2024-03-25T21:19:28.147+0000] {dag.py:3834} INFO - Setting next_dagrun for example_nested_branch_dag to 2024-03-24 00:00:00+00:00, run_after=2024-03-25 00:00:00+00:00
[2024-03-25T21:19:28.185+0000] {processor.py:183} INFO - Processing /home/airflow/.local/lib/python3.8/site-packages/airflow/example_dags/example_nested_branch_dag.py took 0.158 seconds
[2024-03-25T21:19:58.373+0000] {processor.py:161} INFO - Started process (PID=1204) to work on /home/airflow/.local/lib/python3.8/site-packages/airflow/example_dags/example_nested_branch_dag.py
[2024-03-25T21:19:58.374+0000] {processor.py:830} INFO - Processing file /home/airflow/.local/lib/python3.8/site-packages/airflow/example_dags/example_nested_branch_dag.py for tasks to queue
[2024-03-25T21:19:58.378+0000] {logging_mixin.py:188} INFO - [2024-03-25T21:19:58.377+0000] {dagbag.py:540} INFO - Filling up the DagBag from /home/airflow/.local/lib/python3.8/site-packages/airflow/example_dags/example_nested_branch_dag.py
[2024-03-25T21:19:58.397+0000] {processor.py:840} INFO - DAG(s) 'example_nested_branch_dag' retrieved from /home/airflow/.local/lib/python3.8/site-packages/airflow/example_dags/example_nested_branch_dag.py
[2024-03-25T21:19:58.448+0000] {logging_mixin.py:188} INFO - [2024-03-25T21:19:58.447+0000] {dag.py:3047} INFO - Sync 1 DAGs
[2024-03-25T21:19:58.494+0000] {logging_mixin.py:188} INFO - [2024-03-25T21:19:58.494+0000] {dag.py:3834} INFO - Setting next_dagrun for example_nested_branch_dag to 2024-03-24 00:00:00+00:00, run_after=2024-03-25 00:00:00+00:00
[2024-03-25T21:19:58.531+0000] {processor.py:183} INFO - Processing /home/airflow/.local/lib/python3.8/site-packages/airflow/example_dags/example_nested_branch_dag.py took 0.165 seconds
[2024-03-25T21:20:28.942+0000] {processor.py:161} INFO - Started process (PID=1259) to work on /home/airflow/.local/lib/python3.8/site-packages/airflow/example_dags/example_nested_branch_dag.py
[2024-03-25T21:20:28.944+0000] {processor.py:830} INFO - Processing file /home/airflow/.local/lib/python3.8/site-packages/airflow/example_dags/example_nested_branch_dag.py for tasks to queue
[2024-03-25T21:20:28.947+0000] {logging_mixin.py:188} INFO - [2024-03-25T21:20:28.947+0000] {dagbag.py:540} INFO - Filling up the DagBag from /home/airflow/.local/lib/python3.8/site-packages/airflow/example_dags/example_nested_branch_dag.py
[2024-03-25T21:20:28.965+0000] {processor.py:840} INFO - DAG(s) 'example_nested_branch_dag' retrieved from /home/airflow/.local/lib/python3.8/site-packages/airflow/example_dags/example_nested_branch_dag.py
[2024-03-25T21:20:29.001+0000] {logging_mixin.py:188} INFO - [2024-03-25T21:20:29.001+0000] {dag.py:3047} INFO - Sync 1 DAGs
[2024-03-25T21:20:29.041+0000] {logging_mixin.py:188} INFO - [2024-03-25T21:20:29.040+0000] {dag.py:3834} INFO - Setting next_dagrun for example_nested_branch_dag to 2024-03-24 00:00:00+00:00, run_after=2024-03-25 00:00:00+00:00
[2024-03-25T21:20:29.071+0000] {processor.py:183} INFO - Processing /home/airflow/.local/lib/python3.8/site-packages/airflow/example_dags/example_nested_branch_dag.py took 0.134 seconds
[2024-03-25T21:26:51.533+0000] {processor.py:161} INFO - Started process (PID=1315) to work on /home/airflow/.local/lib/python3.8/site-packages/airflow/example_dags/example_nested_branch_dag.py
[2024-03-25T21:26:51.537+0000] {processor.py:830} INFO - Processing file /home/airflow/.local/lib/python3.8/site-packages/airflow/example_dags/example_nested_branch_dag.py for tasks to queue
[2024-03-25T21:26:51.549+0000] {logging_mixin.py:188} INFO - [2024-03-25T21:26:51.549+0000] {dagbag.py:540} INFO - Filling up the DagBag from /home/airflow/.local/lib/python3.8/site-packages/airflow/example_dags/example_nested_branch_dag.py
[2024-03-25T21:26:51.572+0000] {processor.py:840} INFO - DAG(s) 'example_nested_branch_dag' retrieved from /home/airflow/.local/lib/python3.8/site-packages/airflow/example_dags/example_nested_branch_dag.py
[2024-03-25T21:26:51.621+0000] {logging_mixin.py:188} INFO - [2024-03-25T21:26:51.621+0000] {dag.py:3047} INFO - Sync 1 DAGs
[2024-03-25T21:26:51.689+0000] {logging_mixin.py:188} INFO - [2024-03-25T21:26:51.688+0000] {dag.py:3834} INFO - Setting next_dagrun for example_nested_branch_dag to 2024-03-24 00:00:00+00:00, run_after=2024-03-25 00:00:00+00:00
[2024-03-25T21:26:51.726+0000] {processor.py:183} INFO - Processing /home/airflow/.local/lib/python3.8/site-packages/airflow/example_dags/example_nested_branch_dag.py took 0.204 seconds
[2024-03-25T21:27:24.178+0000] {processor.py:161} INFO - Started process (PID=1371) to work on /home/airflow/.local/lib/python3.8/site-packages/airflow/example_dags/example_nested_branch_dag.py
[2024-03-25T21:27:24.182+0000] {processor.py:830} INFO - Processing file /home/airflow/.local/lib/python3.8/site-packages/airflow/example_dags/example_nested_branch_dag.py for tasks to queue
[2024-03-25T21:27:24.191+0000] {logging_mixin.py:188} INFO - [2024-03-25T21:27:24.190+0000] {dagbag.py:540} INFO - Filling up the DagBag from /home/airflow/.local/lib/python3.8/site-packages/airflow/example_dags/example_nested_branch_dag.py
[2024-03-25T21:27:24.251+0000] {processor.py:840} INFO - DAG(s) 'example_nested_branch_dag' retrieved from /home/airflow/.local/lib/python3.8/site-packages/airflow/example_dags/example_nested_branch_dag.py
[2024-03-25T21:27:24.372+0000] {logging_mixin.py:188} INFO - [2024-03-25T21:27:24.371+0000] {dag.py:3047} INFO - Sync 1 DAGs
[2024-03-25T21:27:24.457+0000] {logging_mixin.py:188} INFO - [2024-03-25T21:27:24.454+0000] {dag.py:3834} INFO - Setting next_dagrun for example_nested_branch_dag to 2024-03-24 00:00:00+00:00, run_after=2024-03-25 00:00:00+00:00
[2024-03-25T21:27:24.561+0000] {processor.py:183} INFO - Processing /home/airflow/.local/lib/python3.8/site-packages/airflow/example_dags/example_nested_branch_dag.py took 0.390 seconds
[2024-03-25T21:27:54.888+0000] {processor.py:161} INFO - Started process (PID=1427) to work on /home/airflow/.local/lib/python3.8/site-packages/airflow/example_dags/example_nested_branch_dag.py
[2024-03-25T21:27:54.889+0000] {processor.py:830} INFO - Processing file /home/airflow/.local/lib/python3.8/site-packages/airflow/example_dags/example_nested_branch_dag.py for tasks to queue
[2024-03-25T21:27:54.893+0000] {logging_mixin.py:188} INFO - [2024-03-25T21:27:54.892+0000] {dagbag.py:540} INFO - Filling up the DagBag from /home/airflow/.local/lib/python3.8/site-packages/airflow/example_dags/example_nested_branch_dag.py
[2024-03-25T21:27:54.908+0000] {processor.py:840} INFO - DAG(s) 'example_nested_branch_dag' retrieved from /home/airflow/.local/lib/python3.8/site-packages/airflow/example_dags/example_nested_branch_dag.py
[2024-03-25T21:27:54.943+0000] {logging_mixin.py:188} INFO - [2024-03-25T21:27:54.943+0000] {dag.py:3047} INFO - Sync 1 DAGs
[2024-03-25T21:27:54.981+0000] {logging_mixin.py:188} INFO - [2024-03-25T21:27:54.981+0000] {dag.py:3834} INFO - Setting next_dagrun for example_nested_branch_dag to 2024-03-24 00:00:00+00:00, run_after=2024-03-25 00:00:00+00:00
[2024-03-25T21:27:55.012+0000] {processor.py:183} INFO - Processing /home/airflow/.local/lib/python3.8/site-packages/airflow/example_dags/example_nested_branch_dag.py took 0.130 seconds
[2024-03-25T21:28:25.632+0000] {processor.py:161} INFO - Started process (PID=1483) to work on /home/airflow/.local/lib/python3.8/site-packages/airflow/example_dags/example_nested_branch_dag.py
[2024-03-25T21:28:25.634+0000] {processor.py:830} INFO - Processing file /home/airflow/.local/lib/python3.8/site-packages/airflow/example_dags/example_nested_branch_dag.py for tasks to queue
[2024-03-25T21:28:25.637+0000] {logging_mixin.py:188} INFO - [2024-03-25T21:28:25.637+0000] {dagbag.py:540} INFO - Filling up the DagBag from /home/airflow/.local/lib/python3.8/site-packages/airflow/example_dags/example_nested_branch_dag.py
[2024-03-25T21:28:25.653+0000] {processor.py:840} INFO - DAG(s) 'example_nested_branch_dag' retrieved from /home/airflow/.local/lib/python3.8/site-packages/airflow/example_dags/example_nested_branch_dag.py
[2024-03-25T21:28:25.689+0000] {logging_mixin.py:188} INFO - [2024-03-25T21:28:25.689+0000] {dag.py:3047} INFO - Sync 1 DAGs
[2024-03-25T21:28:25.727+0000] {logging_mixin.py:188} INFO - [2024-03-25T21:28:25.726+0000] {dag.py:3834} INFO - Setting next_dagrun for example_nested_branch_dag to 2024-03-24 00:00:00+00:00, run_after=2024-03-25 00:00:00+00:00
[2024-03-25T21:28:25.758+0000] {processor.py:183} INFO - Processing /home/airflow/.local/lib/python3.8/site-packages/airflow/example_dags/example_nested_branch_dag.py took 0.131 seconds
