[2024-03-25T21:03:53.577+0000] {processor.py:161} INFO - Started process (PID=66) to work on /home/airflow/.local/lib/python3.8/site-packages/airflow/example_dags/example_latest_only.py
[2024-03-25T21:03:53.584+0000] {processor.py:830} INFO - Processing file /home/airflow/.local/lib/python3.8/site-packages/airflow/example_dags/example_latest_only.py for tasks to queue
[2024-03-25T21:03:53.594+0000] {logging_mixin.py:188} INFO - [2024-03-25T21:03:53.590+0000] {dagbag.py:540} INFO - Filling up the DagBag from /home/airflow/.local/lib/python3.8/site-packages/airflow/example_dags/example_latest_only.py
[2024-03-25T21:03:53.616+0000] {processor.py:840} INFO - DAG(s) 'latest_only' retrieved from /home/airflow/.local/lib/python3.8/site-packages/airflow/example_dags/example_latest_only.py
[2024-03-25T21:03:53.667+0000] {logging_mixin.py:188} INFO - [2024-03-25T21:03:53.667+0000] {dag.py:3047} INFO - Sync 1 DAGs
[2024-03-25T21:03:53.771+0000] {logging_mixin.py:188} INFO - [2024-03-25T21:03:53.771+0000] {dag.py:3834} INFO - Setting next_dagrun for latest_only to 2024-03-25 16:00:00+00:00, run_after=2024-03-25 20:00:00+00:00
[2024-03-25T21:03:53.954+0000] {processor.py:183} INFO - Processing /home/airflow/.local/lib/python3.8/site-packages/airflow/example_dags/example_latest_only.py took 0.392 seconds
[2024-03-25T21:04:24.685+0000] {processor.py:161} INFO - Started process (PID=121) to work on /home/airflow/.local/lib/python3.8/site-packages/airflow/example_dags/example_latest_only.py
[2024-03-25T21:04:24.687+0000] {processor.py:830} INFO - Processing file /home/airflow/.local/lib/python3.8/site-packages/airflow/example_dags/example_latest_only.py for tasks to queue
[2024-03-25T21:04:24.690+0000] {logging_mixin.py:188} INFO - [2024-03-25T21:04:24.690+0000] {dagbag.py:540} INFO - Filling up the DagBag from /home/airflow/.local/lib/python3.8/site-packages/airflow/example_dags/example_latest_only.py
[2024-03-25T21:04:24.699+0000] {processor.py:840} INFO - DAG(s) 'latest_only' retrieved from /home/airflow/.local/lib/python3.8/site-packages/airflow/example_dags/example_latest_only.py
[2024-03-25T21:04:25.076+0000] {logging_mixin.py:188} INFO - [2024-03-25T21:04:25.075+0000] {dag.py:3047} INFO - Sync 1 DAGs
[2024-03-25T21:04:25.133+0000] {logging_mixin.py:188} INFO - [2024-03-25T21:04:25.132+0000] {dag.py:3834} INFO - Setting next_dagrun for latest_only to 2024-03-25 16:00:00+00:00, run_after=2024-03-25 20:00:00+00:00
[2024-03-25T21:04:25.187+0000] {processor.py:183} INFO - Processing /home/airflow/.local/lib/python3.8/site-packages/airflow/example_dags/example_latest_only.py took 0.509 seconds
[2024-03-25T21:04:55.645+0000] {processor.py:161} INFO - Started process (PID=176) to work on /home/airflow/.local/lib/python3.8/site-packages/airflow/example_dags/example_latest_only.py
[2024-03-25T21:04:55.647+0000] {processor.py:830} INFO - Processing file /home/airflow/.local/lib/python3.8/site-packages/airflow/example_dags/example_latest_only.py for tasks to queue
[2024-03-25T21:04:55.651+0000] {logging_mixin.py:188} INFO - [2024-03-25T21:04:55.650+0000] {dagbag.py:540} INFO - Filling up the DagBag from /home/airflow/.local/lib/python3.8/site-packages/airflow/example_dags/example_latest_only.py
[2024-03-25T21:04:55.664+0000] {processor.py:840} INFO - DAG(s) 'latest_only' retrieved from /home/airflow/.local/lib/python3.8/site-packages/airflow/example_dags/example_latest_only.py
[2024-03-25T21:04:55.705+0000] {logging_mixin.py:188} INFO - [2024-03-25T21:04:55.705+0000] {dag.py:3047} INFO - Sync 1 DAGs
[2024-03-25T21:04:55.742+0000] {logging_mixin.py:188} INFO - [2024-03-25T21:04:55.742+0000] {dag.py:3834} INFO - Setting next_dagrun for latest_only to 2024-03-25 16:00:00+00:00, run_after=2024-03-25 20:00:00+00:00
[2024-03-25T21:04:55.777+0000] {processor.py:183} INFO - Processing /home/airflow/.local/lib/python3.8/site-packages/airflow/example_dags/example_latest_only.py took 0.145 seconds
[2024-03-25T21:05:26.393+0000] {processor.py:161} INFO - Started process (PID=231) to work on /home/airflow/.local/lib/python3.8/site-packages/airflow/example_dags/example_latest_only.py
[2024-03-25T21:05:26.395+0000] {processor.py:830} INFO - Processing file /home/airflow/.local/lib/python3.8/site-packages/airflow/example_dags/example_latest_only.py for tasks to queue
[2024-03-25T21:05:26.398+0000] {logging_mixin.py:188} INFO - [2024-03-25T21:05:26.398+0000] {dagbag.py:540} INFO - Filling up the DagBag from /home/airflow/.local/lib/python3.8/site-packages/airflow/example_dags/example_latest_only.py
[2024-03-25T21:05:26.407+0000] {processor.py:840} INFO - DAG(s) 'latest_only' retrieved from /home/airflow/.local/lib/python3.8/site-packages/airflow/example_dags/example_latest_only.py
[2024-03-25T21:05:26.441+0000] {logging_mixin.py:188} INFO - [2024-03-25T21:05:26.441+0000] {dag.py:3047} INFO - Sync 1 DAGs
[2024-03-25T21:05:26.477+0000] {logging_mixin.py:188} INFO - [2024-03-25T21:05:26.477+0000] {dag.py:3834} INFO - Setting next_dagrun for latest_only to 2024-03-25 16:00:00+00:00, run_after=2024-03-25 20:00:00+00:00
[2024-03-25T21:05:26.507+0000] {processor.py:183} INFO - Processing /home/airflow/.local/lib/python3.8/site-packages/airflow/example_dags/example_latest_only.py took 0.120 seconds
[2024-03-25T21:05:56.844+0000] {processor.py:161} INFO - Started process (PID=286) to work on /home/airflow/.local/lib/python3.8/site-packages/airflow/example_dags/example_latest_only.py
[2024-03-25T21:05:56.846+0000] {processor.py:830} INFO - Processing file /home/airflow/.local/lib/python3.8/site-packages/airflow/example_dags/example_latest_only.py for tasks to queue
[2024-03-25T21:05:56.849+0000] {logging_mixin.py:188} INFO - [2024-03-25T21:05:56.849+0000] {dagbag.py:540} INFO - Filling up the DagBag from /home/airflow/.local/lib/python3.8/site-packages/airflow/example_dags/example_latest_only.py
[2024-03-25T21:05:56.857+0000] {processor.py:840} INFO - DAG(s) 'latest_only' retrieved from /home/airflow/.local/lib/python3.8/site-packages/airflow/example_dags/example_latest_only.py
[2024-03-25T21:05:56.889+0000] {logging_mixin.py:188} INFO - [2024-03-25T21:05:56.889+0000] {dag.py:3047} INFO - Sync 1 DAGs
[2024-03-25T21:05:56.923+0000] {logging_mixin.py:188} INFO - [2024-03-25T21:05:56.923+0000] {dag.py:3834} INFO - Setting next_dagrun for latest_only to 2024-03-25 16:00:00+00:00, run_after=2024-03-25 20:00:00+00:00
[2024-03-25T21:05:56.954+0000] {processor.py:183} INFO - Processing /home/airflow/.local/lib/python3.8/site-packages/airflow/example_dags/example_latest_only.py took 0.115 seconds
[2024-03-25T21:06:27.824+0000] {processor.py:161} INFO - Started process (PID=341) to work on /home/airflow/.local/lib/python3.8/site-packages/airflow/example_dags/example_latest_only.py
[2024-03-25T21:06:27.826+0000] {processor.py:830} INFO - Processing file /home/airflow/.local/lib/python3.8/site-packages/airflow/example_dags/example_latest_only.py for tasks to queue
[2024-03-25T21:06:27.829+0000] {logging_mixin.py:188} INFO - [2024-03-25T21:06:27.828+0000] {dagbag.py:540} INFO - Filling up the DagBag from /home/airflow/.local/lib/python3.8/site-packages/airflow/example_dags/example_latest_only.py
[2024-03-25T21:06:27.840+0000] {processor.py:840} INFO - DAG(s) 'latest_only' retrieved from /home/airflow/.local/lib/python3.8/site-packages/airflow/example_dags/example_latest_only.py
[2024-03-25T21:06:27.887+0000] {logging_mixin.py:188} INFO - [2024-03-25T21:06:27.886+0000] {dag.py:3047} INFO - Sync 1 DAGs
[2024-03-25T21:06:27.928+0000] {logging_mixin.py:188} INFO - [2024-03-25T21:06:27.928+0000] {dag.py:3834} INFO - Setting next_dagrun for latest_only to 2024-03-25 16:00:00+00:00, run_after=2024-03-25 20:00:00+00:00
[2024-03-25T21:06:27.961+0000] {processor.py:183} INFO - Processing /home/airflow/.local/lib/python3.8/site-packages/airflow/example_dags/example_latest_only.py took 0.145 seconds
[2024-03-25T21:06:58.042+0000] {processor.py:161} INFO - Started process (PID=396) to work on /home/airflow/.local/lib/python3.8/site-packages/airflow/example_dags/example_latest_only.py
[2024-03-25T21:06:58.043+0000] {processor.py:830} INFO - Processing file /home/airflow/.local/lib/python3.8/site-packages/airflow/example_dags/example_latest_only.py for tasks to queue
[2024-03-25T21:06:58.046+0000] {logging_mixin.py:188} INFO - [2024-03-25T21:06:58.046+0000] {dagbag.py:540} INFO - Filling up the DagBag from /home/airflow/.local/lib/python3.8/site-packages/airflow/example_dags/example_latest_only.py
[2024-03-25T21:06:58.056+0000] {processor.py:840} INFO - DAG(s) 'latest_only' retrieved from /home/airflow/.local/lib/python3.8/site-packages/airflow/example_dags/example_latest_only.py
[2024-03-25T21:06:58.091+0000] {logging_mixin.py:188} INFO - [2024-03-25T21:06:58.090+0000] {dag.py:3047} INFO - Sync 1 DAGs
[2024-03-25T21:06:58.125+0000] {logging_mixin.py:188} INFO - [2024-03-25T21:06:58.125+0000] {dag.py:3834} INFO - Setting next_dagrun for latest_only to 2024-03-25 16:00:00+00:00, run_after=2024-03-25 20:00:00+00:00
[2024-03-25T21:06:58.154+0000] {processor.py:183} INFO - Processing /home/airflow/.local/lib/python3.8/site-packages/airflow/example_dags/example_latest_only.py took 0.117 seconds
[2024-03-25T21:07:28.338+0000] {processor.py:161} INFO - Started process (PID=451) to work on /home/airflow/.local/lib/python3.8/site-packages/airflow/example_dags/example_latest_only.py
[2024-03-25T21:07:28.340+0000] {processor.py:830} INFO - Processing file /home/airflow/.local/lib/python3.8/site-packages/airflow/example_dags/example_latest_only.py for tasks to queue
[2024-03-25T21:07:28.343+0000] {logging_mixin.py:188} INFO - [2024-03-25T21:07:28.343+0000] {dagbag.py:540} INFO - Filling up the DagBag from /home/airflow/.local/lib/python3.8/site-packages/airflow/example_dags/example_latest_only.py
[2024-03-25T21:07:28.351+0000] {processor.py:840} INFO - DAG(s) 'latest_only' retrieved from /home/airflow/.local/lib/python3.8/site-packages/airflow/example_dags/example_latest_only.py
[2024-03-25T21:07:28.389+0000] {logging_mixin.py:188} INFO - [2024-03-25T21:07:28.388+0000] {dag.py:3047} INFO - Sync 1 DAGs
[2024-03-25T21:07:28.423+0000] {logging_mixin.py:188} INFO - [2024-03-25T21:07:28.422+0000] {dag.py:3834} INFO - Setting next_dagrun for latest_only to 2024-03-25 16:00:00+00:00, run_after=2024-03-25 20:00:00+00:00
[2024-03-25T21:07:28.451+0000] {processor.py:183} INFO - Processing /home/airflow/.local/lib/python3.8/site-packages/airflow/example_dags/example_latest_only.py took 0.118 seconds
[2024-03-25T21:07:58.570+0000] {processor.py:161} INFO - Started process (PID=506) to work on /home/airflow/.local/lib/python3.8/site-packages/airflow/example_dags/example_latest_only.py
[2024-03-25T21:07:58.572+0000] {processor.py:830} INFO - Processing file /home/airflow/.local/lib/python3.8/site-packages/airflow/example_dags/example_latest_only.py for tasks to queue
[2024-03-25T21:07:58.575+0000] {logging_mixin.py:188} INFO - [2024-03-25T21:07:58.575+0000] {dagbag.py:540} INFO - Filling up the DagBag from /home/airflow/.local/lib/python3.8/site-packages/airflow/example_dags/example_latest_only.py
[2024-03-25T21:07:58.583+0000] {processor.py:840} INFO - DAG(s) 'latest_only' retrieved from /home/airflow/.local/lib/python3.8/site-packages/airflow/example_dags/example_latest_only.py
[2024-03-25T21:07:58.622+0000] {logging_mixin.py:188} INFO - [2024-03-25T21:07:58.622+0000] {dag.py:3047} INFO - Sync 1 DAGs
[2024-03-25T21:07:58.671+0000] {logging_mixin.py:188} INFO - [2024-03-25T21:07:58.671+0000] {dag.py:3834} INFO - Setting next_dagrun for latest_only to 2024-03-25 16:00:00+00:00, run_after=2024-03-25 20:00:00+00:00
[2024-03-25T21:07:58.707+0000] {processor.py:183} INFO - Processing /home/airflow/.local/lib/python3.8/site-packages/airflow/example_dags/example_latest_only.py took 0.143 seconds
[2024-03-25T21:08:29.727+0000] {processor.py:161} INFO - Started process (PID=561) to work on /home/airflow/.local/lib/python3.8/site-packages/airflow/example_dags/example_latest_only.py
[2024-03-25T21:08:29.729+0000] {processor.py:830} INFO - Processing file /home/airflow/.local/lib/python3.8/site-packages/airflow/example_dags/example_latest_only.py for tasks to queue
[2024-03-25T21:08:29.736+0000] {logging_mixin.py:188} INFO - [2024-03-25T21:08:29.734+0000] {dagbag.py:540} INFO - Filling up the DagBag from /home/airflow/.local/lib/python3.8/site-packages/airflow/example_dags/example_latest_only.py
[2024-03-25T21:08:29.752+0000] {processor.py:840} INFO - DAG(s) 'latest_only' retrieved from /home/airflow/.local/lib/python3.8/site-packages/airflow/example_dags/example_latest_only.py
[2024-03-25T21:08:29.802+0000] {logging_mixin.py:188} INFO - [2024-03-25T21:08:29.801+0000] {dag.py:3047} INFO - Sync 1 DAGs
[2024-03-25T21:08:29.873+0000] {logging_mixin.py:188} INFO - [2024-03-25T21:08:29.872+0000] {dag.py:3834} INFO - Setting next_dagrun for latest_only to 2024-03-25 16:00:00+00:00, run_after=2024-03-25 20:00:00+00:00
[2024-03-25T21:08:29.974+0000] {processor.py:183} INFO - Processing /home/airflow/.local/lib/python3.8/site-packages/airflow/example_dags/example_latest_only.py took 0.253 seconds
[2024-03-25T21:09:42.660+0000] {processor.py:161} INFO - Started process (PID=61) to work on /home/airflow/.local/lib/python3.8/site-packages/airflow/example_dags/example_latest_only.py
[2024-03-25T21:09:42.662+0000] {processor.py:830} INFO - Processing file /home/airflow/.local/lib/python3.8/site-packages/airflow/example_dags/example_latest_only.py for tasks to queue
[2024-03-25T21:09:42.666+0000] {logging_mixin.py:188} INFO - [2024-03-25T21:09:42.665+0000] {dagbag.py:540} INFO - Filling up the DagBag from /home/airflow/.local/lib/python3.8/site-packages/airflow/example_dags/example_latest_only.py
[2024-03-25T21:09:42.674+0000] {processor.py:840} INFO - DAG(s) 'latest_only' retrieved from /home/airflow/.local/lib/python3.8/site-packages/airflow/example_dags/example_latest_only.py
[2024-03-25T21:09:42.839+0000] {logging_mixin.py:188} INFO - [2024-03-25T21:09:42.838+0000] {dag.py:3047} INFO - Sync 1 DAGs
[2024-03-25T21:09:42.871+0000] {logging_mixin.py:188} INFO - [2024-03-25T21:09:42.870+0000] {dag.py:3834} INFO - Setting next_dagrun for latest_only to 2024-03-25 16:00:00+00:00, run_after=2024-03-25 20:00:00+00:00
[2024-03-25T21:09:42.900+0000] {processor.py:183} INFO - Processing /home/airflow/.local/lib/python3.8/site-packages/airflow/example_dags/example_latest_only.py took 0.246 seconds
[2024-03-25T21:10:13.923+0000] {processor.py:161} INFO - Started process (PID=117) to work on /home/airflow/.local/lib/python3.8/site-packages/airflow/example_dags/example_latest_only.py
[2024-03-25T21:10:13.925+0000] {processor.py:830} INFO - Processing file /home/airflow/.local/lib/python3.8/site-packages/airflow/example_dags/example_latest_only.py for tasks to queue
[2024-03-25T21:10:13.929+0000] {logging_mixin.py:188} INFO - [2024-03-25T21:10:13.928+0000] {dagbag.py:540} INFO - Filling up the DagBag from /home/airflow/.local/lib/python3.8/site-packages/airflow/example_dags/example_latest_only.py
[2024-03-25T21:10:13.939+0000] {processor.py:840} INFO - DAG(s) 'latest_only' retrieved from /home/airflow/.local/lib/python3.8/site-packages/airflow/example_dags/example_latest_only.py
[2024-03-25T21:10:13.982+0000] {logging_mixin.py:188} INFO - [2024-03-25T21:10:13.981+0000] {dag.py:3047} INFO - Sync 1 DAGs
[2024-03-25T21:10:14.021+0000] {logging_mixin.py:188} INFO - [2024-03-25T21:10:14.021+0000] {dag.py:3834} INFO - Setting next_dagrun for latest_only to 2024-03-25 16:00:00+00:00, run_after=2024-03-25 20:00:00+00:00
[2024-03-25T21:10:14.092+0000] {processor.py:183} INFO - Processing /home/airflow/.local/lib/python3.8/site-packages/airflow/example_dags/example_latest_only.py took 0.175 seconds
[2024-03-25T21:10:44.259+0000] {processor.py:161} INFO - Started process (PID=173) to work on /home/airflow/.local/lib/python3.8/site-packages/airflow/example_dags/example_latest_only.py
[2024-03-25T21:10:44.261+0000] {processor.py:830} INFO - Processing file /home/airflow/.local/lib/python3.8/site-packages/airflow/example_dags/example_latest_only.py for tasks to queue
[2024-03-25T21:10:44.264+0000] {logging_mixin.py:188} INFO - [2024-03-25T21:10:44.264+0000] {dagbag.py:540} INFO - Filling up the DagBag from /home/airflow/.local/lib/python3.8/site-packages/airflow/example_dags/example_latest_only.py
[2024-03-25T21:10:44.273+0000] {processor.py:840} INFO - DAG(s) 'latest_only' retrieved from /home/airflow/.local/lib/python3.8/site-packages/airflow/example_dags/example_latest_only.py
[2024-03-25T21:10:44.304+0000] {logging_mixin.py:188} INFO - [2024-03-25T21:10:44.304+0000] {dag.py:3047} INFO - Sync 1 DAGs
[2024-03-25T21:10:44.340+0000] {logging_mixin.py:188} INFO - [2024-03-25T21:10:44.339+0000] {dag.py:3834} INFO - Setting next_dagrun for latest_only to 2024-03-25 16:00:00+00:00, run_after=2024-03-25 20:00:00+00:00
[2024-03-25T21:10:44.370+0000] {processor.py:183} INFO - Processing /home/airflow/.local/lib/python3.8/site-packages/airflow/example_dags/example_latest_only.py took 0.116 seconds
[2024-03-25T21:11:14.763+0000] {processor.py:161} INFO - Started process (PID=229) to work on /home/airflow/.local/lib/python3.8/site-packages/airflow/example_dags/example_latest_only.py
[2024-03-25T21:11:14.764+0000] {processor.py:830} INFO - Processing file /home/airflow/.local/lib/python3.8/site-packages/airflow/example_dags/example_latest_only.py for tasks to queue
[2024-03-25T21:11:14.767+0000] {logging_mixin.py:188} INFO - [2024-03-25T21:11:14.767+0000] {dagbag.py:540} INFO - Filling up the DagBag from /home/airflow/.local/lib/python3.8/site-packages/airflow/example_dags/example_latest_only.py
[2024-03-25T21:11:14.775+0000] {processor.py:840} INFO - DAG(s) 'latest_only' retrieved from /home/airflow/.local/lib/python3.8/site-packages/airflow/example_dags/example_latest_only.py
[2024-03-25T21:11:14.807+0000] {logging_mixin.py:188} INFO - [2024-03-25T21:11:14.807+0000] {dag.py:3047} INFO - Sync 1 DAGs
[2024-03-25T21:11:14.840+0000] {logging_mixin.py:188} INFO - [2024-03-25T21:11:14.839+0000] {dag.py:3834} INFO - Setting next_dagrun for latest_only to 2024-03-25 16:00:00+00:00, run_after=2024-03-25 20:00:00+00:00
[2024-03-25T21:11:14.866+0000] {processor.py:183} INFO - Processing /home/airflow/.local/lib/python3.8/site-packages/airflow/example_dags/example_latest_only.py took 0.108 seconds
[2024-03-25T21:11:45.016+0000] {processor.py:161} INFO - Started process (PID=285) to work on /home/airflow/.local/lib/python3.8/site-packages/airflow/example_dags/example_latest_only.py
[2024-03-25T21:11:45.017+0000] {processor.py:830} INFO - Processing file /home/airflow/.local/lib/python3.8/site-packages/airflow/example_dags/example_latest_only.py for tasks to queue
[2024-03-25T21:11:45.020+0000] {logging_mixin.py:188} INFO - [2024-03-25T21:11:45.020+0000] {dagbag.py:540} INFO - Filling up the DagBag from /home/airflow/.local/lib/python3.8/site-packages/airflow/example_dags/example_latest_only.py
[2024-03-25T21:11:45.028+0000] {processor.py:840} INFO - DAG(s) 'latest_only' retrieved from /home/airflow/.local/lib/python3.8/site-packages/airflow/example_dags/example_latest_only.py
[2024-03-25T21:11:45.060+0000] {logging_mixin.py:188} INFO - [2024-03-25T21:11:45.059+0000] {dag.py:3047} INFO - Sync 1 DAGs
[2024-03-25T21:11:45.093+0000] {logging_mixin.py:188} INFO - [2024-03-25T21:11:45.093+0000] {dag.py:3834} INFO - Setting next_dagrun for latest_only to 2024-03-25 16:00:00+00:00, run_after=2024-03-25 20:00:00+00:00
[2024-03-25T21:11:45.123+0000] {processor.py:183} INFO - Processing /home/airflow/.local/lib/python3.8/site-packages/airflow/example_dags/example_latest_only.py took 0.112 seconds
[2024-03-25T21:12:15.930+0000] {processor.py:161} INFO - Started process (PID=341) to work on /home/airflow/.local/lib/python3.8/site-packages/airflow/example_dags/example_latest_only.py
[2024-03-25T21:12:15.933+0000] {processor.py:830} INFO - Processing file /home/airflow/.local/lib/python3.8/site-packages/airflow/example_dags/example_latest_only.py for tasks to queue
[2024-03-25T21:12:15.941+0000] {logging_mixin.py:188} INFO - [2024-03-25T21:12:15.940+0000] {dagbag.py:540} INFO - Filling up the DagBag from /home/airflow/.local/lib/python3.8/site-packages/airflow/example_dags/example_latest_only.py
[2024-03-25T21:12:15.958+0000] {processor.py:840} INFO - DAG(s) 'latest_only' retrieved from /home/airflow/.local/lib/python3.8/site-packages/airflow/example_dags/example_latest_only.py
[2024-03-25T21:12:15.996+0000] {logging_mixin.py:188} INFO - [2024-03-25T21:12:15.996+0000] {dag.py:3047} INFO - Sync 1 DAGs
[2024-03-25T21:12:16.039+0000] {logging_mixin.py:188} INFO - [2024-03-25T21:12:16.038+0000] {dag.py:3834} INFO - Setting next_dagrun for latest_only to 2024-03-25 16:00:00+00:00, run_after=2024-03-25 20:00:00+00:00
[2024-03-25T21:12:16.071+0000] {processor.py:183} INFO - Processing /home/airflow/.local/lib/python3.8/site-packages/airflow/example_dags/example_latest_only.py took 0.150 seconds
[2024-03-25T21:12:46.264+0000] {processor.py:161} INFO - Started process (PID=397) to work on /home/airflow/.local/lib/python3.8/site-packages/airflow/example_dags/example_latest_only.py
[2024-03-25T21:12:46.266+0000] {processor.py:830} INFO - Processing file /home/airflow/.local/lib/python3.8/site-packages/airflow/example_dags/example_latest_only.py for tasks to queue
[2024-03-25T21:12:46.269+0000] {logging_mixin.py:188} INFO - [2024-03-25T21:12:46.269+0000] {dagbag.py:540} INFO - Filling up the DagBag from /home/airflow/.local/lib/python3.8/site-packages/airflow/example_dags/example_latest_only.py
[2024-03-25T21:12:46.278+0000] {processor.py:840} INFO - DAG(s) 'latest_only' retrieved from /home/airflow/.local/lib/python3.8/site-packages/airflow/example_dags/example_latest_only.py
[2024-03-25T21:12:46.342+0000] {logging_mixin.py:188} INFO - [2024-03-25T21:12:46.342+0000] {dag.py:3047} INFO - Sync 1 DAGs
[2024-03-25T21:12:46.380+0000] {logging_mixin.py:188} INFO - [2024-03-25T21:12:46.380+0000] {dag.py:3834} INFO - Setting next_dagrun for latest_only to 2024-03-25 16:00:00+00:00, run_after=2024-03-25 20:00:00+00:00
[2024-03-25T21:12:46.422+0000] {processor.py:183} INFO - Processing /home/airflow/.local/lib/python3.8/site-packages/airflow/example_dags/example_latest_only.py took 0.168 seconds
[2024-03-25T21:13:17.254+0000] {processor.py:161} INFO - Started process (PID=453) to work on /home/airflow/.local/lib/python3.8/site-packages/airflow/example_dags/example_latest_only.py
[2024-03-25T21:13:17.256+0000] {processor.py:830} INFO - Processing file /home/airflow/.local/lib/python3.8/site-packages/airflow/example_dags/example_latest_only.py for tasks to queue
[2024-03-25T21:13:17.259+0000] {logging_mixin.py:188} INFO - [2024-03-25T21:13:17.258+0000] {dagbag.py:540} INFO - Filling up the DagBag from /home/airflow/.local/lib/python3.8/site-packages/airflow/example_dags/example_latest_only.py
[2024-03-25T21:13:17.271+0000] {processor.py:840} INFO - DAG(s) 'latest_only' retrieved from /home/airflow/.local/lib/python3.8/site-packages/airflow/example_dags/example_latest_only.py
[2024-03-25T21:13:17.305+0000] {logging_mixin.py:188} INFO - [2024-03-25T21:13:17.304+0000] {dag.py:3047} INFO - Sync 1 DAGs
[2024-03-25T21:13:17.342+0000] {logging_mixin.py:188} INFO - [2024-03-25T21:13:17.342+0000] {dag.py:3834} INFO - Setting next_dagrun for latest_only to 2024-03-25 16:00:00+00:00, run_after=2024-03-25 20:00:00+00:00
[2024-03-25T21:13:17.372+0000] {processor.py:183} INFO - Processing /home/airflow/.local/lib/python3.8/site-packages/airflow/example_dags/example_latest_only.py took 0.123 seconds
[2024-03-25T21:13:47.618+0000] {processor.py:161} INFO - Started process (PID=509) to work on /home/airflow/.local/lib/python3.8/site-packages/airflow/example_dags/example_latest_only.py
[2024-03-25T21:13:47.620+0000] {processor.py:830} INFO - Processing file /home/airflow/.local/lib/python3.8/site-packages/airflow/example_dags/example_latest_only.py for tasks to queue
[2024-03-25T21:13:47.623+0000] {logging_mixin.py:188} INFO - [2024-03-25T21:13:47.623+0000] {dagbag.py:540} INFO - Filling up the DagBag from /home/airflow/.local/lib/python3.8/site-packages/airflow/example_dags/example_latest_only.py
[2024-03-25T21:13:47.632+0000] {processor.py:840} INFO - DAG(s) 'latest_only' retrieved from /home/airflow/.local/lib/python3.8/site-packages/airflow/example_dags/example_latest_only.py
[2024-03-25T21:13:47.666+0000] {logging_mixin.py:188} INFO - [2024-03-25T21:13:47.666+0000] {dag.py:3047} INFO - Sync 1 DAGs
[2024-03-25T21:13:47.711+0000] {logging_mixin.py:188} INFO - [2024-03-25T21:13:47.711+0000] {dag.py:3834} INFO - Setting next_dagrun for latest_only to 2024-03-25 16:00:00+00:00, run_after=2024-03-25 20:00:00+00:00
[2024-03-25T21:13:47.743+0000] {processor.py:183} INFO - Processing /home/airflow/.local/lib/python3.8/site-packages/airflow/example_dags/example_latest_only.py took 0.130 seconds
[2024-03-25T21:14:18.678+0000] {processor.py:161} INFO - Started process (PID=571) to work on /home/airflow/.local/lib/python3.8/site-packages/airflow/example_dags/example_latest_only.py
[2024-03-25T21:14:18.680+0000] {processor.py:830} INFO - Processing file /home/airflow/.local/lib/python3.8/site-packages/airflow/example_dags/example_latest_only.py for tasks to queue
[2024-03-25T21:14:18.682+0000] {logging_mixin.py:188} INFO - [2024-03-25T21:14:18.682+0000] {dagbag.py:540} INFO - Filling up the DagBag from /home/airflow/.local/lib/python3.8/site-packages/airflow/example_dags/example_latest_only.py
[2024-03-25T21:14:18.690+0000] {processor.py:840} INFO - DAG(s) 'latest_only' retrieved from /home/airflow/.local/lib/python3.8/site-packages/airflow/example_dags/example_latest_only.py
[2024-03-25T21:14:18.722+0000] {logging_mixin.py:188} INFO - [2024-03-25T21:14:18.721+0000] {dag.py:3047} INFO - Sync 1 DAGs
[2024-03-25T21:14:18.768+0000] {logging_mixin.py:188} INFO - [2024-03-25T21:14:18.767+0000] {dag.py:3834} INFO - Setting next_dagrun for latest_only to 2024-03-25 16:00:00+00:00, run_after=2024-03-25 20:00:00+00:00
[2024-03-25T21:14:18.813+0000] {processor.py:183} INFO - Processing /home/airflow/.local/lib/python3.8/site-packages/airflow/example_dags/example_latest_only.py took 0.140 seconds
[2024-03-25T21:14:49.419+0000] {processor.py:161} INFO - Started process (PID=627) to work on /home/airflow/.local/lib/python3.8/site-packages/airflow/example_dags/example_latest_only.py
[2024-03-25T21:14:49.421+0000] {processor.py:830} INFO - Processing file /home/airflow/.local/lib/python3.8/site-packages/airflow/example_dags/example_latest_only.py for tasks to queue
[2024-03-25T21:14:49.425+0000] {logging_mixin.py:188} INFO - [2024-03-25T21:14:49.424+0000] {dagbag.py:540} INFO - Filling up the DagBag from /home/airflow/.local/lib/python3.8/site-packages/airflow/example_dags/example_latest_only.py
[2024-03-25T21:14:49.432+0000] {processor.py:840} INFO - DAG(s) 'latest_only' retrieved from /home/airflow/.local/lib/python3.8/site-packages/airflow/example_dags/example_latest_only.py
[2024-03-25T21:14:49.468+0000] {logging_mixin.py:188} INFO - [2024-03-25T21:14:49.467+0000] {dag.py:3047} INFO - Sync 1 DAGs
[2024-03-25T21:14:49.504+0000] {logging_mixin.py:188} INFO - [2024-03-25T21:14:49.503+0000] {dag.py:3834} INFO - Setting next_dagrun for latest_only to 2024-03-25 16:00:00+00:00, run_after=2024-03-25 20:00:00+00:00
[2024-03-25T21:14:49.555+0000] {processor.py:183} INFO - Processing /home/airflow/.local/lib/python3.8/site-packages/airflow/example_dags/example_latest_only.py took 0.140 seconds
[2024-03-25T21:15:19.681+0000] {processor.py:161} INFO - Started process (PID=683) to work on /home/airflow/.local/lib/python3.8/site-packages/airflow/example_dags/example_latest_only.py
[2024-03-25T21:15:19.683+0000] {processor.py:830} INFO - Processing file /home/airflow/.local/lib/python3.8/site-packages/airflow/example_dags/example_latest_only.py for tasks to queue
[2024-03-25T21:15:19.688+0000] {logging_mixin.py:188} INFO - [2024-03-25T21:15:19.687+0000] {dagbag.py:540} INFO - Filling up the DagBag from /home/airflow/.local/lib/python3.8/site-packages/airflow/example_dags/example_latest_only.py
[2024-03-25T21:15:19.704+0000] {processor.py:840} INFO - DAG(s) 'latest_only' retrieved from /home/airflow/.local/lib/python3.8/site-packages/airflow/example_dags/example_latest_only.py
[2024-03-25T21:15:19.758+0000] {logging_mixin.py:188} INFO - [2024-03-25T21:15:19.758+0000] {dag.py:3047} INFO - Sync 1 DAGs
[2024-03-25T21:15:19.799+0000] {logging_mixin.py:188} INFO - [2024-03-25T21:15:19.799+0000] {dag.py:3834} INFO - Setting next_dagrun for latest_only to 2024-03-25 16:00:00+00:00, run_after=2024-03-25 20:00:00+00:00
[2024-03-25T21:15:19.832+0000] {processor.py:183} INFO - Processing /home/airflow/.local/lib/python3.8/site-packages/airflow/example_dags/example_latest_only.py took 0.159 seconds
[2024-03-25T21:15:50.476+0000] {processor.py:161} INFO - Started process (PID=739) to work on /home/airflow/.local/lib/python3.8/site-packages/airflow/example_dags/example_latest_only.py
[2024-03-25T21:15:50.478+0000] {processor.py:830} INFO - Processing file /home/airflow/.local/lib/python3.8/site-packages/airflow/example_dags/example_latest_only.py for tasks to queue
[2024-03-25T21:15:50.481+0000] {logging_mixin.py:188} INFO - [2024-03-25T21:15:50.481+0000] {dagbag.py:540} INFO - Filling up the DagBag from /home/airflow/.local/lib/python3.8/site-packages/airflow/example_dags/example_latest_only.py
[2024-03-25T21:15:50.489+0000] {processor.py:840} INFO - DAG(s) 'latest_only' retrieved from /home/airflow/.local/lib/python3.8/site-packages/airflow/example_dags/example_latest_only.py
[2024-03-25T21:15:50.521+0000] {logging_mixin.py:188} INFO - [2024-03-25T21:15:50.521+0000] {dag.py:3047} INFO - Sync 1 DAGs
[2024-03-25T21:15:50.558+0000] {logging_mixin.py:188} INFO - [2024-03-25T21:15:50.557+0000] {dag.py:3834} INFO - Setting next_dagrun for latest_only to 2024-03-25 16:00:00+00:00, run_after=2024-03-25 20:00:00+00:00
[2024-03-25T21:15:50.591+0000] {processor.py:183} INFO - Processing /home/airflow/.local/lib/python3.8/site-packages/airflow/example_dags/example_latest_only.py took 0.121 seconds
[2024-03-25T21:16:20.738+0000] {processor.py:161} INFO - Started process (PID=795) to work on /home/airflow/.local/lib/python3.8/site-packages/airflow/example_dags/example_latest_only.py
[2024-03-25T21:16:20.740+0000] {processor.py:830} INFO - Processing file /home/airflow/.local/lib/python3.8/site-packages/airflow/example_dags/example_latest_only.py for tasks to queue
[2024-03-25T21:16:20.743+0000] {logging_mixin.py:188} INFO - [2024-03-25T21:16:20.743+0000] {dagbag.py:540} INFO - Filling up the DagBag from /home/airflow/.local/lib/python3.8/site-packages/airflow/example_dags/example_latest_only.py
[2024-03-25T21:16:20.751+0000] {processor.py:840} INFO - DAG(s) 'latest_only' retrieved from /home/airflow/.local/lib/python3.8/site-packages/airflow/example_dags/example_latest_only.py
[2024-03-25T21:16:20.783+0000] {logging_mixin.py:188} INFO - [2024-03-25T21:16:20.783+0000] {dag.py:3047} INFO - Sync 1 DAGs
[2024-03-25T21:16:20.817+0000] {logging_mixin.py:188} INFO - [2024-03-25T21:16:20.816+0000] {dag.py:3834} INFO - Setting next_dagrun for latest_only to 2024-03-25 16:00:00+00:00, run_after=2024-03-25 20:00:00+00:00
[2024-03-25T21:16:20.849+0000] {processor.py:183} INFO - Processing /home/airflow/.local/lib/python3.8/site-packages/airflow/example_dags/example_latest_only.py took 0.116 seconds
[2024-03-25T21:16:50.975+0000] {processor.py:161} INFO - Started process (PID=850) to work on /home/airflow/.local/lib/python3.8/site-packages/airflow/example_dags/example_latest_only.py
[2024-03-25T21:16:50.976+0000] {processor.py:830} INFO - Processing file /home/airflow/.local/lib/python3.8/site-packages/airflow/example_dags/example_latest_only.py for tasks to queue
[2024-03-25T21:16:50.979+0000] {logging_mixin.py:188} INFO - [2024-03-25T21:16:50.979+0000] {dagbag.py:540} INFO - Filling up the DagBag from /home/airflow/.local/lib/python3.8/site-packages/airflow/example_dags/example_latest_only.py
[2024-03-25T21:16:50.987+0000] {processor.py:840} INFO - DAG(s) 'latest_only' retrieved from /home/airflow/.local/lib/python3.8/site-packages/airflow/example_dags/example_latest_only.py
[2024-03-25T21:16:51.029+0000] {logging_mixin.py:188} INFO - [2024-03-25T21:16:51.028+0000] {dag.py:3047} INFO - Sync 1 DAGs
[2024-03-25T21:16:51.080+0000] {logging_mixin.py:188} INFO - [2024-03-25T21:16:51.079+0000] {dag.py:3834} INFO - Setting next_dagrun for latest_only to 2024-03-25 16:00:00+00:00, run_after=2024-03-25 20:00:00+00:00
[2024-03-25T21:16:51.115+0000] {processor.py:183} INFO - Processing /home/airflow/.local/lib/python3.8/site-packages/airflow/example_dags/example_latest_only.py took 0.145 seconds
[2024-03-25T21:17:21.272+0000] {processor.py:161} INFO - Started process (PID=906) to work on /home/airflow/.local/lib/python3.8/site-packages/airflow/example_dags/example_latest_only.py
[2024-03-25T21:17:21.274+0000] {processor.py:830} INFO - Processing file /home/airflow/.local/lib/python3.8/site-packages/airflow/example_dags/example_latest_only.py for tasks to queue
[2024-03-25T21:17:21.277+0000] {logging_mixin.py:188} INFO - [2024-03-25T21:17:21.276+0000] {dagbag.py:540} INFO - Filling up the DagBag from /home/airflow/.local/lib/python3.8/site-packages/airflow/example_dags/example_latest_only.py
[2024-03-25T21:17:21.284+0000] {processor.py:840} INFO - DAG(s) 'latest_only' retrieved from /home/airflow/.local/lib/python3.8/site-packages/airflow/example_dags/example_latest_only.py
[2024-03-25T21:17:21.316+0000] {logging_mixin.py:188} INFO - [2024-03-25T21:17:21.316+0000] {dag.py:3047} INFO - Sync 1 DAGs
[2024-03-25T21:17:21.350+0000] {logging_mixin.py:188} INFO - [2024-03-25T21:17:21.350+0000] {dag.py:3834} INFO - Setting next_dagrun for latest_only to 2024-03-25 16:00:00+00:00, run_after=2024-03-25 20:00:00+00:00
[2024-03-25T21:17:21.378+0000] {processor.py:183} INFO - Processing /home/airflow/.local/lib/python3.8/site-packages/airflow/example_dags/example_latest_only.py took 0.112 seconds
[2024-03-25T21:17:51.567+0000] {processor.py:161} INFO - Started process (PID=962) to work on /home/airflow/.local/lib/python3.8/site-packages/airflow/example_dags/example_latest_only.py
[2024-03-25T21:17:51.569+0000] {processor.py:830} INFO - Processing file /home/airflow/.local/lib/python3.8/site-packages/airflow/example_dags/example_latest_only.py for tasks to queue
[2024-03-25T21:17:51.572+0000] {logging_mixin.py:188} INFO - [2024-03-25T21:17:51.571+0000] {dagbag.py:540} INFO - Filling up the DagBag from /home/airflow/.local/lib/python3.8/site-packages/airflow/example_dags/example_latest_only.py
[2024-03-25T21:17:51.580+0000] {processor.py:840} INFO - DAG(s) 'latest_only' retrieved from /home/airflow/.local/lib/python3.8/site-packages/airflow/example_dags/example_latest_only.py
[2024-03-25T21:17:51.613+0000] {logging_mixin.py:188} INFO - [2024-03-25T21:17:51.613+0000] {dag.py:3047} INFO - Sync 1 DAGs
[2024-03-25T21:17:51.649+0000] {logging_mixin.py:188} INFO - [2024-03-25T21:17:51.649+0000] {dag.py:3834} INFO - Setting next_dagrun for latest_only to 2024-03-25 16:00:00+00:00, run_after=2024-03-25 20:00:00+00:00
[2024-03-25T21:17:51.677+0000] {processor.py:183} INFO - Processing /home/airflow/.local/lib/python3.8/site-packages/airflow/example_dags/example_latest_only.py took 0.115 seconds
[2024-03-25T21:18:22.143+0000] {processor.py:161} INFO - Started process (PID=1018) to work on /home/airflow/.local/lib/python3.8/site-packages/airflow/example_dags/example_latest_only.py
[2024-03-25T21:18:22.145+0000] {processor.py:830} INFO - Processing file /home/airflow/.local/lib/python3.8/site-packages/airflow/example_dags/example_latest_only.py for tasks to queue
[2024-03-25T21:18:22.149+0000] {logging_mixin.py:188} INFO - [2024-03-25T21:18:22.148+0000] {dagbag.py:540} INFO - Filling up the DagBag from /home/airflow/.local/lib/python3.8/site-packages/airflow/example_dags/example_latest_only.py
[2024-03-25T21:18:22.158+0000] {processor.py:840} INFO - DAG(s) 'latest_only' retrieved from /home/airflow/.local/lib/python3.8/site-packages/airflow/example_dags/example_latest_only.py
[2024-03-25T21:18:22.196+0000] {logging_mixin.py:188} INFO - [2024-03-25T21:18:22.196+0000] {dag.py:3047} INFO - Sync 1 DAGs
[2024-03-25T21:18:22.235+0000] {logging_mixin.py:188} INFO - [2024-03-25T21:18:22.234+0000] {dag.py:3834} INFO - Setting next_dagrun for latest_only to 2024-03-25 16:00:00+00:00, run_after=2024-03-25 20:00:00+00:00
[2024-03-25T21:18:22.270+0000] {processor.py:183} INFO - Processing /home/airflow/.local/lib/python3.8/site-packages/airflow/example_dags/example_latest_only.py took 0.133 seconds
[2024-03-25T21:18:52.841+0000] {processor.py:161} INFO - Started process (PID=1073) to work on /home/airflow/.local/lib/python3.8/site-packages/airflow/example_dags/example_latest_only.py
[2024-03-25T21:18:52.843+0000] {processor.py:830} INFO - Processing file /home/airflow/.local/lib/python3.8/site-packages/airflow/example_dags/example_latest_only.py for tasks to queue
[2024-03-25T21:18:52.846+0000] {logging_mixin.py:188} INFO - [2024-03-25T21:18:52.845+0000] {dagbag.py:540} INFO - Filling up the DagBag from /home/airflow/.local/lib/python3.8/site-packages/airflow/example_dags/example_latest_only.py
[2024-03-25T21:18:52.853+0000] {processor.py:840} INFO - DAG(s) 'latest_only' retrieved from /home/airflow/.local/lib/python3.8/site-packages/airflow/example_dags/example_latest_only.py
[2024-03-25T21:18:52.889+0000] {logging_mixin.py:188} INFO - [2024-03-25T21:18:52.889+0000] {dag.py:3047} INFO - Sync 1 DAGs
[2024-03-25T21:18:52.926+0000] {logging_mixin.py:188} INFO - [2024-03-25T21:18:52.926+0000] {dag.py:3834} INFO - Setting next_dagrun for latest_only to 2024-03-25 16:00:00+00:00, run_after=2024-03-25 20:00:00+00:00
[2024-03-25T21:18:52.956+0000] {processor.py:183} INFO - Processing /home/airflow/.local/lib/python3.8/site-packages/airflow/example_dags/example_latest_only.py took 0.120 seconds
[2024-03-25T21:19:23.211+0000] {processor.py:161} INFO - Started process (PID=1129) to work on /home/airflow/.local/lib/python3.8/site-packages/airflow/example_dags/example_latest_only.py
[2024-03-25T21:19:23.213+0000] {processor.py:830} INFO - Processing file /home/airflow/.local/lib/python3.8/site-packages/airflow/example_dags/example_latest_only.py for tasks to queue
[2024-03-25T21:19:23.216+0000] {logging_mixin.py:188} INFO - [2024-03-25T21:19:23.216+0000] {dagbag.py:540} INFO - Filling up the DagBag from /home/airflow/.local/lib/python3.8/site-packages/airflow/example_dags/example_latest_only.py
[2024-03-25T21:19:23.224+0000] {processor.py:840} INFO - DAG(s) 'latest_only' retrieved from /home/airflow/.local/lib/python3.8/site-packages/airflow/example_dags/example_latest_only.py
[2024-03-25T21:19:23.259+0000] {logging_mixin.py:188} INFO - [2024-03-25T21:19:23.258+0000] {dag.py:3047} INFO - Sync 1 DAGs
[2024-03-25T21:19:23.299+0000] {logging_mixin.py:188} INFO - [2024-03-25T21:19:23.298+0000] {dag.py:3834} INFO - Setting next_dagrun for latest_only to 2024-03-25 16:00:00+00:00, run_after=2024-03-25 20:00:00+00:00
[2024-03-25T21:19:23.329+0000] {processor.py:183} INFO - Processing /home/airflow/.local/lib/python3.8/site-packages/airflow/example_dags/example_latest_only.py took 0.124 seconds
[2024-03-25T21:19:53.511+0000] {processor.py:161} INFO - Started process (PID=1185) to work on /home/airflow/.local/lib/python3.8/site-packages/airflow/example_dags/example_latest_only.py
[2024-03-25T21:19:53.512+0000] {processor.py:830} INFO - Processing file /home/airflow/.local/lib/python3.8/site-packages/airflow/example_dags/example_latest_only.py for tasks to queue
[2024-03-25T21:19:53.516+0000] {logging_mixin.py:188} INFO - [2024-03-25T21:19:53.515+0000] {dagbag.py:540} INFO - Filling up the DagBag from /home/airflow/.local/lib/python3.8/site-packages/airflow/example_dags/example_latest_only.py
[2024-03-25T21:19:53.523+0000] {processor.py:840} INFO - DAG(s) 'latest_only' retrieved from /home/airflow/.local/lib/python3.8/site-packages/airflow/example_dags/example_latest_only.py
[2024-03-25T21:19:53.555+0000] {logging_mixin.py:188} INFO - [2024-03-25T21:19:53.555+0000] {dag.py:3047} INFO - Sync 1 DAGs
[2024-03-25T21:19:53.589+0000] {logging_mixin.py:188} INFO - [2024-03-25T21:19:53.589+0000] {dag.py:3834} INFO - Setting next_dagrun for latest_only to 2024-03-25 16:00:00+00:00, run_after=2024-03-25 20:00:00+00:00
[2024-03-25T21:19:53.620+0000] {processor.py:183} INFO - Processing /home/airflow/.local/lib/python3.8/site-packages/airflow/example_dags/example_latest_only.py took 0.114 seconds
[2024-03-25T21:20:23.829+0000] {processor.py:161} INFO - Started process (PID=1241) to work on /home/airflow/.local/lib/python3.8/site-packages/airflow/example_dags/example_latest_only.py
[2024-03-25T21:20:23.831+0000] {processor.py:830} INFO - Processing file /home/airflow/.local/lib/python3.8/site-packages/airflow/example_dags/example_latest_only.py for tasks to queue
[2024-03-25T21:20:23.834+0000] {logging_mixin.py:188} INFO - [2024-03-25T21:20:23.834+0000] {dagbag.py:540} INFO - Filling up the DagBag from /home/airflow/.local/lib/python3.8/site-packages/airflow/example_dags/example_latest_only.py
[2024-03-25T21:20:23.843+0000] {processor.py:840} INFO - DAG(s) 'latest_only' retrieved from /home/airflow/.local/lib/python3.8/site-packages/airflow/example_dags/example_latest_only.py
[2024-03-25T21:20:23.878+0000] {logging_mixin.py:188} INFO - [2024-03-25T21:20:23.878+0000] {dag.py:3047} INFO - Sync 1 DAGs
[2024-03-25T21:20:23.917+0000] {logging_mixin.py:188} INFO - [2024-03-25T21:20:23.917+0000] {dag.py:3834} INFO - Setting next_dagrun for latest_only to 2024-03-25 16:00:00+00:00, run_after=2024-03-25 20:00:00+00:00
[2024-03-25T21:20:23.951+0000] {processor.py:183} INFO - Processing /home/airflow/.local/lib/python3.8/site-packages/airflow/example_dags/example_latest_only.py took 0.127 seconds
[2024-03-25T21:26:49.452+0000] {processor.py:161} INFO - Started process (PID=1298) to work on /home/airflow/.local/lib/python3.8/site-packages/airflow/example_dags/example_latest_only.py
[2024-03-25T21:26:49.455+0000] {processor.py:830} INFO - Processing file /home/airflow/.local/lib/python3.8/site-packages/airflow/example_dags/example_latest_only.py for tasks to queue
[2024-03-25T21:26:49.458+0000] {logging_mixin.py:188} INFO - [2024-03-25T21:26:49.457+0000] {dagbag.py:540} INFO - Filling up the DagBag from /home/airflow/.local/lib/python3.8/site-packages/airflow/example_dags/example_latest_only.py
[2024-03-25T21:26:49.468+0000] {processor.py:840} INFO - DAG(s) 'latest_only' retrieved from /home/airflow/.local/lib/python3.8/site-packages/airflow/example_dags/example_latest_only.py
[2024-03-25T21:26:49.519+0000] {logging_mixin.py:188} INFO - [2024-03-25T21:26:49.518+0000] {dag.py:3047} INFO - Sync 1 DAGs
[2024-03-25T21:26:49.565+0000] {logging_mixin.py:188} INFO - [2024-03-25T21:26:49.565+0000] {dag.py:3834} INFO - Setting next_dagrun for latest_only to 2024-03-25 16:00:00+00:00, run_after=2024-03-25 20:00:00+00:00
[2024-03-25T21:26:49.600+0000] {processor.py:183} INFO - Processing /home/airflow/.local/lib/python3.8/site-packages/airflow/example_dags/example_latest_only.py took 0.155 seconds
[2024-03-25T21:27:21.382+0000] {processor.py:161} INFO - Started process (PID=1354) to work on /home/airflow/.local/lib/python3.8/site-packages/airflow/example_dags/example_latest_only.py
[2024-03-25T21:27:21.389+0000] {processor.py:830} INFO - Processing file /home/airflow/.local/lib/python3.8/site-packages/airflow/example_dags/example_latest_only.py for tasks to queue
[2024-03-25T21:27:21.397+0000] {logging_mixin.py:188} INFO - [2024-03-25T21:27:21.397+0000] {dagbag.py:540} INFO - Filling up the DagBag from /home/airflow/.local/lib/python3.8/site-packages/airflow/example_dags/example_latest_only.py
[2024-03-25T21:27:21.416+0000] {processor.py:840} INFO - DAG(s) 'latest_only' retrieved from /home/airflow/.local/lib/python3.8/site-packages/airflow/example_dags/example_latest_only.py
[2024-03-25T21:27:21.459+0000] {logging_mixin.py:188} INFO - [2024-03-25T21:27:21.459+0000] {dag.py:3047} INFO - Sync 1 DAGs
[2024-03-25T21:27:21.504+0000] {logging_mixin.py:188} INFO - [2024-03-25T21:27:21.504+0000] {dag.py:3834} INFO - Setting next_dagrun for latest_only to 2024-03-25 16:00:00+00:00, run_after=2024-03-25 20:00:00+00:00
[2024-03-25T21:27:21.559+0000] {processor.py:183} INFO - Processing /home/airflow/.local/lib/python3.8/site-packages/airflow/example_dags/example_latest_only.py took 0.187 seconds
[2024-03-25T21:27:51.884+0000] {processor.py:161} INFO - Started process (PID=1410) to work on /home/airflow/.local/lib/python3.8/site-packages/airflow/example_dags/example_latest_only.py
[2024-03-25T21:27:51.885+0000] {processor.py:830} INFO - Processing file /home/airflow/.local/lib/python3.8/site-packages/airflow/example_dags/example_latest_only.py for tasks to queue
[2024-03-25T21:27:51.888+0000] {logging_mixin.py:188} INFO - [2024-03-25T21:27:51.888+0000] {dagbag.py:540} INFO - Filling up the DagBag from /home/airflow/.local/lib/python3.8/site-packages/airflow/example_dags/example_latest_only.py
[2024-03-25T21:27:51.896+0000] {processor.py:840} INFO - DAG(s) 'latest_only' retrieved from /home/airflow/.local/lib/python3.8/site-packages/airflow/example_dags/example_latest_only.py
[2024-03-25T21:27:51.930+0000] {logging_mixin.py:188} INFO - [2024-03-25T21:27:51.929+0000] {dag.py:3047} INFO - Sync 1 DAGs
[2024-03-25T21:27:51.964+0000] {logging_mixin.py:188} INFO - [2024-03-25T21:27:51.964+0000] {dag.py:3834} INFO - Setting next_dagrun for latest_only to 2024-03-25 16:00:00+00:00, run_after=2024-03-25 20:00:00+00:00
[2024-03-25T21:27:51.991+0000] {processor.py:183} INFO - Processing /home/airflow/.local/lib/python3.8/site-packages/airflow/example_dags/example_latest_only.py took 0.113 seconds
[2024-03-25T21:28:22.820+0000] {processor.py:161} INFO - Started process (PID=1466) to work on /home/airflow/.local/lib/python3.8/site-packages/airflow/example_dags/example_latest_only.py
[2024-03-25T21:28:22.824+0000] {processor.py:830} INFO - Processing file /home/airflow/.local/lib/python3.8/site-packages/airflow/example_dags/example_latest_only.py for tasks to queue
[2024-03-25T21:28:22.835+0000] {logging_mixin.py:188} INFO - [2024-03-25T21:28:22.832+0000] {dagbag.py:540} INFO - Filling up the DagBag from /home/airflow/.local/lib/python3.8/site-packages/airflow/example_dags/example_latest_only.py
[2024-03-25T21:28:22.849+0000] {processor.py:840} INFO - DAG(s) 'latest_only' retrieved from /home/airflow/.local/lib/python3.8/site-packages/airflow/example_dags/example_latest_only.py
[2024-03-25T21:28:22.891+0000] {logging_mixin.py:188} INFO - [2024-03-25T21:28:22.890+0000] {dag.py:3047} INFO - Sync 1 DAGs
[2024-03-25T21:28:22.940+0000] {logging_mixin.py:188} INFO - [2024-03-25T21:28:22.940+0000] {dag.py:3834} INFO - Setting next_dagrun for latest_only to 2024-03-25 16:00:00+00:00, run_after=2024-03-25 20:00:00+00:00
[2024-03-25T21:28:22.976+0000] {processor.py:183} INFO - Processing /home/airflow/.local/lib/python3.8/site-packages/airflow/example_dags/example_latest_only.py took 0.174 seconds
