[2024-03-25T21:03:41.407+0000] {processor.py:161} INFO - Started process (PID=37) to work on /home/airflow/.local/lib/python3.8/site-packages/airflow/example_dags/example_subdag_operator.py
[2024-03-25T21:03:41.410+0000] {processor.py:830} INFO - Processing file /home/airflow/.local/lib/python3.8/site-packages/airflow/example_dags/example_subdag_operator.py for tasks to queue
[2024-03-25T21:03:41.422+0000] {logging_mixin.py:188} INFO - [2024-03-25T21:03:41.421+0000] {dagbag.py:540} INFO - Filling up the DagBag from /home/airflow/.local/lib/python3.8/site-packages/airflow/example_dags/example_subdag_operator.py
[2024-03-25T21:03:41.496+0000] {processor.py:840} INFO - DAG(s) 'example_subdag_operator.section-1', 'example_subdag_operator.section-2', 'example_subdag_operator' retrieved from /home/airflow/.local/lib/python3.8/site-packages/airflow/example_dags/example_subdag_operator.py
[2024-03-25T21:03:41.508+0000] {logging_mixin.py:188} INFO - [2024-03-25T21:03:41.507+0000] {dag.py:3047} INFO - Sync 3 DAGs
[2024-03-25T21:03:41.587+0000] {logging_mixin.py:188} INFO - [2024-03-25T21:03:41.586+0000] {dag.py:3834} INFO - Setting next_dagrun for example_subdag_operator to 2022-01-01 00:00:00+00:00, run_after=2022-01-01 00:00:00+00:00
[2024-03-25T21:03:41.604+0000] {logging_mixin.py:188} INFO - [2024-03-25T21:03:41.603+0000] {dag.py:3834} INFO - Setting next_dagrun for example_subdag_operator.section-1 to None, run_after=None
[2024-03-25T21:03:41.609+0000] {logging_mixin.py:188} INFO - [2024-03-25T21:03:41.608+0000] {dag.py:3834} INFO - Setting next_dagrun for example_subdag_operator.section-2 to None, run_after=None
[2024-03-25T21:03:41.632+0000] {logging_mixin.py:188} INFO - [2024-03-25T21:03:41.631+0000] {dag.py:3047} INFO - Sync 2 DAGs
[2024-03-25T21:03:41.647+0000] {logging_mixin.py:188} INFO - [2024-03-25T21:03:41.646+0000] {dag.py:3834} INFO - Setting next_dagrun for example_subdag_operator.section-1 to None, run_after=None
[2024-03-25T21:03:41.650+0000] {logging_mixin.py:188} INFO - [2024-03-25T21:03:41.650+0000] {dag.py:3834} INFO - Setting next_dagrun for example_subdag_operator.section-2 to None, run_after=None
[2024-03-25T21:03:41.690+0000] {processor.py:183} INFO - Processing /home/airflow/.local/lib/python3.8/site-packages/airflow/example_dags/example_subdag_operator.py took 0.291 seconds
[2024-03-25T21:04:13.796+0000] {processor.py:161} INFO - Started process (PID=97) to work on /home/airflow/.local/lib/python3.8/site-packages/airflow/example_dags/example_subdag_operator.py
[2024-03-25T21:04:13.798+0000] {processor.py:830} INFO - Processing file /home/airflow/.local/lib/python3.8/site-packages/airflow/example_dags/example_subdag_operator.py for tasks to queue
[2024-03-25T21:04:13.801+0000] {logging_mixin.py:188} INFO - [2024-03-25T21:04:13.801+0000] {dagbag.py:540} INFO - Filling up the DagBag from /home/airflow/.local/lib/python3.8/site-packages/airflow/example_dags/example_subdag_operator.py
[2024-03-25T21:04:13.868+0000] {processor.py:840} INFO - DAG(s) 'example_subdag_operator.section-1', 'example_subdag_operator.section-2', 'example_subdag_operator' retrieved from /home/airflow/.local/lib/python3.8/site-packages/airflow/example_dags/example_subdag_operator.py
[2024-03-25T21:04:14.138+0000] {logging_mixin.py:188} INFO - [2024-03-25T21:04:14.137+0000] {dag.py:3047} INFO - Sync 3 DAGs
[2024-03-25T21:04:14.171+0000] {logging_mixin.py:188} INFO - [2024-03-25T21:04:14.171+0000] {dag.py:3834} INFO - Setting next_dagrun for example_subdag_operator to 2022-01-01 00:00:00+00:00, run_after=2022-01-01 00:00:00+00:00
[2024-03-25T21:04:14.176+0000] {logging_mixin.py:188} INFO - [2024-03-25T21:04:14.176+0000] {dag.py:3834} INFO - Setting next_dagrun for example_subdag_operator.section-1 to None, run_after=None
[2024-03-25T21:04:14.179+0000] {logging_mixin.py:188} INFO - [2024-03-25T21:04:14.178+0000] {dag.py:3834} INFO - Setting next_dagrun for example_subdag_operator.section-2 to None, run_after=None
[2024-03-25T21:04:14.193+0000] {logging_mixin.py:188} INFO - [2024-03-25T21:04:14.193+0000] {dag.py:3047} INFO - Sync 2 DAGs
[2024-03-25T21:04:14.202+0000] {logging_mixin.py:188} INFO - [2024-03-25T21:04:14.202+0000] {dag.py:3834} INFO - Setting next_dagrun for example_subdag_operator.section-1 to None, run_after=None
[2024-03-25T21:04:14.203+0000] {logging_mixin.py:188} INFO - [2024-03-25T21:04:14.203+0000] {dag.py:3834} INFO - Setting next_dagrun for example_subdag_operator.section-2 to None, run_after=None
[2024-03-25T21:04:14.254+0000] {processor.py:183} INFO - Processing /home/airflow/.local/lib/python3.8/site-packages/airflow/example_dags/example_subdag_operator.py took 0.463 seconds
[2024-03-25T21:04:45.199+0000] {processor.py:161} INFO - Started process (PID=152) to work on /home/airflow/.local/lib/python3.8/site-packages/airflow/example_dags/example_subdag_operator.py
[2024-03-25T21:04:45.216+0000] {processor.py:830} INFO - Processing file /home/airflow/.local/lib/python3.8/site-packages/airflow/example_dags/example_subdag_operator.py for tasks to queue
[2024-03-25T21:04:45.222+0000] {logging_mixin.py:188} INFO - [2024-03-25T21:04:45.221+0000] {dagbag.py:540} INFO - Filling up the DagBag from /home/airflow/.local/lib/python3.8/site-packages/airflow/example_dags/example_subdag_operator.py
[2024-03-25T21:04:45.311+0000] {processor.py:840} INFO - DAG(s) 'example_subdag_operator.section-1', 'example_subdag_operator.section-2', 'example_subdag_operator' retrieved from /home/airflow/.local/lib/python3.8/site-packages/airflow/example_dags/example_subdag_operator.py
[2024-03-25T21:04:45.344+0000] {logging_mixin.py:188} INFO - [2024-03-25T21:04:45.344+0000] {dag.py:3047} INFO - Sync 3 DAGs
[2024-03-25T21:04:45.383+0000] {logging_mixin.py:188} INFO - [2024-03-25T21:04:45.383+0000] {dag.py:3834} INFO - Setting next_dagrun for example_subdag_operator to 2022-01-01 00:00:00+00:00, run_after=2022-01-01 00:00:00+00:00
[2024-03-25T21:04:45.390+0000] {logging_mixin.py:188} INFO - [2024-03-25T21:04:45.389+0000] {dag.py:3834} INFO - Setting next_dagrun for example_subdag_operator.section-1 to None, run_after=None
[2024-03-25T21:04:45.393+0000] {logging_mixin.py:188} INFO - [2024-03-25T21:04:45.392+0000] {dag.py:3834} INFO - Setting next_dagrun for example_subdag_operator.section-2 to None, run_after=None
[2024-03-25T21:04:45.406+0000] {logging_mixin.py:188} INFO - [2024-03-25T21:04:45.406+0000] {dag.py:3047} INFO - Sync 2 DAGs
[2024-03-25T21:04:45.417+0000] {logging_mixin.py:188} INFO - [2024-03-25T21:04:45.416+0000] {dag.py:3834} INFO - Setting next_dagrun for example_subdag_operator.section-1 to None, run_after=None
[2024-03-25T21:04:45.418+0000] {logging_mixin.py:188} INFO - [2024-03-25T21:04:45.418+0000] {dag.py:3834} INFO - Setting next_dagrun for example_subdag_operator.section-2 to None, run_after=None
[2024-03-25T21:04:45.452+0000] {processor.py:183} INFO - Processing /home/airflow/.local/lib/python3.8/site-packages/airflow/example_dags/example_subdag_operator.py took 0.260 seconds
[2024-03-25T21:05:15.703+0000] {processor.py:161} INFO - Started process (PID=207) to work on /home/airflow/.local/lib/python3.8/site-packages/airflow/example_dags/example_subdag_operator.py
[2024-03-25T21:05:15.712+0000] {processor.py:830} INFO - Processing file /home/airflow/.local/lib/python3.8/site-packages/airflow/example_dags/example_subdag_operator.py for tasks to queue
[2024-03-25T21:05:15.724+0000] {logging_mixin.py:188} INFO - [2024-03-25T21:05:15.723+0000] {dagbag.py:540} INFO - Filling up the DagBag from /home/airflow/.local/lib/python3.8/site-packages/airflow/example_dags/example_subdag_operator.py
[2024-03-25T21:05:15.807+0000] {processor.py:840} INFO - DAG(s) 'example_subdag_operator.section-1', 'example_subdag_operator.section-2', 'example_subdag_operator' retrieved from /home/airflow/.local/lib/python3.8/site-packages/airflow/example_dags/example_subdag_operator.py
[2024-03-25T21:05:15.861+0000] {logging_mixin.py:188} INFO - [2024-03-25T21:05:15.860+0000] {dag.py:3047} INFO - Sync 3 DAGs
[2024-03-25T21:05:15.921+0000] {logging_mixin.py:188} INFO - [2024-03-25T21:05:15.921+0000] {dag.py:3834} INFO - Setting next_dagrun for example_subdag_operator to 2022-01-01 00:00:00+00:00, run_after=2022-01-01 00:00:00+00:00
[2024-03-25T21:05:15.929+0000] {logging_mixin.py:188} INFO - [2024-03-25T21:05:15.929+0000] {dag.py:3834} INFO - Setting next_dagrun for example_subdag_operator.section-1 to None, run_after=None
[2024-03-25T21:05:15.935+0000] {logging_mixin.py:188} INFO - [2024-03-25T21:05:15.934+0000] {dag.py:3834} INFO - Setting next_dagrun for example_subdag_operator.section-2 to None, run_after=None
[2024-03-25T21:05:15.954+0000] {logging_mixin.py:188} INFO - [2024-03-25T21:05:15.953+0000] {dag.py:3047} INFO - Sync 2 DAGs
[2024-03-25T21:05:15.963+0000] {logging_mixin.py:188} INFO - [2024-03-25T21:05:15.962+0000] {dag.py:3834} INFO - Setting next_dagrun for example_subdag_operator.section-1 to None, run_after=None
[2024-03-25T21:05:15.965+0000] {logging_mixin.py:188} INFO - [2024-03-25T21:05:15.965+0000] {dag.py:3834} INFO - Setting next_dagrun for example_subdag_operator.section-2 to None, run_after=None
[2024-03-25T21:05:16.007+0000] {processor.py:183} INFO - Processing /home/airflow/.local/lib/python3.8/site-packages/airflow/example_dags/example_subdag_operator.py took 0.317 seconds
[2024-03-25T21:05:46.147+0000] {processor.py:161} INFO - Started process (PID=263) to work on /home/airflow/.local/lib/python3.8/site-packages/airflow/example_dags/example_subdag_operator.py
[2024-03-25T21:05:46.149+0000] {processor.py:830} INFO - Processing file /home/airflow/.local/lib/python3.8/site-packages/airflow/example_dags/example_subdag_operator.py for tasks to queue
[2024-03-25T21:05:46.152+0000] {logging_mixin.py:188} INFO - [2024-03-25T21:05:46.152+0000] {dagbag.py:540} INFO - Filling up the DagBag from /home/airflow/.local/lib/python3.8/site-packages/airflow/example_dags/example_subdag_operator.py
[2024-03-25T21:05:46.191+0000] {processor.py:840} INFO - DAG(s) 'example_subdag_operator.section-1', 'example_subdag_operator.section-2', 'example_subdag_operator' retrieved from /home/airflow/.local/lib/python3.8/site-packages/airflow/example_dags/example_subdag_operator.py
[2024-03-25T21:05:46.218+0000] {logging_mixin.py:188} INFO - [2024-03-25T21:05:46.218+0000] {dag.py:3047} INFO - Sync 3 DAGs
[2024-03-25T21:05:46.251+0000] {logging_mixin.py:188} INFO - [2024-03-25T21:05:46.250+0000] {dag.py:3834} INFO - Setting next_dagrun for example_subdag_operator to 2022-01-01 00:00:00+00:00, run_after=2022-01-01 00:00:00+00:00
[2024-03-25T21:05:46.257+0000] {logging_mixin.py:188} INFO - [2024-03-25T21:05:46.256+0000] {dag.py:3834} INFO - Setting next_dagrun for example_subdag_operator.section-1 to None, run_after=None
[2024-03-25T21:05:46.260+0000] {logging_mixin.py:188} INFO - [2024-03-25T21:05:46.260+0000] {dag.py:3834} INFO - Setting next_dagrun for example_subdag_operator.section-2 to None, run_after=None
[2024-03-25T21:05:46.271+0000] {logging_mixin.py:188} INFO - [2024-03-25T21:05:46.271+0000] {dag.py:3047} INFO - Sync 2 DAGs
[2024-03-25T21:05:46.279+0000] {logging_mixin.py:188} INFO - [2024-03-25T21:05:46.279+0000] {dag.py:3834} INFO - Setting next_dagrun for example_subdag_operator.section-1 to None, run_after=None
[2024-03-25T21:05:46.280+0000] {logging_mixin.py:188} INFO - [2024-03-25T21:05:46.280+0000] {dag.py:3834} INFO - Setting next_dagrun for example_subdag_operator.section-2 to None, run_after=None
[2024-03-25T21:05:46.301+0000] {processor.py:183} INFO - Processing /home/airflow/.local/lib/python3.8/site-packages/airflow/example_dags/example_subdag_operator.py took 0.160 seconds
[2024-03-25T21:06:16.612+0000] {processor.py:161} INFO - Started process (PID=318) to work on /home/airflow/.local/lib/python3.8/site-packages/airflow/example_dags/example_subdag_operator.py
[2024-03-25T21:06:16.614+0000] {processor.py:830} INFO - Processing file /home/airflow/.local/lib/python3.8/site-packages/airflow/example_dags/example_subdag_operator.py for tasks to queue
[2024-03-25T21:06:16.617+0000] {logging_mixin.py:188} INFO - [2024-03-25T21:06:16.617+0000] {dagbag.py:540} INFO - Filling up the DagBag from /home/airflow/.local/lib/python3.8/site-packages/airflow/example_dags/example_subdag_operator.py
[2024-03-25T21:06:16.656+0000] {processor.py:840} INFO - DAG(s) 'example_subdag_operator.section-1', 'example_subdag_operator.section-2', 'example_subdag_operator' retrieved from /home/airflow/.local/lib/python3.8/site-packages/airflow/example_dags/example_subdag_operator.py
[2024-03-25T21:06:16.692+0000] {logging_mixin.py:188} INFO - [2024-03-25T21:06:16.692+0000] {dag.py:3047} INFO - Sync 3 DAGs
[2024-03-25T21:06:16.730+0000] {logging_mixin.py:188} INFO - [2024-03-25T21:06:16.730+0000] {dag.py:3834} INFO - Setting next_dagrun for example_subdag_operator to 2022-01-01 00:00:00+00:00, run_after=2022-01-01 00:00:00+00:00
[2024-03-25T21:06:16.736+0000] {logging_mixin.py:188} INFO - [2024-03-25T21:06:16.736+0000] {dag.py:3834} INFO - Setting next_dagrun for example_subdag_operator.section-1 to None, run_after=None
[2024-03-25T21:06:16.739+0000] {logging_mixin.py:188} INFO - [2024-03-25T21:06:16.738+0000] {dag.py:3834} INFO - Setting next_dagrun for example_subdag_operator.section-2 to None, run_after=None
[2024-03-25T21:06:16.749+0000] {logging_mixin.py:188} INFO - [2024-03-25T21:06:16.749+0000] {dag.py:3047} INFO - Sync 2 DAGs
[2024-03-25T21:06:16.758+0000] {logging_mixin.py:188} INFO - [2024-03-25T21:06:16.758+0000] {dag.py:3834} INFO - Setting next_dagrun for example_subdag_operator.section-1 to None, run_after=None
[2024-03-25T21:06:16.759+0000] {logging_mixin.py:188} INFO - [2024-03-25T21:06:16.759+0000] {dag.py:3834} INFO - Setting next_dagrun for example_subdag_operator.section-2 to None, run_after=None
[2024-03-25T21:06:16.778+0000] {processor.py:183} INFO - Processing /home/airflow/.local/lib/python3.8/site-packages/airflow/example_dags/example_subdag_operator.py took 0.171 seconds
[2024-03-25T21:06:46.968+0000] {processor.py:161} INFO - Started process (PID=373) to work on /home/airflow/.local/lib/python3.8/site-packages/airflow/example_dags/example_subdag_operator.py
[2024-03-25T21:06:46.970+0000] {processor.py:830} INFO - Processing file /home/airflow/.local/lib/python3.8/site-packages/airflow/example_dags/example_subdag_operator.py for tasks to queue
[2024-03-25T21:06:46.974+0000] {logging_mixin.py:188} INFO - [2024-03-25T21:06:46.973+0000] {dagbag.py:540} INFO - Filling up the DagBag from /home/airflow/.local/lib/python3.8/site-packages/airflow/example_dags/example_subdag_operator.py
[2024-03-25T21:06:47.018+0000] {processor.py:840} INFO - DAG(s) 'example_subdag_operator.section-1', 'example_subdag_operator.section-2', 'example_subdag_operator' retrieved from /home/airflow/.local/lib/python3.8/site-packages/airflow/example_dags/example_subdag_operator.py
[2024-03-25T21:06:47.047+0000] {logging_mixin.py:188} INFO - [2024-03-25T21:06:47.046+0000] {dag.py:3047} INFO - Sync 3 DAGs
[2024-03-25T21:06:47.136+0000] {logging_mixin.py:188} INFO - [2024-03-25T21:06:47.135+0000] {dag.py:3834} INFO - Setting next_dagrun for example_subdag_operator to 2022-01-01 00:00:00+00:00, run_after=2022-01-01 00:00:00+00:00
[2024-03-25T21:06:47.151+0000] {logging_mixin.py:188} INFO - [2024-03-25T21:06:47.150+0000] {dag.py:3834} INFO - Setting next_dagrun for example_subdag_operator.section-1 to None, run_after=None
[2024-03-25T21:06:47.155+0000] {logging_mixin.py:188} INFO - [2024-03-25T21:06:47.154+0000] {dag.py:3834} INFO - Setting next_dagrun for example_subdag_operator.section-2 to None, run_after=None
[2024-03-25T21:06:47.181+0000] {logging_mixin.py:188} INFO - [2024-03-25T21:06:47.181+0000] {dag.py:3047} INFO - Sync 2 DAGs
[2024-03-25T21:06:47.193+0000] {logging_mixin.py:188} INFO - [2024-03-25T21:06:47.193+0000] {dag.py:3834} INFO - Setting next_dagrun for example_subdag_operator.section-1 to None, run_after=None
[2024-03-25T21:06:47.194+0000] {logging_mixin.py:188} INFO - [2024-03-25T21:06:47.194+0000] {dag.py:3834} INFO - Setting next_dagrun for example_subdag_operator.section-2 to None, run_after=None
[2024-03-25T21:06:47.227+0000] {processor.py:183} INFO - Processing /home/airflow/.local/lib/python3.8/site-packages/airflow/example_dags/example_subdag_operator.py took 0.265 seconds
[2024-03-25T21:07:18.120+0000] {processor.py:161} INFO - Started process (PID=428) to work on /home/airflow/.local/lib/python3.8/site-packages/airflow/example_dags/example_subdag_operator.py
[2024-03-25T21:07:18.123+0000] {processor.py:830} INFO - Processing file /home/airflow/.local/lib/python3.8/site-packages/airflow/example_dags/example_subdag_operator.py for tasks to queue
[2024-03-25T21:07:18.127+0000] {logging_mixin.py:188} INFO - [2024-03-25T21:07:18.126+0000] {dagbag.py:540} INFO - Filling up the DagBag from /home/airflow/.local/lib/python3.8/site-packages/airflow/example_dags/example_subdag_operator.py
[2024-03-25T21:07:18.172+0000] {processor.py:840} INFO - DAG(s) 'example_subdag_operator.section-1', 'example_subdag_operator.section-2', 'example_subdag_operator' retrieved from /home/airflow/.local/lib/python3.8/site-packages/airflow/example_dags/example_subdag_operator.py
[2024-03-25T21:07:18.208+0000] {logging_mixin.py:188} INFO - [2024-03-25T21:07:18.208+0000] {dag.py:3047} INFO - Sync 3 DAGs
[2024-03-25T21:07:18.249+0000] {logging_mixin.py:188} INFO - [2024-03-25T21:07:18.248+0000] {dag.py:3834} INFO - Setting next_dagrun for example_subdag_operator to 2022-01-01 00:00:00+00:00, run_after=2022-01-01 00:00:00+00:00
[2024-03-25T21:07:18.256+0000] {logging_mixin.py:188} INFO - [2024-03-25T21:07:18.256+0000] {dag.py:3834} INFO - Setting next_dagrun for example_subdag_operator.section-1 to None, run_after=None
[2024-03-25T21:07:18.259+0000] {logging_mixin.py:188} INFO - [2024-03-25T21:07:18.258+0000] {dag.py:3834} INFO - Setting next_dagrun for example_subdag_operator.section-2 to None, run_after=None
[2024-03-25T21:07:18.272+0000] {logging_mixin.py:188} INFO - [2024-03-25T21:07:18.272+0000] {dag.py:3047} INFO - Sync 2 DAGs
[2024-03-25T21:07:18.284+0000] {logging_mixin.py:188} INFO - [2024-03-25T21:07:18.283+0000] {dag.py:3834} INFO - Setting next_dagrun for example_subdag_operator.section-1 to None, run_after=None
[2024-03-25T21:07:18.286+0000] {logging_mixin.py:188} INFO - [2024-03-25T21:07:18.285+0000] {dag.py:3834} INFO - Setting next_dagrun for example_subdag_operator.section-2 to None, run_after=None
[2024-03-25T21:07:18.311+0000] {processor.py:183} INFO - Processing /home/airflow/.local/lib/python3.8/site-packages/airflow/example_dags/example_subdag_operator.py took 0.199 seconds
[2024-03-25T21:07:48.461+0000] {processor.py:161} INFO - Started process (PID=483) to work on /home/airflow/.local/lib/python3.8/site-packages/airflow/example_dags/example_subdag_operator.py
[2024-03-25T21:07:48.463+0000] {processor.py:830} INFO - Processing file /home/airflow/.local/lib/python3.8/site-packages/airflow/example_dags/example_subdag_operator.py for tasks to queue
[2024-03-25T21:07:48.467+0000] {logging_mixin.py:188} INFO - [2024-03-25T21:07:48.466+0000] {dagbag.py:540} INFO - Filling up the DagBag from /home/airflow/.local/lib/python3.8/site-packages/airflow/example_dags/example_subdag_operator.py
[2024-03-25T21:07:48.512+0000] {processor.py:840} INFO - DAG(s) 'example_subdag_operator.section-1', 'example_subdag_operator.section-2', 'example_subdag_operator' retrieved from /home/airflow/.local/lib/python3.8/site-packages/airflow/example_dags/example_subdag_operator.py
[2024-03-25T21:07:48.553+0000] {logging_mixin.py:188} INFO - [2024-03-25T21:07:48.553+0000] {dag.py:3047} INFO - Sync 3 DAGs
[2024-03-25T21:07:48.597+0000] {logging_mixin.py:188} INFO - [2024-03-25T21:07:48.596+0000] {dag.py:3834} INFO - Setting next_dagrun for example_subdag_operator to 2022-01-01 00:00:00+00:00, run_after=2022-01-01 00:00:00+00:00
[2024-03-25T21:07:48.603+0000] {logging_mixin.py:188} INFO - [2024-03-25T21:07:48.603+0000] {dag.py:3834} INFO - Setting next_dagrun for example_subdag_operator.section-1 to None, run_after=None
[2024-03-25T21:07:48.606+0000] {logging_mixin.py:188} INFO - [2024-03-25T21:07:48.606+0000] {dag.py:3834} INFO - Setting next_dagrun for example_subdag_operator.section-2 to None, run_after=None
[2024-03-25T21:07:48.617+0000] {logging_mixin.py:188} INFO - [2024-03-25T21:07:48.616+0000] {dag.py:3047} INFO - Sync 2 DAGs
[2024-03-25T21:07:48.625+0000] {logging_mixin.py:188} INFO - [2024-03-25T21:07:48.624+0000] {dag.py:3834} INFO - Setting next_dagrun for example_subdag_operator.section-1 to None, run_after=None
[2024-03-25T21:07:48.626+0000] {logging_mixin.py:188} INFO - [2024-03-25T21:07:48.625+0000] {dag.py:3834} INFO - Setting next_dagrun for example_subdag_operator.section-2 to None, run_after=None
[2024-03-25T21:07:48.643+0000] {processor.py:183} INFO - Processing /home/airflow/.local/lib/python3.8/site-packages/airflow/example_dags/example_subdag_operator.py took 0.189 seconds
[2024-03-25T21:08:18.861+0000] {processor.py:161} INFO - Started process (PID=538) to work on /home/airflow/.local/lib/python3.8/site-packages/airflow/example_dags/example_subdag_operator.py
[2024-03-25T21:08:18.863+0000] {processor.py:830} INFO - Processing file /home/airflow/.local/lib/python3.8/site-packages/airflow/example_dags/example_subdag_operator.py for tasks to queue
[2024-03-25T21:08:18.866+0000] {logging_mixin.py:188} INFO - [2024-03-25T21:08:18.866+0000] {dagbag.py:540} INFO - Filling up the DagBag from /home/airflow/.local/lib/python3.8/site-packages/airflow/example_dags/example_subdag_operator.py
[2024-03-25T21:08:18.907+0000] {processor.py:840} INFO - DAG(s) 'example_subdag_operator.section-1', 'example_subdag_operator.section-2', 'example_subdag_operator' retrieved from /home/airflow/.local/lib/python3.8/site-packages/airflow/example_dags/example_subdag_operator.py
[2024-03-25T21:08:18.936+0000] {logging_mixin.py:188} INFO - [2024-03-25T21:08:18.936+0000] {dag.py:3047} INFO - Sync 3 DAGs
[2024-03-25T21:08:18.976+0000] {logging_mixin.py:188} INFO - [2024-03-25T21:08:18.975+0000] {dag.py:3834} INFO - Setting next_dagrun for example_subdag_operator to 2022-01-01 00:00:00+00:00, run_after=2022-01-01 00:00:00+00:00
[2024-03-25T21:08:18.981+0000] {logging_mixin.py:188} INFO - [2024-03-25T21:08:18.981+0000] {dag.py:3834} INFO - Setting next_dagrun for example_subdag_operator.section-1 to None, run_after=None
[2024-03-25T21:08:18.984+0000] {logging_mixin.py:188} INFO - [2024-03-25T21:08:18.984+0000] {dag.py:3834} INFO - Setting next_dagrun for example_subdag_operator.section-2 to None, run_after=None
[2024-03-25T21:08:18.996+0000] {logging_mixin.py:188} INFO - [2024-03-25T21:08:18.996+0000] {dag.py:3047} INFO - Sync 2 DAGs
[2024-03-25T21:08:19.015+0000] {logging_mixin.py:188} INFO - [2024-03-25T21:08:19.014+0000] {dag.py:3834} INFO - Setting next_dagrun for example_subdag_operator.section-1 to None, run_after=None
[2024-03-25T21:08:19.017+0000] {logging_mixin.py:188} INFO - [2024-03-25T21:08:19.017+0000] {dag.py:3834} INFO - Setting next_dagrun for example_subdag_operator.section-2 to None, run_after=None
[2024-03-25T21:08:19.040+0000] {processor.py:183} INFO - Processing /home/airflow/.local/lib/python3.8/site-packages/airflow/example_dags/example_subdag_operator.py took 0.186 seconds
[2024-03-25T21:09:38.108+0000] {processor.py:161} INFO - Started process (PID=37) to work on /home/airflow/.local/lib/python3.8/site-packages/airflow/example_dags/example_subdag_operator.py
[2024-03-25T21:09:38.110+0000] {processor.py:830} INFO - Processing file /home/airflow/.local/lib/python3.8/site-packages/airflow/example_dags/example_subdag_operator.py for tasks to queue
[2024-03-25T21:09:38.115+0000] {logging_mixin.py:188} INFO - [2024-03-25T21:09:38.114+0000] {dagbag.py:540} INFO - Filling up the DagBag from /home/airflow/.local/lib/python3.8/site-packages/airflow/example_dags/example_subdag_operator.py
[2024-03-25T21:09:38.198+0000] {processor.py:840} INFO - DAG(s) 'example_subdag_operator.section-1', 'example_subdag_operator.section-2', 'example_subdag_operator' retrieved from /home/airflow/.local/lib/python3.8/site-packages/airflow/example_dags/example_subdag_operator.py
[2024-03-25T21:09:38.434+0000] {logging_mixin.py:188} INFO - [2024-03-25T21:09:38.433+0000] {dag.py:3047} INFO - Sync 3 DAGs
[2024-03-25T21:09:38.476+0000] {logging_mixin.py:188} INFO - [2024-03-25T21:09:38.476+0000] {dag.py:3834} INFO - Setting next_dagrun for example_subdag_operator to 2022-01-01 00:00:00+00:00, run_after=2022-01-01 00:00:00+00:00
[2024-03-25T21:09:38.482+0000] {logging_mixin.py:188} INFO - [2024-03-25T21:09:38.481+0000] {dag.py:3834} INFO - Setting next_dagrun for example_subdag_operator.section-1 to None, run_after=None
[2024-03-25T21:09:38.485+0000] {logging_mixin.py:188} INFO - [2024-03-25T21:09:38.485+0000] {dag.py:3834} INFO - Setting next_dagrun for example_subdag_operator.section-2 to None, run_after=None
[2024-03-25T21:09:38.500+0000] {logging_mixin.py:188} INFO - [2024-03-25T21:09:38.500+0000] {dag.py:3047} INFO - Sync 2 DAGs
[2024-03-25T21:09:38.512+0000] {logging_mixin.py:188} INFO - [2024-03-25T21:09:38.511+0000] {dag.py:3834} INFO - Setting next_dagrun for example_subdag_operator.section-1 to None, run_after=None
[2024-03-25T21:09:38.513+0000] {logging_mixin.py:188} INFO - [2024-03-25T21:09:38.513+0000] {dag.py:3834} INFO - Setting next_dagrun for example_subdag_operator.section-2 to None, run_after=None
[2024-03-25T21:09:38.533+0000] {processor.py:183} INFO - Processing /home/airflow/.local/lib/python3.8/site-packages/airflow/example_dags/example_subdag_operator.py took 0.432 seconds
[2024-03-25T21:10:08.781+0000] {processor.py:161} INFO - Started process (PID=93) to work on /home/airflow/.local/lib/python3.8/site-packages/airflow/example_dags/example_subdag_operator.py
[2024-03-25T21:10:08.784+0000] {processor.py:830} INFO - Processing file /home/airflow/.local/lib/python3.8/site-packages/airflow/example_dags/example_subdag_operator.py for tasks to queue
[2024-03-25T21:10:08.789+0000] {logging_mixin.py:188} INFO - [2024-03-25T21:10:08.788+0000] {dagbag.py:540} INFO - Filling up the DagBag from /home/airflow/.local/lib/python3.8/site-packages/airflow/example_dags/example_subdag_operator.py
[2024-03-25T21:10:08.837+0000] {processor.py:840} INFO - DAG(s) 'example_subdag_operator.section-1', 'example_subdag_operator.section-2', 'example_subdag_operator' retrieved from /home/airflow/.local/lib/python3.8/site-packages/airflow/example_dags/example_subdag_operator.py
[2024-03-25T21:10:08.866+0000] {logging_mixin.py:188} INFO - [2024-03-25T21:10:08.866+0000] {dag.py:3047} INFO - Sync 3 DAGs
[2024-03-25T21:10:08.918+0000] {logging_mixin.py:188} INFO - [2024-03-25T21:10:08.917+0000] {dag.py:3834} INFO - Setting next_dagrun for example_subdag_operator to 2022-01-01 00:00:00+00:00, run_after=2022-01-01 00:00:00+00:00
[2024-03-25T21:10:08.930+0000] {logging_mixin.py:188} INFO - [2024-03-25T21:10:08.930+0000] {dag.py:3834} INFO - Setting next_dagrun for example_subdag_operator.section-1 to None, run_after=None
[2024-03-25T21:10:08.934+0000] {logging_mixin.py:188} INFO - [2024-03-25T21:10:08.934+0000] {dag.py:3834} INFO - Setting next_dagrun for example_subdag_operator.section-2 to None, run_after=None
[2024-03-25T21:10:08.952+0000] {logging_mixin.py:188} INFO - [2024-03-25T21:10:08.952+0000] {dag.py:3047} INFO - Sync 2 DAGs
[2024-03-25T21:10:08.965+0000] {logging_mixin.py:188} INFO - [2024-03-25T21:10:08.964+0000] {dag.py:3834} INFO - Setting next_dagrun for example_subdag_operator.section-1 to None, run_after=None
[2024-03-25T21:10:08.972+0000] {logging_mixin.py:188} INFO - [2024-03-25T21:10:08.970+0000] {dag.py:3834} INFO - Setting next_dagrun for example_subdag_operator.section-2 to None, run_after=None
[2024-03-25T21:10:09.016+0000] {processor.py:183} INFO - Processing /home/airflow/.local/lib/python3.8/site-packages/airflow/example_dags/example_subdag_operator.py took 0.242 seconds
[2024-03-25T21:10:39.654+0000] {processor.py:161} INFO - Started process (PID=149) to work on /home/airflow/.local/lib/python3.8/site-packages/airflow/example_dags/example_subdag_operator.py
[2024-03-25T21:10:39.656+0000] {processor.py:830} INFO - Processing file /home/airflow/.local/lib/python3.8/site-packages/airflow/example_dags/example_subdag_operator.py for tasks to queue
[2024-03-25T21:10:39.659+0000] {logging_mixin.py:188} INFO - [2024-03-25T21:10:39.659+0000] {dagbag.py:540} INFO - Filling up the DagBag from /home/airflow/.local/lib/python3.8/site-packages/airflow/example_dags/example_subdag_operator.py
[2024-03-25T21:10:39.698+0000] {processor.py:840} INFO - DAG(s) 'example_subdag_operator.section-1', 'example_subdag_operator.section-2', 'example_subdag_operator' retrieved from /home/airflow/.local/lib/python3.8/site-packages/airflow/example_dags/example_subdag_operator.py
[2024-03-25T21:10:39.724+0000] {logging_mixin.py:188} INFO - [2024-03-25T21:10:39.724+0000] {dag.py:3047} INFO - Sync 3 DAGs
[2024-03-25T21:10:39.761+0000] {logging_mixin.py:188} INFO - [2024-03-25T21:10:39.761+0000] {dag.py:3834} INFO - Setting next_dagrun for example_subdag_operator to 2022-01-01 00:00:00+00:00, run_after=2022-01-01 00:00:00+00:00
[2024-03-25T21:10:39.767+0000] {logging_mixin.py:188} INFO - [2024-03-25T21:10:39.766+0000] {dag.py:3834} INFO - Setting next_dagrun for example_subdag_operator.section-1 to None, run_after=None
[2024-03-25T21:10:39.768+0000] {logging_mixin.py:188} INFO - [2024-03-25T21:10:39.768+0000] {dag.py:3834} INFO - Setting next_dagrun for example_subdag_operator.section-2 to None, run_after=None
[2024-03-25T21:10:39.778+0000] {logging_mixin.py:188} INFO - [2024-03-25T21:10:39.778+0000] {dag.py:3047} INFO - Sync 2 DAGs
[2024-03-25T21:10:39.786+0000] {logging_mixin.py:188} INFO - [2024-03-25T21:10:39.786+0000] {dag.py:3834} INFO - Setting next_dagrun for example_subdag_operator.section-1 to None, run_after=None
[2024-03-25T21:10:39.787+0000] {logging_mixin.py:188} INFO - [2024-03-25T21:10:39.787+0000] {dag.py:3834} INFO - Setting next_dagrun for example_subdag_operator.section-2 to None, run_after=None
[2024-03-25T21:10:39.808+0000] {processor.py:183} INFO - Processing /home/airflow/.local/lib/python3.8/site-packages/airflow/example_dags/example_subdag_operator.py took 0.160 seconds
[2024-03-25T21:11:09.933+0000] {processor.py:161} INFO - Started process (PID=204) to work on /home/airflow/.local/lib/python3.8/site-packages/airflow/example_dags/example_subdag_operator.py
[2024-03-25T21:11:09.935+0000] {processor.py:830} INFO - Processing file /home/airflow/.local/lib/python3.8/site-packages/airflow/example_dags/example_subdag_operator.py for tasks to queue
[2024-03-25T21:11:09.938+0000] {logging_mixin.py:188} INFO - [2024-03-25T21:11:09.938+0000] {dagbag.py:540} INFO - Filling up the DagBag from /home/airflow/.local/lib/python3.8/site-packages/airflow/example_dags/example_subdag_operator.py
[2024-03-25T21:11:09.976+0000] {processor.py:840} INFO - DAG(s) 'example_subdag_operator.section-1', 'example_subdag_operator.section-2', 'example_subdag_operator' retrieved from /home/airflow/.local/lib/python3.8/site-packages/airflow/example_dags/example_subdag_operator.py
[2024-03-25T21:11:10.002+0000] {logging_mixin.py:188} INFO - [2024-03-25T21:11:10.001+0000] {dag.py:3047} INFO - Sync 3 DAGs
[2024-03-25T21:11:10.034+0000] {logging_mixin.py:188} INFO - [2024-03-25T21:11:10.033+0000] {dag.py:3834} INFO - Setting next_dagrun for example_subdag_operator to 2022-01-01 00:00:00+00:00, run_after=2022-01-01 00:00:00+00:00
[2024-03-25T21:11:10.039+0000] {logging_mixin.py:188} INFO - [2024-03-25T21:11:10.039+0000] {dag.py:3834} INFO - Setting next_dagrun for example_subdag_operator.section-1 to None, run_after=None
[2024-03-25T21:11:10.042+0000] {logging_mixin.py:188} INFO - [2024-03-25T21:11:10.041+0000] {dag.py:3834} INFO - Setting next_dagrun for example_subdag_operator.section-2 to None, run_after=None
[2024-03-25T21:11:10.053+0000] {logging_mixin.py:188} INFO - [2024-03-25T21:11:10.052+0000] {dag.py:3047} INFO - Sync 2 DAGs
[2024-03-25T21:11:10.062+0000] {logging_mixin.py:188} INFO - [2024-03-25T21:11:10.062+0000] {dag.py:3834} INFO - Setting next_dagrun for example_subdag_operator.section-1 to None, run_after=None
[2024-03-25T21:11:10.064+0000] {logging_mixin.py:188} INFO - [2024-03-25T21:11:10.063+0000] {dag.py:3834} INFO - Setting next_dagrun for example_subdag_operator.section-2 to None, run_after=None
[2024-03-25T21:11:10.082+0000] {processor.py:183} INFO - Processing /home/airflow/.local/lib/python3.8/site-packages/airflow/example_dags/example_subdag_operator.py took 0.154 seconds
[2024-03-25T21:11:40.377+0000] {processor.py:161} INFO - Started process (PID=260) to work on /home/airflow/.local/lib/python3.8/site-packages/airflow/example_dags/example_subdag_operator.py
[2024-03-25T21:11:40.379+0000] {processor.py:830} INFO - Processing file /home/airflow/.local/lib/python3.8/site-packages/airflow/example_dags/example_subdag_operator.py for tasks to queue
[2024-03-25T21:11:40.383+0000] {logging_mixin.py:188} INFO - [2024-03-25T21:11:40.382+0000] {dagbag.py:540} INFO - Filling up the DagBag from /home/airflow/.local/lib/python3.8/site-packages/airflow/example_dags/example_subdag_operator.py
[2024-03-25T21:11:40.421+0000] {processor.py:840} INFO - DAG(s) 'example_subdag_operator.section-1', 'example_subdag_operator.section-2', 'example_subdag_operator' retrieved from /home/airflow/.local/lib/python3.8/site-packages/airflow/example_dags/example_subdag_operator.py
[2024-03-25T21:11:40.450+0000] {logging_mixin.py:188} INFO - [2024-03-25T21:11:40.450+0000] {dag.py:3047} INFO - Sync 3 DAGs
[2024-03-25T21:11:40.486+0000] {logging_mixin.py:188} INFO - [2024-03-25T21:11:40.486+0000] {dag.py:3834} INFO - Setting next_dagrun for example_subdag_operator to 2022-01-01 00:00:00+00:00, run_after=2022-01-01 00:00:00+00:00
[2024-03-25T21:11:40.493+0000] {logging_mixin.py:188} INFO - [2024-03-25T21:11:40.492+0000] {dag.py:3834} INFO - Setting next_dagrun for example_subdag_operator.section-1 to None, run_after=None
[2024-03-25T21:11:40.495+0000] {logging_mixin.py:188} INFO - [2024-03-25T21:11:40.495+0000] {dag.py:3834} INFO - Setting next_dagrun for example_subdag_operator.section-2 to None, run_after=None
[2024-03-25T21:11:40.505+0000] {logging_mixin.py:188} INFO - [2024-03-25T21:11:40.505+0000] {dag.py:3047} INFO - Sync 2 DAGs
[2024-03-25T21:11:40.514+0000] {logging_mixin.py:188} INFO - [2024-03-25T21:11:40.514+0000] {dag.py:3834} INFO - Setting next_dagrun for example_subdag_operator.section-1 to None, run_after=None
[2024-03-25T21:11:40.515+0000] {logging_mixin.py:188} INFO - [2024-03-25T21:11:40.515+0000] {dag.py:3834} INFO - Setting next_dagrun for example_subdag_operator.section-2 to None, run_after=None
[2024-03-25T21:11:40.533+0000] {processor.py:183} INFO - Processing /home/airflow/.local/lib/python3.8/site-packages/airflow/example_dags/example_subdag_operator.py took 0.161 seconds
[2024-03-25T21:12:10.720+0000] {processor.py:161} INFO - Started process (PID=317) to work on /home/airflow/.local/lib/python3.8/site-packages/airflow/example_dags/example_subdag_operator.py
[2024-03-25T21:12:10.722+0000] {processor.py:830} INFO - Processing file /home/airflow/.local/lib/python3.8/site-packages/airflow/example_dags/example_subdag_operator.py for tasks to queue
[2024-03-25T21:12:10.725+0000] {logging_mixin.py:188} INFO - [2024-03-25T21:12:10.724+0000] {dagbag.py:540} INFO - Filling up the DagBag from /home/airflow/.local/lib/python3.8/site-packages/airflow/example_dags/example_subdag_operator.py
[2024-03-25T21:12:10.763+0000] {processor.py:840} INFO - DAG(s) 'example_subdag_operator.section-1', 'example_subdag_operator.section-2', 'example_subdag_operator' retrieved from /home/airflow/.local/lib/python3.8/site-packages/airflow/example_dags/example_subdag_operator.py
[2024-03-25T21:12:10.789+0000] {logging_mixin.py:188} INFO - [2024-03-25T21:12:10.788+0000] {dag.py:3047} INFO - Sync 3 DAGs
[2024-03-25T21:12:10.821+0000] {logging_mixin.py:188} INFO - [2024-03-25T21:12:10.821+0000] {dag.py:3834} INFO - Setting next_dagrun for example_subdag_operator to 2022-01-01 00:00:00+00:00, run_after=2022-01-01 00:00:00+00:00
[2024-03-25T21:12:10.827+0000] {logging_mixin.py:188} INFO - [2024-03-25T21:12:10.827+0000] {dag.py:3834} INFO - Setting next_dagrun for example_subdag_operator.section-1 to None, run_after=None
[2024-03-25T21:12:10.829+0000] {logging_mixin.py:188} INFO - [2024-03-25T21:12:10.829+0000] {dag.py:3834} INFO - Setting next_dagrun for example_subdag_operator.section-2 to None, run_after=None
[2024-03-25T21:12:10.841+0000] {logging_mixin.py:188} INFO - [2024-03-25T21:12:10.840+0000] {dag.py:3047} INFO - Sync 2 DAGs
[2024-03-25T21:12:10.849+0000] {logging_mixin.py:188} INFO - [2024-03-25T21:12:10.848+0000] {dag.py:3834} INFO - Setting next_dagrun for example_subdag_operator.section-1 to None, run_after=None
[2024-03-25T21:12:10.850+0000] {logging_mixin.py:188} INFO - [2024-03-25T21:12:10.850+0000] {dag.py:3834} INFO - Setting next_dagrun for example_subdag_operator.section-2 to None, run_after=None
[2024-03-25T21:12:10.867+0000] {processor.py:183} INFO - Processing /home/airflow/.local/lib/python3.8/site-packages/airflow/example_dags/example_subdag_operator.py took 0.153 seconds
[2024-03-25T21:12:41.058+0000] {processor.py:161} INFO - Started process (PID=372) to work on /home/airflow/.local/lib/python3.8/site-packages/airflow/example_dags/example_subdag_operator.py
[2024-03-25T21:12:41.060+0000] {processor.py:830} INFO - Processing file /home/airflow/.local/lib/python3.8/site-packages/airflow/example_dags/example_subdag_operator.py for tasks to queue
[2024-03-25T21:12:41.064+0000] {logging_mixin.py:188} INFO - [2024-03-25T21:12:41.063+0000] {dagbag.py:540} INFO - Filling up the DagBag from /home/airflow/.local/lib/python3.8/site-packages/airflow/example_dags/example_subdag_operator.py
[2024-03-25T21:12:41.108+0000] {processor.py:840} INFO - DAG(s) 'example_subdag_operator.section-1', 'example_subdag_operator.section-2', 'example_subdag_operator' retrieved from /home/airflow/.local/lib/python3.8/site-packages/airflow/example_dags/example_subdag_operator.py
[2024-03-25T21:12:41.137+0000] {logging_mixin.py:188} INFO - [2024-03-25T21:12:41.136+0000] {dag.py:3047} INFO - Sync 3 DAGs
[2024-03-25T21:12:41.187+0000] {logging_mixin.py:188} INFO - [2024-03-25T21:12:41.185+0000] {dag.py:3834} INFO - Setting next_dagrun for example_subdag_operator to 2022-01-01 00:00:00+00:00, run_after=2022-01-01 00:00:00+00:00
[2024-03-25T21:12:41.196+0000] {logging_mixin.py:188} INFO - [2024-03-25T21:12:41.195+0000] {dag.py:3834} INFO - Setting next_dagrun for example_subdag_operator.section-1 to None, run_after=None
[2024-03-25T21:12:41.202+0000] {logging_mixin.py:188} INFO - [2024-03-25T21:12:41.200+0000] {dag.py:3834} INFO - Setting next_dagrun for example_subdag_operator.section-2 to None, run_after=None
[2024-03-25T21:12:41.217+0000] {logging_mixin.py:188} INFO - [2024-03-25T21:12:41.217+0000] {dag.py:3047} INFO - Sync 2 DAGs
[2024-03-25T21:12:41.226+0000] {logging_mixin.py:188} INFO - [2024-03-25T21:12:41.226+0000] {dag.py:3834} INFO - Setting next_dagrun for example_subdag_operator.section-1 to None, run_after=None
[2024-03-25T21:12:41.227+0000] {logging_mixin.py:188} INFO - [2024-03-25T21:12:41.227+0000] {dag.py:3834} INFO - Setting next_dagrun for example_subdag_operator.section-2 to None, run_after=None
[2024-03-25T21:12:41.246+0000] {processor.py:183} INFO - Processing /home/airflow/.local/lib/python3.8/site-packages/airflow/example_dags/example_subdag_operator.py took 0.193 seconds
[2024-03-25T21:13:11.378+0000] {processor.py:161} INFO - Started process (PID=428) to work on /home/airflow/.local/lib/python3.8/site-packages/airflow/example_dags/example_subdag_operator.py
[2024-03-25T21:13:11.379+0000] {processor.py:830} INFO - Processing file /home/airflow/.local/lib/python3.8/site-packages/airflow/example_dags/example_subdag_operator.py for tasks to queue
[2024-03-25T21:13:11.383+0000] {logging_mixin.py:188} INFO - [2024-03-25T21:13:11.382+0000] {dagbag.py:540} INFO - Filling up the DagBag from /home/airflow/.local/lib/python3.8/site-packages/airflow/example_dags/example_subdag_operator.py
[2024-03-25T21:13:11.424+0000] {processor.py:840} INFO - DAG(s) 'example_subdag_operator.section-1', 'example_subdag_operator.section-2', 'example_subdag_operator' retrieved from /home/airflow/.local/lib/python3.8/site-packages/airflow/example_dags/example_subdag_operator.py
[2024-03-25T21:13:11.455+0000] {logging_mixin.py:188} INFO - [2024-03-25T21:13:11.455+0000] {dag.py:3047} INFO - Sync 3 DAGs
[2024-03-25T21:13:11.490+0000] {logging_mixin.py:188} INFO - [2024-03-25T21:13:11.490+0000] {dag.py:3834} INFO - Setting next_dagrun for example_subdag_operator to 2022-01-01 00:00:00+00:00, run_after=2022-01-01 00:00:00+00:00
[2024-03-25T21:13:11.496+0000] {logging_mixin.py:188} INFO - [2024-03-25T21:13:11.496+0000] {dag.py:3834} INFO - Setting next_dagrun for example_subdag_operator.section-1 to None, run_after=None
[2024-03-25T21:13:11.499+0000] {logging_mixin.py:188} INFO - [2024-03-25T21:13:11.498+0000] {dag.py:3834} INFO - Setting next_dagrun for example_subdag_operator.section-2 to None, run_after=None
[2024-03-25T21:13:11.509+0000] {logging_mixin.py:188} INFO - [2024-03-25T21:13:11.509+0000] {dag.py:3047} INFO - Sync 2 DAGs
[2024-03-25T21:13:11.516+0000] {logging_mixin.py:188} INFO - [2024-03-25T21:13:11.516+0000] {dag.py:3834} INFO - Setting next_dagrun for example_subdag_operator.section-1 to None, run_after=None
[2024-03-25T21:13:11.517+0000] {logging_mixin.py:188} INFO - [2024-03-25T21:13:11.517+0000] {dag.py:3834} INFO - Setting next_dagrun for example_subdag_operator.section-2 to None, run_after=None
[2024-03-25T21:13:11.534+0000] {processor.py:183} INFO - Processing /home/airflow/.local/lib/python3.8/site-packages/airflow/example_dags/example_subdag_operator.py took 0.162 seconds
[2024-03-25T21:13:41.747+0000] {processor.py:161} INFO - Started process (PID=484) to work on /home/airflow/.local/lib/python3.8/site-packages/airflow/example_dags/example_subdag_operator.py
[2024-03-25T21:13:41.748+0000] {processor.py:830} INFO - Processing file /home/airflow/.local/lib/python3.8/site-packages/airflow/example_dags/example_subdag_operator.py for tasks to queue
[2024-03-25T21:13:41.751+0000] {logging_mixin.py:188} INFO - [2024-03-25T21:13:41.751+0000] {dagbag.py:540} INFO - Filling up the DagBag from /home/airflow/.local/lib/python3.8/site-packages/airflow/example_dags/example_subdag_operator.py
[2024-03-25T21:13:41.789+0000] {processor.py:840} INFO - DAG(s) 'example_subdag_operator.section-1', 'example_subdag_operator.section-2', 'example_subdag_operator' retrieved from /home/airflow/.local/lib/python3.8/site-packages/airflow/example_dags/example_subdag_operator.py
[2024-03-25T21:13:41.815+0000] {logging_mixin.py:188} INFO - [2024-03-25T21:13:41.815+0000] {dag.py:3047} INFO - Sync 3 DAGs
[2024-03-25T21:13:41.847+0000] {logging_mixin.py:188} INFO - [2024-03-25T21:13:41.847+0000] {dag.py:3834} INFO - Setting next_dagrun for example_subdag_operator to 2022-01-01 00:00:00+00:00, run_after=2022-01-01 00:00:00+00:00
[2024-03-25T21:13:41.853+0000] {logging_mixin.py:188} INFO - [2024-03-25T21:13:41.852+0000] {dag.py:3834} INFO - Setting next_dagrun for example_subdag_operator.section-1 to None, run_after=None
[2024-03-25T21:13:41.855+0000] {logging_mixin.py:188} INFO - [2024-03-25T21:13:41.855+0000] {dag.py:3834} INFO - Setting next_dagrun for example_subdag_operator.section-2 to None, run_after=None
[2024-03-25T21:13:41.867+0000] {logging_mixin.py:188} INFO - [2024-03-25T21:13:41.866+0000] {dag.py:3047} INFO - Sync 2 DAGs
[2024-03-25T21:13:41.875+0000] {logging_mixin.py:188} INFO - [2024-03-25T21:13:41.875+0000] {dag.py:3834} INFO - Setting next_dagrun for example_subdag_operator.section-1 to None, run_after=None
[2024-03-25T21:13:41.876+0000] {logging_mixin.py:188} INFO - [2024-03-25T21:13:41.876+0000] {dag.py:3834} INFO - Setting next_dagrun for example_subdag_operator.section-2 to None, run_after=None
[2024-03-25T21:13:41.894+0000] {processor.py:183} INFO - Processing /home/airflow/.local/lib/python3.8/site-packages/airflow/example_dags/example_subdag_operator.py took 0.153 seconds
[2024-03-25T21:14:12.455+0000] {processor.py:161} INFO - Started process (PID=540) to work on /home/airflow/.local/lib/python3.8/site-packages/airflow/example_dags/example_subdag_operator.py
[2024-03-25T21:14:12.457+0000] {processor.py:830} INFO - Processing file /home/airflow/.local/lib/python3.8/site-packages/airflow/example_dags/example_subdag_operator.py for tasks to queue
[2024-03-25T21:14:12.460+0000] {logging_mixin.py:188} INFO - [2024-03-25T21:14:12.459+0000] {dagbag.py:540} INFO - Filling up the DagBag from /home/airflow/.local/lib/python3.8/site-packages/airflow/example_dags/example_subdag_operator.py
[2024-03-25T21:14:12.498+0000] {processor.py:840} INFO - DAG(s) 'example_subdag_operator.section-1', 'example_subdag_operator.section-2', 'example_subdag_operator' retrieved from /home/airflow/.local/lib/python3.8/site-packages/airflow/example_dags/example_subdag_operator.py
[2024-03-25T21:14:12.526+0000] {logging_mixin.py:188} INFO - [2024-03-25T21:14:12.526+0000] {dag.py:3047} INFO - Sync 3 DAGs
[2024-03-25T21:14:12.560+0000] {logging_mixin.py:188} INFO - [2024-03-25T21:14:12.560+0000] {dag.py:3834} INFO - Setting next_dagrun for example_subdag_operator to 2022-01-01 00:00:00+00:00, run_after=2022-01-01 00:00:00+00:00
[2024-03-25T21:14:12.566+0000] {logging_mixin.py:188} INFO - [2024-03-25T21:14:12.566+0000] {dag.py:3834} INFO - Setting next_dagrun for example_subdag_operator.section-1 to None, run_after=None
[2024-03-25T21:14:12.569+0000] {logging_mixin.py:188} INFO - [2024-03-25T21:14:12.569+0000] {dag.py:3834} INFO - Setting next_dagrun for example_subdag_operator.section-2 to None, run_after=None
[2024-03-25T21:14:12.580+0000] {logging_mixin.py:188} INFO - [2024-03-25T21:14:12.579+0000] {dag.py:3047} INFO - Sync 2 DAGs
[2024-03-25T21:14:12.588+0000] {logging_mixin.py:188} INFO - [2024-03-25T21:14:12.588+0000] {dag.py:3834} INFO - Setting next_dagrun for example_subdag_operator.section-1 to None, run_after=None
[2024-03-25T21:14:12.589+0000] {logging_mixin.py:188} INFO - [2024-03-25T21:14:12.589+0000] {dag.py:3834} INFO - Setting next_dagrun for example_subdag_operator.section-2 to None, run_after=None
[2024-03-25T21:14:12.606+0000] {processor.py:183} INFO - Processing /home/airflow/.local/lib/python3.8/site-packages/airflow/example_dags/example_subdag_operator.py took 0.156 seconds
[2024-03-25T21:14:42.998+0000] {processor.py:161} INFO - Started process (PID=596) to work on /home/airflow/.local/lib/python3.8/site-packages/airflow/example_dags/example_subdag_operator.py
[2024-03-25T21:14:42.999+0000] {processor.py:830} INFO - Processing file /home/airflow/.local/lib/python3.8/site-packages/airflow/example_dags/example_subdag_operator.py for tasks to queue
[2024-03-25T21:14:43.002+0000] {logging_mixin.py:188} INFO - [2024-03-25T21:14:43.002+0000] {dagbag.py:540} INFO - Filling up the DagBag from /home/airflow/.local/lib/python3.8/site-packages/airflow/example_dags/example_subdag_operator.py
[2024-03-25T21:14:43.043+0000] {processor.py:840} INFO - DAG(s) 'example_subdag_operator.section-1', 'example_subdag_operator.section-2', 'example_subdag_operator' retrieved from /home/airflow/.local/lib/python3.8/site-packages/airflow/example_dags/example_subdag_operator.py
[2024-03-25T21:14:43.070+0000] {logging_mixin.py:188} INFO - [2024-03-25T21:14:43.070+0000] {dag.py:3047} INFO - Sync 3 DAGs
[2024-03-25T21:14:43.102+0000] {logging_mixin.py:188} INFO - [2024-03-25T21:14:43.102+0000] {dag.py:3834} INFO - Setting next_dagrun for example_subdag_operator to 2022-01-01 00:00:00+00:00, run_after=2022-01-01 00:00:00+00:00
[2024-03-25T21:14:43.107+0000] {logging_mixin.py:188} INFO - [2024-03-25T21:14:43.107+0000] {dag.py:3834} INFO - Setting next_dagrun for example_subdag_operator.section-1 to None, run_after=None
[2024-03-25T21:14:43.110+0000] {logging_mixin.py:188} INFO - [2024-03-25T21:14:43.110+0000] {dag.py:3834} INFO - Setting next_dagrun for example_subdag_operator.section-2 to None, run_after=None
[2024-03-25T21:14:43.121+0000] {logging_mixin.py:188} INFO - [2024-03-25T21:14:43.120+0000] {dag.py:3047} INFO - Sync 2 DAGs
[2024-03-25T21:14:43.130+0000] {logging_mixin.py:188} INFO - [2024-03-25T21:14:43.129+0000] {dag.py:3834} INFO - Setting next_dagrun for example_subdag_operator.section-1 to None, run_after=None
[2024-03-25T21:14:43.131+0000] {logging_mixin.py:188} INFO - [2024-03-25T21:14:43.130+0000] {dag.py:3834} INFO - Setting next_dagrun for example_subdag_operator.section-2 to None, run_after=None
[2024-03-25T21:14:43.149+0000] {processor.py:183} INFO - Processing /home/airflow/.local/lib/python3.8/site-packages/airflow/example_dags/example_subdag_operator.py took 0.158 seconds
[2024-03-25T21:15:13.438+0000] {processor.py:161} INFO - Started process (PID=652) to work on /home/airflow/.local/lib/python3.8/site-packages/airflow/example_dags/example_subdag_operator.py
[2024-03-25T21:15:13.440+0000] {processor.py:830} INFO - Processing file /home/airflow/.local/lib/python3.8/site-packages/airflow/example_dags/example_subdag_operator.py for tasks to queue
[2024-03-25T21:15:13.443+0000] {logging_mixin.py:188} INFO - [2024-03-25T21:15:13.442+0000] {dagbag.py:540} INFO - Filling up the DagBag from /home/airflow/.local/lib/python3.8/site-packages/airflow/example_dags/example_subdag_operator.py
[2024-03-25T21:15:13.481+0000] {processor.py:840} INFO - DAG(s) 'example_subdag_operator.section-1', 'example_subdag_operator.section-2', 'example_subdag_operator' retrieved from /home/airflow/.local/lib/python3.8/site-packages/airflow/example_dags/example_subdag_operator.py
[2024-03-25T21:15:13.507+0000] {logging_mixin.py:188} INFO - [2024-03-25T21:15:13.507+0000] {dag.py:3047} INFO - Sync 3 DAGs
[2024-03-25T21:15:13.541+0000] {logging_mixin.py:188} INFO - [2024-03-25T21:15:13.540+0000] {dag.py:3834} INFO - Setting next_dagrun for example_subdag_operator to 2022-01-01 00:00:00+00:00, run_after=2022-01-01 00:00:00+00:00
[2024-03-25T21:15:13.547+0000] {logging_mixin.py:188} INFO - [2024-03-25T21:15:13.547+0000] {dag.py:3834} INFO - Setting next_dagrun for example_subdag_operator.section-1 to None, run_after=None
[2024-03-25T21:15:13.550+0000] {logging_mixin.py:188} INFO - [2024-03-25T21:15:13.549+0000] {dag.py:3834} INFO - Setting next_dagrun for example_subdag_operator.section-2 to None, run_after=None
[2024-03-25T21:15:13.562+0000] {logging_mixin.py:188} INFO - [2024-03-25T21:15:13.562+0000] {dag.py:3047} INFO - Sync 2 DAGs
[2024-03-25T21:15:13.574+0000] {logging_mixin.py:188} INFO - [2024-03-25T21:15:13.573+0000] {dag.py:3834} INFO - Setting next_dagrun for example_subdag_operator.section-1 to None, run_after=None
[2024-03-25T21:15:13.574+0000] {logging_mixin.py:188} INFO - [2024-03-25T21:15:13.574+0000] {dag.py:3834} INFO - Setting next_dagrun for example_subdag_operator.section-2 to None, run_after=None
[2024-03-25T21:15:13.595+0000] {processor.py:183} INFO - Processing /home/airflow/.local/lib/python3.8/site-packages/airflow/example_dags/example_subdag_operator.py took 0.164 seconds
[2024-03-25T21:15:44.188+0000] {processor.py:161} INFO - Started process (PID=709) to work on /home/airflow/.local/lib/python3.8/site-packages/airflow/example_dags/example_subdag_operator.py
[2024-03-25T21:15:44.190+0000] {processor.py:830} INFO - Processing file /home/airflow/.local/lib/python3.8/site-packages/airflow/example_dags/example_subdag_operator.py for tasks to queue
[2024-03-25T21:15:44.193+0000] {logging_mixin.py:188} INFO - [2024-03-25T21:15:44.192+0000] {dagbag.py:540} INFO - Filling up the DagBag from /home/airflow/.local/lib/python3.8/site-packages/airflow/example_dags/example_subdag_operator.py
[2024-03-25T21:15:44.231+0000] {processor.py:840} INFO - DAG(s) 'example_subdag_operator.section-1', 'example_subdag_operator.section-2', 'example_subdag_operator' retrieved from /home/airflow/.local/lib/python3.8/site-packages/airflow/example_dags/example_subdag_operator.py
[2024-03-25T21:15:44.258+0000] {logging_mixin.py:188} INFO - [2024-03-25T21:15:44.258+0000] {dag.py:3047} INFO - Sync 3 DAGs
[2024-03-25T21:15:44.294+0000] {logging_mixin.py:188} INFO - [2024-03-25T21:15:44.294+0000] {dag.py:3834} INFO - Setting next_dagrun for example_subdag_operator to 2022-01-01 00:00:00+00:00, run_after=2022-01-01 00:00:00+00:00
[2024-03-25T21:15:44.301+0000] {logging_mixin.py:188} INFO - [2024-03-25T21:15:44.301+0000] {dag.py:3834} INFO - Setting next_dagrun for example_subdag_operator.section-1 to None, run_after=None
[2024-03-25T21:15:44.304+0000] {logging_mixin.py:188} INFO - [2024-03-25T21:15:44.304+0000] {dag.py:3834} INFO - Setting next_dagrun for example_subdag_operator.section-2 to None, run_after=None
[2024-03-25T21:15:44.315+0000] {logging_mixin.py:188} INFO - [2024-03-25T21:15:44.315+0000] {dag.py:3047} INFO - Sync 2 DAGs
[2024-03-25T21:15:44.324+0000] {logging_mixin.py:188} INFO - [2024-03-25T21:15:44.323+0000] {dag.py:3834} INFO - Setting next_dagrun for example_subdag_operator.section-1 to None, run_after=None
[2024-03-25T21:15:44.325+0000] {logging_mixin.py:188} INFO - [2024-03-25T21:15:44.325+0000] {dag.py:3834} INFO - Setting next_dagrun for example_subdag_operator.section-2 to None, run_after=None
[2024-03-25T21:15:44.354+0000] {processor.py:183} INFO - Processing /home/airflow/.local/lib/python3.8/site-packages/airflow/example_dags/example_subdag_operator.py took 0.172 seconds
[2024-03-25T21:16:14.421+0000] {processor.py:161} INFO - Started process (PID=764) to work on /home/airflow/.local/lib/python3.8/site-packages/airflow/example_dags/example_subdag_operator.py
[2024-03-25T21:16:14.423+0000] {processor.py:830} INFO - Processing file /home/airflow/.local/lib/python3.8/site-packages/airflow/example_dags/example_subdag_operator.py for tasks to queue
[2024-03-25T21:16:14.426+0000] {logging_mixin.py:188} INFO - [2024-03-25T21:16:14.426+0000] {dagbag.py:540} INFO - Filling up the DagBag from /home/airflow/.local/lib/python3.8/site-packages/airflow/example_dags/example_subdag_operator.py
[2024-03-25T21:16:14.464+0000] {processor.py:840} INFO - DAG(s) 'example_subdag_operator.section-1', 'example_subdag_operator.section-2', 'example_subdag_operator' retrieved from /home/airflow/.local/lib/python3.8/site-packages/airflow/example_dags/example_subdag_operator.py
[2024-03-25T21:16:14.490+0000] {logging_mixin.py:188} INFO - [2024-03-25T21:16:14.489+0000] {dag.py:3047} INFO - Sync 3 DAGs
[2024-03-25T21:16:14.529+0000] {logging_mixin.py:188} INFO - [2024-03-25T21:16:14.528+0000] {dag.py:3834} INFO - Setting next_dagrun for example_subdag_operator to 2022-01-01 00:00:00+00:00, run_after=2022-01-01 00:00:00+00:00
[2024-03-25T21:16:14.536+0000] {logging_mixin.py:188} INFO - [2024-03-25T21:16:14.536+0000] {dag.py:3834} INFO - Setting next_dagrun for example_subdag_operator.section-1 to None, run_after=None
[2024-03-25T21:16:14.540+0000] {logging_mixin.py:188} INFO - [2024-03-25T21:16:14.539+0000] {dag.py:3834} INFO - Setting next_dagrun for example_subdag_operator.section-2 to None, run_after=None
[2024-03-25T21:16:14.553+0000] {logging_mixin.py:188} INFO - [2024-03-25T21:16:14.553+0000] {dag.py:3047} INFO - Sync 2 DAGs
[2024-03-25T21:16:14.564+0000] {logging_mixin.py:188} INFO - [2024-03-25T21:16:14.564+0000] {dag.py:3834} INFO - Setting next_dagrun for example_subdag_operator.section-1 to None, run_after=None
[2024-03-25T21:16:14.565+0000] {logging_mixin.py:188} INFO - [2024-03-25T21:16:14.565+0000] {dag.py:3834} INFO - Setting next_dagrun for example_subdag_operator.section-2 to None, run_after=None
[2024-03-25T21:16:14.587+0000] {processor.py:183} INFO - Processing /home/airflow/.local/lib/python3.8/site-packages/airflow/example_dags/example_subdag_operator.py took 0.172 seconds
[2024-03-25T21:16:44.717+0000] {processor.py:161} INFO - Started process (PID=820) to work on /home/airflow/.local/lib/python3.8/site-packages/airflow/example_dags/example_subdag_operator.py
[2024-03-25T21:16:44.719+0000] {processor.py:830} INFO - Processing file /home/airflow/.local/lib/python3.8/site-packages/airflow/example_dags/example_subdag_operator.py for tasks to queue
[2024-03-25T21:16:44.722+0000] {logging_mixin.py:188} INFO - [2024-03-25T21:16:44.721+0000] {dagbag.py:540} INFO - Filling up the DagBag from /home/airflow/.local/lib/python3.8/site-packages/airflow/example_dags/example_subdag_operator.py
[2024-03-25T21:16:44.760+0000] {processor.py:840} INFO - DAG(s) 'example_subdag_operator.section-1', 'example_subdag_operator.section-2', 'example_subdag_operator' retrieved from /home/airflow/.local/lib/python3.8/site-packages/airflow/example_dags/example_subdag_operator.py
[2024-03-25T21:16:44.786+0000] {logging_mixin.py:188} INFO - [2024-03-25T21:16:44.786+0000] {dag.py:3047} INFO - Sync 3 DAGs
[2024-03-25T21:16:44.819+0000] {logging_mixin.py:188} INFO - [2024-03-25T21:16:44.819+0000] {dag.py:3834} INFO - Setting next_dagrun for example_subdag_operator to 2022-01-01 00:00:00+00:00, run_after=2022-01-01 00:00:00+00:00
[2024-03-25T21:16:44.825+0000] {logging_mixin.py:188} INFO - [2024-03-25T21:16:44.824+0000] {dag.py:3834} INFO - Setting next_dagrun for example_subdag_operator.section-1 to None, run_after=None
[2024-03-25T21:16:44.827+0000] {logging_mixin.py:188} INFO - [2024-03-25T21:16:44.827+0000] {dag.py:3834} INFO - Setting next_dagrun for example_subdag_operator.section-2 to None, run_after=None
[2024-03-25T21:16:44.837+0000] {logging_mixin.py:188} INFO - [2024-03-25T21:16:44.837+0000] {dag.py:3047} INFO - Sync 2 DAGs
[2024-03-25T21:16:44.845+0000] {logging_mixin.py:188} INFO - [2024-03-25T21:16:44.845+0000] {dag.py:3834} INFO - Setting next_dagrun for example_subdag_operator.section-1 to None, run_after=None
[2024-03-25T21:16:44.846+0000] {logging_mixin.py:188} INFO - [2024-03-25T21:16:44.846+0000] {dag.py:3834} INFO - Setting next_dagrun for example_subdag_operator.section-2 to None, run_after=None
[2024-03-25T21:16:44.864+0000] {processor.py:183} INFO - Processing /home/airflow/.local/lib/python3.8/site-packages/airflow/example_dags/example_subdag_operator.py took 0.152 seconds
[2024-03-25T21:17:15.159+0000] {processor.py:161} INFO - Started process (PID=876) to work on /home/airflow/.local/lib/python3.8/site-packages/airflow/example_dags/example_subdag_operator.py
[2024-03-25T21:17:15.161+0000] {processor.py:830} INFO - Processing file /home/airflow/.local/lib/python3.8/site-packages/airflow/example_dags/example_subdag_operator.py for tasks to queue
[2024-03-25T21:17:15.164+0000] {logging_mixin.py:188} INFO - [2024-03-25T21:17:15.163+0000] {dagbag.py:540} INFO - Filling up the DagBag from /home/airflow/.local/lib/python3.8/site-packages/airflow/example_dags/example_subdag_operator.py
[2024-03-25T21:17:15.204+0000] {processor.py:840} INFO - DAG(s) 'example_subdag_operator.section-1', 'example_subdag_operator.section-2', 'example_subdag_operator' retrieved from /home/airflow/.local/lib/python3.8/site-packages/airflow/example_dags/example_subdag_operator.py
[2024-03-25T21:17:15.232+0000] {logging_mixin.py:188} INFO - [2024-03-25T21:17:15.232+0000] {dag.py:3047} INFO - Sync 3 DAGs
[2024-03-25T21:17:15.266+0000] {logging_mixin.py:188} INFO - [2024-03-25T21:17:15.265+0000] {dag.py:3834} INFO - Setting next_dagrun for example_subdag_operator to 2022-01-01 00:00:00+00:00, run_after=2022-01-01 00:00:00+00:00
[2024-03-25T21:17:15.272+0000] {logging_mixin.py:188} INFO - [2024-03-25T21:17:15.271+0000] {dag.py:3834} INFO - Setting next_dagrun for example_subdag_operator.section-1 to None, run_after=None
[2024-03-25T21:17:15.274+0000] {logging_mixin.py:188} INFO - [2024-03-25T21:17:15.274+0000] {dag.py:3834} INFO - Setting next_dagrun for example_subdag_operator.section-2 to None, run_after=None
[2024-03-25T21:17:15.285+0000] {logging_mixin.py:188} INFO - [2024-03-25T21:17:15.285+0000] {dag.py:3047} INFO - Sync 2 DAGs
[2024-03-25T21:17:15.293+0000] {logging_mixin.py:188} INFO - [2024-03-25T21:17:15.293+0000] {dag.py:3834} INFO - Setting next_dagrun for example_subdag_operator.section-1 to None, run_after=None
[2024-03-25T21:17:15.294+0000] {logging_mixin.py:188} INFO - [2024-03-25T21:17:15.294+0000] {dag.py:3834} INFO - Setting next_dagrun for example_subdag_operator.section-2 to None, run_after=None
[2024-03-25T21:17:15.312+0000] {processor.py:183} INFO - Processing /home/airflow/.local/lib/python3.8/site-packages/airflow/example_dags/example_subdag_operator.py took 0.160 seconds
[2024-03-25T21:17:45.369+0000] {processor.py:161} INFO - Started process (PID=932) to work on /home/airflow/.local/lib/python3.8/site-packages/airflow/example_dags/example_subdag_operator.py
[2024-03-25T21:17:45.370+0000] {processor.py:830} INFO - Processing file /home/airflow/.local/lib/python3.8/site-packages/airflow/example_dags/example_subdag_operator.py for tasks to queue
[2024-03-25T21:17:45.373+0000] {logging_mixin.py:188} INFO - [2024-03-25T21:17:45.373+0000] {dagbag.py:540} INFO - Filling up the DagBag from /home/airflow/.local/lib/python3.8/site-packages/airflow/example_dags/example_subdag_operator.py
[2024-03-25T21:17:45.412+0000] {processor.py:840} INFO - DAG(s) 'example_subdag_operator.section-1', 'example_subdag_operator.section-2', 'example_subdag_operator' retrieved from /home/airflow/.local/lib/python3.8/site-packages/airflow/example_dags/example_subdag_operator.py
[2024-03-25T21:17:45.445+0000] {logging_mixin.py:188} INFO - [2024-03-25T21:17:45.445+0000] {dag.py:3047} INFO - Sync 3 DAGs
[2024-03-25T21:17:45.482+0000] {logging_mixin.py:188} INFO - [2024-03-25T21:17:45.482+0000] {dag.py:3834} INFO - Setting next_dagrun for example_subdag_operator to 2022-01-01 00:00:00+00:00, run_after=2022-01-01 00:00:00+00:00
[2024-03-25T21:17:45.489+0000] {logging_mixin.py:188} INFO - [2024-03-25T21:17:45.488+0000] {dag.py:3834} INFO - Setting next_dagrun for example_subdag_operator.section-1 to None, run_after=None
[2024-03-25T21:17:45.491+0000] {logging_mixin.py:188} INFO - [2024-03-25T21:17:45.491+0000] {dag.py:3834} INFO - Setting next_dagrun for example_subdag_operator.section-2 to None, run_after=None
[2024-03-25T21:17:45.501+0000] {logging_mixin.py:188} INFO - [2024-03-25T21:17:45.501+0000] {dag.py:3047} INFO - Sync 2 DAGs
[2024-03-25T21:17:45.510+0000] {logging_mixin.py:188} INFO - [2024-03-25T21:17:45.509+0000] {dag.py:3834} INFO - Setting next_dagrun for example_subdag_operator.section-1 to None, run_after=None
[2024-03-25T21:17:45.511+0000] {logging_mixin.py:188} INFO - [2024-03-25T21:17:45.510+0000] {dag.py:3834} INFO - Setting next_dagrun for example_subdag_operator.section-2 to None, run_after=None
[2024-03-25T21:17:45.528+0000] {processor.py:183} INFO - Processing /home/airflow/.local/lib/python3.8/site-packages/airflow/example_dags/example_subdag_operator.py took 0.165 seconds
[2024-03-25T21:18:15.602+0000] {processor.py:161} INFO - Started process (PID=988) to work on /home/airflow/.local/lib/python3.8/site-packages/airflow/example_dags/example_subdag_operator.py
[2024-03-25T21:18:15.604+0000] {processor.py:830} INFO - Processing file /home/airflow/.local/lib/python3.8/site-packages/airflow/example_dags/example_subdag_operator.py for tasks to queue
[2024-03-25T21:18:15.607+0000] {logging_mixin.py:188} INFO - [2024-03-25T21:18:15.606+0000] {dagbag.py:540} INFO - Filling up the DagBag from /home/airflow/.local/lib/python3.8/site-packages/airflow/example_dags/example_subdag_operator.py
[2024-03-25T21:18:15.644+0000] {processor.py:840} INFO - DAG(s) 'example_subdag_operator.section-1', 'example_subdag_operator.section-2', 'example_subdag_operator' retrieved from /home/airflow/.local/lib/python3.8/site-packages/airflow/example_dags/example_subdag_operator.py
[2024-03-25T21:18:15.670+0000] {logging_mixin.py:188} INFO - [2024-03-25T21:18:15.670+0000] {dag.py:3047} INFO - Sync 3 DAGs
[2024-03-25T21:18:15.703+0000] {logging_mixin.py:188} INFO - [2024-03-25T21:18:15.702+0000] {dag.py:3834} INFO - Setting next_dagrun for example_subdag_operator to 2022-01-01 00:00:00+00:00, run_after=2022-01-01 00:00:00+00:00
[2024-03-25T21:18:15.710+0000] {logging_mixin.py:188} INFO - [2024-03-25T21:18:15.709+0000] {dag.py:3834} INFO - Setting next_dagrun for example_subdag_operator.section-1 to None, run_after=None
[2024-03-25T21:18:15.712+0000] {logging_mixin.py:188} INFO - [2024-03-25T21:18:15.711+0000] {dag.py:3834} INFO - Setting next_dagrun for example_subdag_operator.section-2 to None, run_after=None
[2024-03-25T21:18:15.722+0000] {logging_mixin.py:188} INFO - [2024-03-25T21:18:15.722+0000] {dag.py:3047} INFO - Sync 2 DAGs
[2024-03-25T21:18:15.730+0000] {logging_mixin.py:188} INFO - [2024-03-25T21:18:15.730+0000] {dag.py:3834} INFO - Setting next_dagrun for example_subdag_operator.section-1 to None, run_after=None
[2024-03-25T21:18:15.731+0000] {logging_mixin.py:188} INFO - [2024-03-25T21:18:15.731+0000] {dag.py:3834} INFO - Setting next_dagrun for example_subdag_operator.section-2 to None, run_after=None
[2024-03-25T21:18:15.749+0000] {processor.py:183} INFO - Processing /home/airflow/.local/lib/python3.8/site-packages/airflow/example_dags/example_subdag_operator.py took 0.152 seconds
[2024-03-25T21:18:45.930+0000] {processor.py:161} INFO - Started process (PID=1045) to work on /home/airflow/.local/lib/python3.8/site-packages/airflow/example_dags/example_subdag_operator.py
[2024-03-25T21:18:45.932+0000] {processor.py:830} INFO - Processing file /home/airflow/.local/lib/python3.8/site-packages/airflow/example_dags/example_subdag_operator.py for tasks to queue
[2024-03-25T21:18:45.935+0000] {logging_mixin.py:188} INFO - [2024-03-25T21:18:45.935+0000] {dagbag.py:540} INFO - Filling up the DagBag from /home/airflow/.local/lib/python3.8/site-packages/airflow/example_dags/example_subdag_operator.py
[2024-03-25T21:18:45.974+0000] {processor.py:840} INFO - DAG(s) 'example_subdag_operator.section-1', 'example_subdag_operator.section-2', 'example_subdag_operator' retrieved from /home/airflow/.local/lib/python3.8/site-packages/airflow/example_dags/example_subdag_operator.py
[2024-03-25T21:18:46.015+0000] {logging_mixin.py:188} INFO - [2024-03-25T21:18:46.015+0000] {dag.py:3047} INFO - Sync 3 DAGs
[2024-03-25T21:18:46.047+0000] {logging_mixin.py:188} INFO - [2024-03-25T21:18:46.046+0000] {dag.py:3834} INFO - Setting next_dagrun for example_subdag_operator to 2022-01-01 00:00:00+00:00, run_after=2022-01-01 00:00:00+00:00
[2024-03-25T21:18:46.052+0000] {logging_mixin.py:188} INFO - [2024-03-25T21:18:46.052+0000] {dag.py:3834} INFO - Setting next_dagrun for example_subdag_operator.section-1 to None, run_after=None
[2024-03-25T21:18:46.054+0000] {logging_mixin.py:188} INFO - [2024-03-25T21:18:46.054+0000] {dag.py:3834} INFO - Setting next_dagrun for example_subdag_operator.section-2 to None, run_after=None
[2024-03-25T21:18:46.065+0000] {logging_mixin.py:188} INFO - [2024-03-25T21:18:46.065+0000] {dag.py:3047} INFO - Sync 2 DAGs
[2024-03-25T21:18:46.072+0000] {logging_mixin.py:188} INFO - [2024-03-25T21:18:46.072+0000] {dag.py:3834} INFO - Setting next_dagrun for example_subdag_operator.section-1 to None, run_after=None
[2024-03-25T21:18:46.073+0000] {logging_mixin.py:188} INFO - [2024-03-25T21:18:46.073+0000] {dag.py:3834} INFO - Setting next_dagrun for example_subdag_operator.section-2 to None, run_after=None
[2024-03-25T21:18:46.090+0000] {processor.py:183} INFO - Processing /home/airflow/.local/lib/python3.8/site-packages/airflow/example_dags/example_subdag_operator.py took 0.165 seconds
[2024-03-25T21:19:16.265+0000] {processor.py:161} INFO - Started process (PID=1100) to work on /home/airflow/.local/lib/python3.8/site-packages/airflow/example_dags/example_subdag_operator.py
[2024-03-25T21:19:16.266+0000] {processor.py:830} INFO - Processing file /home/airflow/.local/lib/python3.8/site-packages/airflow/example_dags/example_subdag_operator.py for tasks to queue
[2024-03-25T21:19:16.270+0000] {logging_mixin.py:188} INFO - [2024-03-25T21:19:16.269+0000] {dagbag.py:540} INFO - Filling up the DagBag from /home/airflow/.local/lib/python3.8/site-packages/airflow/example_dags/example_subdag_operator.py
[2024-03-25T21:19:16.307+0000] {processor.py:840} INFO - DAG(s) 'example_subdag_operator.section-1', 'example_subdag_operator.section-2', 'example_subdag_operator' retrieved from /home/airflow/.local/lib/python3.8/site-packages/airflow/example_dags/example_subdag_operator.py
[2024-03-25T21:19:16.334+0000] {logging_mixin.py:188} INFO - [2024-03-25T21:19:16.334+0000] {dag.py:3047} INFO - Sync 3 DAGs
[2024-03-25T21:19:16.367+0000] {logging_mixin.py:188} INFO - [2024-03-25T21:19:16.367+0000] {dag.py:3834} INFO - Setting next_dagrun for example_subdag_operator to 2022-01-01 00:00:00+00:00, run_after=2022-01-01 00:00:00+00:00
[2024-03-25T21:19:16.373+0000] {logging_mixin.py:188} INFO - [2024-03-25T21:19:16.372+0000] {dag.py:3834} INFO - Setting next_dagrun for example_subdag_operator.section-1 to None, run_after=None
[2024-03-25T21:19:16.375+0000] {logging_mixin.py:188} INFO - [2024-03-25T21:19:16.375+0000] {dag.py:3834} INFO - Setting next_dagrun for example_subdag_operator.section-2 to None, run_after=None
[2024-03-25T21:19:16.386+0000] {logging_mixin.py:188} INFO - [2024-03-25T21:19:16.386+0000] {dag.py:3047} INFO - Sync 2 DAGs
[2024-03-25T21:19:16.394+0000] {logging_mixin.py:188} INFO - [2024-03-25T21:19:16.394+0000] {dag.py:3834} INFO - Setting next_dagrun for example_subdag_operator.section-1 to None, run_after=None
[2024-03-25T21:19:16.395+0000] {logging_mixin.py:188} INFO - [2024-03-25T21:19:16.395+0000] {dag.py:3834} INFO - Setting next_dagrun for example_subdag_operator.section-2 to None, run_after=None
[2024-03-25T21:19:16.414+0000] {processor.py:183} INFO - Processing /home/airflow/.local/lib/python3.8/site-packages/airflow/example_dags/example_subdag_operator.py took 0.156 seconds
[2024-03-25T21:19:46.598+0000] {processor.py:161} INFO - Started process (PID=1156) to work on /home/airflow/.local/lib/python3.8/site-packages/airflow/example_dags/example_subdag_operator.py
[2024-03-25T21:19:46.600+0000] {processor.py:830} INFO - Processing file /home/airflow/.local/lib/python3.8/site-packages/airflow/example_dags/example_subdag_operator.py for tasks to queue
[2024-03-25T21:19:46.604+0000] {logging_mixin.py:188} INFO - [2024-03-25T21:19:46.604+0000] {dagbag.py:540} INFO - Filling up the DagBag from /home/airflow/.local/lib/python3.8/site-packages/airflow/example_dags/example_subdag_operator.py
[2024-03-25T21:19:46.648+0000] {processor.py:840} INFO - DAG(s) 'example_subdag_operator.section-1', 'example_subdag_operator.section-2', 'example_subdag_operator' retrieved from /home/airflow/.local/lib/python3.8/site-packages/airflow/example_dags/example_subdag_operator.py
[2024-03-25T21:19:46.675+0000] {logging_mixin.py:188} INFO - [2024-03-25T21:19:46.675+0000] {dag.py:3047} INFO - Sync 3 DAGs
[2024-03-25T21:19:46.710+0000] {logging_mixin.py:188} INFO - [2024-03-25T21:19:46.710+0000] {dag.py:3834} INFO - Setting next_dagrun for example_subdag_operator to 2022-01-01 00:00:00+00:00, run_after=2022-01-01 00:00:00+00:00
[2024-03-25T21:19:46.716+0000] {logging_mixin.py:188} INFO - [2024-03-25T21:19:46.716+0000] {dag.py:3834} INFO - Setting next_dagrun for example_subdag_operator.section-1 to None, run_after=None
[2024-03-25T21:19:46.719+0000] {logging_mixin.py:188} INFO - [2024-03-25T21:19:46.718+0000] {dag.py:3834} INFO - Setting next_dagrun for example_subdag_operator.section-2 to None, run_after=None
[2024-03-25T21:19:46.730+0000] {logging_mixin.py:188} INFO - [2024-03-25T21:19:46.729+0000] {dag.py:3047} INFO - Sync 2 DAGs
[2024-03-25T21:19:46.737+0000] {logging_mixin.py:188} INFO - [2024-03-25T21:19:46.737+0000] {dag.py:3834} INFO - Setting next_dagrun for example_subdag_operator.section-1 to None, run_after=None
[2024-03-25T21:19:46.738+0000] {logging_mixin.py:188} INFO - [2024-03-25T21:19:46.738+0000] {dag.py:3834} INFO - Setting next_dagrun for example_subdag_operator.section-2 to None, run_after=None
[2024-03-25T21:19:46.765+0000] {processor.py:183} INFO - Processing /home/airflow/.local/lib/python3.8/site-packages/airflow/example_dags/example_subdag_operator.py took 0.175 seconds
[2024-03-25T21:20:16.940+0000] {processor.py:161} INFO - Started process (PID=1212) to work on /home/airflow/.local/lib/python3.8/site-packages/airflow/example_dags/example_subdag_operator.py
[2024-03-25T21:20:16.941+0000] {processor.py:830} INFO - Processing file /home/airflow/.local/lib/python3.8/site-packages/airflow/example_dags/example_subdag_operator.py for tasks to queue
[2024-03-25T21:20:16.944+0000] {logging_mixin.py:188} INFO - [2024-03-25T21:20:16.944+0000] {dagbag.py:540} INFO - Filling up the DagBag from /home/airflow/.local/lib/python3.8/site-packages/airflow/example_dags/example_subdag_operator.py
[2024-03-25T21:20:16.982+0000] {processor.py:840} INFO - DAG(s) 'example_subdag_operator.section-1', 'example_subdag_operator.section-2', 'example_subdag_operator' retrieved from /home/airflow/.local/lib/python3.8/site-packages/airflow/example_dags/example_subdag_operator.py
[2024-03-25T21:20:17.010+0000] {logging_mixin.py:188} INFO - [2024-03-25T21:20:17.010+0000] {dag.py:3047} INFO - Sync 3 DAGs
[2024-03-25T21:20:17.043+0000] {logging_mixin.py:188} INFO - [2024-03-25T21:20:17.042+0000] {dag.py:3834} INFO - Setting next_dagrun for example_subdag_operator to 2022-01-01 00:00:00+00:00, run_after=2022-01-01 00:00:00+00:00
[2024-03-25T21:20:17.048+0000] {logging_mixin.py:188} INFO - [2024-03-25T21:20:17.048+0000] {dag.py:3834} INFO - Setting next_dagrun for example_subdag_operator.section-1 to None, run_after=None
[2024-03-25T21:20:17.050+0000] {logging_mixin.py:188} INFO - [2024-03-25T21:20:17.050+0000] {dag.py:3834} INFO - Setting next_dagrun for example_subdag_operator.section-2 to None, run_after=None
[2024-03-25T21:20:17.060+0000] {logging_mixin.py:188} INFO - [2024-03-25T21:20:17.060+0000] {dag.py:3047} INFO - Sync 2 DAGs
[2024-03-25T21:20:17.068+0000] {logging_mixin.py:188} INFO - [2024-03-25T21:20:17.068+0000] {dag.py:3834} INFO - Setting next_dagrun for example_subdag_operator.section-1 to None, run_after=None
[2024-03-25T21:20:17.069+0000] {logging_mixin.py:188} INFO - [2024-03-25T21:20:17.069+0000] {dag.py:3834} INFO - Setting next_dagrun for example_subdag_operator.section-2 to None, run_after=None
[2024-03-25T21:20:17.087+0000] {processor.py:183} INFO - Processing /home/airflow/.local/lib/python3.8/site-packages/airflow/example_dags/example_subdag_operator.py took 0.152 seconds
[2024-03-25T21:26:44.962+0000] {processor.py:161} INFO - Started process (PID=1268) to work on /home/airflow/.local/lib/python3.8/site-packages/airflow/example_dags/example_subdag_operator.py
[2024-03-25T21:26:44.970+0000] {processor.py:830} INFO - Processing file /home/airflow/.local/lib/python3.8/site-packages/airflow/example_dags/example_subdag_operator.py for tasks to queue
[2024-03-25T21:26:44.976+0000] {logging_mixin.py:188} INFO - [2024-03-25T21:26:44.975+0000] {dagbag.py:540} INFO - Filling up the DagBag from /home/airflow/.local/lib/python3.8/site-packages/airflow/example_dags/example_subdag_operator.py
[2024-03-25T21:26:45.104+0000] {processor.py:840} INFO - DAG(s) 'example_subdag_operator.section-1', 'example_subdag_operator.section-2', 'example_subdag_operator' retrieved from /home/airflow/.local/lib/python3.8/site-packages/airflow/example_dags/example_subdag_operator.py
[2024-03-25T21:26:45.261+0000] {logging_mixin.py:188} INFO - [2024-03-25T21:26:45.261+0000] {dag.py:3047} INFO - Sync 3 DAGs
[2024-03-25T21:26:45.379+0000] {logging_mixin.py:188} INFO - [2024-03-25T21:26:45.379+0000] {dag.py:3834} INFO - Setting next_dagrun for example_subdag_operator to 2022-01-01 00:00:00+00:00, run_after=2022-01-01 00:00:00+00:00
[2024-03-25T21:26:45.399+0000] {logging_mixin.py:188} INFO - [2024-03-25T21:26:45.399+0000] {dag.py:3834} INFO - Setting next_dagrun for example_subdag_operator.section-1 to None, run_after=None
[2024-03-25T21:26:45.414+0000] {logging_mixin.py:188} INFO - [2024-03-25T21:26:45.414+0000] {dag.py:3834} INFO - Setting next_dagrun for example_subdag_operator.section-2 to None, run_after=None
[2024-03-25T21:26:45.452+0000] {logging_mixin.py:188} INFO - [2024-03-25T21:26:45.451+0000] {dag.py:3047} INFO - Sync 2 DAGs
[2024-03-25T21:26:45.475+0000] {logging_mixin.py:188} INFO - [2024-03-25T21:26:45.475+0000] {dag.py:3834} INFO - Setting next_dagrun for example_subdag_operator.section-1 to None, run_after=None
[2024-03-25T21:26:45.478+0000] {logging_mixin.py:188} INFO - [2024-03-25T21:26:45.477+0000] {dag.py:3834} INFO - Setting next_dagrun for example_subdag_operator.section-2 to None, run_after=None
[2024-03-25T21:26:45.520+0000] {processor.py:183} INFO - Processing /home/airflow/.local/lib/python3.8/site-packages/airflow/example_dags/example_subdag_operator.py took 0.576 seconds
[2024-03-25T21:27:15.647+0000] {processor.py:161} INFO - Started process (PID=1330) to work on /home/airflow/.local/lib/python3.8/site-packages/airflow/example_dags/example_subdag_operator.py
[2024-03-25T21:27:15.648+0000] {processor.py:830} INFO - Processing file /home/airflow/.local/lib/python3.8/site-packages/airflow/example_dags/example_subdag_operator.py for tasks to queue
[2024-03-25T21:27:15.651+0000] {logging_mixin.py:188} INFO - [2024-03-25T21:27:15.651+0000] {dagbag.py:540} INFO - Filling up the DagBag from /home/airflow/.local/lib/python3.8/site-packages/airflow/example_dags/example_subdag_operator.py
[2024-03-25T21:27:15.731+0000] {processor.py:840} INFO - DAG(s) 'example_subdag_operator.section-1', 'example_subdag_operator.section-2', 'example_subdag_operator' retrieved from /home/airflow/.local/lib/python3.8/site-packages/airflow/example_dags/example_subdag_operator.py
[2024-03-25T21:27:15.768+0000] {logging_mixin.py:188} INFO - [2024-03-25T21:27:15.767+0000] {dag.py:3047} INFO - Sync 3 DAGs
[2024-03-25T21:27:15.804+0000] {logging_mixin.py:188} INFO - [2024-03-25T21:27:15.803+0000] {dag.py:3834} INFO - Setting next_dagrun for example_subdag_operator to 2022-01-01 00:00:00+00:00, run_after=2022-01-01 00:00:00+00:00
[2024-03-25T21:27:15.810+0000] {logging_mixin.py:188} INFO - [2024-03-25T21:27:15.810+0000] {dag.py:3834} INFO - Setting next_dagrun for example_subdag_operator.section-1 to None, run_after=None
[2024-03-25T21:27:15.813+0000] {logging_mixin.py:188} INFO - [2024-03-25T21:27:15.813+0000] {dag.py:3834} INFO - Setting next_dagrun for example_subdag_operator.section-2 to None, run_after=None
[2024-03-25T21:27:15.828+0000] {logging_mixin.py:188} INFO - [2024-03-25T21:27:15.828+0000] {dag.py:3047} INFO - Sync 2 DAGs
[2024-03-25T21:27:15.836+0000] {logging_mixin.py:188} INFO - [2024-03-25T21:27:15.836+0000] {dag.py:3834} INFO - Setting next_dagrun for example_subdag_operator.section-1 to None, run_after=None
[2024-03-25T21:27:15.837+0000] {logging_mixin.py:188} INFO - [2024-03-25T21:27:15.837+0000] {dag.py:3834} INFO - Setting next_dagrun for example_subdag_operator.section-2 to None, run_after=None
[2024-03-25T21:27:15.858+0000] {processor.py:183} INFO - Processing /home/airflow/.local/lib/python3.8/site-packages/airflow/example_dags/example_subdag_operator.py took 0.218 seconds
[2024-03-25T21:27:46.140+0000] {processor.py:161} INFO - Started process (PID=1386) to work on /home/airflow/.local/lib/python3.8/site-packages/airflow/example_dags/example_subdag_operator.py
[2024-03-25T21:27:46.142+0000] {processor.py:830} INFO - Processing file /home/airflow/.local/lib/python3.8/site-packages/airflow/example_dags/example_subdag_operator.py for tasks to queue
[2024-03-25T21:27:46.146+0000] {logging_mixin.py:188} INFO - [2024-03-25T21:27:46.146+0000] {dagbag.py:540} INFO - Filling up the DagBag from /home/airflow/.local/lib/python3.8/site-packages/airflow/example_dags/example_subdag_operator.py
[2024-03-25T21:27:46.200+0000] {processor.py:840} INFO - DAG(s) 'example_subdag_operator.section-1', 'example_subdag_operator.section-2', 'example_subdag_operator' retrieved from /home/airflow/.local/lib/python3.8/site-packages/airflow/example_dags/example_subdag_operator.py
[2024-03-25T21:27:46.233+0000] {logging_mixin.py:188} INFO - [2024-03-25T21:27:46.232+0000] {dag.py:3047} INFO - Sync 3 DAGs
[2024-03-25T21:27:46.272+0000] {logging_mixin.py:188} INFO - [2024-03-25T21:27:46.272+0000] {dag.py:3834} INFO - Setting next_dagrun for example_subdag_operator to 2022-01-01 00:00:00+00:00, run_after=2022-01-01 00:00:00+00:00
[2024-03-25T21:27:46.278+0000] {logging_mixin.py:188} INFO - [2024-03-25T21:27:46.278+0000] {dag.py:3834} INFO - Setting next_dagrun for example_subdag_operator.section-1 to None, run_after=None
[2024-03-25T21:27:46.280+0000] {logging_mixin.py:188} INFO - [2024-03-25T21:27:46.280+0000] {dag.py:3834} INFO - Setting next_dagrun for example_subdag_operator.section-2 to None, run_after=None
[2024-03-25T21:27:46.290+0000] {logging_mixin.py:188} INFO - [2024-03-25T21:27:46.290+0000] {dag.py:3047} INFO - Sync 2 DAGs
[2024-03-25T21:27:46.298+0000] {logging_mixin.py:188} INFO - [2024-03-25T21:27:46.298+0000] {dag.py:3834} INFO - Setting next_dagrun for example_subdag_operator.section-1 to None, run_after=None
[2024-03-25T21:27:46.299+0000] {logging_mixin.py:188} INFO - [2024-03-25T21:27:46.299+0000] {dag.py:3834} INFO - Setting next_dagrun for example_subdag_operator.section-2 to None, run_after=None
[2024-03-25T21:27:46.317+0000] {processor.py:183} INFO - Processing /home/airflow/.local/lib/python3.8/site-packages/airflow/example_dags/example_subdag_operator.py took 0.184 seconds
[2024-03-25T21:28:16.552+0000] {processor.py:161} INFO - Started process (PID=1442) to work on /home/airflow/.local/lib/python3.8/site-packages/airflow/example_dags/example_subdag_operator.py
[2024-03-25T21:28:16.554+0000] {processor.py:830} INFO - Processing file /home/airflow/.local/lib/python3.8/site-packages/airflow/example_dags/example_subdag_operator.py for tasks to queue
[2024-03-25T21:28:16.557+0000] {logging_mixin.py:188} INFO - [2024-03-25T21:28:16.557+0000] {dagbag.py:540} INFO - Filling up the DagBag from /home/airflow/.local/lib/python3.8/site-packages/airflow/example_dags/example_subdag_operator.py
[2024-03-25T21:28:16.605+0000] {processor.py:840} INFO - DAG(s) 'example_subdag_operator.section-1', 'example_subdag_operator.section-2', 'example_subdag_operator' retrieved from /home/airflow/.local/lib/python3.8/site-packages/airflow/example_dags/example_subdag_operator.py
[2024-03-25T21:28:16.640+0000] {logging_mixin.py:188} INFO - [2024-03-25T21:28:16.640+0000] {dag.py:3047} INFO - Sync 3 DAGs
[2024-03-25T21:28:16.683+0000] {logging_mixin.py:188} INFO - [2024-03-25T21:28:16.683+0000] {dag.py:3834} INFO - Setting next_dagrun for example_subdag_operator to 2022-01-01 00:00:00+00:00, run_after=2022-01-01 00:00:00+00:00
[2024-03-25T21:28:16.691+0000] {logging_mixin.py:188} INFO - [2024-03-25T21:28:16.690+0000] {dag.py:3834} INFO - Setting next_dagrun for example_subdag_operator.section-1 to None, run_after=None
[2024-03-25T21:28:16.695+0000] {logging_mixin.py:188} INFO - [2024-03-25T21:28:16.695+0000] {dag.py:3834} INFO - Setting next_dagrun for example_subdag_operator.section-2 to None, run_after=None
[2024-03-25T21:28:16.708+0000] {logging_mixin.py:188} INFO - [2024-03-25T21:28:16.708+0000] {dag.py:3047} INFO - Sync 2 DAGs
[2024-03-25T21:28:16.719+0000] {logging_mixin.py:188} INFO - [2024-03-25T21:28:16.719+0000] {dag.py:3834} INFO - Setting next_dagrun for example_subdag_operator.section-1 to None, run_after=None
[2024-03-25T21:28:16.720+0000] {logging_mixin.py:188} INFO - [2024-03-25T21:28:16.720+0000] {dag.py:3834} INFO - Setting next_dagrun for example_subdag_operator.section-2 to None, run_after=None
[2024-03-25T21:28:16.743+0000] {processor.py:183} INFO - Processing /home/airflow/.local/lib/python3.8/site-packages/airflow/example_dags/example_subdag_operator.py took 0.197 seconds
