[2024-03-25T21:03:59.266+0000] {processor.py:161} INFO - Started process (PID=78) to work on /home/airflow/.local/lib/python3.8/site-packages/airflow/example_dags/tutorial.py
[2024-03-25T21:03:59.268+0000] {processor.py:830} INFO - Processing file /home/airflow/.local/lib/python3.8/site-packages/airflow/example_dags/tutorial.py for tasks to queue
[2024-03-25T21:03:59.328+0000] {logging_mixin.py:188} INFO - [2024-03-25T21:03:59.321+0000] {dagbag.py:540} INFO - Filling up the DagBag from /home/airflow/.local/lib/python3.8/site-packages/airflow/example_dags/tutorial.py
[2024-03-25T21:03:59.380+0000] {processor.py:840} INFO - DAG(s) 'tutorial' retrieved from /home/airflow/.local/lib/python3.8/site-packages/airflow/example_dags/tutorial.py
[2024-03-25T21:03:59.513+0000] {logging_mixin.py:188} INFO - [2024-03-25T21:03:59.513+0000] {dag.py:3047} INFO - Sync 1 DAGs
[2024-03-25T21:03:59.647+0000] {logging_mixin.py:188} INFO - [2024-03-25T21:03:59.646+0000] {dag.py:3834} INFO - Setting next_dagrun for tutorial to 2024-03-24 00:00:00+00:00, run_after=2024-03-25 00:00:00+00:00
[2024-03-25T21:03:59.692+0000] {processor.py:183} INFO - Processing /home/airflow/.local/lib/python3.8/site-packages/airflow/example_dags/tutorial.py took 0.433 seconds
[2024-03-25T21:04:30.630+0000] {processor.py:161} INFO - Started process (PID=133) to work on /home/airflow/.local/lib/python3.8/site-packages/airflow/example_dags/tutorial.py
[2024-03-25T21:04:30.634+0000] {processor.py:830} INFO - Processing file /home/airflow/.local/lib/python3.8/site-packages/airflow/example_dags/tutorial.py for tasks to queue
[2024-03-25T21:04:30.640+0000] {logging_mixin.py:188} INFO - [2024-03-25T21:04:30.639+0000] {dagbag.py:540} INFO - Filling up the DagBag from /home/airflow/.local/lib/python3.8/site-packages/airflow/example_dags/tutorial.py
[2024-03-25T21:04:30.655+0000] {processor.py:840} INFO - DAG(s) 'tutorial' retrieved from /home/airflow/.local/lib/python3.8/site-packages/airflow/example_dags/tutorial.py
[2024-03-25T21:04:30.854+0000] {logging_mixin.py:188} INFO - [2024-03-25T21:04:30.853+0000] {dag.py:3047} INFO - Sync 1 DAGs
[2024-03-25T21:04:30.898+0000] {logging_mixin.py:188} INFO - [2024-03-25T21:04:30.897+0000] {dag.py:3834} INFO - Setting next_dagrun for tutorial to 2024-03-24 00:00:00+00:00, run_after=2024-03-25 00:00:00+00:00
[2024-03-25T21:04:30.972+0000] {processor.py:183} INFO - Processing /home/airflow/.local/lib/python3.8/site-packages/airflow/example_dags/tutorial.py took 0.348 seconds
[2024-03-25T21:05:01.712+0000] {processor.py:161} INFO - Started process (PID=188) to work on /home/airflow/.local/lib/python3.8/site-packages/airflow/example_dags/tutorial.py
[2024-03-25T21:05:01.714+0000] {processor.py:830} INFO - Processing file /home/airflow/.local/lib/python3.8/site-packages/airflow/example_dags/tutorial.py for tasks to queue
[2024-03-25T21:05:01.717+0000] {logging_mixin.py:188} INFO - [2024-03-25T21:05:01.716+0000] {dagbag.py:540} INFO - Filling up the DagBag from /home/airflow/.local/lib/python3.8/site-packages/airflow/example_dags/tutorial.py
[2024-03-25T21:05:01.729+0000] {processor.py:840} INFO - DAG(s) 'tutorial' retrieved from /home/airflow/.local/lib/python3.8/site-packages/airflow/example_dags/tutorial.py
[2024-03-25T21:05:01.762+0000] {logging_mixin.py:188} INFO - [2024-03-25T21:05:01.761+0000] {dag.py:3047} INFO - Sync 1 DAGs
[2024-03-25T21:05:01.799+0000] {logging_mixin.py:188} INFO - [2024-03-25T21:05:01.799+0000] {dag.py:3834} INFO - Setting next_dagrun for tutorial to 2024-03-24 00:00:00+00:00, run_after=2024-03-25 00:00:00+00:00
[2024-03-25T21:05:01.845+0000] {processor.py:183} INFO - Processing /home/airflow/.local/lib/python3.8/site-packages/airflow/example_dags/tutorial.py took 0.141 seconds
[2024-03-25T21:05:32.454+0000] {processor.py:161} INFO - Started process (PID=243) to work on /home/airflow/.local/lib/python3.8/site-packages/airflow/example_dags/tutorial.py
[2024-03-25T21:05:32.457+0000] {processor.py:830} INFO - Processing file /home/airflow/.local/lib/python3.8/site-packages/airflow/example_dags/tutorial.py for tasks to queue
[2024-03-25T21:05:32.462+0000] {logging_mixin.py:188} INFO - [2024-03-25T21:05:32.461+0000] {dagbag.py:540} INFO - Filling up the DagBag from /home/airflow/.local/lib/python3.8/site-packages/airflow/example_dags/tutorial.py
[2024-03-25T21:05:32.475+0000] {processor.py:840} INFO - DAG(s) 'tutorial' retrieved from /home/airflow/.local/lib/python3.8/site-packages/airflow/example_dags/tutorial.py
[2024-03-25T21:05:32.510+0000] {logging_mixin.py:188} INFO - [2024-03-25T21:05:32.510+0000] {dag.py:3047} INFO - Sync 1 DAGs
[2024-03-25T21:05:32.547+0000] {logging_mixin.py:188} INFO - [2024-03-25T21:05:32.547+0000] {dag.py:3834} INFO - Setting next_dagrun for tutorial to 2024-03-24 00:00:00+00:00, run_after=2024-03-25 00:00:00+00:00
[2024-03-25T21:05:32.581+0000] {processor.py:183} INFO - Processing /home/airflow/.local/lib/python3.8/site-packages/airflow/example_dags/tutorial.py took 0.134 seconds
[2024-03-25T21:06:02.838+0000] {processor.py:161} INFO - Started process (PID=298) to work on /home/airflow/.local/lib/python3.8/site-packages/airflow/example_dags/tutorial.py
[2024-03-25T21:06:02.840+0000] {processor.py:830} INFO - Processing file /home/airflow/.local/lib/python3.8/site-packages/airflow/example_dags/tutorial.py for tasks to queue
[2024-03-25T21:06:02.843+0000] {logging_mixin.py:188} INFO - [2024-03-25T21:06:02.842+0000] {dagbag.py:540} INFO - Filling up the DagBag from /home/airflow/.local/lib/python3.8/site-packages/airflow/example_dags/tutorial.py
[2024-03-25T21:06:02.852+0000] {processor.py:840} INFO - DAG(s) 'tutorial' retrieved from /home/airflow/.local/lib/python3.8/site-packages/airflow/example_dags/tutorial.py
[2024-03-25T21:06:02.886+0000] {logging_mixin.py:188} INFO - [2024-03-25T21:06:02.885+0000] {dag.py:3047} INFO - Sync 1 DAGs
[2024-03-25T21:06:02.921+0000] {logging_mixin.py:188} INFO - [2024-03-25T21:06:02.920+0000] {dag.py:3834} INFO - Setting next_dagrun for tutorial to 2024-03-24 00:00:00+00:00, run_after=2024-03-25 00:00:00+00:00
[2024-03-25T21:06:02.955+0000] {processor.py:183} INFO - Processing /home/airflow/.local/lib/python3.8/site-packages/airflow/example_dags/tutorial.py took 0.122 seconds
[2024-03-25T21:06:33.123+0000] {processor.py:161} INFO - Started process (PID=353) to work on /home/airflow/.local/lib/python3.8/site-packages/airflow/example_dags/tutorial.py
[2024-03-25T21:06:33.125+0000] {processor.py:830} INFO - Processing file /home/airflow/.local/lib/python3.8/site-packages/airflow/example_dags/tutorial.py for tasks to queue
[2024-03-25T21:06:33.128+0000] {logging_mixin.py:188} INFO - [2024-03-25T21:06:33.127+0000] {dagbag.py:540} INFO - Filling up the DagBag from /home/airflow/.local/lib/python3.8/site-packages/airflow/example_dags/tutorial.py
[2024-03-25T21:06:33.138+0000] {processor.py:840} INFO - DAG(s) 'tutorial' retrieved from /home/airflow/.local/lib/python3.8/site-packages/airflow/example_dags/tutorial.py
[2024-03-25T21:06:33.171+0000] {logging_mixin.py:188} INFO - [2024-03-25T21:06:33.170+0000] {dag.py:3047} INFO - Sync 1 DAGs
[2024-03-25T21:06:33.206+0000] {logging_mixin.py:188} INFO - [2024-03-25T21:06:33.206+0000] {dag.py:3834} INFO - Setting next_dagrun for tutorial to 2024-03-24 00:00:00+00:00, run_after=2024-03-25 00:00:00+00:00
[2024-03-25T21:06:33.237+0000] {processor.py:183} INFO - Processing /home/airflow/.local/lib/python3.8/site-packages/airflow/example_dags/tutorial.py took 0.119 seconds
[2024-03-25T21:07:03.434+0000] {processor.py:161} INFO - Started process (PID=408) to work on /home/airflow/.local/lib/python3.8/site-packages/airflow/example_dags/tutorial.py
[2024-03-25T21:07:03.436+0000] {processor.py:830} INFO - Processing file /home/airflow/.local/lib/python3.8/site-packages/airflow/example_dags/tutorial.py for tasks to queue
[2024-03-25T21:07:03.439+0000] {logging_mixin.py:188} INFO - [2024-03-25T21:07:03.439+0000] {dagbag.py:540} INFO - Filling up the DagBag from /home/airflow/.local/lib/python3.8/site-packages/airflow/example_dags/tutorial.py
[2024-03-25T21:07:03.450+0000] {processor.py:840} INFO - DAG(s) 'tutorial' retrieved from /home/airflow/.local/lib/python3.8/site-packages/airflow/example_dags/tutorial.py
[2024-03-25T21:07:03.488+0000] {logging_mixin.py:188} INFO - [2024-03-25T21:07:03.487+0000] {dag.py:3047} INFO - Sync 1 DAGs
[2024-03-25T21:07:03.528+0000] {logging_mixin.py:188} INFO - [2024-03-25T21:07:03.527+0000] {dag.py:3834} INFO - Setting next_dagrun for tutorial to 2024-03-24 00:00:00+00:00, run_after=2024-03-25 00:00:00+00:00
[2024-03-25T21:07:03.565+0000] {processor.py:183} INFO - Processing /home/airflow/.local/lib/python3.8/site-packages/airflow/example_dags/tutorial.py took 0.138 seconds
[2024-03-25T21:07:33.637+0000] {processor.py:161} INFO - Started process (PID=463) to work on /home/airflow/.local/lib/python3.8/site-packages/airflow/example_dags/tutorial.py
[2024-03-25T21:07:33.639+0000] {processor.py:830} INFO - Processing file /home/airflow/.local/lib/python3.8/site-packages/airflow/example_dags/tutorial.py for tasks to queue
[2024-03-25T21:07:33.642+0000] {logging_mixin.py:188} INFO - [2024-03-25T21:07:33.641+0000] {dagbag.py:540} INFO - Filling up the DagBag from /home/airflow/.local/lib/python3.8/site-packages/airflow/example_dags/tutorial.py
[2024-03-25T21:07:33.651+0000] {processor.py:840} INFO - DAG(s) 'tutorial' retrieved from /home/airflow/.local/lib/python3.8/site-packages/airflow/example_dags/tutorial.py
[2024-03-25T21:07:33.685+0000] {logging_mixin.py:188} INFO - [2024-03-25T21:07:33.684+0000] {dag.py:3047} INFO - Sync 1 DAGs
[2024-03-25T21:07:33.718+0000] {logging_mixin.py:188} INFO - [2024-03-25T21:07:33.718+0000] {dag.py:3834} INFO - Setting next_dagrun for tutorial to 2024-03-24 00:00:00+00:00, run_after=2024-03-25 00:00:00+00:00
[2024-03-25T21:07:33.749+0000] {processor.py:183} INFO - Processing /home/airflow/.local/lib/python3.8/site-packages/airflow/example_dags/tutorial.py took 0.118 seconds
[2024-03-25T21:08:04.618+0000] {processor.py:161} INFO - Started process (PID=518) to work on /home/airflow/.local/lib/python3.8/site-packages/airflow/example_dags/tutorial.py
[2024-03-25T21:08:04.620+0000] {processor.py:830} INFO - Processing file /home/airflow/.local/lib/python3.8/site-packages/airflow/example_dags/tutorial.py for tasks to queue
[2024-03-25T21:08:04.624+0000] {logging_mixin.py:188} INFO - [2024-03-25T21:08:04.624+0000] {dagbag.py:540} INFO - Filling up the DagBag from /home/airflow/.local/lib/python3.8/site-packages/airflow/example_dags/tutorial.py
[2024-03-25T21:08:04.635+0000] {processor.py:840} INFO - DAG(s) 'tutorial' retrieved from /home/airflow/.local/lib/python3.8/site-packages/airflow/example_dags/tutorial.py
[2024-03-25T21:08:04.671+0000] {logging_mixin.py:188} INFO - [2024-03-25T21:08:04.671+0000] {dag.py:3047} INFO - Sync 1 DAGs
[2024-03-25T21:08:04.708+0000] {logging_mixin.py:188} INFO - [2024-03-25T21:08:04.708+0000] {dag.py:3834} INFO - Setting next_dagrun for tutorial to 2024-03-24 00:00:00+00:00, run_after=2024-03-25 00:00:00+00:00
[2024-03-25T21:08:04.742+0000] {processor.py:183} INFO - Processing /home/airflow/.local/lib/python3.8/site-packages/airflow/example_dags/tutorial.py took 0.129 seconds
[2024-03-25T21:09:44.699+0000] {processor.py:161} INFO - Started process (PID=73) to work on /home/airflow/.local/lib/python3.8/site-packages/airflow/example_dags/tutorial.py
[2024-03-25T21:09:44.701+0000] {processor.py:830} INFO - Processing file /home/airflow/.local/lib/python3.8/site-packages/airflow/example_dags/tutorial.py for tasks to queue
[2024-03-25T21:09:44.704+0000] {logging_mixin.py:188} INFO - [2024-03-25T21:09:44.703+0000] {dagbag.py:540} INFO - Filling up the DagBag from /home/airflow/.local/lib/python3.8/site-packages/airflow/example_dags/tutorial.py
[2024-03-25T21:09:44.713+0000] {processor.py:840} INFO - DAG(s) 'tutorial' retrieved from /home/airflow/.local/lib/python3.8/site-packages/airflow/example_dags/tutorial.py
[2024-03-25T21:09:44.867+0000] {logging_mixin.py:188} INFO - [2024-03-25T21:09:44.867+0000] {dag.py:3047} INFO - Sync 1 DAGs
[2024-03-25T21:09:44.900+0000] {logging_mixin.py:188} INFO - [2024-03-25T21:09:44.899+0000] {dag.py:3834} INFO - Setting next_dagrun for tutorial to 2024-03-24 00:00:00+00:00, run_after=2024-03-25 00:00:00+00:00
[2024-03-25T21:09:44.927+0000] {processor.py:183} INFO - Processing /home/airflow/.local/lib/python3.8/site-packages/airflow/example_dags/tutorial.py took 0.233 seconds
[2024-03-25T21:10:15.401+0000] {processor.py:161} INFO - Started process (PID=129) to work on /home/airflow/.local/lib/python3.8/site-packages/airflow/example_dags/tutorial.py
[2024-03-25T21:10:15.403+0000] {processor.py:830} INFO - Processing file /home/airflow/.local/lib/python3.8/site-packages/airflow/example_dags/tutorial.py for tasks to queue
[2024-03-25T21:10:15.407+0000] {logging_mixin.py:188} INFO - [2024-03-25T21:10:15.406+0000] {dagbag.py:540} INFO - Filling up the DagBag from /home/airflow/.local/lib/python3.8/site-packages/airflow/example_dags/tutorial.py
[2024-03-25T21:10:15.419+0000] {processor.py:840} INFO - DAG(s) 'tutorial' retrieved from /home/airflow/.local/lib/python3.8/site-packages/airflow/example_dags/tutorial.py
[2024-03-25T21:10:15.454+0000] {logging_mixin.py:188} INFO - [2024-03-25T21:10:15.453+0000] {dag.py:3047} INFO - Sync 1 DAGs
[2024-03-25T21:10:15.487+0000] {logging_mixin.py:188} INFO - [2024-03-25T21:10:15.487+0000] {dag.py:3834} INFO - Setting next_dagrun for tutorial to 2024-03-24 00:00:00+00:00, run_after=2024-03-25 00:00:00+00:00
[2024-03-25T21:10:15.514+0000] {processor.py:183} INFO - Processing /home/airflow/.local/lib/python3.8/site-packages/airflow/example_dags/tutorial.py took 0.119 seconds
[2024-03-25T21:10:45.735+0000] {processor.py:161} INFO - Started process (PID=185) to work on /home/airflow/.local/lib/python3.8/site-packages/airflow/example_dags/tutorial.py
[2024-03-25T21:10:45.737+0000] {processor.py:830} INFO - Processing file /home/airflow/.local/lib/python3.8/site-packages/airflow/example_dags/tutorial.py for tasks to queue
[2024-03-25T21:10:45.741+0000] {logging_mixin.py:188} INFO - [2024-03-25T21:10:45.740+0000] {dagbag.py:540} INFO - Filling up the DagBag from /home/airflow/.local/lib/python3.8/site-packages/airflow/example_dags/tutorial.py
[2024-03-25T21:10:45.749+0000] {processor.py:840} INFO - DAG(s) 'tutorial' retrieved from /home/airflow/.local/lib/python3.8/site-packages/airflow/example_dags/tutorial.py
[2024-03-25T21:10:45.779+0000] {logging_mixin.py:188} INFO - [2024-03-25T21:10:45.779+0000] {dag.py:3047} INFO - Sync 1 DAGs
[2024-03-25T21:10:45.814+0000] {logging_mixin.py:188} INFO - [2024-03-25T21:10:45.814+0000] {dag.py:3834} INFO - Setting next_dagrun for tutorial to 2024-03-24 00:00:00+00:00, run_after=2024-03-25 00:00:00+00:00
[2024-03-25T21:10:45.841+0000] {processor.py:183} INFO - Processing /home/airflow/.local/lib/python3.8/site-packages/airflow/example_dags/tutorial.py took 0.111 seconds
[2024-03-25T21:11:15.995+0000] {processor.py:161} INFO - Started process (PID=241) to work on /home/airflow/.local/lib/python3.8/site-packages/airflow/example_dags/tutorial.py
[2024-03-25T21:11:15.997+0000] {processor.py:830} INFO - Processing file /home/airflow/.local/lib/python3.8/site-packages/airflow/example_dags/tutorial.py for tasks to queue
[2024-03-25T21:11:16.000+0000] {logging_mixin.py:188} INFO - [2024-03-25T21:11:16.000+0000] {dagbag.py:540} INFO - Filling up the DagBag from /home/airflow/.local/lib/python3.8/site-packages/airflow/example_dags/tutorial.py
[2024-03-25T21:11:16.009+0000] {processor.py:840} INFO - DAG(s) 'tutorial' retrieved from /home/airflow/.local/lib/python3.8/site-packages/airflow/example_dags/tutorial.py
[2024-03-25T21:11:16.041+0000] {logging_mixin.py:188} INFO - [2024-03-25T21:11:16.041+0000] {dag.py:3047} INFO - Sync 1 DAGs
[2024-03-25T21:11:16.073+0000] {logging_mixin.py:188} INFO - [2024-03-25T21:11:16.073+0000] {dag.py:3834} INFO - Setting next_dagrun for tutorial to 2024-03-24 00:00:00+00:00, run_after=2024-03-25 00:00:00+00:00
[2024-03-25T21:11:16.099+0000] {processor.py:183} INFO - Processing /home/airflow/.local/lib/python3.8/site-packages/airflow/example_dags/tutorial.py took 0.109 seconds
[2024-03-25T21:11:46.197+0000] {processor.py:161} INFO - Started process (PID=297) to work on /home/airflow/.local/lib/python3.8/site-packages/airflow/example_dags/tutorial.py
[2024-03-25T21:11:46.199+0000] {processor.py:830} INFO - Processing file /home/airflow/.local/lib/python3.8/site-packages/airflow/example_dags/tutorial.py for tasks to queue
[2024-03-25T21:11:46.202+0000] {logging_mixin.py:188} INFO - [2024-03-25T21:11:46.201+0000] {dagbag.py:540} INFO - Filling up the DagBag from /home/airflow/.local/lib/python3.8/site-packages/airflow/example_dags/tutorial.py
[2024-03-25T21:11:46.212+0000] {processor.py:840} INFO - DAG(s) 'tutorial' retrieved from /home/airflow/.local/lib/python3.8/site-packages/airflow/example_dags/tutorial.py
[2024-03-25T21:11:46.258+0000] {logging_mixin.py:188} INFO - [2024-03-25T21:11:46.257+0000] {dag.py:3047} INFO - Sync 1 DAGs
[2024-03-25T21:11:46.298+0000] {logging_mixin.py:188} INFO - [2024-03-25T21:11:46.298+0000] {dag.py:3834} INFO - Setting next_dagrun for tutorial to 2024-03-24 00:00:00+00:00, run_after=2024-03-25 00:00:00+00:00
[2024-03-25T21:11:46.329+0000] {processor.py:183} INFO - Processing /home/airflow/.local/lib/python3.8/site-packages/airflow/example_dags/tutorial.py took 0.137 seconds
[2024-03-25T21:12:17.017+0000] {processor.py:161} INFO - Started process (PID=353) to work on /home/airflow/.local/lib/python3.8/site-packages/airflow/example_dags/tutorial.py
[2024-03-25T21:12:17.019+0000] {processor.py:830} INFO - Processing file /home/airflow/.local/lib/python3.8/site-packages/airflow/example_dags/tutorial.py for tasks to queue
[2024-03-25T21:12:17.022+0000] {logging_mixin.py:188} INFO - [2024-03-25T21:12:17.022+0000] {dagbag.py:540} INFO - Filling up the DagBag from /home/airflow/.local/lib/python3.8/site-packages/airflow/example_dags/tutorial.py
[2024-03-25T21:12:17.033+0000] {processor.py:840} INFO - DAG(s) 'tutorial' retrieved from /home/airflow/.local/lib/python3.8/site-packages/airflow/example_dags/tutorial.py
[2024-03-25T21:12:17.066+0000] {logging_mixin.py:188} INFO - [2024-03-25T21:12:17.065+0000] {dag.py:3047} INFO - Sync 1 DAGs
[2024-03-25T21:12:17.099+0000] {logging_mixin.py:188} INFO - [2024-03-25T21:12:17.098+0000] {dag.py:3834} INFO - Setting next_dagrun for tutorial to 2024-03-24 00:00:00+00:00, run_after=2024-03-25 00:00:00+00:00
[2024-03-25T21:12:17.128+0000] {processor.py:183} INFO - Processing /home/airflow/.local/lib/python3.8/site-packages/airflow/example_dags/tutorial.py took 0.116 seconds
[2024-03-25T21:12:47.496+0000] {processor.py:161} INFO - Started process (PID=409) to work on /home/airflow/.local/lib/python3.8/site-packages/airflow/example_dags/tutorial.py
[2024-03-25T21:12:47.498+0000] {processor.py:830} INFO - Processing file /home/airflow/.local/lib/python3.8/site-packages/airflow/example_dags/tutorial.py for tasks to queue
[2024-03-25T21:12:47.501+0000] {logging_mixin.py:188} INFO - [2024-03-25T21:12:47.501+0000] {dagbag.py:540} INFO - Filling up the DagBag from /home/airflow/.local/lib/python3.8/site-packages/airflow/example_dags/tutorial.py
[2024-03-25T21:12:47.512+0000] {processor.py:840} INFO - DAG(s) 'tutorial' retrieved from /home/airflow/.local/lib/python3.8/site-packages/airflow/example_dags/tutorial.py
[2024-03-25T21:12:47.546+0000] {logging_mixin.py:188} INFO - [2024-03-25T21:12:47.545+0000] {dag.py:3047} INFO - Sync 1 DAGs
[2024-03-25T21:12:47.581+0000] {logging_mixin.py:188} INFO - [2024-03-25T21:12:47.581+0000] {dag.py:3834} INFO - Setting next_dagrun for tutorial to 2024-03-24 00:00:00+00:00, run_after=2024-03-25 00:00:00+00:00
[2024-03-25T21:12:47.610+0000] {processor.py:183} INFO - Processing /home/airflow/.local/lib/python3.8/site-packages/airflow/example_dags/tutorial.py took 0.118 seconds
[2024-03-25T21:13:18.294+0000] {processor.py:161} INFO - Started process (PID=465) to work on /home/airflow/.local/lib/python3.8/site-packages/airflow/example_dags/tutorial.py
[2024-03-25T21:13:18.296+0000] {processor.py:830} INFO - Processing file /home/airflow/.local/lib/python3.8/site-packages/airflow/example_dags/tutorial.py for tasks to queue
[2024-03-25T21:13:18.301+0000] {logging_mixin.py:188} INFO - [2024-03-25T21:13:18.301+0000] {dagbag.py:540} INFO - Filling up the DagBag from /home/airflow/.local/lib/python3.8/site-packages/airflow/example_dags/tutorial.py
[2024-03-25T21:13:18.314+0000] {processor.py:840} INFO - DAG(s) 'tutorial' retrieved from /home/airflow/.local/lib/python3.8/site-packages/airflow/example_dags/tutorial.py
[2024-03-25T21:13:18.360+0000] {logging_mixin.py:188} INFO - [2024-03-25T21:13:18.360+0000] {dag.py:3047} INFO - Sync 1 DAGs
[2024-03-25T21:13:18.403+0000] {logging_mixin.py:188} INFO - [2024-03-25T21:13:18.402+0000] {dag.py:3834} INFO - Setting next_dagrun for tutorial to 2024-03-24 00:00:00+00:00, run_after=2024-03-25 00:00:00+00:00
[2024-03-25T21:13:18.429+0000] {processor.py:183} INFO - Processing /home/airflow/.local/lib/python3.8/site-packages/airflow/example_dags/tutorial.py took 0.147 seconds
[2024-03-25T21:13:48.995+0000] {processor.py:161} INFO - Started process (PID=527) to work on /home/airflow/.local/lib/python3.8/site-packages/airflow/example_dags/tutorial.py
[2024-03-25T21:13:48.997+0000] {processor.py:830} INFO - Processing file /home/airflow/.local/lib/python3.8/site-packages/airflow/example_dags/tutorial.py for tasks to queue
[2024-03-25T21:13:49.001+0000] {logging_mixin.py:188} INFO - [2024-03-25T21:13:49.000+0000] {dagbag.py:540} INFO - Filling up the DagBag from /home/airflow/.local/lib/python3.8/site-packages/airflow/example_dags/tutorial.py
[2024-03-25T21:13:49.011+0000] {processor.py:840} INFO - DAG(s) 'tutorial' retrieved from /home/airflow/.local/lib/python3.8/site-packages/airflow/example_dags/tutorial.py
[2024-03-25T21:13:49.044+0000] {logging_mixin.py:188} INFO - [2024-03-25T21:13:49.043+0000] {dag.py:3047} INFO - Sync 1 DAGs
[2024-03-25T21:13:49.085+0000] {logging_mixin.py:188} INFO - [2024-03-25T21:13:49.084+0000] {dag.py:3834} INFO - Setting next_dagrun for tutorial to 2024-03-24 00:00:00+00:00, run_after=2024-03-25 00:00:00+00:00
[2024-03-25T21:13:49.113+0000] {processor.py:183} INFO - Processing /home/airflow/.local/lib/python3.8/site-packages/airflow/example_dags/tutorial.py took 0.123 seconds
[2024-03-25T21:14:19.941+0000] {processor.py:161} INFO - Started process (PID=583) to work on /home/airflow/.local/lib/python3.8/site-packages/airflow/example_dags/tutorial.py
[2024-03-25T21:14:19.943+0000] {processor.py:830} INFO - Processing file /home/airflow/.local/lib/python3.8/site-packages/airflow/example_dags/tutorial.py for tasks to queue
[2024-03-25T21:14:19.947+0000] {logging_mixin.py:188} INFO - [2024-03-25T21:14:19.947+0000] {dagbag.py:540} INFO - Filling up the DagBag from /home/airflow/.local/lib/python3.8/site-packages/airflow/example_dags/tutorial.py
[2024-03-25T21:14:19.958+0000] {processor.py:840} INFO - DAG(s) 'tutorial' retrieved from /home/airflow/.local/lib/python3.8/site-packages/airflow/example_dags/tutorial.py
[2024-03-25T21:14:19.995+0000] {logging_mixin.py:188} INFO - [2024-03-25T21:14:19.995+0000] {dag.py:3047} INFO - Sync 1 DAGs
[2024-03-25T21:14:20.041+0000] {logging_mixin.py:188} INFO - [2024-03-25T21:14:20.040+0000] {dag.py:3834} INFO - Setting next_dagrun for tutorial to 2024-03-24 00:00:00+00:00, run_after=2024-03-25 00:00:00+00:00
[2024-03-25T21:14:20.074+0000] {processor.py:183} INFO - Processing /home/airflow/.local/lib/python3.8/site-packages/airflow/example_dags/tutorial.py took 0.140 seconds
[2024-03-25T21:14:50.763+0000] {processor.py:161} INFO - Started process (PID=639) to work on /home/airflow/.local/lib/python3.8/site-packages/airflow/example_dags/tutorial.py
[2024-03-25T21:14:50.765+0000] {processor.py:830} INFO - Processing file /home/airflow/.local/lib/python3.8/site-packages/airflow/example_dags/tutorial.py for tasks to queue
[2024-03-25T21:14:50.773+0000] {logging_mixin.py:188} INFO - [2024-03-25T21:14:50.770+0000] {dagbag.py:540} INFO - Filling up the DagBag from /home/airflow/.local/lib/python3.8/site-packages/airflow/example_dags/tutorial.py
[2024-03-25T21:14:50.793+0000] {processor.py:840} INFO - DAG(s) 'tutorial' retrieved from /home/airflow/.local/lib/python3.8/site-packages/airflow/example_dags/tutorial.py
[2024-03-25T21:14:50.861+0000] {logging_mixin.py:188} INFO - [2024-03-25T21:14:50.860+0000] {dag.py:3047} INFO - Sync 1 DAGs
[2024-03-25T21:14:50.955+0000] {logging_mixin.py:188} INFO - [2024-03-25T21:14:50.953+0000] {dag.py:3834} INFO - Setting next_dagrun for tutorial to 2024-03-24 00:00:00+00:00, run_after=2024-03-25 00:00:00+00:00
[2024-03-25T21:14:51.866+0000] {processor.py:183} INFO - Processing /home/airflow/.local/lib/python3.8/site-packages/airflow/example_dags/tutorial.py took 1.109 seconds
[2024-03-25T21:15:22.335+0000] {processor.py:161} INFO - Started process (PID=695) to work on /home/airflow/.local/lib/python3.8/site-packages/airflow/example_dags/tutorial.py
[2024-03-25T21:15:22.339+0000] {processor.py:830} INFO - Processing file /home/airflow/.local/lib/python3.8/site-packages/airflow/example_dags/tutorial.py for tasks to queue
[2024-03-25T21:15:22.344+0000] {logging_mixin.py:188} INFO - [2024-03-25T21:15:22.343+0000] {dagbag.py:540} INFO - Filling up the DagBag from /home/airflow/.local/lib/python3.8/site-packages/airflow/example_dags/tutorial.py
[2024-03-25T21:15:22.357+0000] {processor.py:840} INFO - DAG(s) 'tutorial' retrieved from /home/airflow/.local/lib/python3.8/site-packages/airflow/example_dags/tutorial.py
[2024-03-25T21:15:22.404+0000] {logging_mixin.py:188} INFO - [2024-03-25T21:15:22.404+0000] {dag.py:3047} INFO - Sync 1 DAGs
[2024-03-25T21:15:22.455+0000] {logging_mixin.py:188} INFO - [2024-03-25T21:15:22.454+0000] {dag.py:3834} INFO - Setting next_dagrun for tutorial to 2024-03-24 00:00:00+00:00, run_after=2024-03-25 00:00:00+00:00
[2024-03-25T21:15:22.490+0000] {processor.py:183} INFO - Processing /home/airflow/.local/lib/python3.8/site-packages/airflow/example_dags/tutorial.py took 0.163 seconds
[2024-03-25T21:15:52.568+0000] {processor.py:161} INFO - Started process (PID=751) to work on /home/airflow/.local/lib/python3.8/site-packages/airflow/example_dags/tutorial.py
[2024-03-25T21:15:52.570+0000] {processor.py:830} INFO - Processing file /home/airflow/.local/lib/python3.8/site-packages/airflow/example_dags/tutorial.py for tasks to queue
[2024-03-25T21:15:52.573+0000] {logging_mixin.py:188} INFO - [2024-03-25T21:15:52.573+0000] {dagbag.py:540} INFO - Filling up the DagBag from /home/airflow/.local/lib/python3.8/site-packages/airflow/example_dags/tutorial.py
[2024-03-25T21:15:52.582+0000] {processor.py:840} INFO - DAG(s) 'tutorial' retrieved from /home/airflow/.local/lib/python3.8/site-packages/airflow/example_dags/tutorial.py
[2024-03-25T21:15:52.614+0000] {logging_mixin.py:188} INFO - [2024-03-25T21:15:52.614+0000] {dag.py:3047} INFO - Sync 1 DAGs
[2024-03-25T21:15:52.647+0000] {logging_mixin.py:188} INFO - [2024-03-25T21:15:52.647+0000] {dag.py:3834} INFO - Setting next_dagrun for tutorial to 2024-03-24 00:00:00+00:00, run_after=2024-03-25 00:00:00+00:00
[2024-03-25T21:15:52.681+0000] {processor.py:183} INFO - Processing /home/airflow/.local/lib/python3.8/site-packages/airflow/example_dags/tutorial.py took 0.118 seconds
[2024-03-25T21:16:22.955+0000] {processor.py:161} INFO - Started process (PID=807) to work on /home/airflow/.local/lib/python3.8/site-packages/airflow/example_dags/tutorial.py
[2024-03-25T21:16:22.956+0000] {processor.py:830} INFO - Processing file /home/airflow/.local/lib/python3.8/site-packages/airflow/example_dags/tutorial.py for tasks to queue
[2024-03-25T21:16:22.959+0000] {logging_mixin.py:188} INFO - [2024-03-25T21:16:22.959+0000] {dagbag.py:540} INFO - Filling up the DagBag from /home/airflow/.local/lib/python3.8/site-packages/airflow/example_dags/tutorial.py
[2024-03-25T21:16:22.969+0000] {processor.py:840} INFO - DAG(s) 'tutorial' retrieved from /home/airflow/.local/lib/python3.8/site-packages/airflow/example_dags/tutorial.py
[2024-03-25T21:16:23.002+0000] {logging_mixin.py:188} INFO - [2024-03-25T21:16:23.001+0000] {dag.py:3047} INFO - Sync 1 DAGs
[2024-03-25T21:16:23.036+0000] {logging_mixin.py:188} INFO - [2024-03-25T21:16:23.035+0000] {dag.py:3834} INFO - Setting next_dagrun for tutorial to 2024-03-24 00:00:00+00:00, run_after=2024-03-25 00:00:00+00:00
[2024-03-25T21:16:23.063+0000] {processor.py:183} INFO - Processing /home/airflow/.local/lib/python3.8/site-packages/airflow/example_dags/tutorial.py took 0.113 seconds
[2024-03-25T21:16:53.419+0000] {processor.py:161} INFO - Started process (PID=863) to work on /home/airflow/.local/lib/python3.8/site-packages/airflow/example_dags/tutorial.py
[2024-03-25T21:16:53.421+0000] {processor.py:830} INFO - Processing file /home/airflow/.local/lib/python3.8/site-packages/airflow/example_dags/tutorial.py for tasks to queue
[2024-03-25T21:16:53.424+0000] {logging_mixin.py:188} INFO - [2024-03-25T21:16:53.424+0000] {dagbag.py:540} INFO - Filling up the DagBag from /home/airflow/.local/lib/python3.8/site-packages/airflow/example_dags/tutorial.py
[2024-03-25T21:16:53.433+0000] {processor.py:840} INFO - DAG(s) 'tutorial' retrieved from /home/airflow/.local/lib/python3.8/site-packages/airflow/example_dags/tutorial.py
[2024-03-25T21:16:53.468+0000] {logging_mixin.py:188} INFO - [2024-03-25T21:16:53.468+0000] {dag.py:3047} INFO - Sync 1 DAGs
[2024-03-25T21:16:53.501+0000] {logging_mixin.py:188} INFO - [2024-03-25T21:16:53.501+0000] {dag.py:3834} INFO - Setting next_dagrun for tutorial to 2024-03-24 00:00:00+00:00, run_after=2024-03-25 00:00:00+00:00
[2024-03-25T21:16:53.530+0000] {processor.py:183} INFO - Processing /home/airflow/.local/lib/python3.8/site-packages/airflow/example_dags/tutorial.py took 0.116 seconds
[2024-03-25T21:17:23.885+0000] {processor.py:161} INFO - Started process (PID=919) to work on /home/airflow/.local/lib/python3.8/site-packages/airflow/example_dags/tutorial.py
[2024-03-25T21:17:23.887+0000] {processor.py:830} INFO - Processing file /home/airflow/.local/lib/python3.8/site-packages/airflow/example_dags/tutorial.py for tasks to queue
[2024-03-25T21:17:23.892+0000] {logging_mixin.py:188} INFO - [2024-03-25T21:17:23.892+0000] {dagbag.py:540} INFO - Filling up the DagBag from /home/airflow/.local/lib/python3.8/site-packages/airflow/example_dags/tutorial.py
[2024-03-25T21:17:23.907+0000] {processor.py:840} INFO - DAG(s) 'tutorial' retrieved from /home/airflow/.local/lib/python3.8/site-packages/airflow/example_dags/tutorial.py
[2024-03-25T21:17:23.948+0000] {logging_mixin.py:188} INFO - [2024-03-25T21:17:23.947+0000] {dag.py:3047} INFO - Sync 1 DAGs
[2024-03-25T21:17:23.985+0000] {logging_mixin.py:188} INFO - [2024-03-25T21:17:23.985+0000] {dag.py:3834} INFO - Setting next_dagrun for tutorial to 2024-03-24 00:00:00+00:00, run_after=2024-03-25 00:00:00+00:00
[2024-03-25T21:17:24.014+0000] {processor.py:183} INFO - Processing /home/airflow/.local/lib/python3.8/site-packages/airflow/example_dags/tutorial.py took 0.140 seconds
[2024-03-25T21:17:54.822+0000] {processor.py:161} INFO - Started process (PID=975) to work on /home/airflow/.local/lib/python3.8/site-packages/airflow/example_dags/tutorial.py
[2024-03-25T21:17:54.824+0000] {processor.py:830} INFO - Processing file /home/airflow/.local/lib/python3.8/site-packages/airflow/example_dags/tutorial.py for tasks to queue
[2024-03-25T21:17:54.827+0000] {logging_mixin.py:188} INFO - [2024-03-25T21:17:54.827+0000] {dagbag.py:540} INFO - Filling up the DagBag from /home/airflow/.local/lib/python3.8/site-packages/airflow/example_dags/tutorial.py
[2024-03-25T21:17:54.836+0000] {processor.py:840} INFO - DAG(s) 'tutorial' retrieved from /home/airflow/.local/lib/python3.8/site-packages/airflow/example_dags/tutorial.py
[2024-03-25T21:17:54.870+0000] {logging_mixin.py:188} INFO - [2024-03-25T21:17:54.869+0000] {dag.py:3047} INFO - Sync 1 DAGs
[2024-03-25T21:17:54.904+0000] {logging_mixin.py:188} INFO - [2024-03-25T21:17:54.904+0000] {dag.py:3834} INFO - Setting next_dagrun for tutorial to 2024-03-24 00:00:00+00:00, run_after=2024-03-25 00:00:00+00:00
[2024-03-25T21:17:54.936+0000] {processor.py:183} INFO - Processing /home/airflow/.local/lib/python3.8/site-packages/airflow/example_dags/tutorial.py took 0.121 seconds
[2024-03-25T21:18:25.411+0000] {processor.py:161} INFO - Started process (PID=1031) to work on /home/airflow/.local/lib/python3.8/site-packages/airflow/example_dags/tutorial.py
[2024-03-25T21:18:25.413+0000] {processor.py:830} INFO - Processing file /home/airflow/.local/lib/python3.8/site-packages/airflow/example_dags/tutorial.py for tasks to queue
[2024-03-25T21:18:25.416+0000] {logging_mixin.py:188} INFO - [2024-03-25T21:18:25.416+0000] {dagbag.py:540} INFO - Filling up the DagBag from /home/airflow/.local/lib/python3.8/site-packages/airflow/example_dags/tutorial.py
[2024-03-25T21:18:25.425+0000] {processor.py:840} INFO - DAG(s) 'tutorial' retrieved from /home/airflow/.local/lib/python3.8/site-packages/airflow/example_dags/tutorial.py
[2024-03-25T21:18:25.457+0000] {logging_mixin.py:188} INFO - [2024-03-25T21:18:25.457+0000] {dag.py:3047} INFO - Sync 1 DAGs
[2024-03-25T21:18:25.490+0000] {logging_mixin.py:188} INFO - [2024-03-25T21:18:25.489+0000] {dag.py:3834} INFO - Setting next_dagrun for tutorial to 2024-03-24 00:00:00+00:00, run_after=2024-03-25 00:00:00+00:00
[2024-03-25T21:18:25.519+0000] {processor.py:183} INFO - Processing /home/airflow/.local/lib/python3.8/site-packages/airflow/example_dags/tutorial.py took 0.113 seconds
[2024-03-25T21:18:56.365+0000] {processor.py:161} INFO - Started process (PID=1086) to work on /home/airflow/.local/lib/python3.8/site-packages/airflow/example_dags/tutorial.py
[2024-03-25T21:18:56.367+0000] {processor.py:830} INFO - Processing file /home/airflow/.local/lib/python3.8/site-packages/airflow/example_dags/tutorial.py for tasks to queue
[2024-03-25T21:18:56.373+0000] {logging_mixin.py:188} INFO - [2024-03-25T21:18:56.372+0000] {dagbag.py:540} INFO - Filling up the DagBag from /home/airflow/.local/lib/python3.8/site-packages/airflow/example_dags/tutorial.py
[2024-03-25T21:18:56.382+0000] {processor.py:840} INFO - DAG(s) 'tutorial' retrieved from /home/airflow/.local/lib/python3.8/site-packages/airflow/example_dags/tutorial.py
[2024-03-25T21:18:56.414+0000] {logging_mixin.py:188} INFO - [2024-03-25T21:18:56.414+0000] {dag.py:3047} INFO - Sync 1 DAGs
[2024-03-25T21:18:56.447+0000] {logging_mixin.py:188} INFO - [2024-03-25T21:18:56.447+0000] {dag.py:3834} INFO - Setting next_dagrun for tutorial to 2024-03-24 00:00:00+00:00, run_after=2024-03-25 00:00:00+00:00
[2024-03-25T21:18:56.475+0000] {processor.py:183} INFO - Processing /home/airflow/.local/lib/python3.8/site-packages/airflow/example_dags/tutorial.py took 0.117 seconds
[2024-03-25T21:19:26.609+0000] {processor.py:161} INFO - Started process (PID=1142) to work on /home/airflow/.local/lib/python3.8/site-packages/airflow/example_dags/tutorial.py
[2024-03-25T21:19:26.611+0000] {processor.py:830} INFO - Processing file /home/airflow/.local/lib/python3.8/site-packages/airflow/example_dags/tutorial.py for tasks to queue
[2024-03-25T21:19:26.614+0000] {logging_mixin.py:188} INFO - [2024-03-25T21:19:26.614+0000] {dagbag.py:540} INFO - Filling up the DagBag from /home/airflow/.local/lib/python3.8/site-packages/airflow/example_dags/tutorial.py
[2024-03-25T21:19:26.625+0000] {processor.py:840} INFO - DAG(s) 'tutorial' retrieved from /home/airflow/.local/lib/python3.8/site-packages/airflow/example_dags/tutorial.py
[2024-03-25T21:19:26.661+0000] {logging_mixin.py:188} INFO - [2024-03-25T21:19:26.660+0000] {dag.py:3047} INFO - Sync 1 DAGs
[2024-03-25T21:19:26.701+0000] {logging_mixin.py:188} INFO - [2024-03-25T21:19:26.700+0000] {dag.py:3834} INFO - Setting next_dagrun for tutorial to 2024-03-24 00:00:00+00:00, run_after=2024-03-25 00:00:00+00:00
[2024-03-25T21:19:26.744+0000] {processor.py:183} INFO - Processing /home/airflow/.local/lib/python3.8/site-packages/airflow/example_dags/tutorial.py took 0.141 seconds
[2024-03-25T21:19:56.895+0000] {processor.py:161} INFO - Started process (PID=1198) to work on /home/airflow/.local/lib/python3.8/site-packages/airflow/example_dags/tutorial.py
[2024-03-25T21:19:56.898+0000] {processor.py:830} INFO - Processing file /home/airflow/.local/lib/python3.8/site-packages/airflow/example_dags/tutorial.py for tasks to queue
[2024-03-25T21:19:56.901+0000] {logging_mixin.py:188} INFO - [2024-03-25T21:19:56.900+0000] {dagbag.py:540} INFO - Filling up the DagBag from /home/airflow/.local/lib/python3.8/site-packages/airflow/example_dags/tutorial.py
[2024-03-25T21:19:56.910+0000] {processor.py:840} INFO - DAG(s) 'tutorial' retrieved from /home/airflow/.local/lib/python3.8/site-packages/airflow/example_dags/tutorial.py
[2024-03-25T21:19:56.943+0000] {logging_mixin.py:188} INFO - [2024-03-25T21:19:56.943+0000] {dag.py:3047} INFO - Sync 1 DAGs
[2024-03-25T21:19:56.976+0000] {logging_mixin.py:188} INFO - [2024-03-25T21:19:56.976+0000] {dag.py:3834} INFO - Setting next_dagrun for tutorial to 2024-03-24 00:00:00+00:00, run_after=2024-03-25 00:00:00+00:00
[2024-03-25T21:19:57.005+0000] {processor.py:183} INFO - Processing /home/airflow/.local/lib/python3.8/site-packages/airflow/example_dags/tutorial.py took 0.114 seconds
[2024-03-25T21:20:27.580+0000] {processor.py:161} INFO - Started process (PID=1254) to work on /home/airflow/.local/lib/python3.8/site-packages/airflow/example_dags/tutorial.py
[2024-03-25T21:20:27.582+0000] {processor.py:830} INFO - Processing file /home/airflow/.local/lib/python3.8/site-packages/airflow/example_dags/tutorial.py for tasks to queue
[2024-03-25T21:20:27.585+0000] {logging_mixin.py:188} INFO - [2024-03-25T21:20:27.585+0000] {dagbag.py:540} INFO - Filling up the DagBag from /home/airflow/.local/lib/python3.8/site-packages/airflow/example_dags/tutorial.py
[2024-03-25T21:20:27.594+0000] {processor.py:840} INFO - DAG(s) 'tutorial' retrieved from /home/airflow/.local/lib/python3.8/site-packages/airflow/example_dags/tutorial.py
[2024-03-25T21:20:27.626+0000] {logging_mixin.py:188} INFO - [2024-03-25T21:20:27.626+0000] {dag.py:3047} INFO - Sync 1 DAGs
[2024-03-25T21:20:27.662+0000] {logging_mixin.py:188} INFO - [2024-03-25T21:20:27.661+0000] {dag.py:3834} INFO - Setting next_dagrun for tutorial to 2024-03-24 00:00:00+00:00, run_after=2024-03-25 00:00:00+00:00
[2024-03-25T21:20:27.689+0000] {processor.py:183} INFO - Processing /home/airflow/.local/lib/python3.8/site-packages/airflow/example_dags/tutorial.py took 0.114 seconds
[2024-03-25T21:26:50.898+0000] {processor.py:161} INFO - Started process (PID=1310) to work on /home/airflow/.local/lib/python3.8/site-packages/airflow/example_dags/tutorial.py
[2024-03-25T21:26:50.900+0000] {processor.py:830} INFO - Processing file /home/airflow/.local/lib/python3.8/site-packages/airflow/example_dags/tutorial.py for tasks to queue
[2024-03-25T21:26:50.905+0000] {logging_mixin.py:188} INFO - [2024-03-25T21:26:50.904+0000] {dagbag.py:540} INFO - Filling up the DagBag from /home/airflow/.local/lib/python3.8/site-packages/airflow/example_dags/tutorial.py
[2024-03-25T21:26:50.916+0000] {processor.py:840} INFO - DAG(s) 'tutorial' retrieved from /home/airflow/.local/lib/python3.8/site-packages/airflow/example_dags/tutorial.py
[2024-03-25T21:26:50.956+0000] {logging_mixin.py:188} INFO - [2024-03-25T21:26:50.956+0000] {dag.py:3047} INFO - Sync 1 DAGs
[2024-03-25T21:26:50.995+0000] {logging_mixin.py:188} INFO - [2024-03-25T21:26:50.994+0000] {dag.py:3834} INFO - Setting next_dagrun for tutorial to 2024-03-24 00:00:00+00:00, run_after=2024-03-25 00:00:00+00:00
[2024-03-25T21:26:51.049+0000] {processor.py:183} INFO - Processing /home/airflow/.local/lib/python3.8/site-packages/airflow/example_dags/tutorial.py took 0.157 seconds
[2024-03-25T21:27:23.284+0000] {processor.py:161} INFO - Started process (PID=1366) to work on /home/airflow/.local/lib/python3.8/site-packages/airflow/example_dags/tutorial.py
[2024-03-25T21:27:23.286+0000] {processor.py:830} INFO - Processing file /home/airflow/.local/lib/python3.8/site-packages/airflow/example_dags/tutorial.py for tasks to queue
[2024-03-25T21:27:23.292+0000] {logging_mixin.py:188} INFO - [2024-03-25T21:27:23.290+0000] {dagbag.py:540} INFO - Filling up the DagBag from /home/airflow/.local/lib/python3.8/site-packages/airflow/example_dags/tutorial.py
[2024-03-25T21:27:23.306+0000] {processor.py:840} INFO - DAG(s) 'tutorial' retrieved from /home/airflow/.local/lib/python3.8/site-packages/airflow/example_dags/tutorial.py
[2024-03-25T21:27:23.355+0000] {logging_mixin.py:188} INFO - [2024-03-25T21:27:23.354+0000] {dag.py:3047} INFO - Sync 1 DAGs
[2024-03-25T21:27:23.425+0000] {logging_mixin.py:188} INFO - [2024-03-25T21:27:23.425+0000] {dag.py:3834} INFO - Setting next_dagrun for tutorial to 2024-03-24 00:00:00+00:00, run_after=2024-03-25 00:00:00+00:00
[2024-03-25T21:27:23.487+0000] {processor.py:183} INFO - Processing /home/airflow/.local/lib/python3.8/site-packages/airflow/example_dags/tutorial.py took 0.210 seconds
[2024-03-25T21:27:54.287+0000] {processor.py:161} INFO - Started process (PID=1422) to work on /home/airflow/.local/lib/python3.8/site-packages/airflow/example_dags/tutorial.py
[2024-03-25T21:27:54.289+0000] {processor.py:830} INFO - Processing file /home/airflow/.local/lib/python3.8/site-packages/airflow/example_dags/tutorial.py for tasks to queue
[2024-03-25T21:27:54.293+0000] {logging_mixin.py:188} INFO - [2024-03-25T21:27:54.292+0000] {dagbag.py:540} INFO - Filling up the DagBag from /home/airflow/.local/lib/python3.8/site-packages/airflow/example_dags/tutorial.py
[2024-03-25T21:27:54.303+0000] {processor.py:840} INFO - DAG(s) 'tutorial' retrieved from /home/airflow/.local/lib/python3.8/site-packages/airflow/example_dags/tutorial.py
[2024-03-25T21:27:54.339+0000] {logging_mixin.py:188} INFO - [2024-03-25T21:27:54.339+0000] {dag.py:3047} INFO - Sync 1 DAGs
[2024-03-25T21:27:54.373+0000] {logging_mixin.py:188} INFO - [2024-03-25T21:27:54.372+0000] {dag.py:3834} INFO - Setting next_dagrun for tutorial to 2024-03-24 00:00:00+00:00, run_after=2024-03-25 00:00:00+00:00
[2024-03-25T21:27:54.404+0000] {processor.py:183} INFO - Processing /home/airflow/.local/lib/python3.8/site-packages/airflow/example_dags/tutorial.py took 0.122 seconds
[2024-03-25T21:28:25.051+0000] {processor.py:161} INFO - Started process (PID=1478) to work on /home/airflow/.local/lib/python3.8/site-packages/airflow/example_dags/tutorial.py
[2024-03-25T21:28:25.052+0000] {processor.py:830} INFO - Processing file /home/airflow/.local/lib/python3.8/site-packages/airflow/example_dags/tutorial.py for tasks to queue
[2024-03-25T21:28:25.055+0000] {logging_mixin.py:188} INFO - [2024-03-25T21:28:25.055+0000] {dagbag.py:540} INFO - Filling up the DagBag from /home/airflow/.local/lib/python3.8/site-packages/airflow/example_dags/tutorial.py
[2024-03-25T21:28:25.064+0000] {processor.py:840} INFO - DAG(s) 'tutorial' retrieved from /home/airflow/.local/lib/python3.8/site-packages/airflow/example_dags/tutorial.py
[2024-03-25T21:28:25.103+0000] {logging_mixin.py:188} INFO - [2024-03-25T21:28:25.103+0000] {dag.py:3047} INFO - Sync 1 DAGs
[2024-03-25T21:28:25.141+0000] {logging_mixin.py:188} INFO - [2024-03-25T21:28:25.141+0000] {dag.py:3834} INFO - Setting next_dagrun for tutorial to 2024-03-24 00:00:00+00:00, run_after=2024-03-25 00:00:00+00:00
[2024-03-25T21:28:25.174+0000] {processor.py:183} INFO - Processing /home/airflow/.local/lib/python3.8/site-packages/airflow/example_dags/tutorial.py took 0.128 seconds
