[2024-03-25T21:09:37.208+0000] {processor.py:161} INFO - Started process (PID=34) to work on /opt/airflow/dags/w3c.py
[2024-03-25T21:09:37.212+0000] {processor.py:830} INFO - Processing file /opt/airflow/dags/w3c.py for tasks to queue
[2024-03-25T21:09:37.219+0000] {logging_mixin.py:188} INFO - [2024-03-25T21:09:37.218+0000] {dagbag.py:540} INFO - Filling up the DagBag from /opt/airflow/dags/w3c.py
[2024-03-25T21:09:37.869+0000] {logging_mixin.py:188} INFO - Can't make BaseDir
[2024-03-25T21:09:37.870+0000] {logging_mixin.py:188} INFO - Can't make BaseDir
[2024-03-25T21:09:37.871+0000] {logging_mixin.py:188} INFO - Can't make BaseDir
[2024-03-25T21:09:37.872+0000] {logging_mixin.py:188} INFO - Can't make BaseDir
[2024-03-25T21:09:37.888+0000] {processor.py:840} INFO - DAG(s) 'Process_W3_Data' retrieved from /opt/airflow/dags/w3c.py
[2024-03-25T21:09:38.104+0000] {logging_mixin.py:188} INFO - [2024-03-25T21:09:38.103+0000] {override.py:1769} INFO - Created Permission View: can read on DAG:Process_W3_Data
[2024-03-25T21:09:38.130+0000] {logging_mixin.py:188} INFO - [2024-03-25T21:09:38.130+0000] {override.py:1769} INFO - Created Permission View: can edit on DAG:Process_W3_Data
[2024-03-25T21:09:38.151+0000] {logging_mixin.py:188} INFO - [2024-03-25T21:09:38.150+0000] {override.py:1769} INFO - Created Permission View: can delete on DAG:Process_W3_Data
[2024-03-25T21:09:38.153+0000] {logging_mixin.py:188} INFO - [2024-03-25T21:09:38.152+0000] {dag.py:3047} INFO - Sync 1 DAGs
[2024-03-25T21:09:38.183+0000] {logging_mixin.py:188} INFO - [2024-03-25T21:09:38.182+0000] {dag.py:3069} INFO - Creating ORM DAG for Process_W3_Data
[2024-03-25T21:09:38.222+0000] {logging_mixin.py:188} INFO - [2024-03-25T21:09:38.221+0000] {dag.py:3834} INFO - Setting next_dagrun for Process_W3_Data to 2024-03-24 00:00:00+00:00, run_after=2024-03-25 00:00:00+00:00
[2024-03-25T21:09:38.267+0000] {processor.py:183} INFO - Processing /opt/airflow/dags/w3c.py took 1.072 seconds
[2024-03-25T21:10:08.463+0000] {processor.py:161} INFO - Started process (PID=92) to work on /opt/airflow/dags/w3c.py
[2024-03-25T21:10:08.465+0000] {processor.py:830} INFO - Processing file /opt/airflow/dags/w3c.py for tasks to queue
[2024-03-25T21:10:08.468+0000] {logging_mixin.py:188} INFO - [2024-03-25T21:10:08.468+0000] {dagbag.py:540} INFO - Filling up the DagBag from /opt/airflow/dags/w3c.py
[2024-03-25T21:10:08.608+0000] {logging_mixin.py:188} INFO - Can't make BaseDir
[2024-03-25T21:10:08.609+0000] {logging_mixin.py:188} INFO - Can't make BaseDir
[2024-03-25T21:10:08.610+0000] {logging_mixin.py:188} INFO - Can't make BaseDir
[2024-03-25T21:10:08.611+0000] {logging_mixin.py:188} INFO - Can't make BaseDir
[2024-03-25T21:10:08.621+0000] {processor.py:840} INFO - DAG(s) 'Process_W3_Data' retrieved from /opt/airflow/dags/w3c.py
[2024-03-25T21:10:08.657+0000] {logging_mixin.py:188} INFO - [2024-03-25T21:10:08.657+0000] {dag.py:3047} INFO - Sync 1 DAGs
[2024-03-25T21:10:08.695+0000] {logging_mixin.py:188} INFO - [2024-03-25T21:10:08.695+0000] {dag.py:3834} INFO - Setting next_dagrun for Process_W3_Data to 2024-03-24 00:00:00+00:00, run_after=2024-03-25 00:00:00+00:00
[2024-03-25T21:10:08.725+0000] {processor.py:183} INFO - Processing /opt/airflow/dags/w3c.py took 0.269 seconds
[2024-03-25T21:10:39.644+0000] {processor.py:161} INFO - Started process (PID=148) to work on /opt/airflow/dags/w3c.py
[2024-03-25T21:10:39.646+0000] {processor.py:830} INFO - Processing file /opt/airflow/dags/w3c.py for tasks to queue
[2024-03-25T21:10:39.649+0000] {logging_mixin.py:188} INFO - [2024-03-25T21:10:39.648+0000] {dagbag.py:540} INFO - Filling up the DagBag from /opt/airflow/dags/w3c.py
[2024-03-25T21:10:39.786+0000] {logging_mixin.py:188} INFO - Can't make BaseDir
[2024-03-25T21:10:39.787+0000] {logging_mixin.py:188} INFO - Can't make BaseDir
[2024-03-25T21:10:39.788+0000] {logging_mixin.py:188} INFO - Can't make BaseDir
[2024-03-25T21:10:39.788+0000] {logging_mixin.py:188} INFO - Can't make BaseDir
[2024-03-25T21:10:39.798+0000] {processor.py:840} INFO - DAG(s) 'Process_W3_Data' retrieved from /opt/airflow/dags/w3c.py
[2024-03-25T21:10:39.834+0000] {logging_mixin.py:188} INFO - [2024-03-25T21:10:39.833+0000] {dag.py:3047} INFO - Sync 1 DAGs
[2024-03-25T21:10:39.868+0000] {logging_mixin.py:188} INFO - [2024-03-25T21:10:39.868+0000] {dag.py:3834} INFO - Setting next_dagrun for Process_W3_Data to 2024-03-24 00:00:00+00:00, run_after=2024-03-25 00:00:00+00:00
[2024-03-25T21:10:39.897+0000] {processor.py:183} INFO - Processing /opt/airflow/dags/w3c.py took 0.258 seconds
[2024-03-25T21:11:10.093+0000] {processor.py:161} INFO - Started process (PID=205) to work on /opt/airflow/dags/w3c.py
[2024-03-25T21:11:10.095+0000] {processor.py:830} INFO - Processing file /opt/airflow/dags/w3c.py for tasks to queue
[2024-03-25T21:11:10.098+0000] {logging_mixin.py:188} INFO - [2024-03-25T21:11:10.098+0000] {dagbag.py:540} INFO - Filling up the DagBag from /opt/airflow/dags/w3c.py
[2024-03-25T21:11:10.231+0000] {logging_mixin.py:188} INFO - Can't make BaseDir
[2024-03-25T21:11:10.232+0000] {logging_mixin.py:188} INFO - Can't make BaseDir
[2024-03-25T21:11:10.233+0000] {logging_mixin.py:188} INFO - Can't make BaseDir
[2024-03-25T21:11:10.233+0000] {logging_mixin.py:188} INFO - Can't make BaseDir
[2024-03-25T21:11:10.245+0000] {processor.py:840} INFO - DAG(s) 'Process_W3_Data' retrieved from /opt/airflow/dags/w3c.py
[2024-03-25T21:11:10.278+0000] {logging_mixin.py:188} INFO - [2024-03-25T21:11:10.278+0000] {dag.py:3047} INFO - Sync 1 DAGs
[2024-03-25T21:11:10.315+0000] {logging_mixin.py:188} INFO - [2024-03-25T21:11:10.314+0000] {dag.py:3834} INFO - Setting next_dagrun for Process_W3_Data to 2024-03-24 00:00:00+00:00, run_after=2024-03-25 00:00:00+00:00
[2024-03-25T21:11:10.343+0000] {processor.py:183} INFO - Processing /opt/airflow/dags/w3c.py took 0.256 seconds
[2024-03-25T21:11:40.524+0000] {processor.py:161} INFO - Started process (PID=262) to work on /opt/airflow/dags/w3c.py
[2024-03-25T21:11:40.526+0000] {processor.py:830} INFO - Processing file /opt/airflow/dags/w3c.py for tasks to queue
[2024-03-25T21:11:40.529+0000] {logging_mixin.py:188} INFO - [2024-03-25T21:11:40.529+0000] {dagbag.py:540} INFO - Filling up the DagBag from /opt/airflow/dags/w3c.py
[2024-03-25T21:11:40.665+0000] {logging_mixin.py:188} INFO - Can't make BaseDir
[2024-03-25T21:11:40.665+0000] {logging_mixin.py:188} INFO - Can't make BaseDir
[2024-03-25T21:11:40.666+0000] {logging_mixin.py:188} INFO - Can't make BaseDir
[2024-03-25T21:11:40.667+0000] {logging_mixin.py:188} INFO - Can't make BaseDir
[2024-03-25T21:11:40.677+0000] {processor.py:840} INFO - DAG(s) 'Process_W3_Data' retrieved from /opt/airflow/dags/w3c.py
[2024-03-25T21:11:40.710+0000] {logging_mixin.py:188} INFO - [2024-03-25T21:11:40.710+0000] {dag.py:3047} INFO - Sync 1 DAGs
[2024-03-25T21:11:40.748+0000] {logging_mixin.py:188} INFO - [2024-03-25T21:11:40.747+0000] {dag.py:3834} INFO - Setting next_dagrun for Process_W3_Data to 2024-03-24 00:00:00+00:00, run_after=2024-03-25 00:00:00+00:00
[2024-03-25T21:11:40.776+0000] {processor.py:183} INFO - Processing /opt/airflow/dags/w3c.py took 0.257 seconds
[2024-03-25T21:12:10.923+0000] {processor.py:161} INFO - Started process (PID=318) to work on /opt/airflow/dags/w3c.py
[2024-03-25T21:12:10.925+0000] {processor.py:830} INFO - Processing file /opt/airflow/dags/w3c.py for tasks to queue
[2024-03-25T21:12:10.928+0000] {logging_mixin.py:188} INFO - [2024-03-25T21:12:10.927+0000] {dagbag.py:540} INFO - Filling up the DagBag from /opt/airflow/dags/w3c.py
[2024-03-25T21:12:11.060+0000] {logging_mixin.py:188} INFO - Can't make BaseDir
[2024-03-25T21:12:11.061+0000] {logging_mixin.py:188} INFO - Can't make BaseDir
[2024-03-25T21:12:11.062+0000] {logging_mixin.py:188} INFO - Can't make BaseDir
[2024-03-25T21:12:11.062+0000] {logging_mixin.py:188} INFO - Can't make BaseDir
[2024-03-25T21:12:11.074+0000] {processor.py:840} INFO - DAG(s) 'Process_W3_Data' retrieved from /opt/airflow/dags/w3c.py
[2024-03-25T21:12:11.110+0000] {logging_mixin.py:188} INFO - [2024-03-25T21:12:11.109+0000] {dag.py:3047} INFO - Sync 1 DAGs
[2024-03-25T21:12:11.145+0000] {logging_mixin.py:188} INFO - [2024-03-25T21:12:11.145+0000] {dag.py:3834} INFO - Setting next_dagrun for Process_W3_Data to 2024-03-24 00:00:00+00:00, run_after=2024-03-25 00:00:00+00:00
[2024-03-25T21:12:11.173+0000] {processor.py:183} INFO - Processing /opt/airflow/dags/w3c.py took 0.255 seconds
[2024-03-25T21:12:41.236+0000] {processor.py:161} INFO - Started process (PID=374) to work on /opt/airflow/dags/w3c.py
[2024-03-25T21:12:41.238+0000] {processor.py:830} INFO - Processing file /opt/airflow/dags/w3c.py for tasks to queue
[2024-03-25T21:12:41.241+0000] {logging_mixin.py:188} INFO - [2024-03-25T21:12:41.241+0000] {dagbag.py:540} INFO - Filling up the DagBag from /opt/airflow/dags/w3c.py
[2024-03-25T21:12:41.397+0000] {logging_mixin.py:188} INFO - Can't make BaseDir
[2024-03-25T21:12:41.398+0000] {logging_mixin.py:188} INFO - Can't make BaseDir
[2024-03-25T21:12:41.398+0000] {logging_mixin.py:188} INFO - Can't make BaseDir
[2024-03-25T21:12:41.399+0000] {logging_mixin.py:188} INFO - Can't make BaseDir
[2024-03-25T21:12:41.411+0000] {processor.py:840} INFO - DAG(s) 'Process_W3_Data' retrieved from /opt/airflow/dags/w3c.py
[2024-03-25T21:12:41.449+0000] {logging_mixin.py:188} INFO - [2024-03-25T21:12:41.448+0000] {dag.py:3047} INFO - Sync 1 DAGs
[2024-03-25T21:12:41.493+0000] {logging_mixin.py:188} INFO - [2024-03-25T21:12:41.493+0000] {dag.py:3834} INFO - Setting next_dagrun for Process_W3_Data to 2024-03-24 00:00:00+00:00, run_after=2024-03-25 00:00:00+00:00
[2024-03-25T21:12:41.528+0000] {processor.py:183} INFO - Processing /opt/airflow/dags/w3c.py took 0.297 seconds
[2024-03-25T21:13:11.813+0000] {processor.py:161} INFO - Started process (PID=431) to work on /opt/airflow/dags/w3c.py
[2024-03-25T21:13:11.815+0000] {processor.py:830} INFO - Processing file /opt/airflow/dags/w3c.py for tasks to queue
[2024-03-25T21:13:11.819+0000] {logging_mixin.py:188} INFO - [2024-03-25T21:13:11.819+0000] {dagbag.py:540} INFO - Filling up the DagBag from /opt/airflow/dags/w3c.py
[2024-03-25T21:13:12.018+0000] {logging_mixin.py:188} INFO - Can't make BaseDir
[2024-03-25T21:13:12.019+0000] {logging_mixin.py:188} INFO - Can't make BaseDir
[2024-03-25T21:13:12.020+0000] {logging_mixin.py:188} INFO - Can't make BaseDir
[2024-03-25T21:13:12.020+0000] {logging_mixin.py:188} INFO - Can't make BaseDir
[2024-03-25T21:13:12.032+0000] {processor.py:840} INFO - DAG(s) 'Process_W3_Data' retrieved from /opt/airflow/dags/w3c.py
[2024-03-25T21:13:12.071+0000] {logging_mixin.py:188} INFO - [2024-03-25T21:13:12.071+0000] {dag.py:3047} INFO - Sync 1 DAGs
[2024-03-25T21:13:12.110+0000] {logging_mixin.py:188} INFO - [2024-03-25T21:13:12.109+0000] {dag.py:3834} INFO - Setting next_dagrun for Process_W3_Data to 2024-03-24 00:00:00+00:00, run_after=2024-03-25 00:00:00+00:00
[2024-03-25T21:13:12.138+0000] {processor.py:183} INFO - Processing /opt/airflow/dags/w3c.py took 0.331 seconds
[2024-03-25T21:13:42.242+0000] {processor.py:161} INFO - Started process (PID=488) to work on /opt/airflow/dags/w3c.py
[2024-03-25T21:13:42.244+0000] {processor.py:830} INFO - Processing file /opt/airflow/dags/w3c.py for tasks to queue
[2024-03-25T21:13:42.247+0000] {logging_mixin.py:188} INFO - [2024-03-25T21:13:42.246+0000] {dagbag.py:540} INFO - Filling up the DagBag from /opt/airflow/dags/w3c.py
[2024-03-25T21:13:42.383+0000] {logging_mixin.py:188} INFO - Can't make BaseDir
[2024-03-25T21:13:42.383+0000] {logging_mixin.py:188} INFO - Can't make BaseDir
[2024-03-25T21:13:42.384+0000] {logging_mixin.py:188} INFO - Can't make BaseDir
[2024-03-25T21:13:42.385+0000] {logging_mixin.py:188} INFO - Can't make BaseDir
[2024-03-25T21:13:42.395+0000] {processor.py:840} INFO - DAG(s) 'Process_W3_Data' retrieved from /opt/airflow/dags/w3c.py
[2024-03-25T21:13:42.429+0000] {logging_mixin.py:188} INFO - [2024-03-25T21:13:42.428+0000] {dag.py:3047} INFO - Sync 1 DAGs
[2024-03-25T21:13:42.463+0000] {logging_mixin.py:188} INFO - [2024-03-25T21:13:42.463+0000] {dag.py:3834} INFO - Setting next_dagrun for Process_W3_Data to 2024-03-24 00:00:00+00:00, run_after=2024-03-25 00:00:00+00:00
[2024-03-25T21:13:42.490+0000] {processor.py:183} INFO - Processing /opt/airflow/dags/w3c.py took 0.253 seconds
[2024-03-25T21:14:12.853+0000] {processor.py:161} INFO - Started process (PID=545) to work on /opt/airflow/dags/w3c.py
[2024-03-25T21:14:12.855+0000] {processor.py:830} INFO - Processing file /opt/airflow/dags/w3c.py for tasks to queue
[2024-03-25T21:14:12.858+0000] {logging_mixin.py:188} INFO - [2024-03-25T21:14:12.857+0000] {dagbag.py:540} INFO - Filling up the DagBag from /opt/airflow/dags/w3c.py
[2024-03-25T21:14:12.987+0000] {logging_mixin.py:188} INFO - Can't make BaseDir
[2024-03-25T21:14:12.988+0000] {logging_mixin.py:188} INFO - Can't make BaseDir
[2024-03-25T21:14:12.989+0000] {logging_mixin.py:188} INFO - Can't make BaseDir
[2024-03-25T21:14:12.990+0000] {logging_mixin.py:188} INFO - Can't make BaseDir
[2024-03-25T21:14:13.000+0000] {processor.py:840} INFO - DAG(s) 'Process_W3_Data' retrieved from /opt/airflow/dags/w3c.py
[2024-03-25T21:14:13.033+0000] {logging_mixin.py:188} INFO - [2024-03-25T21:14:13.033+0000] {dag.py:3047} INFO - Sync 1 DAGs
[2024-03-25T21:14:13.067+0000] {logging_mixin.py:188} INFO - [2024-03-25T21:14:13.067+0000] {dag.py:3834} INFO - Setting next_dagrun for Process_W3_Data to 2024-03-24 00:00:00+00:00, run_after=2024-03-25 00:00:00+00:00
[2024-03-25T21:14:13.095+0000] {processor.py:183} INFO - Processing /opt/airflow/dags/w3c.py took 0.247 seconds
[2024-03-25T21:14:43.388+0000] {processor.py:161} INFO - Started process (PID=601) to work on /opt/airflow/dags/w3c.py
[2024-03-25T21:14:43.390+0000] {processor.py:830} INFO - Processing file /opt/airflow/dags/w3c.py for tasks to queue
[2024-03-25T21:14:43.393+0000] {logging_mixin.py:188} INFO - [2024-03-25T21:14:43.392+0000] {dagbag.py:540} INFO - Filling up the DagBag from /opt/airflow/dags/w3c.py
[2024-03-25T21:14:43.528+0000] {logging_mixin.py:188} INFO - Can't make BaseDir
[2024-03-25T21:14:43.528+0000] {logging_mixin.py:188} INFO - Can't make BaseDir
[2024-03-25T21:14:43.529+0000] {logging_mixin.py:188} INFO - Can't make BaseDir
[2024-03-25T21:14:43.529+0000] {logging_mixin.py:188} INFO - Can't make BaseDir
[2024-03-25T21:14:43.540+0000] {processor.py:840} INFO - DAG(s) 'Process_W3_Data' retrieved from /opt/airflow/dags/w3c.py
[2024-03-25T21:14:43.580+0000] {logging_mixin.py:188} INFO - [2024-03-25T21:14:43.580+0000] {dag.py:3047} INFO - Sync 1 DAGs
[2024-03-25T21:14:43.622+0000] {logging_mixin.py:188} INFO - [2024-03-25T21:14:43.622+0000] {dag.py:3834} INFO - Setting next_dagrun for Process_W3_Data to 2024-03-24 00:00:00+00:00, run_after=2024-03-25 00:00:00+00:00
[2024-03-25T21:14:43.654+0000] {processor.py:183} INFO - Processing /opt/airflow/dags/w3c.py took 0.273 seconds
[2024-03-25T21:15:13.834+0000] {processor.py:161} INFO - Started process (PID=656) to work on /opt/airflow/dags/w3c.py
[2024-03-25T21:15:13.835+0000] {processor.py:830} INFO - Processing file /opt/airflow/dags/w3c.py for tasks to queue
[2024-03-25T21:15:13.839+0000] {logging_mixin.py:188} INFO - [2024-03-25T21:15:13.838+0000] {dagbag.py:540} INFO - Filling up the DagBag from /opt/airflow/dags/w3c.py
[2024-03-25T21:15:13.981+0000] {logging_mixin.py:188} INFO - Can't make BaseDir
[2024-03-25T21:15:13.982+0000] {logging_mixin.py:188} INFO - Can't make BaseDir
[2024-03-25T21:15:13.982+0000] {logging_mixin.py:188} INFO - Can't make BaseDir
[2024-03-25T21:15:13.983+0000] {logging_mixin.py:188} INFO - Can't make BaseDir
[2024-03-25T21:15:13.995+0000] {processor.py:840} INFO - DAG(s) 'Process_W3_Data' retrieved from /opt/airflow/dags/w3c.py
[2024-03-25T21:15:14.028+0000] {logging_mixin.py:188} INFO - [2024-03-25T21:15:14.027+0000] {dag.py:3047} INFO - Sync 1 DAGs
[2024-03-25T21:15:14.062+0000] {logging_mixin.py:188} INFO - [2024-03-25T21:15:14.062+0000] {dag.py:3834} INFO - Setting next_dagrun for Process_W3_Data to 2024-03-24 00:00:00+00:00, run_after=2024-03-25 00:00:00+00:00
[2024-03-25T21:15:14.090+0000] {processor.py:183} INFO - Processing /opt/airflow/dags/w3c.py took 0.263 seconds
[2024-03-25T21:15:44.176+0000] {processor.py:161} INFO - Started process (PID=708) to work on /opt/airflow/dags/w3c.py
[2024-03-25T21:15:44.177+0000] {processor.py:830} INFO - Processing file /opt/airflow/dags/w3c.py for tasks to queue
[2024-03-25T21:15:44.180+0000] {logging_mixin.py:188} INFO - [2024-03-25T21:15:44.180+0000] {dagbag.py:540} INFO - Filling up the DagBag from /opt/airflow/dags/w3c.py
[2024-03-25T21:15:44.322+0000] {logging_mixin.py:188} INFO - Can't make BaseDir
[2024-03-25T21:15:44.323+0000] {logging_mixin.py:188} INFO - Can't make BaseDir
[2024-03-25T21:15:44.324+0000] {logging_mixin.py:188} INFO - Can't make BaseDir
[2024-03-25T21:15:44.324+0000] {logging_mixin.py:188} INFO - Can't make BaseDir
[2024-03-25T21:15:44.335+0000] {processor.py:840} INFO - DAG(s) 'Process_W3_Data' retrieved from /opt/airflow/dags/w3c.py
[2024-03-25T21:15:44.372+0000] {logging_mixin.py:188} INFO - [2024-03-25T21:15:44.371+0000] {dag.py:3047} INFO - Sync 1 DAGs
[2024-03-25T21:15:44.410+0000] {logging_mixin.py:188} INFO - [2024-03-25T21:15:44.409+0000] {dag.py:3834} INFO - Setting next_dagrun for Process_W3_Data to 2024-03-24 00:00:00+00:00, run_after=2024-03-25 00:00:00+00:00
[2024-03-25T21:15:44.447+0000] {processor.py:183} INFO - Processing /opt/airflow/dags/w3c.py took 0.276 seconds
[2024-03-25T21:16:14.572+0000] {processor.py:161} INFO - Started process (PID=765) to work on /opt/airflow/dags/w3c.py
[2024-03-25T21:16:14.574+0000] {processor.py:830} INFO - Processing file /opt/airflow/dags/w3c.py for tasks to queue
[2024-03-25T21:16:14.578+0000] {logging_mixin.py:188} INFO - [2024-03-25T21:16:14.577+0000] {dagbag.py:540} INFO - Filling up the DagBag from /opt/airflow/dags/w3c.py
[2024-03-25T21:16:14.738+0000] {logging_mixin.py:188} INFO - Can't make BaseDir
[2024-03-25T21:16:14.739+0000] {logging_mixin.py:188} INFO - Can't make BaseDir
[2024-03-25T21:16:14.740+0000] {logging_mixin.py:188} INFO - Can't make BaseDir
[2024-03-25T21:16:14.741+0000] {logging_mixin.py:188} INFO - Can't make BaseDir
[2024-03-25T21:16:14.751+0000] {processor.py:840} INFO - DAG(s) 'Process_W3_Data' retrieved from /opt/airflow/dags/w3c.py
[2024-03-25T21:16:14.785+0000] {logging_mixin.py:188} INFO - [2024-03-25T21:16:14.785+0000] {dag.py:3047} INFO - Sync 1 DAGs
[2024-03-25T21:16:14.820+0000] {logging_mixin.py:188} INFO - [2024-03-25T21:16:14.820+0000] {dag.py:3834} INFO - Setting next_dagrun for Process_W3_Data to 2024-03-24 00:00:00+00:00, run_after=2024-03-25 00:00:00+00:00
[2024-03-25T21:16:14.850+0000] {processor.py:183} INFO - Processing /opt/airflow/dags/w3c.py took 0.285 seconds
[2024-03-25T21:16:44.933+0000] {processor.py:161} INFO - Started process (PID=822) to work on /opt/airflow/dags/w3c.py
[2024-03-25T21:16:44.935+0000] {processor.py:830} INFO - Processing file /opt/airflow/dags/w3c.py for tasks to queue
[2024-03-25T21:16:44.938+0000] {logging_mixin.py:188} INFO - [2024-03-25T21:16:44.938+0000] {dagbag.py:540} INFO - Filling up the DagBag from /opt/airflow/dags/w3c.py
[2024-03-25T21:16:45.069+0000] {logging_mixin.py:188} INFO - Can't make BaseDir
[2024-03-25T21:16:45.070+0000] {logging_mixin.py:188} INFO - Can't make BaseDir
[2024-03-25T21:16:45.071+0000] {logging_mixin.py:188} INFO - Can't make BaseDir
[2024-03-25T21:16:45.071+0000] {logging_mixin.py:188} INFO - Can't make BaseDir
[2024-03-25T21:16:45.081+0000] {processor.py:840} INFO - DAG(s) 'Process_W3_Data' retrieved from /opt/airflow/dags/w3c.py
[2024-03-25T21:16:45.116+0000] {logging_mixin.py:188} INFO - [2024-03-25T21:16:45.116+0000] {dag.py:3047} INFO - Sync 1 DAGs
[2024-03-25T21:16:45.154+0000] {logging_mixin.py:188} INFO - [2024-03-25T21:16:45.153+0000] {dag.py:3834} INFO - Setting next_dagrun for Process_W3_Data to 2024-03-24 00:00:00+00:00, run_after=2024-03-25 00:00:00+00:00
[2024-03-25T21:16:45.183+0000] {processor.py:183} INFO - Processing /opt/airflow/dags/w3c.py took 0.256 seconds
[2024-03-25T21:17:15.316+0000] {processor.py:161} INFO - Started process (PID=878) to work on /opt/airflow/dags/w3c.py
[2024-03-25T21:17:15.318+0000] {processor.py:830} INFO - Processing file /opt/airflow/dags/w3c.py for tasks to queue
[2024-03-25T21:17:15.323+0000] {logging_mixin.py:188} INFO - [2024-03-25T21:17:15.322+0000] {dagbag.py:540} INFO - Filling up the DagBag from /opt/airflow/dags/w3c.py
[2024-03-25T21:17:15.455+0000] {logging_mixin.py:188} INFO - Can't make BaseDir
[2024-03-25T21:17:15.456+0000] {logging_mixin.py:188} INFO - Can't make BaseDir
[2024-03-25T21:17:15.456+0000] {logging_mixin.py:188} INFO - Can't make BaseDir
[2024-03-25T21:17:15.457+0000] {logging_mixin.py:188} INFO - Can't make BaseDir
[2024-03-25T21:17:15.467+0000] {processor.py:840} INFO - DAG(s) 'Process_W3_Data' retrieved from /opt/airflow/dags/w3c.py
[2024-03-25T21:17:15.505+0000] {logging_mixin.py:188} INFO - [2024-03-25T21:17:15.505+0000] {dag.py:3047} INFO - Sync 1 DAGs
[2024-03-25T21:17:15.544+0000] {logging_mixin.py:188} INFO - [2024-03-25T21:17:15.544+0000] {dag.py:3834} INFO - Setting next_dagrun for Process_W3_Data to 2024-03-24 00:00:00+00:00, run_after=2024-03-25 00:00:00+00:00
[2024-03-25T21:17:15.574+0000] {processor.py:183} INFO - Processing /opt/airflow/dags/w3c.py took 0.265 seconds
[2024-03-25T21:17:45.783+0000] {processor.py:161} INFO - Started process (PID=935) to work on /opt/airflow/dags/w3c.py
[2024-03-25T21:17:45.785+0000] {processor.py:830} INFO - Processing file /opt/airflow/dags/w3c.py for tasks to queue
[2024-03-25T21:17:45.788+0000] {logging_mixin.py:188} INFO - [2024-03-25T21:17:45.788+0000] {dagbag.py:540} INFO - Filling up the DagBag from /opt/airflow/dags/w3c.py
[2024-03-25T21:17:45.939+0000] {logging_mixin.py:188} INFO - Can't make BaseDir
[2024-03-25T21:17:45.940+0000] {logging_mixin.py:188} INFO - Can't make BaseDir
[2024-03-25T21:17:45.941+0000] {logging_mixin.py:188} INFO - Can't make BaseDir
[2024-03-25T21:17:45.942+0000] {logging_mixin.py:188} INFO - Can't make BaseDir
[2024-03-25T21:17:45.957+0000] {processor.py:840} INFO - DAG(s) 'Process_W3_Data' retrieved from /opt/airflow/dags/w3c.py
[2024-03-25T21:17:46.014+0000] {logging_mixin.py:188} INFO - [2024-03-25T21:17:46.013+0000] {dag.py:3047} INFO - Sync 1 DAGs
[2024-03-25T21:17:46.052+0000] {logging_mixin.py:188} INFO - [2024-03-25T21:17:46.052+0000] {dag.py:3834} INFO - Setting next_dagrun for Process_W3_Data to 2024-03-24 00:00:00+00:00, run_after=2024-03-25 00:00:00+00:00
[2024-03-25T21:17:46.084+0000] {processor.py:183} INFO - Processing /opt/airflow/dags/w3c.py took 0.307 seconds
[2024-03-25T21:18:16.181+0000] {processor.py:161} INFO - Started process (PID=992) to work on /opt/airflow/dags/w3c.py
[2024-03-25T21:18:16.182+0000] {processor.py:830} INFO - Processing file /opt/airflow/dags/w3c.py for tasks to queue
[2024-03-25T21:18:16.187+0000] {logging_mixin.py:188} INFO - [2024-03-25T21:18:16.186+0000] {dagbag.py:540} INFO - Filling up the DagBag from /opt/airflow/dags/w3c.py
[2024-03-25T21:18:16.320+0000] {logging_mixin.py:188} INFO - Can't make BaseDir
[2024-03-25T21:18:16.321+0000] {logging_mixin.py:188} INFO - Can't make BaseDir
[2024-03-25T21:18:16.322+0000] {logging_mixin.py:188} INFO - Can't make BaseDir
[2024-03-25T21:18:16.322+0000] {logging_mixin.py:188} INFO - Can't make BaseDir
[2024-03-25T21:18:16.334+0000] {processor.py:840} INFO - DAG(s) 'Process_W3_Data' retrieved from /opt/airflow/dags/w3c.py
[2024-03-25T21:18:16.367+0000] {logging_mixin.py:188} INFO - [2024-03-25T21:18:16.367+0000] {dag.py:3047} INFO - Sync 1 DAGs
[2024-03-25T21:18:16.402+0000] {logging_mixin.py:188} INFO - [2024-03-25T21:18:16.401+0000] {dag.py:3834} INFO - Setting next_dagrun for Process_W3_Data to 2024-03-24 00:00:00+00:00, run_after=2024-03-25 00:00:00+00:00
[2024-03-25T21:18:16.429+0000] {processor.py:183} INFO - Processing /opt/airflow/dags/w3c.py took 0.254 seconds
[2024-03-25T21:18:46.486+0000] {processor.py:161} INFO - Started process (PID=1049) to work on /opt/airflow/dags/w3c.py
[2024-03-25T21:18:46.487+0000] {processor.py:830} INFO - Processing file /opt/airflow/dags/w3c.py for tasks to queue
[2024-03-25T21:18:46.490+0000] {logging_mixin.py:188} INFO - [2024-03-25T21:18:46.490+0000] {dagbag.py:540} INFO - Filling up the DagBag from /opt/airflow/dags/w3c.py
[2024-03-25T21:18:46.629+0000] {logging_mixin.py:188} INFO - Can't make BaseDir
[2024-03-25T21:18:46.630+0000] {logging_mixin.py:188} INFO - Can't make BaseDir
[2024-03-25T21:18:46.631+0000] {logging_mixin.py:188} INFO - Can't make BaseDir
[2024-03-25T21:18:46.631+0000] {logging_mixin.py:188} INFO - Can't make BaseDir
[2024-03-25T21:18:46.641+0000] {processor.py:840} INFO - DAG(s) 'Process_W3_Data' retrieved from /opt/airflow/dags/w3c.py
[2024-03-25T21:18:46.676+0000] {logging_mixin.py:188} INFO - [2024-03-25T21:18:46.675+0000] {dag.py:3047} INFO - Sync 1 DAGs
[2024-03-25T21:18:46.721+0000] {logging_mixin.py:188} INFO - [2024-03-25T21:18:46.721+0000] {dag.py:3834} INFO - Setting next_dagrun for Process_W3_Data to 2024-03-24 00:00:00+00:00, run_after=2024-03-25 00:00:00+00:00
[2024-03-25T21:18:46.750+0000] {processor.py:183} INFO - Processing /opt/airflow/dags/w3c.py took 0.269 seconds
[2024-03-25T21:19:16.894+0000] {processor.py:161} INFO - Started process (PID=1104) to work on /opt/airflow/dags/w3c.py
[2024-03-25T21:19:16.896+0000] {processor.py:830} INFO - Processing file /opt/airflow/dags/w3c.py for tasks to queue
[2024-03-25T21:19:16.899+0000] {logging_mixin.py:188} INFO - [2024-03-25T21:19:16.899+0000] {dagbag.py:540} INFO - Filling up the DagBag from /opt/airflow/dags/w3c.py
[2024-03-25T21:19:17.028+0000] {logging_mixin.py:188} INFO - Can't make BaseDir
[2024-03-25T21:19:17.029+0000] {logging_mixin.py:188} INFO - Can't make BaseDir
[2024-03-25T21:19:17.030+0000] {logging_mixin.py:188} INFO - Can't make BaseDir
[2024-03-25T21:19:17.030+0000] {logging_mixin.py:188} INFO - Can't make BaseDir
[2024-03-25T21:19:17.040+0000] {processor.py:840} INFO - DAG(s) 'Process_W3_Data' retrieved from /opt/airflow/dags/w3c.py
[2024-03-25T21:19:17.074+0000] {logging_mixin.py:188} INFO - [2024-03-25T21:19:17.074+0000] {dag.py:3047} INFO - Sync 1 DAGs
[2024-03-25T21:19:17.108+0000] {logging_mixin.py:188} INFO - [2024-03-25T21:19:17.107+0000] {dag.py:3834} INFO - Setting next_dagrun for Process_W3_Data to 2024-03-24 00:00:00+00:00, run_after=2024-03-25 00:00:00+00:00
[2024-03-25T21:19:17.136+0000] {processor.py:183} INFO - Processing /opt/airflow/dags/w3c.py took 0.248 seconds
[2024-03-25T21:19:47.191+0000] {processor.py:161} INFO - Started process (PID=1160) to work on /opt/airflow/dags/w3c.py
[2024-03-25T21:19:47.193+0000] {processor.py:830} INFO - Processing file /opt/airflow/dags/w3c.py for tasks to queue
[2024-03-25T21:19:47.196+0000] {logging_mixin.py:188} INFO - [2024-03-25T21:19:47.196+0000] {dagbag.py:540} INFO - Filling up the DagBag from /opt/airflow/dags/w3c.py
[2024-03-25T21:19:47.327+0000] {logging_mixin.py:188} INFO - Can't make BaseDir
[2024-03-25T21:19:47.328+0000] {logging_mixin.py:188} INFO - Can't make BaseDir
[2024-03-25T21:19:47.328+0000] {logging_mixin.py:188} INFO - Can't make BaseDir
[2024-03-25T21:19:47.329+0000] {logging_mixin.py:188} INFO - Can't make BaseDir
[2024-03-25T21:19:47.339+0000] {processor.py:840} INFO - DAG(s) 'Process_W3_Data' retrieved from /opt/airflow/dags/w3c.py
[2024-03-25T21:19:47.374+0000] {logging_mixin.py:188} INFO - [2024-03-25T21:19:47.373+0000] {dag.py:3047} INFO - Sync 1 DAGs
[2024-03-25T21:19:47.410+0000] {logging_mixin.py:188} INFO - [2024-03-25T21:19:47.409+0000] {dag.py:3834} INFO - Setting next_dagrun for Process_W3_Data to 2024-03-24 00:00:00+00:00, run_after=2024-03-25 00:00:00+00:00
[2024-03-25T21:19:47.437+0000] {processor.py:183} INFO - Processing /opt/airflow/dags/w3c.py took 0.251 seconds
[2024-03-25T21:20:17.508+0000] {processor.py:161} INFO - Started process (PID=1216) to work on /opt/airflow/dags/w3c.py
[2024-03-25T21:20:17.510+0000] {processor.py:830} INFO - Processing file /opt/airflow/dags/w3c.py for tasks to queue
[2024-03-25T21:20:17.513+0000] {logging_mixin.py:188} INFO - [2024-03-25T21:20:17.513+0000] {dagbag.py:540} INFO - Filling up the DagBag from /opt/airflow/dags/w3c.py
[2024-03-25T21:20:17.640+0000] {logging_mixin.py:188} INFO - Can't make BaseDir
[2024-03-25T21:20:17.641+0000] {logging_mixin.py:188} INFO - Can't make BaseDir
[2024-03-25T21:20:17.642+0000] {logging_mixin.py:188} INFO - Can't make BaseDir
[2024-03-25T21:20:17.642+0000] {logging_mixin.py:188} INFO - Can't make BaseDir
[2024-03-25T21:20:17.653+0000] {processor.py:840} INFO - DAG(s) 'Process_W3_Data' retrieved from /opt/airflow/dags/w3c.py
[2024-03-25T21:20:17.687+0000] {logging_mixin.py:188} INFO - [2024-03-25T21:20:17.687+0000] {dag.py:3047} INFO - Sync 1 DAGs
[2024-03-25T21:20:17.723+0000] {logging_mixin.py:188} INFO - [2024-03-25T21:20:17.723+0000] {dag.py:3834} INFO - Setting next_dagrun for Process_W3_Data to 2024-03-24 00:00:00+00:00, run_after=2024-03-25 00:00:00+00:00
[2024-03-25T21:20:17.751+0000] {processor.py:183} INFO - Processing /opt/airflow/dags/w3c.py took 0.248 seconds
[2024-03-25T21:26:43.423+0000] {processor.py:161} INFO - Started process (PID=1265) to work on /opt/airflow/dags/w3c.py
[2024-03-25T21:26:43.436+0000] {processor.py:830} INFO - Processing file /opt/airflow/dags/w3c.py for tasks to queue
[2024-03-25T21:26:43.444+0000] {logging_mixin.py:188} INFO - [2024-03-25T21:26:43.443+0000] {dagbag.py:540} INFO - Filling up the DagBag from /opt/airflow/dags/w3c.py
[2024-03-25T21:26:44.462+0000] {logging_mixin.py:188} INFO - Can't make BaseDir
[2024-03-25T21:26:44.496+0000] {logging_mixin.py:188} INFO - Can't make BaseDir
[2024-03-25T21:26:44.501+0000] {logging_mixin.py:188} INFO - Can't make BaseDir
[2024-03-25T21:26:44.508+0000] {logging_mixin.py:188} INFO - Can't make BaseDir
[2024-03-25T21:26:44.533+0000] {processor.py:840} INFO - DAG(s) 'Process_W3_Data' retrieved from /opt/airflow/dags/w3c.py
[2024-03-25T21:26:44.649+0000] {logging_mixin.py:188} INFO - [2024-03-25T21:26:44.649+0000] {dag.py:3047} INFO - Sync 1 DAGs
[2024-03-25T21:26:44.775+0000] {logging_mixin.py:188} INFO - [2024-03-25T21:26:44.774+0000] {dag.py:3834} INFO - Setting next_dagrun for Process_W3_Data to 2024-03-24 00:00:00+00:00, run_after=2024-03-25 00:00:00+00:00
[2024-03-25T21:26:44.855+0000] {processor.py:183} INFO - Processing /opt/airflow/dags/w3c.py took 1.438 seconds
[2024-03-25T21:27:15.340+0000] {processor.py:161} INFO - Started process (PID=1322) to work on /opt/airflow/dags/w3c.py
[2024-03-25T21:27:15.344+0000] {processor.py:830} INFO - Processing file /opt/airflow/dags/w3c.py for tasks to queue
[2024-03-25T21:27:15.352+0000] {logging_mixin.py:188} INFO - [2024-03-25T21:27:15.351+0000] {dagbag.py:540} INFO - Filling up the DagBag from /opt/airflow/dags/w3c.py
[2024-03-25T21:27:15.619+0000] {logging_mixin.py:188} INFO - Can't make BaseDir
[2024-03-25T21:27:15.620+0000] {logging_mixin.py:188} INFO - Can't make BaseDir
[2024-03-25T21:27:15.621+0000] {logging_mixin.py:188} INFO - Can't make BaseDir
[2024-03-25T21:27:15.622+0000] {logging_mixin.py:188} INFO - Can't make BaseDir
[2024-03-25T21:27:15.635+0000] {processor.py:840} INFO - DAG(s) 'Process_W3_Data' retrieved from /opt/airflow/dags/w3c.py
[2024-03-25T21:27:15.688+0000] {logging_mixin.py:188} INFO - [2024-03-25T21:27:15.686+0000] {dag.py:3047} INFO - Sync 1 DAGs
[2024-03-25T21:27:15.755+0000] {logging_mixin.py:188} INFO - [2024-03-25T21:27:15.755+0000] {dag.py:3834} INFO - Setting next_dagrun for Process_W3_Data to 2024-03-24 00:00:00+00:00, run_after=2024-03-25 00:00:00+00:00
[2024-03-25T21:27:15.788+0000] {processor.py:183} INFO - Processing /opt/airflow/dags/w3c.py took 0.465 seconds
[2024-03-25T21:27:45.937+0000] {processor.py:161} INFO - Started process (PID=1384) to work on /opt/airflow/dags/w3c.py
[2024-03-25T21:27:45.939+0000] {processor.py:830} INFO - Processing file /opt/airflow/dags/w3c.py for tasks to queue
[2024-03-25T21:27:45.942+0000] {logging_mixin.py:188} INFO - [2024-03-25T21:27:45.942+0000] {dagbag.py:540} INFO - Filling up the DagBag from /opt/airflow/dags/w3c.py
[2024-03-25T21:27:46.090+0000] {logging_mixin.py:188} INFO - Can't make BaseDir
[2024-03-25T21:27:46.091+0000] {logging_mixin.py:188} INFO - Can't make BaseDir
[2024-03-25T21:27:46.091+0000] {logging_mixin.py:188} INFO - Can't make BaseDir
[2024-03-25T21:27:46.092+0000] {logging_mixin.py:188} INFO - Can't make BaseDir
[2024-03-25T21:27:46.108+0000] {processor.py:840} INFO - DAG(s) 'Process_W3_Data' retrieved from /opt/airflow/dags/w3c.py
[2024-03-25T21:27:46.152+0000] {logging_mixin.py:188} INFO - [2024-03-25T21:27:46.151+0000] {dag.py:3047} INFO - Sync 1 DAGs
[2024-03-25T21:27:46.202+0000] {logging_mixin.py:188} INFO - [2024-03-25T21:27:46.202+0000] {dag.py:3834} INFO - Setting next_dagrun for Process_W3_Data to 2024-03-24 00:00:00+00:00, run_after=2024-03-25 00:00:00+00:00
[2024-03-25T21:27:46.235+0000] {processor.py:183} INFO - Processing /opt/airflow/dags/w3c.py took 0.304 seconds
[2024-03-25T21:28:16.376+0000] {processor.py:161} INFO - Started process (PID=1440) to work on /opt/airflow/dags/w3c.py
[2024-03-25T21:28:16.378+0000] {processor.py:830} INFO - Processing file /opt/airflow/dags/w3c.py for tasks to queue
[2024-03-25T21:28:16.381+0000] {logging_mixin.py:188} INFO - [2024-03-25T21:28:16.381+0000] {dagbag.py:540} INFO - Filling up the DagBag from /opt/airflow/dags/w3c.py
[2024-03-25T21:28:16.515+0000] {logging_mixin.py:188} INFO - Can't make BaseDir
[2024-03-25T21:28:16.516+0000] {logging_mixin.py:188} INFO - Can't make BaseDir
[2024-03-25T21:28:16.516+0000] {logging_mixin.py:188} INFO - Can't make BaseDir
[2024-03-25T21:28:16.517+0000] {logging_mixin.py:188} INFO - Can't make BaseDir
[2024-03-25T21:28:16.528+0000] {processor.py:840} INFO - DAG(s) 'Process_W3_Data' retrieved from /opt/airflow/dags/w3c.py
[2024-03-25T21:28:16.566+0000] {logging_mixin.py:188} INFO - [2024-03-25T21:28:16.565+0000] {dag.py:3047} INFO - Sync 1 DAGs
[2024-03-25T21:28:16.620+0000] {logging_mixin.py:188} INFO - [2024-03-25T21:28:16.620+0000] {dag.py:3834} INFO - Setting next_dagrun for Process_W3_Data to 2024-03-24 00:00:00+00:00, run_after=2024-03-25 00:00:00+00:00
[2024-03-25T21:28:16.661+0000] {processor.py:183} INFO - Processing /opt/airflow/dags/w3c.py took 0.291 seconds
