[2024-03-27T19:58:52.537+0000] {taskinstance.py:1979} INFO - Dependencies all met for dep_context=non-requeueable deps ti=<TaskInstance: Process_W3_Data.create_directories manual__2024-03-27T19:58:43.964275+00:00 [queued]>
[2024-03-27T19:58:52.551+0000] {taskinstance.py:1979} INFO - Dependencies all met for dep_context=requeueable deps ti=<TaskInstance: Process_W3_Data.create_directories manual__2024-03-27T19:58:43.964275+00:00 [queued]>
[2024-03-27T19:58:52.553+0000] {taskinstance.py:2193} INFO - Starting attempt 1 of 1
[2024-03-27T19:58:52.574+0000] {taskinstance.py:2217} INFO - Executing <Task(PythonOperator): create_directories> on 2024-03-27 19:58:43.964275+00:00
[2024-03-27T19:58:52.587+0000] {standard_task_runner.py:60} INFO - Started process 562 to run task
[2024-03-27T19:58:52.593+0000] {standard_task_runner.py:87} INFO - Running: ['***', 'tasks', 'run', 'Process_W3_Data', 'create_directories', 'manual__2024-03-27T19:58:43.964275+00:00', '--job-id', '25', '--raw', '--subdir', 'DAGS_FOLDER/w3c.py', '--cfg-path', '/tmp/tmph04252tl']
[2024-03-27T19:58:52.599+0000] {standard_task_runner.py:88} INFO - Job 25: Subtask create_directories
[2024-03-27T19:58:52.682+0000] {task_command.py:423} INFO - Running <TaskInstance: Process_W3_Data.create_directories manual__2024-03-27T19:58:43.964275+00:00 [running]> on host 94418fe46b42
[2024-03-27T19:58:52.832+0000] {taskinstance.py:2513} INFO - Exporting env vars: AIRFLOW_CTX_DAG_OWNER='***' AIRFLOW_CTX_DAG_ID='Process_W3_Data' AIRFLOW_CTX_TASK_ID='create_directories' AIRFLOW_CTX_EXECUTION_DATE='2024-03-27T19:58:43.964275+00:00' AIRFLOW_CTX_TRY_NUMBER='1' AIRFLOW_CTX_DAG_RUN_ID='manual__2024-03-27T19:58:43.964275+00:00'
[2024-03-27T19:58:52.835+0000] {logging_mixin.py:188} INFO - Creating directories
[2024-03-27T19:58:52.836+0000] {logging_mixin.py:188} INFO - Current working directory: /opt/***
[2024-03-27T19:58:52.836+0000] {logging_mixin.py:188} INFO - Can't make BaseDir
[2024-03-27T19:58:52.837+0000] {logging_mixin.py:188} INFO - Can't make BaseDir
[2024-03-27T19:58:52.838+0000] {logging_mixin.py:188} INFO - Can't make BaseDir
[2024-03-27T19:58:52.839+0000] {logging_mixin.py:188} INFO - Can't make BaseDir
[2024-03-27T19:58:52.839+0000] {logging_mixin.py:188} INFO - Finished creating directories
[2024-03-27T19:58:52.840+0000] {python.py:202} INFO - Done. Returned value was: None
[2024-03-27T19:58:52.855+0000] {taskinstance.py:1149} INFO - Marking task as SUCCESS. dag_id=Process_W3_Data, task_id=create_directories, execution_date=20240327T195843, start_date=20240327T195852, end_date=20240327T195852
[2024-03-27T19:58:52.927+0000] {local_task_job_runner.py:234} INFO - Task exited with return code 0
[2024-03-27T19:58:52.967+0000] {taskinstance.py:3312} INFO - 1 downstream tasks scheduled from follow-on schedule check
